<?xml version="1.0" encoding="UTF-8"?>
<TestRun id="7eb48424-3eef-4875-9a57-4d1b30fcc4d5" name="Matt@MATT-PC 2011-12-24 12:19:11" runUser="Matt-PC\Matt" xmlns="http://microsoft.com/schemas/VisualStudio/TeamTest/2010">
  <TestSettings name="Local" id="1b452438-30ba-4160-930a-f044ea6d5cef">
    <Description>These are default test settings for a local test run.</Description>
    <Deployment enabled="false" runDeploymentRoot="Matt_MATT-PC 2011-12-24 12_19_11">
      <DeploymentItem filename="C:\Code\Complainatron3\packages\MvcPaging.1.0.2\lib\net40\MvcPaging.dll" />
      <DeploymentItem filename="C:\Code\Complainatron3\Complainatron.Core\bin\Debug\Complainatron.Core.dll" />
      <DeploymentItem filename="C:\Code\Complainatron3\packages\FacebookWeb.5.4.1.0\lib\net40\Facebook.Web.dll" />
      <DeploymentItem filename="C:\Code\Complainatron3\packages\Castle.Core.2.5.2\lib\NET35\Castle.Core.dll" />
      <DeploymentItem filename="C:\Code\Complainatron3\Complainatron.Domain\bin\Debug\Complainatron.Domain.dll" />
      <DeploymentItem filename="C:\Code\Complainatron3\packages\FacebookWebMvc.5.4.1.0\lib\net40\Facebook.Web.Mvc.dll" />
      <DeploymentItem filename="C:\Code\Complainatron3\packages\FluentAssertions.1.6.0\Lib\net40\FluentAssertions.dll" />
      <DeploymentItem filename="C:\Code\Complainatron3\packages\Facebook.5.4.1.0\lib\net40-client\Facebook.dll" />
      <DeploymentItem filename="C:\Code\Complainatron3\packages\FakeItEasy.1.7.4257.42\lib\NET40\FakeItEasy.dll" />
      <DeploymentItem filename="C:\Code\Complainatron3\Complainatron\bin\Complainatron.dll" />
    </Deployment>
    <Execution>
      <TestTypeSpecific />
      <AgentRule name="Execution Agents">
      </AgentRule>
    </Execution>
  </TestSettings>
  <Times creation="2011-12-24T12:19:11.3610311-08:00" queuing="2011-12-24T12:19:11.5910443-08:00" start="2011-12-24T12:19:11.6390470-08:00" finish="2011-12-24T12:19:12.8441159-08:00" />
  <ResultSummary outcome="Failed">
    <Counters total="37" executed="37" error="0" failed="37" timeout="0" aborted="0" inconclusive="0" passedButRunAborted="0" notRunnable="0" notExecuted="0" disconnected="0" warning="0" passed="0" completed="0" inProgress="0" pending="0" />
    <Output>
      <DebugTrace>W, 2224, 14, 2011/12/24, 12:19:12.059, MATT-PC\QTAgent32.exe, Getting custom attributes for type System.RuntimeType threw exception (will ignore and use the reflection way): System.IO.FileLoadException: Could not load file or assembly 'Facebook.Web.Mvc, Version=5.3.2.0, Culture=neutral, PublicKeyToken=58cb4f2111d1e6de' or one of its dependencies. The located assembly's manifest definition does not match the assembly reference. (Exception from HRESULT: 0x80131040)
File name: 'Facebook.Web.Mvc, Version=5.3.2.0, Culture=neutral, PublicKeyToken=58cb4f2111d1e6de'
   at System.ModuleHandle.ResolveType(RuntimeModule module, Int32 typeToken, IntPtr* typeInstArgs, Int32 typeInstCount, IntPtr* methodInstArgs, Int32 methodInstCount, ObjectHandleOnStack type)
   at System.ModuleHandle.ResolveTypeHandleInternal(RuntimeModule module, Int32 typeToken, RuntimeTypeHandle[] typeInstantiationContext, RuntimeTypeHandle[] methodInstantiationContext)
   at System.Reflection.RuntimeModule.ResolveType(Int32 metadataToken, Type[] genericTypeArguments, Type[] genericMethodArguments)
   at System.Reflection.CustomAttribute.FilterCustomAttributeRecord(CustomAttributeRecord caRecord, MetadataImport scope, Assembly&amp; lastAptcaOkAssembly, RuntimeModule decoratedModule, MetadataToken decoratedToken, RuntimeType attributeFilterType, Boolean mustBeInheritable, Object[] attributes, IList derivedAttributes, RuntimeType&amp; attributeType, IRuntimeMethodInfo&amp; ctor, Boolean&amp; ctorHasParameters, Boolean&amp; isVarArg)
   at System.Reflection.CustomAttribute.GetCustomAttributes(RuntimeModule decoratedModule, Int32 decoratedMetadataToken, Int32 pcaCount, RuntimeType attributeFilterType, Boolean mustBeInheritable, IList derivedAttributes, Boolean isDecoratedTargetSecurityTransparent)
   at System.Reflection.CustomAttribute.GetCustomAttributes(RuntimeType type, RuntimeType caType, Boolean inherit)
   at System.RuntimeType.GetCustomAttributes(Boolean inherit)
   at Microsoft.VisualStudio.TestTools.Common.ReflectHelper.GetAttributes(MemberInfo info, Boolean bInherit)

WRN: Assembly binding logging is turned OFF.
To enable assembly bind failure logging, set the registry value [HKLM\Software\Microsoft\Fusion!EnableLog] (DWORD) to 1.
Note: There is some performance penalty associated with assembly bind failure logging.
To turn this feature off, remove the registry value [HKLM\Software\Microsoft\Fusion!EnableLog].

E, 2224, 14, 2011/12/24, 12:19:12.118, MATT-PC\QTAgent32.exe, Unit Test Executor threw an exception. Most likely the test run was aborted by the user or the framework:System.IO.FileLoadException: Could not load file or assembly 'Facebook.Web.Mvc, Version=5.3.2.0, Culture=neutral, PublicKeyToken=58cb4f2111d1e6de' or one of its dependencies. The located assembly's manifest definition does not match the assembly reference. (Exception from HRESULT: 0x80131040)
File name: 'Facebook.Web.Mvc, Version=5.3.2.0, Culture=neutral, PublicKeyToken=58cb4f2111d1e6de'
   at System.ModuleHandle.ResolveType(RuntimeModule module, Int32 typeToken, IntPtr* typeInstArgs, Int32 typeInstCount, IntPtr* methodInstArgs, Int32 methodInstCount, ObjectHandleOnStack type)
   at System.ModuleHandle.ResolveTypeHandleInternal(RuntimeModule module, Int32 typeToken, RuntimeTypeHandle[] typeInstantiationContext, RuntimeTypeHandle[] methodInstantiationContext)
   at System.Reflection.RuntimeModule.ResolveType(Int32 metadataToken, Type[] genericTypeArguments, Type[] genericMethodArguments)
   at System.Reflection.CustomAttribute.FilterCustomAttributeRecord(CustomAttributeRecord caRecord, MetadataImport scope, Assembly&amp; lastAptcaOkAssembly, RuntimeModule decoratedModule, MetadataToken decoratedToken, RuntimeType attributeFilterType, Boolean mustBeInheritable, Object[] attributes, IList derivedAttributes, RuntimeType&amp; attributeType, IRuntimeMethodInfo&amp; ctor, Boolean&amp; ctorHasParameters, Boolean&amp; isVarArg)
   at System.Reflection.CustomAttribute.IsCustomAttributeDefined(RuntimeModule decoratedModule, Int32 decoratedMetadataToken, RuntimeType attributeFilterType, Boolean mustBeInheritable)
   at System.Reflection.CustomAttribute.IsDefined(RuntimeType type, RuntimeType caType, Boolean inherit)
   at System.RuntimeType.IsDefined(Type attributeType, Boolean inherit)
   at Microsoft.VisualStudio.TestTools.TestTypes.Unit.UnitTestExecuter.GetAssemblyInfo(Assembly assembly)
   at Microsoft.VisualStudio.TestTools.TestTypes.Unit.UnitTestExecuter.GetTypeInfo(Type type, Boolean checkAlreadyExaminedType)
   at Microsoft.VisualStudio.TestTools.TestTypes.Unit.UnitTestExecuter.ResolveMethods()
   at Microsoft.VisualStudio.TestTools.TestTypes.Unit.UnitTestExecuter.Initialize(UnitTestResult result, UnitTestRunner runner, ConsoleOutputRedirector redirector)

WRN: Assembly binding logging is turned OFF.
To enable assembly bind failure logging, set the registry value [HKLM\Software\Microsoft\Fusion!EnableLog] (DWORD) to 1.
Note: There is some performance penalty associated with assembly bind failure logging.
To turn this feature off, remove the registry value [HKLM\Software\Microsoft\Fusion!EnableLog].

E, 2224, 14, 2011/12/24, 12:19:12.125, MATT-PC\QTAgent32.exe, Unit Test Adapter threw exception: System.IO.FileLoadException: Could not load file or assembly 'Facebook.Web.Mvc, Version=5.3.2.0, Culture=neutral, PublicKeyToken=58cb4f2111d1e6de' or one of its dependencies. The located assembly's manifest definition does not match the assembly reference. (Exception from HRESULT: 0x80131040)
File name: 'Facebook.Web.Mvc, Version=5.3.2.0, Culture=neutral, PublicKeyToken=58cb4f2111d1e6de'
   at System.ModuleHandle.ResolveType(RuntimeModule module, Int32 typeToken, IntPtr* typeInstArgs, Int32 typeInstCount, IntPtr* methodInstArgs, Int32 methodInstCount, ObjectHandleOnStack type)
   at System.ModuleHandle.ResolveTypeHandleInternal(RuntimeModule module, Int32 typeToken, RuntimeTypeHandle[] typeInstantiationContext, RuntimeTypeHandle[] methodInstantiationContext)
   at System.Reflection.RuntimeModule.ResolveType(Int32 metadataToken, Type[] genericTypeArguments, Type[] genericMethodArguments)
   at System.Reflection.CustomAttribute.FilterCustomAttributeRecord(CustomAttributeRecord caRecord, MetadataImport scope, Assembly&amp; lastAptcaOkAssembly, RuntimeModule decoratedModule, MetadataToken decoratedToken, RuntimeType attributeFilterType, Boolean mustBeInheritable, Object[] attributes, IList derivedAttributes, RuntimeType&amp; attributeType, IRuntimeMethodInfo&amp; ctor, Boolean&amp; ctorHasParameters, Boolean&amp; isVarArg)
   at System.Reflection.CustomAttribute.IsCustomAttributeDefined(RuntimeModule decoratedModule, Int32 decoratedMetadataToken, RuntimeType attributeFilterType, Boolean mustBeInheritable)
   at System.Reflection.CustomAttribute.IsDefined(RuntimeType type, RuntimeType caType, Boolean inherit)
   at System.RuntimeType.IsDefined(Type attributeType, Boolean inherit)
   at Microsoft.VisualStudio.TestTools.TestTypes.Unit.UnitTestExecuter.GetAssemblyInfo(Assembly assembly)
   at Microsoft.VisualStudio.TestTools.TestTypes.Unit.UnitTestExecuter.GetTypeInfo(Type type, Boolean checkAlreadyExaminedType)
   at Microsoft.VisualStudio.TestTools.TestTypes.Unit.UnitTestExecuter.ResolveMethods()
   at Microsoft.VisualStudio.TestTools.TestTypes.Unit.UnitTestExecuter.Initialize(UnitTestResult result, UnitTestRunner runner, ConsoleOutputRedirector redirector)
   at Microsoft.VisualStudio.TestTools.TestTypes.Unit.UnitTestRunner.Run(UnitTestElement test, ITestContext testContext, Boolean isLoadTest, Boolean useMultipleCpus)

WRN: Assembly binding logging is turned OFF.
To enable assembly bind failure logging, set the registry value [HKLM\Software\Microsoft\Fusion!EnableLog] (DWORD) to 1.
Note: There is some performance penalty associated with assembly bind failure logging.
To turn this feature off, remove the registry value [HKLM\Software\Microsoft\Fusion!EnableLog].

W, 2224, 19, 2011/12/24, 12:19:12.164, MATT-PC\QTAgent32.exe, Getting custom attributes for type System.RuntimeType threw exception (will ignore and use the reflection way): System.IO.FileLoadException: Could not load file or assembly 'Facebook.Web.Mvc, Version=5.3.2.0, Culture=neutral, PublicKeyToken=58cb4f2111d1e6de' or one of its dependencies. The located assembly's manifest definition does not match the assembly reference. (Exception from HRESULT: 0x80131040)
File name: 'Facebook.Web.Mvc, Version=5.3.2.0, Culture=neutral, PublicKeyToken=58cb4f2111d1e6de'
   at System.ModuleHandle.ResolveType(RuntimeModule module, Int32 typeToken, IntPtr* typeInstArgs, Int32 typeInstCount, IntPtr* methodInstArgs, Int32 methodInstCount, ObjectHandleOnStack type)
   at System.ModuleHandle.ResolveTypeHandleInternal(RuntimeModule module, Int32 typeToken, RuntimeTypeHandle[] typeInstantiationContext, RuntimeTypeHandle[] methodInstantiationContext)
   at System.Reflection.RuntimeModule.ResolveType(Int32 metadataToken, Type[] genericTypeArguments, Type[] genericMethodArguments)
   at System.Reflection.CustomAttribute.FilterCustomAttributeRecord(CustomAttributeRecord caRecord, MetadataImport scope, Assembly&amp; lastAptcaOkAssembly, RuntimeModule decoratedModule, MetadataToken decoratedToken, RuntimeType attributeFilterType, Boolean mustBeInheritable, Object[] attributes, IList derivedAttributes, RuntimeType&amp; attributeType, IRuntimeMethodInfo&amp; ctor, Boolean&amp; ctorHasParameters, Boolean&amp; isVarArg)
   at System.Reflection.CustomAttribute.GetCustomAttributes(RuntimeModule decoratedModule, Int32 decoratedMetadataToken, Int32 pcaCount, RuntimeType attributeFilterType, Boolean mustBeInheritable, IList derivedAttributes, Boolean isDecoratedTargetSecurityTransparent)
   at System.Reflection.CustomAttribute.GetCustomAttributes(RuntimeType type, RuntimeType caType, Boolean inherit)
   at System.RuntimeType.GetCustomAttributes(Boolean inherit)
   at Microsoft.VisualStudio.TestTools.Common.ReflectHelper.GetAttributes(MemberInfo info, Boolean bInherit)

WRN: Assembly binding logging is turned OFF.
To enable assembly bind failure logging, set the registry value [HKLM\Software\Microsoft\Fusion!EnableLog] (DWORD) to 1.
Note: There is some performance penalty associated with assembly bind failure logging.
To turn this feature off, remove the registry value [HKLM\Software\Microsoft\Fusion!EnableLog].

E, 2224, 19, 2011/12/24, 12:19:12.166, MATT-PC\QTAgent32.exe, Unit Test Executor threw an exception. Most likely the test run was aborted by the user or the framework:System.IO.FileLoadException: Could not load file or assembly 'Facebook.Web.Mvc, Version=5.3.2.0, Culture=neutral, PublicKeyToken=58cb4f2111d1e6de' or one of its dependencies. The located assembly's manifest definition does not match the assembly reference. (Exception from HRESULT: 0x80131040)
File name: 'Facebook.Web.Mvc, Version=5.3.2.0, Culture=neutral, PublicKeyToken=58cb4f2111d1e6de'
   at System.ModuleHandle.ResolveType(RuntimeModule module, Int32 typeToken, IntPtr* typeInstArgs, Int32 typeInstCount, IntPtr* methodInstArgs, Int32 methodInstCount, ObjectHandleOnStack type)
   at System.ModuleHandle.ResolveTypeHandleInternal(RuntimeModule module, Int32 typeToken, RuntimeTypeHandle[] typeInstantiationContext, RuntimeTypeHandle[] methodInstantiationContext)
   at System.Reflection.RuntimeModule.ResolveType(Int32 metadataToken, Type[] genericTypeArguments, Type[] genericMethodArguments)
   at System.Reflection.CustomAttribute.FilterCustomAttributeRecord(CustomAttributeRecord caRecord, MetadataImport scope, Assembly&amp; lastAptcaOkAssembly, RuntimeModule decoratedModule, MetadataToken decoratedToken, RuntimeType attributeFilterType, Boolean mustBeInheritable, Object[] attributes, IList derivedAttributes, RuntimeType&amp; attributeType, IRuntimeMethodInfo&amp; ctor, Boolean&amp; ctorHasParameters, Boolean&amp; isVarArg)
   at System.Reflection.CustomAttribute.IsCustomAttributeDefined(RuntimeModule decoratedModule, Int32 decoratedMetadataToken, RuntimeType attributeFilterType, Boolean mustBeInheritable)
   at System.Reflection.CustomAttribute.IsDefined(RuntimeType type, RuntimeType caType, Boolean inherit)
   at System.RuntimeType.IsDefined(Type attributeType, Boolean inherit)
   at Microsoft.VisualStudio.TestTools.TestTypes.Unit.UnitTestExecuter.GetAssemblyInfo(Assembly assembly)
   at Microsoft.VisualStudio.TestTools.TestTypes.Unit.UnitTestExecuter.GetTypeInfo(Type type, Boolean checkAlreadyExaminedType)
   at Microsoft.VisualStudio.TestTools.TestTypes.Unit.UnitTestExecuter.ResolveMethods()
   at Microsoft.VisualStudio.TestTools.TestTypes.Unit.UnitTestExecuter.Initialize(UnitTestResult result, UnitTestRunner runner, ConsoleOutputRedirector redirector)

WRN: Assembly binding logging is turned OFF.
To enable assembly bind failure logging, set the registry value [HKLM\Software\Microsoft\Fusion!EnableLog] (DWORD) to 1.
Note: There is some performance penalty associated with assembly bind failure logging.
To turn this feature off, remove the registry value [HKLM\Software\Microsoft\Fusion!EnableLog].

E, 2224, 19, 2011/12/24, 12:19:12.167, MATT-PC\QTAgent32.exe, Unit Test Adapter threw exception: System.IO.FileLoadException: Could not load file or assembly 'Facebook.Web.Mvc, Version=5.3.2.0, Culture=neutral, PublicKeyToken=58cb4f2111d1e6de' or one of its dependencies. The located assembly's manifest definition does not match the assembly reference. (Exception from HRESULT: 0x80131040)
File name: 'Facebook.Web.Mvc, Version=5.3.2.0, Culture=neutral, PublicKeyToken=58cb4f2111d1e6de'
   at System.ModuleHandle.ResolveType(RuntimeModule module, Int32 typeToken, IntPtr* typeInstArgs, Int32 typeInstCount, IntPtr* methodInstArgs, Int32 methodInstCount, ObjectHandleOnStack type)
   at System.ModuleHandle.ResolveTypeHandleInternal(RuntimeModule module, Int32 typeToken, RuntimeTypeHandle[] typeInstantiationContext, RuntimeTypeHandle[] methodInstantiationContext)
   at System.Reflection.RuntimeModule.ResolveType(Int32 metadataToken, Type[] genericTypeArguments, Type[] genericMethodArguments)
   at System.Reflection.CustomAttribute.FilterCustomAttributeRecord(CustomAttributeRecord caRecord, MetadataImport scope, Assembly&amp; lastAptcaOkAssembly, RuntimeModule decoratedModule, MetadataToken decoratedToken, RuntimeType attributeFilterType, Boolean mustBeInheritable, Object[] attributes, IList derivedAttributes, RuntimeType&amp; attributeType, IRuntimeMethodInfo&amp; ctor, Boolean&amp; ctorHasParameters, Boolean&amp; isVarArg)
   at System.Reflection.CustomAttribute.IsCustomAttributeDefined(RuntimeModule decoratedModule, Int32 decoratedMetadataToken, RuntimeType attributeFilterType, Boolean mustBeInheritable)
   at System.Reflection.CustomAttribute.IsDefined(RuntimeType type, RuntimeType caType, Boolean inherit)
   at System.RuntimeType.IsDefined(Type attributeType, Boolean inherit)
   at Microsoft.VisualStudio.TestTools.TestTypes.Unit.UnitTestExecuter.GetAssemblyInfo(Assembly assembly)
   at Microsoft.VisualStudio.TestTools.TestTypes.Unit.UnitTestExecuter.GetTypeInfo(Type type, Boolean checkAlreadyExaminedType)
   at Microsoft.VisualStudio.TestTools.TestTypes.Unit.UnitTestExecuter.ResolveMethods()
   at Microsoft.VisualStudio.TestTools.TestTypes.Unit.UnitTestExecuter.Initialize(UnitTestResult result, UnitTestRunner runner, ConsoleOutputRedirector redirector)
   at Microsoft.VisualStudio.TestTools.TestTypes.Unit.UnitTestRunner.Run(UnitTestElement test, ITestContext testContext, Boolean isLoadTest, Boolean useMultipleCpus)

WRN: Assembly binding logging is turned OFF.
To enable assembly bind failure logging, set the registry value [HKLM\Software\Microsoft\Fusion!EnableLog] (DWORD) to 1.
Note: There is some performance penalty associated with assembly bind failure logging.
To turn this feature off, remove the registry value [HKLM\Software\Microsoft\Fusion!EnableLog].

W, 2224, 21, 2011/12/24, 12:19:12.192, MATT-PC\QTAgent32.exe, Getting custom attributes for type System.RuntimeType threw exception (will ignore and use the reflection way): System.IO.FileLoadException: Could not load file or assembly 'Facebook.Web.Mvc, Version=5.3.2.0, Culture=neutral, PublicKeyToken=58cb4f2111d1e6de' or one of its dependencies. The located assembly's manifest definition does not match the assembly reference. (Exception from HRESULT: 0x80131040)
File name: 'Facebook.Web.Mvc, Version=5.3.2.0, Culture=neutral, PublicKeyToken=58cb4f2111d1e6de'
   at System.ModuleHandle.ResolveType(RuntimeModule module, Int32 typeToken, IntPtr* typeInstArgs, Int32 typeInstCount, IntPtr* methodInstArgs, Int32 methodInstCount, ObjectHandleOnStack type)
   at System.ModuleHandle.ResolveTypeHandleInternal(RuntimeModule module, Int32 typeToken, RuntimeTypeHandle[] typeInstantiationContext, RuntimeTypeHandle[] methodInstantiationContext)
   at System.Reflection.RuntimeModule.ResolveType(Int32 metadataToken, Type[] genericTypeArguments, Type[] genericMethodArguments)
   at System.Reflection.CustomAttribute.FilterCustomAttributeRecord(CustomAttributeRecord caRecord, MetadataImport scope, Assembly&amp; lastAptcaOkAssembly, RuntimeModule decoratedModule, MetadataToken decoratedToken, RuntimeType attributeFilterType, Boolean mustBeInheritable, Object[] attributes, IList derivedAttributes, RuntimeType&amp; attributeType, IRuntimeMethodInfo&amp; ctor, Boolean&amp; ctorHasParameters, Boolean&amp; isVarArg)
   at System.Reflection.CustomAttribute.GetCustomAttributes(RuntimeModule decoratedModule, Int32 decoratedMetadataToken, Int32 pcaCount, RuntimeType attributeFilterType, Boolean mustBeInheritable, IList derivedAttributes, Boolean isDecoratedTargetSecurityTransparent)
   at System.Reflection.CustomAttribute.GetCustomAttributes(RuntimeType type, RuntimeType caType, Boolean inherit)
   at System.RuntimeType.GetCustomAttributes(Boolean inherit)
   at Microsoft.VisualStudio.TestTools.Common.ReflectHelper.GetAttributes(MemberInfo info, Boolean bInherit)

WRN: Assembly binding logging is turned OFF.
To enable assembly bind failure logging, set the registry value [HKLM\Software\Microsoft\Fusion!EnableLog] (DWORD) to 1.
Note: There is some performance penalty associated with assembly bind failure logging.
To turn this feature off, remove the registry value [HKLM\Software\Microsoft\Fusion!EnableLog].

E, 2224, 21, 2011/12/24, 12:19:12.193, MATT-PC\QTAgent32.exe, Unit Test Executor threw an exception. Most likely the test run was aborted by the user or the framework:System.IO.FileLoadException: Could not load file or assembly 'Facebook.Web.Mvc, Version=5.3.2.0, Culture=neutral, PublicKeyToken=58cb4f2111d1e6de' or one of its dependencies. The located assembly's manifest definition does not match the assembly reference. (Exception from HRESULT: 0x80131040)
File name: 'Facebook.Web.Mvc, Version=5.3.2.0, Culture=neutral, PublicKeyToken=58cb4f2111d1e6de'
   at System.ModuleHandle.ResolveType(RuntimeModule module, Int32 typeToken, IntPtr* typeInstArgs, Int32 typeInstCount, IntPtr* methodInstArgs, Int32 methodInstCount, ObjectHandleOnStack type)
   at System.ModuleHandle.ResolveTypeHandleInternal(RuntimeModule module, Int32 typeToken, RuntimeTypeHandle[] typeInstantiationContext, RuntimeTypeHandle[] methodInstantiationContext)
   at System.Reflection.RuntimeModule.ResolveType(Int32 metadataToken, Type[] genericTypeArguments, Type[] genericMethodArguments)
   at System.Reflection.CustomAttribute.FilterCustomAttributeRecord(CustomAttributeRecord caRecord, MetadataImport scope, Assembly&amp; lastAptcaOkAssembly, RuntimeModule decoratedModule, MetadataToken decoratedToken, RuntimeType attributeFilterType, Boolean mustBeInheritable, Object[] attributes, IList derivedAttributes, RuntimeType&amp; attributeType, IRuntimeMethodInfo&amp; ctor, Boolean&amp; ctorHasParameters, Boolean&amp; isVarArg)
   at System.Reflection.CustomAttribute.IsCustomAttributeDefined(RuntimeModule decoratedModule, Int32 decoratedMetadataToken, RuntimeType attributeFilterType, Boolean mustBeInheritable)
   at System.Reflection.CustomAttribute.IsDefined(RuntimeType type, RuntimeType caType, Boolean inherit)
   at System.RuntimeType.IsDefined(Type attributeType, Boolean inherit)
   at Microsoft.VisualStudio.TestTools.TestTypes.Unit.UnitTestExecuter.GetAssemblyInfo(Assembly assembly)
   at Microsoft.VisualStudio.TestTools.TestTypes.Unit.UnitTestExecuter.GetTypeInfo(Type type, Boolean checkAlreadyExaminedType)
   at Microsoft.VisualStudio.TestTools.TestTypes.Unit.UnitTestExecuter.ResolveMethods()
   at Microsoft.VisualStudio.TestTools.TestTypes.Unit.UnitTestExecuter.Initialize(UnitTestResult result, UnitTestRunner runner, ConsoleOutputRedirector redirector)

WRN: Assembly binding logging is turned OFF.
To enable assembly bind failure logging, set the registry value [HKLM\Software\Microsoft\Fusion!EnableLog] (DWORD) to 1.
Note: There is some performance penalty associated with assembly bind failure logging.
To turn this feature off, remove the registry value [HKLM\Software\Microsoft\Fusion!EnableLog].

E, 2224, 21, 2011/12/24, 12:19:12.193, MATT-PC\QTAgent32.exe, Unit Test Adapter threw exception: System.IO.FileLoadException: Could not load file or assembly 'Facebook.Web.Mvc, Version=5.3.2.0, Culture=neutral, PublicKeyToken=58cb4f2111d1e6de' or one of its dependencies. The located assembly's manifest definition does not match the assembly reference. (Exception from HRESULT: 0x80131040)
File name: 'Facebook.Web.Mvc, Version=5.3.2.0, Culture=neutral, PublicKeyToken=58cb4f2111d1e6de'
   at System.ModuleHandle.ResolveType(RuntimeModule module, Int32 typeToken, IntPtr* typeInstArgs, Int32 typeInstCount, IntPtr* methodInstArgs, Int32 methodInstCount, ObjectHandleOnStack type)
   at System.ModuleHandle.ResolveTypeHandleInternal(RuntimeModule module, Int32 typeToken, RuntimeTypeHandle[] typeInstantiationContext, RuntimeTypeHandle[] methodInstantiationContext)
   at System.Reflection.RuntimeModule.ResolveType(Int32 metadataToken, Type[] genericTypeArguments, Type[] genericMethodArguments)
   at System.Reflection.CustomAttribute.FilterCustomAttributeRecord(CustomAttributeRecord caRecord, MetadataImport scope, Assembly&amp; lastAptcaOkAssembly, RuntimeModule decoratedModule, MetadataToken decoratedToken, RuntimeType attributeFilterType, Boolean mustBeInheritable, Object[] attributes, IList derivedAttributes, RuntimeType&amp; attributeType, IRuntimeMethodInfo&amp; ctor, Boolean&amp; ctorHasParameters, Boolean&amp; isVarArg)
   at System.Reflection.CustomAttribute.IsCustomAttributeDefined(RuntimeModule decoratedModule, Int32 decoratedMetadataToken, RuntimeType attributeFilterType, Boolean mustBeInheritable)
   at System.Reflection.CustomAttribute.IsDefined(RuntimeType type, RuntimeType caType, Boolean inherit)
   at System.RuntimeType.IsDefined(Type attributeType, Boolean inherit)
   at Microsoft.VisualStudio.TestTools.TestTypes.Unit.UnitTestExecuter.GetAssemblyInfo(Assembly assembly)
   at Microsoft.VisualStudio.TestTools.TestTypes.Unit.UnitTestExecuter.GetTypeInfo(Type type, Boolean checkAlreadyExaminedType)
   at Microsoft.VisualStudio.TestTools.TestTypes.Unit.UnitTestExecuter.ResolveMethods()
   at Microsoft.VisualStudio.TestTools.TestTypes.Unit.UnitTestExecuter.Initialize(UnitTestResult result, UnitTestRunner runner, ConsoleOutputRedirector redirector)
   at Microsoft.VisualStudio.TestTools.TestTypes.Unit.UnitTestRunner.Run(UnitTestElement test, ITestContext testContext, Boolean isLoadTest, Boolean useMultipleCpus)

WRN: Assembly binding logging is turned OFF.
To enable assembly bind failure logging, set the registry value [HKLM\Software\Microsoft\Fusion!EnableLog] (DWORD) to 1.
Note: There is some performance penalty associated with assembly bind failure logging.
To turn this feature off, remove the registry value [HKLM\Software\Microsoft\Fusion!EnableLog].

W, 2224, 23, 2011/12/24, 12:19:12.202, MATT-PC\QTAgent32.exe, Getting custom attributes for type System.RuntimeType threw exception (will ignore and use the reflection way): System.IO.FileLoadException: Could not load file or assembly 'Facebook.Web.Mvc, Version=5.3.2.0, Culture=neutral, PublicKeyToken=58cb4f2111d1e6de' or one of its dependencies. The located assembly's manifest definition does not match the assembly reference. (Exception from HRESULT: 0x80131040)
File name: 'Facebook.Web.Mvc, Version=5.3.2.0, Culture=neutral, PublicKeyToken=58cb4f2111d1e6de'
   at System.ModuleHandle.ResolveType(RuntimeModule module, Int32 typeToken, IntPtr* typeInstArgs, Int32 typeInstCount, IntPtr* methodInstArgs, Int32 methodInstCount, ObjectHandleOnStack type)
   at System.ModuleHandle.ResolveTypeHandleInternal(RuntimeModule module, Int32 typeToken, RuntimeTypeHandle[] typeInstantiationContext, RuntimeTypeHandle[] methodInstantiationContext)
   at System.Reflection.RuntimeModule.ResolveType(Int32 metadataToken, Type[] genericTypeArguments, Type[] genericMethodArguments)
   at System.Reflection.CustomAttribute.FilterCustomAttributeRecord(CustomAttributeRecord caRecord, MetadataImport scope, Assembly&amp; lastAptcaOkAssembly, RuntimeModule decoratedModule, MetadataToken decoratedToken, RuntimeType attributeFilterType, Boolean mustBeInheritable, Object[] attributes, IList derivedAttributes, RuntimeType&amp; attributeType, IRuntimeMethodInfo&amp; ctor, Boolean&amp; ctorHasParameters, Boolean&amp; isVarArg)
   at System.Reflection.CustomAttribute.GetCustomAttributes(RuntimeModule decoratedModule, Int32 decoratedMetadataToken, Int32 pcaCount, RuntimeType attributeFilterType, Boolean mustBeInheritable, IList derivedAttributes, Boolean isDecoratedTargetSecurityTransparent)
   at System.Reflection.CustomAttribute.GetCustomAttributes(RuntimeType type, RuntimeType caType, Boolean inherit)
   at System.RuntimeType.GetCustomAttributes(Boolean inherit)
   at Microsoft.VisualStudio.TestTools.Common.ReflectHelper.GetAttributes(MemberInfo info, Boolean bInherit)

WRN: Assembly binding logging is turned OFF.
To enable assembly bind failure logging, set the registry value [HKLM\Software\Microsoft\Fusion!EnableLog] (DWORD) to 1.
Note: There is some performance penalty associated with assembly bind failure logging.
To turn this feature off, remove the registry value [HKLM\Software\Microsoft\Fusion!EnableLog].

E, 2224, 23, 2011/12/24, 12:19:12.202, MATT-PC\QTAgent32.exe, Unit Test Executor threw an exception. Most likely the test run was aborted by the user or the framework:System.IO.FileLoadException: Could not load file or assembly 'Facebook.Web.Mvc, Version=5.3.2.0, Culture=neutral, PublicKeyToken=58cb4f2111d1e6de' or one of its dependencies. The located assembly's manifest definition does not match the assembly reference. (Exception from HRESULT: 0x80131040)
File name: 'Facebook.Web.Mvc, Version=5.3.2.0, Culture=neutral, PublicKeyToken=58cb4f2111d1e6de'
   at System.ModuleHandle.ResolveType(RuntimeModule module, Int32 typeToken, IntPtr* typeInstArgs, Int32 typeInstCount, IntPtr* methodInstArgs, Int32 methodInstCount, ObjectHandleOnStack type)
   at System.ModuleHandle.ResolveTypeHandleInternal(RuntimeModule module, Int32 typeToken, RuntimeTypeHandle[] typeInstantiationContext, RuntimeTypeHandle[] methodInstantiationContext)
   at System.Reflection.RuntimeModule.ResolveType(Int32 metadataToken, Type[] genericTypeArguments, Type[] genericMethodArguments)
   at System.Reflection.CustomAttribute.FilterCustomAttributeRecord(CustomAttributeRecord caRecord, MetadataImport scope, Assembly&amp; lastAptcaOkAssembly, RuntimeModule decoratedModule, MetadataToken decoratedToken, RuntimeType attributeFilterType, Boolean mustBeInheritable, Object[] attributes, IList derivedAttributes, RuntimeType&amp; attributeType, IRuntimeMethodInfo&amp; ctor, Boolean&amp; ctorHasParameters, Boolean&amp; isVarArg)
   at System.Reflection.CustomAttribute.IsCustomAttributeDefined(RuntimeModule decoratedModule, Int32 decoratedMetadataToken, RuntimeType attributeFilterType, Boolean mustBeInheritable)
   at System.Reflection.CustomAttribute.IsDefined(RuntimeType type, RuntimeType caType, Boolean inherit)
   at System.RuntimeType.IsDefined(Type attributeType, Boolean inherit)
   at Microsoft.VisualStudio.TestTools.TestTypes.Unit.UnitTestExecuter.GetAssemblyInfo(Assembly assembly)
   at Microsoft.VisualStudio.TestTools.TestTypes.Unit.UnitTestExecuter.GetTypeInfo(Type type, Boolean checkAlreadyExaminedType)
   at Microsoft.VisualStudio.TestTools.TestTypes.Unit.UnitTestExecuter.ResolveMethods()
   at Microsoft.VisualStudio.TestTools.TestTypes.Unit.UnitTestExecuter.Initialize(UnitTestResult result, UnitTestRunner runner, ConsoleOutputRedirector redirector)

WRN: Assembly binding logging is turned OFF.
To enable assembly bind failure logging, set the registry value [HKLM\Software\Microsoft\Fusion!EnableLog] (DWORD) to 1.
Note: There is some performance penalty associated with assembly bind failure logging.
To turn this feature off, remove the registry value [HKLM\Software\Microsoft\Fusion!EnableLog].

E, 2224, 23, 2011/12/24, 12:19:12.203, MATT-PC\QTAgent32.exe, Unit Test Adapter threw exception: System.IO.FileLoadException: Could not load file or assembly 'Facebook.Web.Mvc, Version=5.3.2.0, Culture=neutral, PublicKeyToken=58cb4f2111d1e6de' or one of its dependencies. The located assembly's manifest definition does not match the assembly reference. (Exception from HRESULT: 0x80131040)
File name: 'Facebook.Web.Mvc, Version=5.3.2.0, Culture=neutral, PublicKeyToken=58cb4f2111d1e6de'
   at System.ModuleHandle.ResolveType(RuntimeModule module, Int32 typeToken, IntPtr* typeInstArgs, Int32 typeInstCount, IntPtr* methodInstArgs, Int32 methodInstCount, ObjectHandleOnStack type)
   at System.ModuleHandle.ResolveTypeHandleInternal(RuntimeModule module, Int32 typeToken, RuntimeTypeHandle[] typeInstantiationContext, RuntimeTypeHandle[] methodInstantiationContext)
   at System.Reflection.RuntimeModule.ResolveType(Int32 metadataToken, Type[] genericTypeArguments, Type[] genericMethodArguments)
   at System.Reflection.CustomAttribute.FilterCustomAttributeRecord(CustomAttributeRecord caRecord, MetadataImport scope, Assembly&amp; lastAptcaOkAssembly, RuntimeModule decoratedModule, MetadataToken decoratedToken, RuntimeType attributeFilterType, Boolean mustBeInheritable, Object[] attributes, IList derivedAttributes, RuntimeType&amp; attributeType, IRuntimeMethodInfo&amp; ctor, Boolean&amp; ctorHasParameters, Boolean&amp; isVarArg)
   at System.Reflection.CustomAttribute.IsCustomAttributeDefined(RuntimeModule decoratedModule, Int32 decoratedMetadataToken, RuntimeType attributeFilterType, Boolean mustBeInheritable)
   at System.Reflection.CustomAttribute.IsDefined(RuntimeType type, RuntimeType caType, Boolean inherit)
   at System.RuntimeType.IsDefined(Type attributeType, Boolean inherit)
   at Microsoft.VisualStudio.TestTools.TestTypes.Unit.UnitTestExecuter.GetAssemblyInfo(Assembly assembly)
   at Microsoft.VisualStudio.TestTools.TestTypes.Unit.UnitTestExecuter.GetTypeInfo(Type type, Boolean checkAlreadyExaminedType)
   at Microsoft.VisualStudio.TestTools.TestTypes.Unit.UnitTestExecuter.ResolveMethods()
   at Microsoft.VisualStudio.TestTools.TestTypes.Unit.UnitTestExecuter.Initialize(UnitTestResult result, UnitTestRunner runner, ConsoleOutputRedirector redirector)
   at Microsoft.VisualStudio.TestTools.TestTypes.Unit.UnitTestRunner.Run(UnitTestElement test, ITestContext testContext, Boolean isLoadTest, Boolean useMultipleCpus)

WRN: Assembly binding logging is turned OFF.
To enable assembly bind failure logging, set the registry value [HKLM\Software\Microsoft\Fusion!EnableLog] (DWORD) to 1.
Note: There is some performance penalty associated with assembly bind failure logging.
To turn this feature off, remove the registry value [HKLM\Software\Microsoft\Fusion!EnableLog].

W, 2224, 25, 2011/12/24, 12:19:12.224, MATT-PC\QTAgent32.exe, Getting custom attributes for type System.RuntimeType threw exception (will ignore and use the reflection way): System.IO.FileLoadException: Could not load file or assembly 'Facebook.Web.Mvc, Version=5.3.2.0, Culture=neutral, PublicKeyToken=58cb4f2111d1e6de' or one of its dependencies. The located assembly's manifest definition does not match the assembly reference. (Exception from HRESULT: 0x80131040)
File name: 'Facebook.Web.Mvc, Version=5.3.2.0, Culture=neutral, PublicKeyToken=58cb4f2111d1e6de'
   at System.ModuleHandle.ResolveType(RuntimeModule module, Int32 typeToken, IntPtr* typeInstArgs, Int32 typeInstCount, IntPtr* methodInstArgs, Int32 methodInstCount, ObjectHandleOnStack type)
   at System.ModuleHandle.ResolveTypeHandleInternal(RuntimeModule module, Int32 typeToken, RuntimeTypeHandle[] typeInstantiationContext, RuntimeTypeHandle[] methodInstantiationContext)
   at System.Reflection.RuntimeModule.ResolveType(Int32 metadataToken, Type[] genericTypeArguments, Type[] genericMethodArguments)
   at System.Reflection.CustomAttribute.FilterCustomAttributeRecord(CustomAttributeRecord caRecord, MetadataImport scope, Assembly&amp; lastAptcaOkAssembly, RuntimeModule decoratedModule, MetadataToken decoratedToken, RuntimeType attributeFilterType, Boolean mustBeInheritable, Object[] attributes, IList derivedAttributes, RuntimeType&amp; attributeType, IRuntimeMethodInfo&amp; ctor, Boolean&amp; ctorHasParameters, Boolean&amp; isVarArg)
   at System.Reflection.CustomAttribute.GetCustomAttributes(RuntimeModule decoratedModule, Int32 decoratedMetadataToken, Int32 pcaCount, RuntimeType attributeFilterType, Boolean mustBeInheritable, IList derivedAttributes, Boolean isDecoratedTargetSecurityTransparent)
   at System.Reflection.CustomAttribute.GetCustomAttributes(RuntimeType type, RuntimeType caType, Boolean inherit)
   at System.RuntimeType.GetCustomAttributes(Boolean inherit)
   at Microsoft.VisualStudio.TestTools.Common.ReflectHelper.GetAttributes(MemberInfo info, Boolean bInherit)

WRN: Assembly binding logging is turned OFF.
To enable assembly bind failure logging, set the registry value [HKLM\Software\Microsoft\Fusion!EnableLog] (DWORD) to 1.
Note: There is some performance penalty associated with assembly bind failure logging.
To turn this feature off, remove the registry value [HKLM\Software\Microsoft\Fusion!EnableLog].

E, 2224, 25, 2011/12/24, 12:19:12.225, MATT-PC\QTAgent32.exe, Unit Test Executor threw an exception. Most likely the test run was aborted by the user or the framework:System.IO.FileLoadException: Could not load file or assembly 'Facebook.Web.Mvc, Version=5.3.2.0, Culture=neutral, PublicKeyToken=58cb4f2111d1e6de' or one of its dependencies. The located assembly's manifest definition does not match the assembly reference. (Exception from HRESULT: 0x80131040)
File name: 'Facebook.Web.Mvc, Version=5.3.2.0, Culture=neutral, PublicKeyToken=58cb4f2111d1e6de'
   at System.ModuleHandle.ResolveType(RuntimeModule module, Int32 typeToken, IntPtr* typeInstArgs, Int32 typeInstCount, IntPtr* methodInstArgs, Int32 methodInstCount, ObjectHandleOnStack type)
   at System.ModuleHandle.ResolveTypeHandleInternal(RuntimeModule module, Int32 typeToken, RuntimeTypeHandle[] typeInstantiationContext, RuntimeTypeHandle[] methodInstantiationContext)
   at System.Reflection.RuntimeModule.ResolveType(Int32 metadataToken, Type[] genericTypeArguments, Type[] genericMethodArguments)
   at System.Reflection.CustomAttribute.FilterCustomAttributeRecord(CustomAttributeRecord caRecord, MetadataImport scope, Assembly&amp; lastAptcaOkAssembly, RuntimeModule decoratedModule, MetadataToken decoratedToken, RuntimeType attributeFilterType, Boolean mustBeInheritable, Object[] attributes, IList derivedAttributes, RuntimeType&amp; attributeType, IRuntimeMethodInfo&amp; ctor, Boolean&amp; ctorHasParameters, Boolean&amp; isVarArg)
   at System.Reflection.CustomAttribute.IsCustomAttributeDefined(RuntimeModule decoratedModule, Int32 decoratedMetadataToken, RuntimeType attributeFilterType, Boolean mustBeInheritable)
   at System.Reflection.CustomAttribute.IsDefined(RuntimeType type, RuntimeType caType, Boolean inherit)
   at System.RuntimeType.IsDefined(Type attributeType, Boolean inherit)
   at Microsoft.VisualStudio.TestTools.TestTypes.Unit.UnitTestExecuter.GetAssemblyInfo(Assembly assembly)
   at Microsoft.VisualStudio.TestTools.TestTypes.Unit.UnitTestExecuter.GetTypeInfo(Type type, Boolean checkAlreadyExaminedType)
   at Microsoft.VisualStudio.TestTools.TestTypes.Unit.UnitTestExecuter.ResolveMethods()
   at Microsoft.VisualStudio.TestTools.TestTypes.Unit.UnitTestExecuter.Initialize(UnitTestResult result, UnitTestRunner runner, ConsoleOutputRedirector redirector)

WRN: Assembly binding logging is turned OFF.
To enable assembly bind failure logging, set the registry value [HKLM\Software\Microsoft\Fusion!EnableLog] (DWORD) to 1.
Note: There is some performance penalty associated with assembly bind failure logging.
To turn this feature off, remove the registry value [HKLM\Software\Microsoft\Fusion!EnableLog].

E, 2224, 25, 2011/12/24, 12:19:12.226, MATT-PC\QTAgent32.exe, Unit Test Adapter threw exception: System.IO.FileLoadException: Could not load file or assembly 'Facebook.Web.Mvc, Version=5.3.2.0, Culture=neutral, PublicKeyToken=58cb4f2111d1e6de' or one of its dependencies. The located assembly's manifest definition does not match the assembly reference. (Exception from HRESULT: 0x80131040)
File name: 'Facebook.Web.Mvc, Version=5.3.2.0, Culture=neutral, PublicKeyToken=58cb4f2111d1e6de'
   at System.ModuleHandle.ResolveType(RuntimeModule module, Int32 typeToken, IntPtr* typeInstArgs, Int32 typeInstCount, IntPtr* methodInstArgs, Int32 methodInstCount, ObjectHandleOnStack type)
   at System.ModuleHandle.ResolveTypeHandleInternal(RuntimeModule module, Int32 typeToken, RuntimeTypeHandle[] typeInstantiationContext, RuntimeTypeHandle[] methodInstantiationContext)
   at System.Reflection.RuntimeModule.ResolveType(Int32 metadataToken, Type[] genericTypeArguments, Type[] genericMethodArguments)
   at System.Reflection.CustomAttribute.FilterCustomAttributeRecord(CustomAttributeRecord caRecord, MetadataImport scope, Assembly&amp; lastAptcaOkAssembly, RuntimeModule decoratedModule, MetadataToken decoratedToken, RuntimeType attributeFilterType, Boolean mustBeInheritable, Object[] attributes, IList derivedAttributes, RuntimeType&amp; attributeType, IRuntimeMethodInfo&amp; ctor, Boolean&amp; ctorHasParameters, Boolean&amp; isVarArg)
   at System.Reflection.CustomAttribute.IsCustomAttributeDefined(RuntimeModule decoratedModule, Int32 decoratedMetadataToken, RuntimeType attributeFilterType, Boolean mustBeInheritable)
   at System.Reflection.CustomAttribute.IsDefined(RuntimeType type, RuntimeType caType, Boolean inherit)
   at System.RuntimeType.IsDefined(Type attributeType, Boolean inherit)
   at Microsoft.VisualStudio.TestTools.TestTypes.Unit.UnitTestExecuter.GetAssemblyInfo(Assembly assembly)
   at Microsoft.VisualStudio.TestTools.TestTypes.Unit.UnitTestExecuter.GetTypeInfo(Type type, Boolean checkAlreadyExaminedType)
   at Microsoft.VisualStudio.TestTools.TestTypes.Unit.UnitTestExecuter.ResolveMethods()
   at Microsoft.VisualStudio.TestTools.TestTypes.Unit.UnitTestExecuter.Initialize(UnitTestResult result, UnitTestRunner runner, ConsoleOutputRedirector redirector)
   at Microsoft.VisualStudio.TestTools.TestTypes.Unit.UnitTestRunner.Run(UnitTestElement test, ITestContext testContext, Boolean isLoadTest, Boolean useMultipleCpus)

WRN: Assembly binding logging is turned OFF.
To enable assembly bind failure logging, set the registry value [HKLM\Software\Microsoft\Fusion!EnableLog] (DWORD) to 1.
Note: There is some performance penalty associated with assembly bind failure logging.
To turn this feature off, remove the registry value [HKLM\Software\Microsoft\Fusion!EnableLog].

W, 2224, 21, 2011/12/24, 12:19:12.238, MATT-PC\QTAgent32.exe, Getting custom attributes for type System.RuntimeType threw exception (will ignore and use the reflection way): System.IO.FileLoadException: Could not load file or assembly 'Facebook.Web.Mvc, Version=5.3.2.0, Culture=neutral, PublicKeyToken=58cb4f2111d1e6de' or one of its dependencies. The located assembly's manifest definition does not match the assembly reference. (Exception from HRESULT: 0x80131040)
File name: 'Facebook.Web.Mvc, Version=5.3.2.0, Culture=neutral, PublicKeyToken=58cb4f2111d1e6de'
   at System.ModuleHandle.ResolveType(RuntimeModule module, Int32 typeToken, IntPtr* typeInstArgs, Int32 typeInstCount, IntPtr* methodInstArgs, Int32 methodInstCount, ObjectHandleOnStack type)
   at System.ModuleHandle.ResolveTypeHandleInternal(RuntimeModule module, Int32 typeToken, RuntimeTypeHandle[] typeInstantiationContext, RuntimeTypeHandle[] methodInstantiationContext)
   at System.Reflection.RuntimeModule.ResolveType(Int32 metadataToken, Type[] genericTypeArguments, Type[] genericMethodArguments)
   at System.Reflection.CustomAttribute.FilterCustomAttributeRecord(CustomAttributeRecord caRecord, MetadataImport scope, Assembly&amp; lastAptcaOkAssembly, RuntimeModule decoratedModule, MetadataToken decoratedToken, RuntimeType attributeFilterType, Boolean mustBeInheritable, Object[] attributes, IList derivedAttributes, RuntimeType&amp; attributeType, IRuntimeMethodInfo&amp; ctor, Boolean&amp; ctorHasParameters, Boolean&amp; isVarArg)
   at System.Reflection.CustomAttribute.GetCustomAttributes(RuntimeModule decoratedModule, Int32 decoratedMetadataToken, Int32 pcaCount, RuntimeType attributeFilterType, Boolean mustBeInheritable, IList derivedAttributes, Boolean isDecoratedTargetSecurityTransparent)
   at System.Reflection.CustomAttribute.GetCustomAttributes(RuntimeType type, RuntimeType caType, Boolean inherit)
   at System.RuntimeType.GetCustomAttributes(Boolean inherit)
   at Microsoft.VisualStudio.TestTools.Common.ReflectHelper.GetAttributes(MemberInfo info, Boolean bInherit)

WRN: Assembly binding logging is turned OFF.
To enable assembly bind failure logging, set the registry value [HKLM\Software\Microsoft\Fusion!EnableLog] (DWORD) to 1.
Note: There is some performance penalty associated with assembly bind failure logging.
To turn this feature off, remove the registry value [HKLM\Software\Microsoft\Fusion!EnableLog].

E, 2224, 21, 2011/12/24, 12:19:12.239, MATT-PC\QTAgent32.exe, Unit Test Executor threw an exception. Most likely the test run was aborted by the user or the framework:System.IO.FileLoadException: Could not load file or assembly 'Facebook.Web.Mvc, Version=5.3.2.0, Culture=neutral, PublicKeyToken=58cb4f2111d1e6de' or one of its dependencies. The located assembly's manifest definition does not match the assembly reference. (Exception from HRESULT: 0x80131040)
File name: 'Facebook.Web.Mvc, Version=5.3.2.0, Culture=neutral, PublicKeyToken=58cb4f2111d1e6de'
   at System.ModuleHandle.ResolveType(RuntimeModule module, Int32 typeToken, IntPtr* typeInstArgs, Int32 typeInstCount, IntPtr* methodInstArgs, Int32 methodInstCount, ObjectHandleOnStack type)
   at System.ModuleHandle.ResolveTypeHandleInternal(RuntimeModule module, Int32 typeToken, RuntimeTypeHandle[] typeInstantiationContext, RuntimeTypeHandle[] methodInstantiationContext)
   at System.Reflection.RuntimeModule.ResolveType(Int32 metadataToken, Type[] genericTypeArguments, Type[] genericMethodArguments)
   at System.Reflection.CustomAttribute.FilterCustomAttributeRecord(CustomAttributeRecord caRecord, MetadataImport scope, Assembly&amp; lastAptcaOkAssembly, RuntimeModule decoratedModule, MetadataToken decoratedToken, RuntimeType attributeFilterType, Boolean mustBeInheritable, Object[] attributes, IList derivedAttributes, RuntimeType&amp; attributeType, IRuntimeMethodInfo&amp; ctor, Boolean&amp; ctorHasParameters, Boolean&amp; isVarArg)
   at System.Reflection.CustomAttribute.IsCustomAttributeDefined(RuntimeModule decoratedModule, Int32 decoratedMetadataToken, RuntimeType attributeFilterType, Boolean mustBeInheritable)
   at System.Reflection.CustomAttribute.IsDefined(RuntimeType type, RuntimeType caType, Boolean inherit)
   at System.RuntimeType.IsDefined(Type attributeType, Boolean inherit)
   at Microsoft.VisualStudio.TestTools.TestTypes.Unit.UnitTestExecuter.GetAssemblyInfo(Assembly assembly)
   at Microsoft.VisualStudio.TestTools.TestTypes.Unit.UnitTestExecuter.GetTypeInfo(Type type, Boolean checkAlreadyExaminedType)
   at Microsoft.VisualStudio.TestTools.TestTypes.Unit.UnitTestExecuter.ResolveMethods()
   at Microsoft.VisualStudio.TestTools.TestTypes.Unit.UnitTestExecuter.Initialize(UnitTestResult result, UnitTestRunner runner, ConsoleOutputRedirector redirector)

WRN: Assembly binding logging is turned OFF.
To enable assembly bind failure logging, set the registry value [HKLM\Software\Microsoft\Fusion!EnableLog] (DWORD) to 1.
Note: There is some performance penalty associated with assembly bind failure logging.
To turn this feature off, remove the registry value [HKLM\Software\Microsoft\Fusion!EnableLog].

E, 2224, 21, 2011/12/24, 12:19:12.240, MATT-PC\QTAgent32.exe, Unit Test Adapter threw exception: System.IO.FileLoadException: Could not load file or assembly 'Facebook.Web.Mvc, Version=5.3.2.0, Culture=neutral, PublicKeyToken=58cb4f2111d1e6de' or one of its dependencies. The located assembly's manifest definition does not match the assembly reference. (Exception from HRESULT: 0x80131040)
File name: 'Facebook.Web.Mvc, Version=5.3.2.0, Culture=neutral, PublicKeyToken=58cb4f2111d1e6de'
   at System.ModuleHandle.ResolveType(RuntimeModule module, Int32 typeToken, IntPtr* typeInstArgs, Int32 typeInstCount, IntPtr* methodInstArgs, Int32 methodInstCount, ObjectHandleOnStack type)
   at System.ModuleHandle.ResolveTypeHandleInternal(RuntimeModule module, Int32 typeToken, RuntimeTypeHandle[] typeInstantiationContext, RuntimeTypeHandle[] methodInstantiationContext)
   at System.Reflection.RuntimeModule.ResolveType(Int32 metadataToken, Type[] genericTypeArguments, Type[] genericMethodArguments)
   at System.Reflection.CustomAttribute.FilterCustomAttributeRecord(CustomAttributeRecord caRecord, MetadataImport scope, Assembly&amp; lastAptcaOkAssembly, RuntimeModule decoratedModule, MetadataToken decoratedToken, RuntimeType attributeFilterType, Boolean mustBeInheritable, Object[] attributes, IList derivedAttributes, RuntimeType&amp; attributeType, IRuntimeMethodInfo&amp; ctor, Boolean&amp; ctorHasParameters, Boolean&amp; isVarArg)
   at System.Reflection.CustomAttribute.IsCustomAttributeDefined(RuntimeModule decoratedModule, Int32 decoratedMetadataToken, RuntimeType attributeFilterType, Boolean mustBeInheritable)
   at System.Reflection.CustomAttribute.IsDefined(RuntimeType type, RuntimeType caType, Boolean inherit)
   at System.RuntimeType.IsDefined(Type attributeType, Boolean inherit)
   at Microsoft.VisualStudio.TestTools.TestTypes.Unit.UnitTestExecuter.GetAssemblyInfo(Assembly assembly)
   at Microsoft.VisualStudio.TestTools.TestTypes.Unit.UnitTestExecuter.GetTypeInfo(Type type, Boolean checkAlreadyExaminedType)
   at Microsoft.VisualStudio.TestTools.TestTypes.Unit.UnitTestExecuter.ResolveMethods()
   at Microsoft.VisualStudio.TestTools.TestTypes.Unit.UnitTestExecuter.Initialize(UnitTestResult result, UnitTestRunner runner, ConsoleOutputRedirector redirector)
   at Microsoft.VisualStudio.TestTools.TestTypes.Unit.UnitTestRunner.Run(UnitTestElement test, ITestContext testContext, Boolean isLoadTest, Boolean useMultipleCpus)

WRN: Assembly binding logging is turned OFF.
To enable assembly bind failure logging, set the registry value [HKLM\Software\Microsoft\Fusion!EnableLog] (DWORD) to 1.
Note: There is some performance penalty associated with assembly bind failure logging.
To turn this feature off, remove the registry value [HKLM\Software\Microsoft\Fusion!EnableLog].

W, 2224, 14, 2011/12/24, 12:19:12.248, MATT-PC\QTAgent32.exe, Getting custom attributes for type System.RuntimeType threw exception (will ignore and use the reflection way): System.IO.FileLoadException: Could not load file or assembly 'Facebook.Web.Mvc, Version=5.3.2.0, Culture=neutral, PublicKeyToken=58cb4f2111d1e6de' or one of its dependencies. The located assembly's manifest definition does not match the assembly reference. (Exception from HRESULT: 0x80131040)
File name: 'Facebook.Web.Mvc, Version=5.3.2.0, Culture=neutral, PublicKeyToken=58cb4f2111d1e6de'
   at System.ModuleHandle.ResolveType(RuntimeModule module, Int32 typeToken, IntPtr* typeInstArgs, Int32 typeInstCount, IntPtr* methodInstArgs, Int32 methodInstCount, ObjectHandleOnStack type)
   at System.ModuleHandle.ResolveTypeHandleInternal(RuntimeModule module, Int32 typeToken, RuntimeTypeHandle[] typeInstantiationContext, RuntimeTypeHandle[] methodInstantiationContext)
   at System.Reflection.RuntimeModule.ResolveType(Int32 metadataToken, Type[] genericTypeArguments, Type[] genericMethodArguments)
   at System.Reflection.CustomAttribute.FilterCustomAttributeRecord(CustomAttributeRecord caRecord, MetadataImport scope, Assembly&amp; lastAptcaOkAssembly, RuntimeModule decoratedModule, MetadataToken decoratedToken, RuntimeType attributeFilterType, Boolean mustBeInheritable, Object[] attributes, IList derivedAttributes, RuntimeType&amp; attributeType, IRuntimeMethodInfo&amp; ctor, Boolean&amp; ctorHasParameters, Boolean&amp; isVarArg)
   at System.Reflection.CustomAttribute.GetCustomAttributes(RuntimeModule decoratedModule, Int32 decoratedMetadataToken, Int32 pcaCount, RuntimeType attributeFilterType, Boolean mustBeInheritable, IList derivedAttributes, Boolean isDecoratedTargetSecurityTransparent)
   at System.Reflection.CustomAttribute.GetCustomAttributes(RuntimeType type, RuntimeType caType, Boolean inherit)
   at System.RuntimeType.GetCustomAttributes(Boolean inherit)
   at Microsoft.VisualStudio.TestTools.Common.ReflectHelper.GetAttributes(MemberInfo info, Boolean bInherit)

WRN: Assembly binding logging is turned OFF.
To enable assembly bind failure logging, set the registry value [HKLM\Software\Microsoft\Fusion!EnableLog] (DWORD) to 1.
Note: There is some performance penalty associated with assembly bind failure logging.
To turn this feature off, remove the registry value [HKLM\Software\Microsoft\Fusion!EnableLog].

E, 2224, 14, 2011/12/24, 12:19:12.249, MATT-PC\QTAgent32.exe, Unit Test Executor threw an exception. Most likely the test run was aborted by the user or the framework:System.IO.FileLoadException: Could not load file or assembly 'Facebook.Web.Mvc, Version=5.3.2.0, Culture=neutral, PublicKeyToken=58cb4f2111d1e6de' or one of its dependencies. The located assembly's manifest definition does not match the assembly reference. (Exception from HRESULT: 0x80131040)
File name: 'Facebook.Web.Mvc, Version=5.3.2.0, Culture=neutral, PublicKeyToken=58cb4f2111d1e6de'
   at System.ModuleHandle.ResolveType(RuntimeModule module, Int32 typeToken, IntPtr* typeInstArgs, Int32 typeInstCount, IntPtr* methodInstArgs, Int32 methodInstCount, ObjectHandleOnStack type)
   at System.ModuleHandle.ResolveTypeHandleInternal(RuntimeModule module, Int32 typeToken, RuntimeTypeHandle[] typeInstantiationContext, RuntimeTypeHandle[] methodInstantiationContext)
   at System.Reflection.RuntimeModule.ResolveType(Int32 metadataToken, Type[] genericTypeArguments, Type[] genericMethodArguments)
   at System.Reflection.CustomAttribute.FilterCustomAttributeRecord(CustomAttributeRecord caRecord, MetadataImport scope, Assembly&amp; lastAptcaOkAssembly, RuntimeModule decoratedModule, MetadataToken decoratedToken, RuntimeType attributeFilterType, Boolean mustBeInheritable, Object[] attributes, IList derivedAttributes, RuntimeType&amp; attributeType, IRuntimeMethodInfo&amp; ctor, Boolean&amp; ctorHasParameters, Boolean&amp; isVarArg)
   at System.Reflection.CustomAttribute.IsCustomAttributeDefined(RuntimeModule decoratedModule, Int32 decoratedMetadataToken, RuntimeType attributeFilterType, Boolean mustBeInheritable)
   at System.Reflection.CustomAttribute.IsDefined(RuntimeType type, RuntimeType caType, Boolean inherit)
   at System.RuntimeType.IsDefined(Type attributeType, Boolean inherit)
   at Microsoft.VisualStudio.TestTools.TestTypes.Unit.UnitTestExecuter.GetAssemblyInfo(Assembly assembly)
   at Microsoft.VisualStudio.TestTools.TestTypes.Unit.UnitTestExecuter.GetTypeInfo(Type type, Boolean checkAlreadyExaminedType)
   at Microsoft.VisualStudio.TestTools.TestTypes.Unit.UnitTestExecuter.ResolveMethods()
   at Microsoft.VisualStudio.TestTools.TestTypes.Unit.UnitTestExecuter.Initialize(UnitTestResult result, UnitTestRunner runner, ConsoleOutputRedirector redirector)

WRN: Assembly binding logging is turned OFF.
To enable assembly bind failure logging, set the registry value [HKLM\Software\Microsoft\Fusion!EnableLog] (DWORD) to 1.
Note: There is some performance penalty associated with assembly bind failure logging.
To turn this feature off, remove the registry value [HKLM\Software\Microsoft\Fusion!EnableLog].

E, 2224, 14, 2011/12/24, 12:19:12.250, MATT-PC\QTAgent32.exe, Unit Test Adapter threw exception: System.IO.FileLoadException: Could not load file or assembly 'Facebook.Web.Mvc, Version=5.3.2.0, Culture=neutral, PublicKeyToken=58cb4f2111d1e6de' or one of its dependencies. The located assembly's manifest definition does not match the assembly reference. (Exception from HRESULT: 0x80131040)
File name: 'Facebook.Web.Mvc, Version=5.3.2.0, Culture=neutral, PublicKeyToken=58cb4f2111d1e6de'
   at System.ModuleHandle.ResolveType(RuntimeModule module, Int32 typeToken, IntPtr* typeInstArgs, Int32 typeInstCount, IntPtr* methodInstArgs, Int32 methodInstCount, ObjectHandleOnStack type)
   at System.ModuleHandle.ResolveTypeHandleInternal(RuntimeModule module, Int32 typeToken, RuntimeTypeHandle[] typeInstantiationContext, RuntimeTypeHandle[] methodInstantiationContext)
   at System.Reflection.RuntimeModule.ResolveType(Int32 metadataToken, Type[] genericTypeArguments, Type[] genericMethodArguments)
   at System.Reflection.CustomAttribute.FilterCustomAttributeRecord(CustomAttributeRecord caRecord, MetadataImport scope, Assembly&amp; lastAptcaOkAssembly, RuntimeModule decoratedModule, MetadataToken decoratedToken, RuntimeType attributeFilterType, Boolean mustBeInheritable, Object[] attributes, IList derivedAttributes, RuntimeType&amp; attributeType, IRuntimeMethodInfo&amp; ctor, Boolean&amp; ctorHasParameters, Boolean&amp; isVarArg)
   at System.Reflection.CustomAttribute.IsCustomAttributeDefined(RuntimeModule decoratedModule, Int32 decoratedMetadataToken, RuntimeType attributeFilterType, Boolean mustBeInheritable)
   at System.Reflection.CustomAttribute.IsDefined(RuntimeType type, RuntimeType caType, Boolean inherit)
   at System.RuntimeType.IsDefined(Type attributeType, Boolean inherit)
   at Microsoft.VisualStudio.TestTools.TestTypes.Unit.UnitTestExecuter.GetAssemblyInfo(Assembly assembly)
   at Microsoft.VisualStudio.TestTools.TestTypes.Unit.UnitTestExecuter.GetTypeInfo(Type type, Boolean checkAlreadyExaminedType)
   at Microsoft.VisualStudio.TestTools.TestTypes.Unit.UnitTestExecuter.ResolveMethods()
   at Microsoft.VisualStudio.TestTools.TestTypes.Unit.UnitTestExecuter.Initialize(UnitTestResult result, UnitTestRunner runner, ConsoleOutputRedirector redirector)
   at Microsoft.VisualStudio.TestTools.TestTypes.Unit.UnitTestRunner.Run(UnitTestElement test, ITestContext testContext, Boolean isLoadTest, Boolean useMultipleCpus)

WRN: Assembly binding logging is turned OFF.
To enable assembly bind failure logging, set the registry value [HKLM\Software\Microsoft\Fusion!EnableLog] (DWORD) to 1.
Note: There is some performance penalty associated with assembly bind failure logging.
To turn this feature off, remove the registry value [HKLM\Software\Microsoft\Fusion!EnableLog].

W, 2224, 27, 2011/12/24, 12:19:12.266, MATT-PC\QTAgent32.exe, Getting custom attributes for type System.RuntimeType threw exception (will ignore and use the reflection way): System.IO.FileLoadException: Could not load file or assembly 'Facebook.Web.Mvc, Version=5.3.2.0, Culture=neutral, PublicKeyToken=58cb4f2111d1e6de' or one of its dependencies. The located assembly's manifest definition does not match the assembly reference. (Exception from HRESULT: 0x80131040)
File name: 'Facebook.Web.Mvc, Version=5.3.2.0, Culture=neutral, PublicKeyToken=58cb4f2111d1e6de'
   at System.ModuleHandle.ResolveType(RuntimeModule module, Int32 typeToken, IntPtr* typeInstArgs, Int32 typeInstCount, IntPtr* methodInstArgs, Int32 methodInstCount, ObjectHandleOnStack type)
   at System.ModuleHandle.ResolveTypeHandleInternal(RuntimeModule module, Int32 typeToken, RuntimeTypeHandle[] typeInstantiationContext, RuntimeTypeHandle[] methodInstantiationContext)
   at System.Reflection.RuntimeModule.ResolveType(Int32 metadataToken, Type[] genericTypeArguments, Type[] genericMethodArguments)
   at System.Reflection.CustomAttribute.FilterCustomAttributeRecord(CustomAttributeRecord caRecord, MetadataImport scope, Assembly&amp; lastAptcaOkAssembly, RuntimeModule decoratedModule, MetadataToken decoratedToken, RuntimeType attributeFilterType, Boolean mustBeInheritable, Object[] attributes, IList derivedAttributes, RuntimeType&amp; attributeType, IRuntimeMethodInfo&amp; ctor, Boolean&amp; ctorHasParameters, Boolean&amp; isVarArg)
   at System.Reflection.CustomAttribute.GetCustomAttributes(RuntimeModule decoratedModule, Int32 decoratedMetadataToken, Int32 pcaCount, RuntimeType attributeFilterType, Boolean mustBeInheritable, IList derivedAttributes, Boolean isDecoratedTargetSecurityTransparent)
   at System.Reflection.CustomAttribute.GetCustomAttributes(RuntimeType type, RuntimeType caType, Boolean inherit)
   at System.RuntimeType.GetCustomAttributes(Boolean inherit)
   at Microsoft.VisualStudio.TestTools.Common.ReflectHelper.GetAttributes(MemberInfo info, Boolean bInherit)

WRN: Assembly binding logging is turned OFF.
To enable assembly bind failure logging, set the registry value [HKLM\Software\Microsoft\Fusion!EnableLog] (DWORD) to 1.
Note: There is some performance penalty associated with assembly bind failure logging.
To turn this feature off, remove the registry value [HKLM\Software\Microsoft\Fusion!EnableLog].

E, 2224, 27, 2011/12/24, 12:19:12.266, MATT-PC\QTAgent32.exe, Unit Test Executor threw an exception. Most likely the test run was aborted by the user or the framework:System.IO.FileLoadException: Could not load file or assembly 'Facebook.Web.Mvc, Version=5.3.2.0, Culture=neutral, PublicKeyToken=58cb4f2111d1e6de' or one of its dependencies. The located assembly's manifest definition does not match the assembly reference. (Exception from HRESULT: 0x80131040)
File name: 'Facebook.Web.Mvc, Version=5.3.2.0, Culture=neutral, PublicKeyToken=58cb4f2111d1e6de'
   at System.ModuleHandle.ResolveType(RuntimeModule module, Int32 typeToken, IntPtr* typeInstArgs, Int32 typeInstCount, IntPtr* methodInstArgs, Int32 methodInstCount, ObjectHandleOnStack type)
   at System.ModuleHandle.ResolveTypeHandleInternal(RuntimeModule module, Int32 typeToken, RuntimeTypeHandle[] typeInstantiationContext, RuntimeTypeHandle[] methodInstantiationContext)
   at System.Reflection.RuntimeModule.ResolveType(Int32 metadataToken, Type[] genericTypeArguments, Type[] genericMethodArguments)
   at System.Reflection.CustomAttribute.FilterCustomAttributeRecord(CustomAttributeRecord caRecord, MetadataImport scope, Assembly&amp; lastAptcaOkAssembly, RuntimeModule decoratedModule, MetadataToken decoratedToken, RuntimeType attributeFilterType, Boolean mustBeInheritable, Object[] attributes, IList derivedAttributes, RuntimeType&amp; attributeType, IRuntimeMethodInfo&amp; ctor, Boolean&amp; ctorHasParameters, Boolean&amp; isVarArg)
   at System.Reflection.CustomAttribute.IsCustomAttributeDefined(RuntimeModule decoratedModule, Int32 decoratedMetadataToken, RuntimeType attributeFilterType, Boolean mustBeInheritable)
   at System.Reflection.CustomAttribute.IsDefined(RuntimeType type, RuntimeType caType, Boolean inherit)
   at System.RuntimeType.IsDefined(Type attributeType, Boolean inherit)
   at Microsoft.VisualStudio.TestTools.TestTypes.Unit.UnitTestExecuter.GetAssemblyInfo(Assembly assembly)
   at Microsoft.VisualStudio.TestTools.TestTypes.Unit.UnitTestExecuter.GetTypeInfo(Type type, Boolean checkAlreadyExaminedType)
   at Microsoft.VisualStudio.TestTools.TestTypes.Unit.UnitTestExecuter.ResolveMethods()
   at Microsoft.VisualStudio.TestTools.TestTypes.Unit.UnitTestExecuter.Initialize(UnitTestResult result, UnitTestRunner runner, ConsoleOutputRedirector redirector)

WRN: Assembly binding logging is turned OFF.
To enable assembly bind failure logging, set the registry value [HKLM\Software\Microsoft\Fusion!EnableLog] (DWORD) to 1.
Note: There is some performance penalty associated with assembly bind failure logging.
To turn this feature off, remove the registry value [HKLM\Software\Microsoft\Fusion!EnableLog].

E, 2224, 27, 2011/12/24, 12:19:12.267, MATT-PC\QTAgent32.exe, Unit Test Adapter threw exception: System.IO.FileLoadException: Could not load file or assembly 'Facebook.Web.Mvc, Version=5.3.2.0, Culture=neutral, PublicKeyToken=58cb4f2111d1e6de' or one of its dependencies. The located assembly's manifest definition does not match the assembly reference. (Exception from HRESULT: 0x80131040)
File name: 'Facebook.Web.Mvc, Version=5.3.2.0, Culture=neutral, PublicKeyToken=58cb4f2111d1e6de'
   at System.ModuleHandle.ResolveType(RuntimeModule module, Int32 typeToken, IntPtr* typeInstArgs, Int32 typeInstCount, IntPtr* methodInstArgs, Int32 methodInstCount, ObjectHandleOnStack type)
   at System.ModuleHandle.ResolveTypeHandleInternal(RuntimeModule module, Int32 typeToken, RuntimeTypeHandle[] typeInstantiationContext, RuntimeTypeHandle[] methodInstantiationContext)
   at System.Reflection.RuntimeModule.ResolveType(Int32 metadataToken, Type[] genericTypeArguments, Type[] genericMethodArguments)
   at System.Reflection.CustomAttribute.FilterCustomAttributeRecord(CustomAttributeRecord caRecord, MetadataImport scope, Assembly&amp; lastAptcaOkAssembly, RuntimeModule decoratedModule, MetadataToken decoratedToken, RuntimeType attributeFilterType, Boolean mustBeInheritable, Object[] attributes, IList derivedAttributes, RuntimeType&amp; attributeType, IRuntimeMethodInfo&amp; ctor, Boolean&amp; ctorHasParameters, Boolean&amp; isVarArg)
   at System.Reflection.CustomAttribute.IsCustomAttributeDefined(RuntimeModule decoratedModule, Int32 decoratedMetadataToken, RuntimeType attributeFilterType, Boolean mustBeInheritable)
   at System.Reflection.CustomAttribute.IsDefined(RuntimeType type, RuntimeType caType, Boolean inherit)
   at System.RuntimeType.IsDefined(Type attributeType, Boolean inherit)
   at Microsoft.VisualStudio.TestTools.TestTypes.Unit.UnitTestExecuter.GetAssemblyInfo(Assembly assembly)
   at Microsoft.VisualStudio.TestTools.TestTypes.Unit.UnitTestExecuter.GetTypeInfo(Type type, Boolean checkAlreadyExaminedType)
   at Microsoft.VisualStudio.TestTools.TestTypes.Unit.UnitTestExecuter.ResolveMethods()
   at Microsoft.VisualStudio.TestTools.TestTypes.Unit.UnitTestExecuter.Initialize(UnitTestResult result, UnitTestRunner runner, ConsoleOutputRedirector redirector)
   at Microsoft.VisualStudio.TestTools.TestTypes.Unit.UnitTestRunner.Run(UnitTestElement test, ITestContext testContext, Boolean isLoadTest, Boolean useMultipleCpus)

WRN: Assembly binding logging is turned OFF.
To enable assembly bind failure logging, set the registry value [HKLM\Software\Microsoft\Fusion!EnableLog] (DWORD) to 1.
Note: There is some performance penalty associated with assembly bind failure logging.
To turn this feature off, remove the registry value [HKLM\Software\Microsoft\Fusion!EnableLog].

W, 2224, 29, 2011/12/24, 12:19:12.281, MATT-PC\QTAgent32.exe, Getting custom attributes for type System.RuntimeType threw exception (will ignore and use the reflection way): System.IO.FileLoadException: Could not load file or assembly 'Facebook.Web.Mvc, Version=5.3.2.0, Culture=neutral, PublicKeyToken=58cb4f2111d1e6de' or one of its dependencies. The located assembly's manifest definition does not match the assembly reference. (Exception from HRESULT: 0x80131040)
File name: 'Facebook.Web.Mvc, Version=5.3.2.0, Culture=neutral, PublicKeyToken=58cb4f2111d1e6de'
   at System.ModuleHandle.ResolveType(RuntimeModule module, Int32 typeToken, IntPtr* typeInstArgs, Int32 typeInstCount, IntPtr* methodInstArgs, Int32 methodInstCount, ObjectHandleOnStack type)
   at System.ModuleHandle.ResolveTypeHandleInternal(RuntimeModule module, Int32 typeToken, RuntimeTypeHandle[] typeInstantiationContext, RuntimeTypeHandle[] methodInstantiationContext)
   at System.Reflection.RuntimeModule.ResolveType(Int32 metadataToken, Type[] genericTypeArguments, Type[] genericMethodArguments)
   at System.Reflection.CustomAttribute.FilterCustomAttributeRecord(CustomAttributeRecord caRecord, MetadataImport scope, Assembly&amp; lastAptcaOkAssembly, RuntimeModule decoratedModule, MetadataToken decoratedToken, RuntimeType attributeFilterType, Boolean mustBeInheritable, Object[] attributes, IList derivedAttributes, RuntimeType&amp; attributeType, IRuntimeMethodInfo&amp; ctor, Boolean&amp; ctorHasParameters, Boolean&amp; isVarArg)
   at System.Reflection.CustomAttribute.GetCustomAttributes(RuntimeModule decoratedModule, Int32 decoratedMetadataToken, Int32 pcaCount, RuntimeType attributeFilterType, Boolean mustBeInheritable, IList derivedAttributes, Boolean isDecoratedTargetSecurityTransparent)
   at System.Reflection.CustomAttribute.GetCustomAttributes(RuntimeType type, RuntimeType caType, Boolean inherit)
   at System.RuntimeType.GetCustomAttributes(Boolean inherit)
   at Microsoft.VisualStudio.TestTools.Common.ReflectHelper.GetAttributes(MemberInfo info, Boolean bInherit)

WRN: Assembly binding logging is turned OFF.
To enable assembly bind failure logging, set the registry value [HKLM\Software\Microsoft\Fusion!EnableLog] (DWORD) to 1.
Note: There is some performance penalty associated with assembly bind failure logging.
To turn this feature off, remove the registry value [HKLM\Software\Microsoft\Fusion!EnableLog].

E, 2224, 29, 2011/12/24, 12:19:12.282, MATT-PC\QTAgent32.exe, Unit Test Executor threw an exception. Most likely the test run was aborted by the user or the framework:System.IO.FileLoadException: Could not load file or assembly 'Facebook.Web.Mvc, Version=5.3.2.0, Culture=neutral, PublicKeyToken=58cb4f2111d1e6de' or one of its dependencies. The located assembly's manifest definition does not match the assembly reference. (Exception from HRESULT: 0x80131040)
File name: 'Facebook.Web.Mvc, Version=5.3.2.0, Culture=neutral, PublicKeyToken=58cb4f2111d1e6de'
   at System.ModuleHandle.ResolveType(RuntimeModule module, Int32 typeToken, IntPtr* typeInstArgs, Int32 typeInstCount, IntPtr* methodInstArgs, Int32 methodInstCount, ObjectHandleOnStack type)
   at System.ModuleHandle.ResolveTypeHandleInternal(RuntimeModule module, Int32 typeToken, RuntimeTypeHandle[] typeInstantiationContext, RuntimeTypeHandle[] methodInstantiationContext)
   at System.Reflection.RuntimeModule.ResolveType(Int32 metadataToken, Type[] genericTypeArguments, Type[] genericMethodArguments)
   at System.Reflection.CustomAttribute.FilterCustomAttributeRecord(CustomAttributeRecord caRecord, MetadataImport scope, Assembly&amp; lastAptcaOkAssembly, RuntimeModule decoratedModule, MetadataToken decoratedToken, RuntimeType attributeFilterType, Boolean mustBeInheritable, Object[] attributes, IList derivedAttributes, RuntimeType&amp; attributeType, IRuntimeMethodInfo&amp; ctor, Boolean&amp; ctorHasParameters, Boolean&amp; isVarArg)
   at System.Reflection.CustomAttribute.IsCustomAttributeDefined(RuntimeModule decoratedModule, Int32 decoratedMetadataToken, RuntimeType attributeFilterType, Boolean mustBeInheritable)
   at System.Reflection.CustomAttribute.IsDefined(RuntimeType type, RuntimeType caType, Boolean inherit)
   at System.RuntimeType.IsDefined(Type attributeType, Boolean inherit)
   at Microsoft.VisualStudio.TestTools.TestTypes.Unit.UnitTestExecuter.GetAssemblyInfo(Assembly assembly)
   at Microsoft.VisualStudio.TestTools.TestTypes.Unit.UnitTestExecuter.GetTypeInfo(Type type, Boolean checkAlreadyExaminedType)
   at Microsoft.VisualStudio.TestTools.TestTypes.Unit.UnitTestExecuter.ResolveMethods()
   at Microsoft.VisualStudio.TestTools.TestTypes.Unit.UnitTestExecuter.Initialize(UnitTestResult result, UnitTestRunner runner, ConsoleOutputRedirector redirector)

WRN: Assembly binding logging is turned OFF.
To enable assembly bind failure logging, set the registry value [HKLM\Software\Microsoft\Fusion!EnableLog] (DWORD) to 1.
Note: There is some performance penalty associated with assembly bind failure logging.
To turn this feature off, remove the registry value [HKLM\Software\Microsoft\Fusion!EnableLog].

E, 2224, 29, 2011/12/24, 12:19:12.282, MATT-PC\QTAgent32.exe, Unit Test Adapter threw exception: System.IO.FileLoadException: Could not load file or assembly 'Facebook.Web.Mvc, Version=5.3.2.0, Culture=neutral, PublicKeyToken=58cb4f2111d1e6de' or one of its dependencies. The located assembly's manifest definition does not match the assembly reference. (Exception from HRESULT: 0x80131040)
File name: 'Facebook.Web.Mvc, Version=5.3.2.0, Culture=neutral, PublicKeyToken=58cb4f2111d1e6de'
   at System.ModuleHandle.ResolveType(RuntimeModule module, Int32 typeToken, IntPtr* typeInstArgs, Int32 typeInstCount, IntPtr* methodInstArgs, Int32 methodInstCount, ObjectHandleOnStack type)
   at System.ModuleHandle.ResolveTypeHandleInternal(RuntimeModule module, Int32 typeToken, RuntimeTypeHandle[] typeInstantiationContext, RuntimeTypeHandle[] methodInstantiationContext)
   at System.Reflection.RuntimeModule.ResolveType(Int32 metadataToken, Type[] genericTypeArguments, Type[] genericMethodArguments)
   at System.Reflection.CustomAttribute.FilterCustomAttributeRecord(CustomAttributeRecord caRecord, MetadataImport scope, Assembly&amp; lastAptcaOkAssembly, RuntimeModule decoratedModule, MetadataToken decoratedToken, RuntimeType attributeFilterType, Boolean mustBeInheritable, Object[] attributes, IList derivedAttributes, RuntimeType&amp; attributeType, IRuntimeMethodInfo&amp; ctor, Boolean&amp; ctorHasParameters, Boolean&amp; isVarArg)
   at System.Reflection.CustomAttribute.IsCustomAttributeDefined(RuntimeModule decoratedModule, Int32 decoratedMetadataToken, RuntimeType attributeFilterType, Boolean mustBeInheritable)
   at System.Reflection.CustomAttribute.IsDefined(RuntimeType type, RuntimeType caType, Boolean inherit)
   at System.RuntimeType.IsDefined(Type attributeType, Boolean inherit)
   at Microsoft.VisualStudio.TestTools.TestTypes.Unit.UnitTestExecuter.GetAssemblyInfo(Assembly assembly)
   at Microsoft.VisualStudio.TestTools.TestTypes.Unit.UnitTestExecuter.GetTypeInfo(Type type, Boolean checkAlreadyExaminedType)
   at Microsoft.VisualStudio.TestTools.TestTypes.Unit.UnitTestExecuter.ResolveMethods()
   at Microsoft.VisualStudio.TestTools.TestTypes.Unit.UnitTestExecuter.Initialize(UnitTestResult result, UnitTestRunner runner, ConsoleOutputRedirector redirector)
   at Microsoft.VisualStudio.TestTools.TestTypes.Unit.UnitTestRunner.Run(UnitTestElement test, ITestContext testContext, Boolean isLoadTest, Boolean useMultipleCpus)

WRN: Assembly binding logging is turned OFF.
To enable assembly bind failure logging, set the registry value [HKLM\Software\Microsoft\Fusion!EnableLog] (DWORD) to 1.
Note: There is some performance penalty associated with assembly bind failure logging.
To turn this feature off, remove the registry value [HKLM\Software\Microsoft\Fusion!EnableLog].

W, 2224, 31, 2011/12/24, 12:19:12.296, MATT-PC\QTAgent32.exe, Getting custom attributes for type System.RuntimeType threw exception (will ignore and use the reflection way): System.IO.FileLoadException: Could not load file or assembly 'Facebook.Web.Mvc, Version=5.3.2.0, Culture=neutral, PublicKeyToken=58cb4f2111d1e6de' or one of its dependencies. The located assembly's manifest definition does not match the assembly reference. (Exception from HRESULT: 0x80131040)
File name: 'Facebook.Web.Mvc, Version=5.3.2.0, Culture=neutral, PublicKeyToken=58cb4f2111d1e6de'
   at System.ModuleHandle.ResolveType(RuntimeModule module, Int32 typeToken, IntPtr* typeInstArgs, Int32 typeInstCount, IntPtr* methodInstArgs, Int32 methodInstCount, ObjectHandleOnStack type)
   at System.ModuleHandle.ResolveTypeHandleInternal(RuntimeModule module, Int32 typeToken, RuntimeTypeHandle[] typeInstantiationContext, RuntimeTypeHandle[] methodInstantiationContext)
   at System.Reflection.RuntimeModule.ResolveType(Int32 metadataToken, Type[] genericTypeArguments, Type[] genericMethodArguments)
   at System.Reflection.CustomAttribute.FilterCustomAttributeRecord(CustomAttributeRecord caRecord, MetadataImport scope, Assembly&amp; lastAptcaOkAssembly, RuntimeModule decoratedModule, MetadataToken decoratedToken, RuntimeType attributeFilterType, Boolean mustBeInheritable, Object[] attributes, IList derivedAttributes, RuntimeType&amp; attributeType, IRuntimeMethodInfo&amp; ctor, Boolean&amp; ctorHasParameters, Boolean&amp; isVarArg)
   at System.Reflection.CustomAttribute.GetCustomAttributes(RuntimeModule decoratedModule, Int32 decoratedMetadataToken, Int32 pcaCount, RuntimeType attributeFilterType, Boolean mustBeInheritable, IList derivedAttributes, Boolean isDecoratedTargetSecurityTransparent)
   at System.Reflection.CustomAttribute.GetCustomAttributes(RuntimeType type, RuntimeType caType, Boolean inherit)
   at System.RuntimeType.GetCustomAttributes(Boolean inherit)
   at Microsoft.VisualStudio.TestTools.Common.ReflectHelper.GetAttributes(MemberInfo info, Boolean bInherit)

WRN: Assembly binding logging is turned OFF.
To enable assembly bind failure logging, set the registry value [HKLM\Software\Microsoft\Fusion!EnableLog] (DWORD) to 1.
Note: There is some performance penalty associated with assembly bind failure logging.
To turn this feature off, remove the registry value [HKLM\Software\Microsoft\Fusion!EnableLog].

E, 2224, 31, 2011/12/24, 12:19:12.297, MATT-PC\QTAgent32.exe, Unit Test Executor threw an exception. Most likely the test run was aborted by the user or the framework:System.IO.FileLoadException: Could not load file or assembly 'Facebook.Web.Mvc, Version=5.3.2.0, Culture=neutral, PublicKeyToken=58cb4f2111d1e6de' or one of its dependencies. The located assembly's manifest definition does not match the assembly reference. (Exception from HRESULT: 0x80131040)
File name: 'Facebook.Web.Mvc, Version=5.3.2.0, Culture=neutral, PublicKeyToken=58cb4f2111d1e6de'
   at System.ModuleHandle.ResolveType(RuntimeModule module, Int32 typeToken, IntPtr* typeInstArgs, Int32 typeInstCount, IntPtr* methodInstArgs, Int32 methodInstCount, ObjectHandleOnStack type)
   at System.ModuleHandle.ResolveTypeHandleInternal(RuntimeModule module, Int32 typeToken, RuntimeTypeHandle[] typeInstantiationContext, RuntimeTypeHandle[] methodInstantiationContext)
   at System.Reflection.RuntimeModule.ResolveType(Int32 metadataToken, Type[] genericTypeArguments, Type[] genericMethodArguments)
   at System.Reflection.CustomAttribute.FilterCustomAttributeRecord(CustomAttributeRecord caRecord, MetadataImport scope, Assembly&amp; lastAptcaOkAssembly, RuntimeModule decoratedModule, MetadataToken decoratedToken, RuntimeType attributeFilterType, Boolean mustBeInheritable, Object[] attributes, IList derivedAttributes, RuntimeType&amp; attributeType, IRuntimeMethodInfo&amp; ctor, Boolean&amp; ctorHasParameters, Boolean&amp; isVarArg)
   at System.Reflection.CustomAttribute.IsCustomAttributeDefined(RuntimeModule decoratedModule, Int32 decoratedMetadataToken, RuntimeType attributeFilterType, Boolean mustBeInheritable)
   at System.Reflection.CustomAttribute.IsDefined(RuntimeType type, RuntimeType caType, Boolean inherit)
   at System.RuntimeType.IsDefined(Type attributeType, Boolean inherit)
   at Microsoft.VisualStudio.TestTools.TestTypes.Unit.UnitTestExecuter.GetAssemblyInfo(Assembly assembly)
   at Microsoft.VisualStudio.TestTools.TestTypes.Unit.UnitTestExecuter.GetTypeInfo(Type type, Boolean checkAlreadyExaminedType)
   at Microsoft.VisualStudio.TestTools.TestTypes.Unit.UnitTestExecuter.ResolveMethods()
   at Microsoft.VisualStudio.TestTools.TestTypes.Unit.UnitTestExecuter.Initialize(UnitTestResult result, UnitTestRunner runner, ConsoleOutputRedirector redirector)

WRN: Assembly binding logging is turned OFF.
To enable assembly bind failure logging, set the registry value [HKLM\Software\Microsoft\Fusion!EnableLog] (DWORD) to 1.
Note: There is some performance penalty associated with assembly bind failure logging.
To turn this feature off, remove the registry value [HKLM\Software\Microsoft\Fusion!EnableLog].

E, 2224, 31, 2011/12/24, 12:19:12.297, MATT-PC\QTAgent32.exe, Unit Test Adapter threw exception: System.IO.FileLoadException: Could not load file or assembly 'Facebook.Web.Mvc, Version=5.3.2.0, Culture=neutral, PublicKeyToken=58cb4f2111d1e6de' or one of its dependencies. The located assembly's manifest definition does not match the assembly reference. (Exception from HRESULT: 0x80131040)
File name: 'Facebook.Web.Mvc, Version=5.3.2.0, Culture=neutral, PublicKeyToken=58cb4f2111d1e6de'
   at System.ModuleHandle.ResolveType(RuntimeModule module, Int32 typeToken, IntPtr* typeInstArgs, Int32 typeInstCount, IntPtr* methodInstArgs, Int32 methodInstCount, ObjectHandleOnStack type)
   at System.ModuleHandle.ResolveTypeHandleInternal(RuntimeModule module, Int32 typeToken, RuntimeTypeHandle[] typeInstantiationContext, RuntimeTypeHandle[] methodInstantiationContext)
   at System.Reflection.RuntimeModule.ResolveType(Int32 metadataToken, Type[] genericTypeArguments, Type[] genericMethodArguments)
   at System.Reflection.CustomAttribute.FilterCustomAttributeRecord(CustomAttributeRecord caRecord, MetadataImport scope, Assembly&amp; lastAptcaOkAssembly, RuntimeModule decoratedModule, MetadataToken decoratedToken, RuntimeType attributeFilterType, Boolean mustBeInheritable, Object[] attributes, IList derivedAttributes, RuntimeType&amp; attributeType, IRuntimeMethodInfo&amp; ctor, Boolean&amp; ctorHasParameters, Boolean&amp; isVarArg)
   at System.Reflection.CustomAttribute.IsCustomAttributeDefined(RuntimeModule decoratedModule, Int32 decoratedMetadataToken, RuntimeType attributeFilterType, Boolean mustBeInheritable)
   at System.Reflection.CustomAttribute.IsDefined(RuntimeType type, RuntimeType caType, Boolean inherit)
   at System.RuntimeType.IsDefined(Type attributeType, Boolean inherit)
   at Microsoft.VisualStudio.TestTools.TestTypes.Unit.UnitTestExecuter.GetAssemblyInfo(Assembly assembly)
   at Microsoft.VisualStudio.TestTools.TestTypes.Unit.UnitTestExecuter.GetTypeInfo(Type type, Boolean checkAlreadyExaminedType)
   at Microsoft.VisualStudio.TestTools.TestTypes.Unit.UnitTestExecuter.ResolveMethods()
   at Microsoft.VisualStudio.TestTools.TestTypes.Unit.UnitTestExecuter.Initialize(UnitTestResult result, UnitTestRunner runner, ConsoleOutputRedirector redirector)
   at Microsoft.VisualStudio.TestTools.TestTypes.Unit.UnitTestRunner.Run(UnitTestElement test, ITestContext testContext, Boolean isLoadTest, Boolean useMultipleCpus)

WRN: Assembly binding logging is turned OFF.
To enable assembly bind failure logging, set the registry value [HKLM\Software\Microsoft\Fusion!EnableLog] (DWORD) to 1.
Note: There is some performance penalty associated with assembly bind failure logging.
To turn this feature off, remove the registry value [HKLM\Software\Microsoft\Fusion!EnableLog].

W, 2224, 33, 2011/12/24, 12:19:12.311, MATT-PC\QTAgent32.exe, Getting custom attributes for type System.RuntimeType threw exception (will ignore and use the reflection way): System.IO.FileLoadException: Could not load file or assembly 'Facebook.Web.Mvc, Version=5.3.2.0, Culture=neutral, PublicKeyToken=58cb4f2111d1e6de' or one of its dependencies. The located assembly's manifest definition does not match the assembly reference. (Exception from HRESULT: 0x80131040)
File name: 'Facebook.Web.Mvc, Version=5.3.2.0, Culture=neutral, PublicKeyToken=58cb4f2111d1e6de'
   at System.ModuleHandle.ResolveType(RuntimeModule module, Int32 typeToken, IntPtr* typeInstArgs, Int32 typeInstCount, IntPtr* methodInstArgs, Int32 methodInstCount, ObjectHandleOnStack type)
   at System.ModuleHandle.ResolveTypeHandleInternal(RuntimeModule module, Int32 typeToken, RuntimeTypeHandle[] typeInstantiationContext, RuntimeTypeHandle[] methodInstantiationContext)
   at System.Reflection.RuntimeModule.ResolveType(Int32 metadataToken, Type[] genericTypeArguments, Type[] genericMethodArguments)
   at System.Reflection.CustomAttribute.FilterCustomAttributeRecord(CustomAttributeRecord caRecord, MetadataImport scope, Assembly&amp; lastAptcaOkAssembly, RuntimeModule decoratedModule, MetadataToken decoratedToken, RuntimeType attributeFilterType, Boolean mustBeInheritable, Object[] attributes, IList derivedAttributes, RuntimeType&amp; attributeType, IRuntimeMethodInfo&amp; ctor, Boolean&amp; ctorHasParameters, Boolean&amp; isVarArg)
   at System.Reflection.CustomAttribute.GetCustomAttributes(RuntimeModule decoratedModule, Int32 decoratedMetadataToken, Int32 pcaCount, RuntimeType attributeFilterType, Boolean mustBeInheritable, IList derivedAttributes, Boolean isDecoratedTargetSecurityTransparent)
   at System.Reflection.CustomAttribute.GetCustomAttributes(RuntimeType type, RuntimeType caType, Boolean inherit)
   at System.RuntimeType.GetCustomAttributes(Boolean inherit)
   at Microsoft.VisualStudio.TestTools.Common.ReflectHelper.GetAttributes(MemberInfo info, Boolean bInherit)

WRN: Assembly binding logging is turned OFF.
To enable assembly bind failure logging, set the registry value [HKLM\Software\Microsoft\Fusion!EnableLog] (DWORD) to 1.
Note: There is some performance penalty associated with assembly bind failure logging.
To turn this feature off, remove the registry value [HKLM\Software\Microsoft\Fusion!EnableLog].

E, 2224, 33, 2011/12/24, 12:19:12.312, MATT-PC\QTAgent32.exe, Unit Test Executor threw an exception. Most likely the test run was aborted by the user or the framework:System.IO.FileLoadException: Could not load file or assembly 'Facebook.Web.Mvc, Version=5.3.2.0, Culture=neutral, PublicKeyToken=58cb4f2111d1e6de' or one of its dependencies. The located assembly's manifest definition does not match the assembly reference. (Exception from HRESULT: 0x80131040)
File name: 'Facebook.Web.Mvc, Version=5.3.2.0, Culture=neutral, PublicKeyToken=58cb4f2111d1e6de'
   at System.ModuleHandle.ResolveType(RuntimeModule module, Int32 typeToken, IntPtr* typeInstArgs, Int32 typeInstCount, IntPtr* methodInstArgs, Int32 methodInstCount, ObjectHandleOnStack type)
   at System.ModuleHandle.ResolveTypeHandleInternal(RuntimeModule module, Int32 typeToken, RuntimeTypeHandle[] typeInstantiationContext, RuntimeTypeHandle[] methodInstantiationContext)
   at System.Reflection.RuntimeModule.ResolveType(Int32 metadataToken, Type[] genericTypeArguments, Type[] genericMethodArguments)
   at System.Reflection.CustomAttribute.FilterCustomAttributeRecord(CustomAttributeRecord caRecord, MetadataImport scope, Assembly&amp; lastAptcaOkAssembly, RuntimeModule decoratedModule, MetadataToken decoratedToken, RuntimeType attributeFilterType, Boolean mustBeInheritable, Object[] attributes, IList derivedAttributes, RuntimeType&amp; attributeType, IRuntimeMethodInfo&amp; ctor, Boolean&amp; ctorHasParameters, Boolean&amp; isVarArg)
   at System.Reflection.CustomAttribute.IsCustomAttributeDefined(RuntimeModule decoratedModule, Int32 decoratedMetadataToken, RuntimeType attributeFilterType, Boolean mustBeInheritable)
   at System.Reflection.CustomAttribute.IsDefined(RuntimeType type, RuntimeType caType, Boolean inherit)
   at System.RuntimeType.IsDefined(Type attributeType, Boolean inherit)
   at Microsoft.VisualStudio.TestTools.TestTypes.Unit.UnitTestExecuter.GetAssemblyInfo(Assembly assembly)
   at Microsoft.VisualStudio.TestTools.TestTypes.Unit.UnitTestExecuter.GetTypeInfo(Type type, Boolean checkAlreadyExaminedType)
   at Microsoft.VisualStudio.TestTools.TestTypes.Unit.UnitTestExecuter.ResolveMethods()
   at Microsoft.VisualStudio.TestTools.TestTypes.Unit.UnitTestExecuter.Initialize(UnitTestResult result, UnitTestRunner runner, ConsoleOutputRedirector redirector)

WRN: Assembly binding logging is turned OFF.
To enable assembly bind failure logging, set the registry value [HKLM\Software\Microsoft\Fusion!EnableLog] (DWORD) to 1.
Note: There is some performance penalty associated with assembly bind failure logging.
To turn this feature off, remove the registry value [HKLM\Software\Microsoft\Fusion!EnableLog].

E, 2224, 33, 2011/12/24, 12:19:12.312, MATT-PC\QTAgent32.exe, Unit Test Adapter threw exception: System.IO.FileLoadException: Could not load file or assembly 'Facebook.Web.Mvc, Version=5.3.2.0, Culture=neutral, PublicKeyToken=58cb4f2111d1e6de' or one of its dependencies. The located assembly's manifest definition does not match the assembly reference. (Exception from HRESULT: 0x80131040)
File name: 'Facebook.Web.Mvc, Version=5.3.2.0, Culture=neutral, PublicKeyToken=58cb4f2111d1e6de'
   at System.ModuleHandle.ResolveType(RuntimeModule module, Int32 typeToken, IntPtr* typeInstArgs, Int32 typeInstCount, IntPtr* methodInstArgs, Int32 methodInstCount, ObjectHandleOnStack type)
   at System.ModuleHandle.ResolveTypeHandleInternal(RuntimeModule module, Int32 typeToken, RuntimeTypeHandle[] typeInstantiationContext, RuntimeTypeHandle[] methodInstantiationContext)
   at System.Reflection.RuntimeModule.ResolveType(Int32 metadataToken, Type[] genericTypeArguments, Type[] genericMethodArguments)
   at System.Reflection.CustomAttribute.FilterCustomAttributeRecord(CustomAttributeRecord caRecord, MetadataImport scope, Assembly&amp; lastAptcaOkAssembly, RuntimeModule decoratedModule, MetadataToken decoratedToken, RuntimeType attributeFilterType, Boolean mustBeInheritable, Object[] attributes, IList derivedAttributes, RuntimeType&amp; attributeType, IRuntimeMethodInfo&amp; ctor, Boolean&amp; ctorHasParameters, Boolean&amp; isVarArg)
   at System.Reflection.CustomAttribute.IsCustomAttributeDefined(RuntimeModule decoratedModule, Int32 decoratedMetadataToken, RuntimeType attributeFilterType, Boolean mustBeInheritable)
   at System.Reflection.CustomAttribute.IsDefined(RuntimeType type, RuntimeType caType, Boolean inherit)
   at System.RuntimeType.IsDefined(Type attributeType, Boolean inherit)
   at Microsoft.VisualStudio.TestTools.TestTypes.Unit.UnitTestExecuter.GetAssemblyInfo(Assembly assembly)
   at Microsoft.VisualStudio.TestTools.TestTypes.Unit.UnitTestExecuter.GetTypeInfo(Type type, Boolean checkAlreadyExaminedType)
   at Microsoft.VisualStudio.TestTools.TestTypes.Unit.UnitTestExecuter.ResolveMethods()
   at Microsoft.VisualStudio.TestTools.TestTypes.Unit.UnitTestExecuter.Initialize(UnitTestResult result, UnitTestRunner runner, ConsoleOutputRedirector redirector)
   at Microsoft.VisualStudio.TestTools.TestTypes.Unit.UnitTestRunner.Run(UnitTestElement test, ITestContext testContext, Boolean isLoadTest, Boolean useMultipleCpus)

WRN: Assembly binding logging is turned OFF.
To enable assembly bind failure logging, set the registry value [HKLM\Software\Microsoft\Fusion!EnableLog] (DWORD) to 1.
Note: There is some performance penalty associated with assembly bind failure logging.
To turn this feature off, remove the registry value [HKLM\Software\Microsoft\Fusion!EnableLog].

W, 2224, 35, 2011/12/24, 12:19:12.325, MATT-PC\QTAgent32.exe, Getting custom attributes for type System.RuntimeType threw exception (will ignore and use the reflection way): System.IO.FileLoadException: Could not load file or assembly 'Facebook.Web.Mvc, Version=5.3.2.0, Culture=neutral, PublicKeyToken=58cb4f2111d1e6de' or one of its dependencies. The located assembly's manifest definition does not match the assembly reference. (Exception from HRESULT: 0x80131040)
File name: 'Facebook.Web.Mvc, Version=5.3.2.0, Culture=neutral, PublicKeyToken=58cb4f2111d1e6de'
   at System.ModuleHandle.ResolveType(RuntimeModule module, Int32 typeToken, IntPtr* typeInstArgs, Int32 typeInstCount, IntPtr* methodInstArgs, Int32 methodInstCount, ObjectHandleOnStack type)
   at System.ModuleHandle.ResolveTypeHandleInternal(RuntimeModule module, Int32 typeToken, RuntimeTypeHandle[] typeInstantiationContext, RuntimeTypeHandle[] methodInstantiationContext)
   at System.Reflection.RuntimeModule.ResolveType(Int32 metadataToken, Type[] genericTypeArguments, Type[] genericMethodArguments)
   at System.Reflection.CustomAttribute.FilterCustomAttributeRecord(CustomAttributeRecord caRecord, MetadataImport scope, Assembly&amp; lastAptcaOkAssembly, RuntimeModule decoratedModule, MetadataToken decoratedToken, RuntimeType attributeFilterType, Boolean mustBeInheritable, Object[] attributes, IList derivedAttributes, RuntimeType&amp; attributeType, IRuntimeMethodInfo&amp; ctor, Boolean&amp; ctorHasParameters, Boolean&amp; isVarArg)
   at System.Reflection.CustomAttribute.GetCustomAttributes(RuntimeModule decoratedModule, Int32 decoratedMetadataToken, Int32 pcaCount, RuntimeType attributeFilterType, Boolean mustBeInheritable, IList derivedAttributes, Boolean isDecoratedTargetSecurityTransparent)
   at System.Reflection.CustomAttribute.GetCustomAttributes(RuntimeType type, RuntimeType caType, Boolean inherit)
   at System.RuntimeType.GetCustomAttributes(Boolean inherit)
   at Microsoft.VisualStudio.TestTools.Common.ReflectHelper.GetAttributes(MemberInfo info, Boolean bInherit)

WRN: Assembly binding logging is turned OFF.
To enable assembly bind failure logging, set the registry value [HKLM\Software\Microsoft\Fusion!EnableLog] (DWORD) to 1.
Note: There is some performance penalty associated with assembly bind failure logging.
To turn this feature off, remove the registry value [HKLM\Software\Microsoft\Fusion!EnableLog].

E, 2224, 35, 2011/12/24, 12:19:12.330, MATT-PC\QTAgent32.exe, Unit Test Executor threw an exception. Most likely the test run was aborted by the user or the framework:System.IO.FileLoadException: Could not load file or assembly 'Facebook.Web.Mvc, Version=5.3.2.0, Culture=neutral, PublicKeyToken=58cb4f2111d1e6de' or one of its dependencies. The located assembly's manifest definition does not match the assembly reference. (Exception from HRESULT: 0x80131040)
File name: 'Facebook.Web.Mvc, Version=5.3.2.0, Culture=neutral, PublicKeyToken=58cb4f2111d1e6de'
   at System.ModuleHandle.ResolveType(RuntimeModule module, Int32 typeToken, IntPtr* typeInstArgs, Int32 typeInstCount, IntPtr* methodInstArgs, Int32 methodInstCount, ObjectHandleOnStack type)
   at System.ModuleHandle.ResolveTypeHandleInternal(RuntimeModule module, Int32 typeToken, RuntimeTypeHandle[] typeInstantiationContext, RuntimeTypeHandle[] methodInstantiationContext)
   at System.Reflection.RuntimeModule.ResolveType(Int32 metadataToken, Type[] genericTypeArguments, Type[] genericMethodArguments)
   at System.Reflection.CustomAttribute.FilterCustomAttributeRecord(CustomAttributeRecord caRecord, MetadataImport scope, Assembly&amp; lastAptcaOkAssembly, RuntimeModule decoratedModule, MetadataToken decoratedToken, RuntimeType attributeFilterType, Boolean mustBeInheritable, Object[] attributes, IList derivedAttributes, RuntimeType&amp; attributeType, IRuntimeMethodInfo&amp; ctor, Boolean&amp; ctorHasParameters, Boolean&amp; isVarArg)
   at System.Reflection.CustomAttribute.IsCustomAttributeDefined(RuntimeModule decoratedModule, Int32 decoratedMetadataToken, RuntimeType attributeFilterType, Boolean mustBeInheritable)
   at System.Reflection.CustomAttribute.IsDefined(RuntimeType type, RuntimeType caType, Boolean inherit)
   at System.RuntimeType.IsDefined(Type attributeType, Boolean inherit)
   at Microsoft.VisualStudio.TestTools.TestTypes.Unit.UnitTestExecuter.GetAssemblyInfo(Assembly assembly)
   at Microsoft.VisualStudio.TestTools.TestTypes.Unit.UnitTestExecuter.GetTypeInfo(Type type, Boolean checkAlreadyExaminedType)
   at Microsoft.VisualStudio.TestTools.TestTypes.Unit.UnitTestExecuter.ResolveMethods()
   at Microsoft.VisualStudio.TestTools.TestTypes.Unit.UnitTestExecuter.Initialize(UnitTestResult result, UnitTestRunner runner, ConsoleOutputRedirector redirector)

WRN: Assembly binding logging is turned OFF.
To enable assembly bind failure logging, set the registry value [HKLM\Software\Microsoft\Fusion!EnableLog] (DWORD) to 1.
Note: There is some performance penalty associated with assembly bind failure logging.
To turn this feature off, remove the registry value [HKLM\Software\Microsoft\Fusion!EnableLog].

E, 2224, 35, 2011/12/24, 12:19:12.330, MATT-PC\QTAgent32.exe, Unit Test Adapter threw exception: System.IO.FileLoadException: Could not load file or assembly 'Facebook.Web.Mvc, Version=5.3.2.0, Culture=neutral, PublicKeyToken=58cb4f2111d1e6de' or one of its dependencies. The located assembly's manifest definition does not match the assembly reference. (Exception from HRESULT: 0x80131040)
File name: 'Facebook.Web.Mvc, Version=5.3.2.0, Culture=neutral, PublicKeyToken=58cb4f2111d1e6de'
   at System.ModuleHandle.ResolveType(RuntimeModule module, Int32 typeToken, IntPtr* typeInstArgs, Int32 typeInstCount, IntPtr* methodInstArgs, Int32 methodInstCount, ObjectHandleOnStack type)
   at System.ModuleHandle.ResolveTypeHandleInternal(RuntimeModule module, Int32 typeToken, RuntimeTypeHandle[] typeInstantiationContext, RuntimeTypeHandle[] methodInstantiationContext)
   at System.Reflection.RuntimeModule.ResolveType(Int32 metadataToken, Type[] genericTypeArguments, Type[] genericMethodArguments)
   at System.Reflection.CustomAttribute.FilterCustomAttributeRecord(CustomAttributeRecord caRecord, MetadataImport scope, Assembly&amp; lastAptcaOkAssembly, RuntimeModule decoratedModule, MetadataToken decoratedToken, RuntimeType attributeFilterType, Boolean mustBeInheritable, Object[] attributes, IList derivedAttributes, RuntimeType&amp; attributeType, IRuntimeMethodInfo&amp; ctor, Boolean&amp; ctorHasParameters, Boolean&amp; isVarArg)
   at System.Reflection.CustomAttribute.IsCustomAttributeDefined(RuntimeModule decoratedModule, Int32 decoratedMetadataToken, RuntimeType attributeFilterType, Boolean mustBeInheritable)
   at System.Reflection.CustomAttribute.IsDefined(RuntimeType type, RuntimeType caType, Boolean inherit)
   at System.RuntimeType.IsDefined(Type attributeType, Boolean inherit)
   at Microsoft.VisualStudio.TestTools.TestTypes.Unit.UnitTestExecuter.GetAssemblyInfo(Assembly assembly)
   at Microsoft.VisualStudio.TestTools.TestTypes.Unit.UnitTestExecuter.GetTypeInfo(Type type, Boolean checkAlreadyExaminedType)
   at Microsoft.VisualStudio.TestTools.TestTypes.Unit.UnitTestExecuter.ResolveMethods()
   at Microsoft.VisualStudio.TestTools.TestTypes.Unit.UnitTestExecuter.Initialize(UnitTestResult result, UnitTestRunner runner, ConsoleOutputRedirector redirector)
   at Microsoft.VisualStudio.TestTools.TestTypes.Unit.UnitTestRunner.Run(UnitTestElement test, ITestContext testContext, Boolean isLoadTest, Boolean useMultipleCpus)

WRN: Assembly binding logging is turned OFF.
To enable assembly bind failure logging, set the registry value [HKLM\Software\Microsoft\Fusion!EnableLog] (DWORD) to 1.
Note: There is some performance penalty associated with assembly bind failure logging.
To turn this feature off, remove the registry value [HKLM\Software\Microsoft\Fusion!EnableLog].

W, 2224, 31, 2011/12/24, 12:19:12.340, MATT-PC\QTAgent32.exe, Getting custom attributes for type System.RuntimeType threw exception (will ignore and use the reflection way): System.IO.FileLoadException: Could not load file or assembly 'Facebook.Web.Mvc, Version=5.3.2.0, Culture=neutral, PublicKeyToken=58cb4f2111d1e6de' or one of its dependencies. The located assembly's manifest definition does not match the assembly reference. (Exception from HRESULT: 0x80131040)
File name: 'Facebook.Web.Mvc, Version=5.3.2.0, Culture=neutral, PublicKeyToken=58cb4f2111d1e6de'
   at System.ModuleHandle.ResolveType(RuntimeModule module, Int32 typeToken, IntPtr* typeInstArgs, Int32 typeInstCount, IntPtr* methodInstArgs, Int32 methodInstCount, ObjectHandleOnStack type)
   at System.ModuleHandle.ResolveTypeHandleInternal(RuntimeModule module, Int32 typeToken, RuntimeTypeHandle[] typeInstantiationContext, RuntimeTypeHandle[] methodInstantiationContext)
   at System.Reflection.RuntimeModule.ResolveType(Int32 metadataToken, Type[] genericTypeArguments, Type[] genericMethodArguments)
   at System.Reflection.CustomAttribute.FilterCustomAttributeRecord(CustomAttributeRecord caRecord, MetadataImport scope, Assembly&amp; lastAptcaOkAssembly, RuntimeModule decoratedModule, MetadataToken decoratedToken, RuntimeType attributeFilterType, Boolean mustBeInheritable, Object[] attributes, IList derivedAttributes, RuntimeType&amp; attributeType, IRuntimeMethodInfo&amp; ctor, Boolean&amp; ctorHasParameters, Boolean&amp; isVarArg)
   at System.Reflection.CustomAttribute.GetCustomAttributes(RuntimeModule decoratedModule, Int32 decoratedMetadataToken, Int32 pcaCount, RuntimeType attributeFilterType, Boolean mustBeInheritable, IList derivedAttributes, Boolean isDecoratedTargetSecurityTransparent)
   at System.Reflection.CustomAttribute.GetCustomAttributes(RuntimeType type, RuntimeType caType, Boolean inherit)
   at System.RuntimeType.GetCustomAttributes(Boolean inherit)
   at Microsoft.VisualStudio.TestTools.Common.ReflectHelper.GetAttributes(MemberInfo info, Boolean bInherit)

WRN: Assembly binding logging is turned OFF.
To enable assembly bind failure logging, set the registry value [HKLM\Software\Microsoft\Fusion!EnableLog] (DWORD) to 1.
Note: There is some performance penalty associated with assembly bind failure logging.
To turn this feature off, remove the registry value [HKLM\Software\Microsoft\Fusion!EnableLog].

E, 2224, 31, 2011/12/24, 12:19:12.340, MATT-PC\QTAgent32.exe, Unit Test Executor threw an exception. Most likely the test run was aborted by the user or the framework:System.IO.FileLoadException: Could not load file or assembly 'Facebook.Web.Mvc, Version=5.3.2.0, Culture=neutral, PublicKeyToken=58cb4f2111d1e6de' or one of its dependencies. The located assembly's manifest definition does not match the assembly reference. (Exception from HRESULT: 0x80131040)
File name: 'Facebook.Web.Mvc, Version=5.3.2.0, Culture=neutral, PublicKeyToken=58cb4f2111d1e6de'
   at System.ModuleHandle.ResolveType(RuntimeModule module, Int32 typeToken, IntPtr* typeInstArgs, Int32 typeInstCount, IntPtr* methodInstArgs, Int32 methodInstCount, ObjectHandleOnStack type)
   at System.ModuleHandle.ResolveTypeHandleInternal(RuntimeModule module, Int32 typeToken, RuntimeTypeHandle[] typeInstantiationContext, RuntimeTypeHandle[] methodInstantiationContext)
   at System.Reflection.RuntimeModule.ResolveType(Int32 metadataToken, Type[] genericTypeArguments, Type[] genericMethodArguments)
   at System.Reflection.CustomAttribute.FilterCustomAttributeRecord(CustomAttributeRecord caRecord, MetadataImport scope, Assembly&amp; lastAptcaOkAssembly, RuntimeModule decoratedModule, MetadataToken decoratedToken, RuntimeType attributeFilterType, Boolean mustBeInheritable, Object[] attributes, IList derivedAttributes, RuntimeType&amp; attributeType, IRuntimeMethodInfo&amp; ctor, Boolean&amp; ctorHasParameters, Boolean&amp; isVarArg)
   at System.Reflection.CustomAttribute.IsCustomAttributeDefined(RuntimeModule decoratedModule, Int32 decoratedMetadataToken, RuntimeType attributeFilterType, Boolean mustBeInheritable)
   at System.Reflection.CustomAttribute.IsDefined(RuntimeType type, RuntimeType caType, Boolean inherit)
   at System.RuntimeType.IsDefined(Type attributeType, Boolean inherit)
   at Microsoft.VisualStudio.TestTools.TestTypes.Unit.UnitTestExecuter.GetAssemblyInfo(Assembly assembly)
   at Microsoft.VisualStudio.TestTools.TestTypes.Unit.UnitTestExecuter.GetTypeInfo(Type type, Boolean checkAlreadyExaminedType)
   at Microsoft.VisualStudio.TestTools.TestTypes.Unit.UnitTestExecuter.ResolveMethods()
   at Microsoft.VisualStudio.TestTools.TestTypes.Unit.UnitTestExecuter.Initialize(UnitTestResult result, UnitTestRunner runner, ConsoleOutputRedirector redirector)

WRN: Assembly binding logging is turned OFF.
To enable assembly bind failure logging, set the registry value [HKLM\Software\Microsoft\Fusion!EnableLog] (DWORD) to 1.
Note: There is some performance penalty associated with assembly bind failure logging.
To turn this feature off, remove the registry value [HKLM\Software\Microsoft\Fusion!EnableLog].

E, 2224, 31, 2011/12/24, 12:19:12.341, MATT-PC\QTAgent32.exe, Unit Test Adapter threw exception: System.IO.FileLoadException: Could not load file or assembly 'Facebook.Web.Mvc, Version=5.3.2.0, Culture=neutral, PublicKeyToken=58cb4f2111d1e6de' or one of its dependencies. The located assembly's manifest definition does not match the assembly reference. (Exception from HRESULT: 0x80131040)
File name: 'Facebook.Web.Mvc, Version=5.3.2.0, Culture=neutral, PublicKeyToken=58cb4f2111d1e6de'
   at System.ModuleHandle.ResolveType(RuntimeModule module, Int32 typeToken, IntPtr* typeInstArgs, Int32 typeInstCount, IntPtr* methodInstArgs, Int32 methodInstCount, ObjectHandleOnStack type)
   at System.ModuleHandle.ResolveTypeHandleInternal(RuntimeModule module, Int32 typeToken, RuntimeTypeHandle[] typeInstantiationContext, RuntimeTypeHandle[] methodInstantiationContext)
   at System.Reflection.RuntimeModule.ResolveType(Int32 metadataToken, Type[] genericTypeArguments, Type[] genericMethodArguments)
   at System.Reflection.CustomAttribute.FilterCustomAttributeRecord(CustomAttributeRecord caRecord, MetadataImport scope, Assembly&amp; lastAptcaOkAssembly, RuntimeModule decoratedModule, MetadataToken decoratedToken, RuntimeType attributeFilterType, Boolean mustBeInheritable, Object[] attributes, IList derivedAttributes, RuntimeType&amp; attributeType, IRuntimeMethodInfo&amp; ctor, Boolean&amp; ctorHasParameters, Boolean&amp; isVarArg)
   at System.Reflection.CustomAttribute.IsCustomAttributeDefined(RuntimeModule decoratedModule, Int32 decoratedMetadataToken, RuntimeType attributeFilterType, Boolean mustBeInheritable)
   at System.Reflection.CustomAttribute.IsDefined(RuntimeType type, RuntimeType caType, Boolean inherit)
   at System.RuntimeType.IsDefined(Type attributeType, Boolean inherit)
   at Microsoft.VisualStudio.TestTools.TestTypes.Unit.UnitTestExecuter.GetAssemblyInfo(Assembly assembly)
   at Microsoft.VisualStudio.TestTools.TestTypes.Unit.UnitTestExecuter.GetTypeInfo(Type type, Boolean checkAlreadyExaminedType)
   at Microsoft.VisualStudio.TestTools.TestTypes.Unit.UnitTestExecuter.ResolveMethods()
   at Microsoft.VisualStudio.TestTools.TestTypes.Unit.UnitTestExecuter.Initialize(UnitTestResult result, UnitTestRunner runner, ConsoleOutputRedirector redirector)
   at Microsoft.VisualStudio.TestTools.TestTypes.Unit.UnitTestRunner.Run(UnitTestElement test, ITestContext testContext, Boolean isLoadTest, Boolean useMultipleCpus)

WRN: Assembly binding logging is turned OFF.
To enable assembly bind failure logging, set the registry value [HKLM\Software\Microsoft\Fusion!EnableLog] (DWORD) to 1.
Note: There is some performance penalty associated with assembly bind failure logging.
To turn this feature off, remove the registry value [HKLM\Software\Microsoft\Fusion!EnableLog].

W, 2224, 27, 2011/12/24, 12:19:12.354, MATT-PC\QTAgent32.exe, Getting custom attributes for type System.RuntimeType threw exception (will ignore and use the reflection way): System.IO.FileLoadException: Could not load file or assembly 'Facebook.Web.Mvc, Version=5.3.2.0, Culture=neutral, PublicKeyToken=58cb4f2111d1e6de' or one of its dependencies. The located assembly's manifest definition does not match the assembly reference. (Exception from HRESULT: 0x80131040)
File name: 'Facebook.Web.Mvc, Version=5.3.2.0, Culture=neutral, PublicKeyToken=58cb4f2111d1e6de'
   at System.ModuleHandle.ResolveType(RuntimeModule module, Int32 typeToken, IntPtr* typeInstArgs, Int32 typeInstCount, IntPtr* methodInstArgs, Int32 methodInstCount, ObjectHandleOnStack type)
   at System.ModuleHandle.ResolveTypeHandleInternal(RuntimeModule module, Int32 typeToken, RuntimeTypeHandle[] typeInstantiationContext, RuntimeTypeHandle[] methodInstantiationContext)
   at System.Reflection.RuntimeModule.ResolveType(Int32 metadataToken, Type[] genericTypeArguments, Type[] genericMethodArguments)
   at System.Reflection.CustomAttribute.FilterCustomAttributeRecord(CustomAttributeRecord caRecord, MetadataImport scope, Assembly&amp; lastAptcaOkAssembly, RuntimeModule decoratedModule, MetadataToken decoratedToken, RuntimeType attributeFilterType, Boolean mustBeInheritable, Object[] attributes, IList derivedAttributes, RuntimeType&amp; attributeType, IRuntimeMethodInfo&amp; ctor, Boolean&amp; ctorHasParameters, Boolean&amp; isVarArg)
   at System.Reflection.CustomAttribute.GetCustomAttributes(RuntimeModule decoratedModule, Int32 decoratedMetadataToken, Int32 pcaCount, RuntimeType attributeFilterType, Boolean mustBeInheritable, IList derivedAttributes, Boolean isDecoratedTargetSecurityTransparent)
   at System.Reflection.CustomAttribute.GetCustomAttributes(RuntimeType type, RuntimeType caType, Boolean inherit)
   at System.RuntimeType.GetCustomAttributes(Boolean inherit)
   at Microsoft.VisualStudio.TestTools.Common.ReflectHelper.GetAttributes(MemberInfo info, Boolean bInherit)

WRN: Assembly binding logging is turned OFF.
To enable assembly bind failure logging, set the registry value [HKLM\Software\Microsoft\Fusion!EnableLog] (DWORD) to 1.
Note: There is some performance penalty associated with assembly bind failure logging.
To turn this feature off, remove the registry value [HKLM\Software\Microsoft\Fusion!EnableLog].

E, 2224, 27, 2011/12/24, 12:19:12.354, MATT-PC\QTAgent32.exe, Unit Test Executor threw an exception. Most likely the test run was aborted by the user or the framework:System.IO.FileLoadException: Could not load file or assembly 'Facebook.Web.Mvc, Version=5.3.2.0, Culture=neutral, PublicKeyToken=58cb4f2111d1e6de' or one of its dependencies. The located assembly's manifest definition does not match the assembly reference. (Exception from HRESULT: 0x80131040)
File name: 'Facebook.Web.Mvc, Version=5.3.2.0, Culture=neutral, PublicKeyToken=58cb4f2111d1e6de'
   at System.ModuleHandle.ResolveType(RuntimeModule module, Int32 typeToken, IntPtr* typeInstArgs, Int32 typeInstCount, IntPtr* methodInstArgs, Int32 methodInstCount, ObjectHandleOnStack type)
   at System.ModuleHandle.ResolveTypeHandleInternal(RuntimeModule module, Int32 typeToken, RuntimeTypeHandle[] typeInstantiationContext, RuntimeTypeHandle[] methodInstantiationContext)
   at System.Reflection.RuntimeModule.ResolveType(Int32 metadataToken, Type[] genericTypeArguments, Type[] genericMethodArguments)
   at System.Reflection.CustomAttribute.FilterCustomAttributeRecord(CustomAttributeRecord caRecord, MetadataImport scope, Assembly&amp; lastAptcaOkAssembly, RuntimeModule decoratedModule, MetadataToken decoratedToken, RuntimeType attributeFilterType, Boolean mustBeInheritable, Object[] attributes, IList derivedAttributes, RuntimeType&amp; attributeType, IRuntimeMethodInfo&amp; ctor, Boolean&amp; ctorHasParameters, Boolean&amp; isVarArg)
   at System.Reflection.CustomAttribute.IsCustomAttributeDefined(RuntimeModule decoratedModule, Int32 decoratedMetadataToken, RuntimeType attributeFilterType, Boolean mustBeInheritable)
   at System.Reflection.CustomAttribute.IsDefined(RuntimeType type, RuntimeType caType, Boolean inherit)
   at System.RuntimeType.IsDefined(Type attributeType, Boolean inherit)
   at Microsoft.VisualStudio.TestTools.TestTypes.Unit.UnitTestExecuter.GetAssemblyInfo(Assembly assembly)
   at Microsoft.VisualStudio.TestTools.TestTypes.Unit.UnitTestExecuter.GetTypeInfo(Type type, Boolean checkAlreadyExaminedType)
   at Microsoft.VisualStudio.TestTools.TestTypes.Unit.UnitTestExecuter.ResolveMethods()
   at Microsoft.VisualStudio.TestTools.TestTypes.Unit.UnitTestExecuter.Initialize(UnitTestResult result, UnitTestRunner runner, ConsoleOutputRedirector redirector)

WRN: Assembly binding logging is turned OFF.
To enable assembly bind failure logging, set the registry value [HKLM\Software\Microsoft\Fusion!EnableLog] (DWORD) to 1.
Note: There is some performance penalty associated with assembly bind failure logging.
To turn this feature off, remove the registry value [HKLM\Software\Microsoft\Fusion!EnableLog].

E, 2224, 27, 2011/12/24, 12:19:12.355, MATT-PC\QTAgent32.exe, Unit Test Adapter threw exception: System.IO.FileLoadException: Could not load file or assembly 'Facebook.Web.Mvc, Version=5.3.2.0, Culture=neutral, PublicKeyToken=58cb4f2111d1e6de' or one of its dependencies. The located assembly's manifest definition does not match the assembly reference. (Exception from HRESULT: 0x80131040)
File name: 'Facebook.Web.Mvc, Version=5.3.2.0, Culture=neutral, PublicKeyToken=58cb4f2111d1e6de'
   at System.ModuleHandle.ResolveType(RuntimeModule module, Int32 typeToken, IntPtr* typeInstArgs, Int32 typeInstCount, IntPtr* methodInstArgs, Int32 methodInstCount, ObjectHandleOnStack type)
   at System.ModuleHandle.ResolveTypeHandleInternal(RuntimeModule module, Int32 typeToken, RuntimeTypeHandle[] typeInstantiationContext, RuntimeTypeHandle[] methodInstantiationContext)
   at System.Reflection.RuntimeModule.ResolveType(Int32 metadataToken, Type[] genericTypeArguments, Type[] genericMethodArguments)
   at System.Reflection.CustomAttribute.FilterCustomAttributeRecord(CustomAttributeRecord caRecord, MetadataImport scope, Assembly&amp; lastAptcaOkAssembly, RuntimeModule decoratedModule, MetadataToken decoratedToken, RuntimeType attributeFilterType, Boolean mustBeInheritable, Object[] attributes, IList derivedAttributes, RuntimeType&amp; attributeType, IRuntimeMethodInfo&amp; ctor, Boolean&amp; ctorHasParameters, Boolean&amp; isVarArg)
   at System.Reflection.CustomAttribute.IsCustomAttributeDefined(RuntimeModule decoratedModule, Int32 decoratedMetadataToken, RuntimeType attributeFilterType, Boolean mustBeInheritable)
   at System.Reflection.CustomAttribute.IsDefined(RuntimeType type, RuntimeType caType, Boolean inherit)
   at System.RuntimeType.IsDefined(Type attributeType, Boolean inherit)
   at Microsoft.VisualStudio.TestTools.TestTypes.Unit.UnitTestExecuter.GetAssemblyInfo(Assembly assembly)
   at Microsoft.VisualStudio.TestTools.TestTypes.Unit.UnitTestExecuter.GetTypeInfo(Type type, Boolean checkAlreadyExaminedType)
   at Microsoft.VisualStudio.TestTools.TestTypes.Unit.UnitTestExecuter.ResolveMethods()
   at Microsoft.VisualStudio.TestTools.TestTypes.Unit.UnitTestExecuter.Initialize(UnitTestResult result, UnitTestRunner runner, ConsoleOutputRedirector redirector)
   at Microsoft.VisualStudio.TestTools.TestTypes.Unit.UnitTestRunner.Run(UnitTestElement test, ITestContext testContext, Boolean isLoadTest, Boolean useMultipleCpus)

WRN: Assembly binding logging is turned OFF.
To enable assembly bind failure logging, set the registry value [HKLM\Software\Microsoft\Fusion!EnableLog] (DWORD) to 1.
Note: There is some performance penalty associated with assembly bind failure logging.
To turn this feature off, remove the registry value [HKLM\Software\Microsoft\Fusion!EnableLog].

W, 2224, 21, 2011/12/24, 12:19:12.371, MATT-PC\QTAgent32.exe, Getting custom attributes for type System.RuntimeType threw exception (will ignore and use the reflection way): System.IO.FileLoadException: Could not load file or assembly 'Facebook.Web.Mvc, Version=5.3.2.0, Culture=neutral, PublicKeyToken=58cb4f2111d1e6de' or one of its dependencies. The located assembly's manifest definition does not match the assembly reference. (Exception from HRESULT: 0x80131040)
File name: 'Facebook.Web.Mvc, Version=5.3.2.0, Culture=neutral, PublicKeyToken=58cb4f2111d1e6de'
   at System.ModuleHandle.ResolveType(RuntimeModule module, Int32 typeToken, IntPtr* typeInstArgs, Int32 typeInstCount, IntPtr* methodInstArgs, Int32 methodInstCount, ObjectHandleOnStack type)
   at System.ModuleHandle.ResolveTypeHandleInternal(RuntimeModule module, Int32 typeToken, RuntimeTypeHandle[] typeInstantiationContext, RuntimeTypeHandle[] methodInstantiationContext)
   at System.Reflection.RuntimeModule.ResolveType(Int32 metadataToken, Type[] genericTypeArguments, Type[] genericMethodArguments)
   at System.Reflection.CustomAttribute.FilterCustomAttributeRecord(CustomAttributeRecord caRecord, MetadataImport scope, Assembly&amp; lastAptcaOkAssembly, RuntimeModule decoratedModule, MetadataToken decoratedToken, RuntimeType attributeFilterType, Boolean mustBeInheritable, Object[] attributes, IList derivedAttributes, RuntimeType&amp; attributeType, IRuntimeMethodInfo&amp; ctor, Boolean&amp; ctorHasParameters, Boolean&amp; isVarArg)
   at System.Reflection.CustomAttribute.GetCustomAttributes(RuntimeModule decoratedModule, Int32 decoratedMetadataToken, Int32 pcaCount, RuntimeType attributeFilterType, Boolean mustBeInheritable, IList derivedAttributes, Boolean isDecoratedTargetSecurityTransparent)
   at System.Reflection.CustomAttribute.GetCustomAttributes(RuntimeType type, RuntimeType caType, Boolean inherit)
   at System.RuntimeType.GetCustomAttributes(Boolean inherit)
   at Microsoft.VisualStudio.TestTools.Common.ReflectHelper.GetAttributes(MemberInfo info, Boolean bInherit)

WRN: Assembly binding logging is turned OFF.
To enable assembly bind failure logging, set the registry value [HKLM\Software\Microsoft\Fusion!EnableLog] (DWORD) to 1.
Note: There is some performance penalty associated with assembly bind failure logging.
To turn this feature off, remove the registry value [HKLM\Software\Microsoft\Fusion!EnableLog].

E, 2224, 21, 2011/12/24, 12:19:12.371, MATT-PC\QTAgent32.exe, Unit Test Executor threw an exception. Most likely the test run was aborted by the user or the framework:System.IO.FileLoadException: Could not load file or assembly 'Facebook.Web.Mvc, Version=5.3.2.0, Culture=neutral, PublicKeyToken=58cb4f2111d1e6de' or one of its dependencies. The located assembly's manifest definition does not match the assembly reference. (Exception from HRESULT: 0x80131040)
File name: 'Facebook.Web.Mvc, Version=5.3.2.0, Culture=neutral, PublicKeyToken=58cb4f2111d1e6de'
   at System.ModuleHandle.ResolveType(RuntimeModule module, Int32 typeToken, IntPtr* typeInstArgs, Int32 typeInstCount, IntPtr* methodInstArgs, Int32 methodInstCount, ObjectHandleOnStack type)
   at System.ModuleHandle.ResolveTypeHandleInternal(RuntimeModule module, Int32 typeToken, RuntimeTypeHandle[] typeInstantiationContext, RuntimeTypeHandle[] methodInstantiationContext)
   at System.Reflection.RuntimeModule.ResolveType(Int32 metadataToken, Type[] genericTypeArguments, Type[] genericMethodArguments)
   at System.Reflection.CustomAttribute.FilterCustomAttributeRecord(CustomAttributeRecord caRecord, MetadataImport scope, Assembly&amp; lastAptcaOkAssembly, RuntimeModule decoratedModule, MetadataToken decoratedToken, RuntimeType attributeFilterType, Boolean mustBeInheritable, Object[] attributes, IList derivedAttributes, RuntimeType&amp; attributeType, IRuntimeMethodInfo&amp; ctor, Boolean&amp; ctorHasParameters, Boolean&amp; isVarArg)
   at System.Reflection.CustomAttribute.IsCustomAttributeDefined(RuntimeModule decoratedModule, Int32 decoratedMetadataToken, RuntimeType attributeFilterType, Boolean mustBeInheritable)
   at System.Reflection.CustomAttribute.IsDefined(RuntimeType type, RuntimeType caType, Boolean inherit)
   at System.RuntimeType.IsDefined(Type attributeType, Boolean inherit)
   at Microsoft.VisualStudio.TestTools.TestTypes.Unit.UnitTestExecuter.GetAssemblyInfo(Assembly assembly)
   at Microsoft.VisualStudio.TestTools.TestTypes.Unit.UnitTestExecuter.GetTypeInfo(Type type, Boolean checkAlreadyExaminedType)
   at Microsoft.VisualStudio.TestTools.TestTypes.Unit.UnitTestExecuter.ResolveMethods()
   at Microsoft.VisualStudio.TestTools.TestTypes.Unit.UnitTestExecuter.Initialize(UnitTestResult result, UnitTestRunner runner, ConsoleOutputRedirector redirector)

WRN: Assembly binding logging is turned OFF.
To enable assembly bind failure logging, set the registry value [HKLM\Software\Microsoft\Fusion!EnableLog] (DWORD) to 1.
Note: There is some performance penalty associated with assembly bind failure logging.
To turn this feature off, remove the registry value [HKLM\Software\Microsoft\Fusion!EnableLog].

E, 2224, 21, 2011/12/24, 12:19:12.372, MATT-PC\QTAgent32.exe, Unit Test Adapter threw exception: System.IO.FileLoadException: Could not load file or assembly 'Facebook.Web.Mvc, Version=5.3.2.0, Culture=neutral, PublicKeyToken=58cb4f2111d1e6de' or one of its dependencies. The located assembly's manifest definition does not match the assembly reference. (Exception from HRESULT: 0x80131040)
File name: 'Facebook.Web.Mvc, Version=5.3.2.0, Culture=neutral, PublicKeyToken=58cb4f2111d1e6de'
   at System.ModuleHandle.ResolveType(RuntimeModule module, Int32 typeToken, IntPtr* typeInstArgs, Int32 typeInstCount, IntPtr* methodInstArgs, Int32 methodInstCount, ObjectHandleOnStack type)
   at System.ModuleHandle.ResolveTypeHandleInternal(RuntimeModule module, Int32 typeToken, RuntimeTypeHandle[] typeInstantiationContext, RuntimeTypeHandle[] methodInstantiationContext)
   at System.Reflection.RuntimeModule.ResolveType(Int32 metadataToken, Type[] genericTypeArguments, Type[] genericMethodArguments)
   at System.Reflection.CustomAttribute.FilterCustomAttributeRecord(CustomAttributeRecord caRecord, MetadataImport scope, Assembly&amp; lastAptcaOkAssembly, RuntimeModule decoratedModule, MetadataToken decoratedToken, RuntimeType attributeFilterType, Boolean mustBeInheritable, Object[] attributes, IList derivedAttributes, RuntimeType&amp; attributeType, IRuntimeMethodInfo&amp; ctor, Boolean&amp; ctorHasParameters, Boolean&amp; isVarArg)
   at System.Reflection.CustomAttribute.IsCustomAttributeDefined(RuntimeModule decoratedModule, Int32 decoratedMetadataToken, RuntimeType attributeFilterType, Boolean mustBeInheritable)
   at System.Reflection.CustomAttribute.IsDefined(RuntimeType type, RuntimeType caType, Boolean inherit)
   at System.RuntimeType.IsDefined(Type attributeType, Boolean inherit)
   at Microsoft.VisualStudio.TestTools.TestTypes.Unit.UnitTestExecuter.GetAssemblyInfo(Assembly assembly)
   at Microsoft.VisualStudio.TestTools.TestTypes.Unit.UnitTestExecuter.GetTypeInfo(Type type, Boolean checkAlreadyExaminedType)
   at Microsoft.VisualStudio.TestTools.TestTypes.Unit.UnitTestExecuter.ResolveMethods()
   at Microsoft.VisualStudio.TestTools.TestTypes.Unit.UnitTestExecuter.Initialize(UnitTestResult result, UnitTestRunner runner, ConsoleOutputRedirector redirector)
   at Microsoft.VisualStudio.TestTools.TestTypes.Unit.UnitTestRunner.Run(UnitTestElement test, ITestContext testContext, Boolean isLoadTest, Boolean useMultipleCpus)

WRN: Assembly binding logging is turned OFF.
To enable assembly bind failure logging, set the registry value [HKLM\Software\Microsoft\Fusion!EnableLog] (DWORD) to 1.
Note: There is some performance penalty associated with assembly bind failure logging.
To turn this feature off, remove the registry value [HKLM\Software\Microsoft\Fusion!EnableLog].

W, 2224, 36, 2011/12/24, 12:19:12.389, MATT-PC\QTAgent32.exe, Getting custom attributes for type System.RuntimeType threw exception (will ignore and use the reflection way): System.IO.FileLoadException: Could not load file or assembly 'Facebook.Web.Mvc, Version=5.3.2.0, Culture=neutral, PublicKeyToken=58cb4f2111d1e6de' or one of its dependencies. The located assembly's manifest definition does not match the assembly reference. (Exception from HRESULT: 0x80131040)
File name: 'Facebook.Web.Mvc, Version=5.3.2.0, Culture=neutral, PublicKeyToken=58cb4f2111d1e6de'
   at System.ModuleHandle.ResolveType(RuntimeModule module, Int32 typeToken, IntPtr* typeInstArgs, Int32 typeInstCount, IntPtr* methodInstArgs, Int32 methodInstCount, ObjectHandleOnStack type)
   at System.ModuleHandle.ResolveTypeHandleInternal(RuntimeModule module, Int32 typeToken, RuntimeTypeHandle[] typeInstantiationContext, RuntimeTypeHandle[] methodInstantiationContext)
   at System.Reflection.RuntimeModule.ResolveType(Int32 metadataToken, Type[] genericTypeArguments, Type[] genericMethodArguments)
   at System.Reflection.CustomAttribute.FilterCustomAttributeRecord(CustomAttributeRecord caRecord, MetadataImport scope, Assembly&amp; lastAptcaOkAssembly, RuntimeModule decoratedModule, MetadataToken decoratedToken, RuntimeType attributeFilterType, Boolean mustBeInheritable, Object[] attributes, IList derivedAttributes, RuntimeType&amp; attributeType, IRuntimeMethodInfo&amp; ctor, Boolean&amp; ctorHasParameters, Boolean&amp; isVarArg)
   at System.Reflection.CustomAttribute.GetCustomAttributes(RuntimeModule decoratedModule, Int32 decoratedMetadataToken, Int32 pcaCount, RuntimeType attributeFilterType, Boolean mustBeInheritable, IList derivedAttributes, Boolean isDecoratedTargetSecurityTransparent)
   at System.Reflection.CustomAttribute.GetCustomAttributes(RuntimeType type, RuntimeType caType, Boolean inherit)
   at System.RuntimeType.GetCustomAttributes(Boolean inherit)
   at Microsoft.VisualStudio.TestTools.Common.ReflectHelper.GetAttributes(MemberInfo info, Boolean bInherit)

WRN: Assembly binding logging is turned OFF.
To enable assembly bind failure logging, set the registry value [HKLM\Software\Microsoft\Fusion!EnableLog] (DWORD) to 1.
Note: There is some performance penalty associated with assembly bind failure logging.
To turn this feature off, remove the registry value [HKLM\Software\Microsoft\Fusion!EnableLog].

E, 2224, 36, 2011/12/24, 12:19:12.390, MATT-PC\QTAgent32.exe, Unit Test Executor threw an exception. Most likely the test run was aborted by the user or the framework:System.IO.FileLoadException: Could not load file or assembly 'Facebook.Web.Mvc, Version=5.3.2.0, Culture=neutral, PublicKeyToken=58cb4f2111d1e6de' or one of its dependencies. The located assembly's manifest definition does not match the assembly reference. (Exception from HRESULT: 0x80131040)
File name: 'Facebook.Web.Mvc, Version=5.3.2.0, Culture=neutral, PublicKeyToken=58cb4f2111d1e6de'
   at System.ModuleHandle.ResolveType(RuntimeModule module, Int32 typeToken, IntPtr* typeInstArgs, Int32 typeInstCount, IntPtr* methodInstArgs, Int32 methodInstCount, ObjectHandleOnStack type)
   at System.ModuleHandle.ResolveTypeHandleInternal(RuntimeModule module, Int32 typeToken, RuntimeTypeHandle[] typeInstantiationContext, RuntimeTypeHandle[] methodInstantiationContext)
   at System.Reflection.RuntimeModule.ResolveType(Int32 metadataToken, Type[] genericTypeArguments, Type[] genericMethodArguments)
   at System.Reflection.CustomAttribute.FilterCustomAttributeRecord(CustomAttributeRecord caRecord, MetadataImport scope, Assembly&amp; lastAptcaOkAssembly, RuntimeModule decoratedModule, MetadataToken decoratedToken, RuntimeType attributeFilterType, Boolean mustBeInheritable, Object[] attributes, IList derivedAttributes, RuntimeType&amp; attributeType, IRuntimeMethodInfo&amp; ctor, Boolean&amp; ctorHasParameters, Boolean&amp; isVarArg)
   at System.Reflection.CustomAttribute.IsCustomAttributeDefined(RuntimeModule decoratedModule, Int32 decoratedMetadataToken, RuntimeType attributeFilterType, Boolean mustBeInheritable)
   at System.Reflection.CustomAttribute.IsDefined(RuntimeType type, RuntimeType caType, Boolean inherit)
   at System.RuntimeType.IsDefined(Type attributeType, Boolean inherit)
   at Microsoft.VisualStudio.TestTools.TestTypes.Unit.UnitTestExecuter.GetAssemblyInfo(Assembly assembly)
   at Microsoft.VisualStudio.TestTools.TestTypes.Unit.UnitTestExecuter.GetTypeInfo(Type type, Boolean checkAlreadyExaminedType)
   at Microsoft.VisualStudio.TestTools.TestTypes.Unit.UnitTestExecuter.ResolveMethods()
   at Microsoft.VisualStudio.TestTools.TestTypes.Unit.UnitTestExecuter.Initialize(UnitTestResult result, UnitTestRunner runner, ConsoleOutputRedirector redirector)

WRN: Assembly binding logging is turned OFF.
To enable assembly bind failure logging, set the registry value [HKLM\Software\Microsoft\Fusion!EnableLog] (DWORD) to 1.
Note: There is some performance penalty associated with assembly bind failure logging.
To turn this feature off, remove the registry value [HKLM\Software\Microsoft\Fusion!EnableLog].

E, 2224, 36, 2011/12/24, 12:19:12.390, MATT-PC\QTAgent32.exe, Unit Test Adapter threw exception: System.IO.FileLoadException: Could not load file or assembly 'Facebook.Web.Mvc, Version=5.3.2.0, Culture=neutral, PublicKeyToken=58cb4f2111d1e6de' or one of its dependencies. The located assembly's manifest definition does not match the assembly reference. (Exception from HRESULT: 0x80131040)
File name: 'Facebook.Web.Mvc, Version=5.3.2.0, Culture=neutral, PublicKeyToken=58cb4f2111d1e6de'
   at System.ModuleHandle.ResolveType(RuntimeModule module, Int32 typeToken, IntPtr* typeInstArgs, Int32 typeInstCount, IntPtr* methodInstArgs, Int32 methodInstCount, ObjectHandleOnStack type)
   at System.ModuleHandle.ResolveTypeHandleInternal(RuntimeModule module, Int32 typeToken, RuntimeTypeHandle[] typeInstantiationContext, RuntimeTypeHandle[] methodInstantiationContext)
   at System.Reflection.RuntimeModule.ResolveType(Int32 metadataToken, Type[] genericTypeArguments, Type[] genericMethodArguments)
   at System.Reflection.CustomAttribute.FilterCustomAttributeRecord(CustomAttributeRecord caRecord, MetadataImport scope, Assembly&amp; lastAptcaOkAssembly, RuntimeModule decoratedModule, MetadataToken decoratedToken, RuntimeType attributeFilterType, Boolean mustBeInheritable, Object[] attributes, IList derivedAttributes, RuntimeType&amp; attributeType, IRuntimeMethodInfo&amp; ctor, Boolean&amp; ctorHasParameters, Boolean&amp; isVarArg)
   at System.Reflection.CustomAttribute.IsCustomAttributeDefined(RuntimeModule decoratedModule, Int32 decoratedMetadataToken, RuntimeType attributeFilterType, Boolean mustBeInheritable)
   at System.Reflection.CustomAttribute.IsDefined(RuntimeType type, RuntimeType caType, Boolean inherit)
   at System.RuntimeType.IsDefined(Type attributeType, Boolean inherit)
   at Microsoft.VisualStudio.TestTools.TestTypes.Unit.UnitTestExecuter.GetAssemblyInfo(Assembly assembly)
   at Microsoft.VisualStudio.TestTools.TestTypes.Unit.UnitTestExecuter.GetTypeInfo(Type type, Boolean checkAlreadyExaminedType)
   at Microsoft.VisualStudio.TestTools.TestTypes.Unit.UnitTestExecuter.ResolveMethods()
   at Microsoft.VisualStudio.TestTools.TestTypes.Unit.UnitTestExecuter.Initialize(UnitTestResult result, UnitTestRunner runner, ConsoleOutputRedirector redirector)
   at Microsoft.VisualStudio.TestTools.TestTypes.Unit.UnitTestRunner.Run(UnitTestElement test, ITestContext testContext, Boolean isLoadTest, Boolean useMultipleCpus)

WRN: Assembly binding logging is turned OFF.
To enable assembly bind failure logging, set the registry value [HKLM\Software\Microsoft\Fusion!EnableLog] (DWORD) to 1.
Note: There is some performance penalty associated with assembly bind failure logging.
To turn this feature off, remove the registry value [HKLM\Software\Microsoft\Fusion!EnableLog].

W, 2224, 38, 2011/12/24, 12:19:12.405, MATT-PC\QTAgent32.exe, Getting custom attributes for type System.RuntimeType threw exception (will ignore and use the reflection way): System.IO.FileLoadException: Could not load file or assembly 'Facebook.Web.Mvc, Version=5.3.2.0, Culture=neutral, PublicKeyToken=58cb4f2111d1e6de' or one of its dependencies. The located assembly's manifest definition does not match the assembly reference. (Exception from HRESULT: 0x80131040)
File name: 'Facebook.Web.Mvc, Version=5.3.2.0, Culture=neutral, PublicKeyToken=58cb4f2111d1e6de'
   at System.ModuleHandle.ResolveType(RuntimeModule module, Int32 typeToken, IntPtr* typeInstArgs, Int32 typeInstCount, IntPtr* methodInstArgs, Int32 methodInstCount, ObjectHandleOnStack type)
   at System.ModuleHandle.ResolveTypeHandleInternal(RuntimeModule module, Int32 typeToken, RuntimeTypeHandle[] typeInstantiationContext, RuntimeTypeHandle[] methodInstantiationContext)
   at System.Reflection.RuntimeModule.ResolveType(Int32 metadataToken, Type[] genericTypeArguments, Type[] genericMethodArguments)
   at System.Reflection.CustomAttribute.FilterCustomAttributeRecord(CustomAttributeRecord caRecord, MetadataImport scope, Assembly&amp; lastAptcaOkAssembly, RuntimeModule decoratedModule, MetadataToken decoratedToken, RuntimeType attributeFilterType, Boolean mustBeInheritable, Object[] attributes, IList derivedAttributes, RuntimeType&amp; attributeType, IRuntimeMethodInfo&amp; ctor, Boolean&amp; ctorHasParameters, Boolean&amp; isVarArg)
   at System.Reflection.CustomAttribute.GetCustomAttributes(RuntimeModule decoratedModule, Int32 decoratedMetadataToken, Int32 pcaCount, RuntimeType attributeFilterType, Boolean mustBeInheritable, IList derivedAttributes, Boolean isDecoratedTargetSecurityTransparent)
   at System.Reflection.CustomAttribute.GetCustomAttributes(RuntimeType type, RuntimeType caType, Boolean inherit)
   at System.RuntimeType.GetCustomAttributes(Boolean inherit)
   at Microsoft.VisualStudio.TestTools.Common.ReflectHelper.GetAttributes(MemberInfo info, Boolean bInherit)

WRN: Assembly binding logging is turned OFF.
To enable assembly bind failure logging, set the registry value [HKLM\Software\Microsoft\Fusion!EnableLog] (DWORD) to 1.
Note: There is some performance penalty associated with assembly bind failure logging.
To turn this feature off, remove the registry value [HKLM\Software\Microsoft\Fusion!EnableLog].

E, 2224, 38, 2011/12/24, 12:19:12.406, MATT-PC\QTAgent32.exe, Unit Test Executor threw an exception. Most likely the test run was aborted by the user or the framework:System.IO.FileLoadException: Could not load file or assembly 'Facebook.Web.Mvc, Version=5.3.2.0, Culture=neutral, PublicKeyToken=58cb4f2111d1e6de' or one of its dependencies. The located assembly's manifest definition does not match the assembly reference. (Exception from HRESULT: 0x80131040)
File name: 'Facebook.Web.Mvc, Version=5.3.2.0, Culture=neutral, PublicKeyToken=58cb4f2111d1e6de'
   at System.ModuleHandle.ResolveType(RuntimeModule module, Int32 typeToken, IntPtr* typeInstArgs, Int32 typeInstCount, IntPtr* methodInstArgs, Int32 methodInstCount, ObjectHandleOnStack type)
   at System.ModuleHandle.ResolveTypeHandleInternal(RuntimeModule module, Int32 typeToken, RuntimeTypeHandle[] typeInstantiationContext, RuntimeTypeHandle[] methodInstantiationContext)
   at System.Reflection.RuntimeModule.ResolveType(Int32 metadataToken, Type[] genericTypeArguments, Type[] genericMethodArguments)
   at System.Reflection.CustomAttribute.FilterCustomAttributeRecord(CustomAttributeRecord caRecord, MetadataImport scope, Assembly&amp; lastAptcaOkAssembly, RuntimeModule decoratedModule, MetadataToken decoratedToken, RuntimeType attributeFilterType, Boolean mustBeInheritable, Object[] attributes, IList derivedAttributes, RuntimeType&amp; attributeType, IRuntimeMethodInfo&amp; ctor, Boolean&amp; ctorHasParameters, Boolean&amp; isVarArg)
   at System.Reflection.CustomAttribute.IsCustomAttributeDefined(RuntimeModule decoratedModule, Int32 decoratedMetadataToken, RuntimeType attributeFilterType, Boolean mustBeInheritable)
   at System.Reflection.CustomAttribute.IsDefined(RuntimeType type, RuntimeType caType, Boolean inherit)
   at System.RuntimeType.IsDefined(Type attributeType, Boolean inherit)
   at Microsoft.VisualStudio.TestTools.TestTypes.Unit.UnitTestExecuter.GetAssemblyInfo(Assembly assembly)
   at Microsoft.VisualStudio.TestTools.TestTypes.Unit.UnitTestExecuter.GetTypeInfo(Type type, Boolean checkAlreadyExaminedType)
   at Microsoft.VisualStudio.TestTools.TestTypes.Unit.UnitTestExecuter.ResolveMethods()
   at Microsoft.VisualStudio.TestTools.TestTypes.Unit.UnitTestExecuter.Initialize(UnitTestResult result, UnitTestRunner runner, ConsoleOutputRedirector redirector)

WRN: Assembly binding logging is turned OFF.
To enable assembly bind failure logging, set the registry value [HKLM\Software\Microsoft\Fusion!EnableLog] (DWORD) to 1.
Note: There is some performance penalty associated with assembly bind failure logging.
To turn this feature off, remove the registry value [HKLM\Software\Microsoft\Fusion!EnableLog].

E, 2224, 38, 2011/12/24, 12:19:12.406, MATT-PC\QTAgent32.exe, Unit Test Adapter threw exception: System.IO.FileLoadException: Could not load file or assembly 'Facebook.Web.Mvc, Version=5.3.2.0, Culture=neutral, PublicKeyToken=58cb4f2111d1e6de' or one of its dependencies. The located assembly's manifest definition does not match the assembly reference. (Exception from HRESULT: 0x80131040)
File name: 'Facebook.Web.Mvc, Version=5.3.2.0, Culture=neutral, PublicKeyToken=58cb4f2111d1e6de'
   at System.ModuleHandle.ResolveType(RuntimeModule module, Int32 typeToken, IntPtr* typeInstArgs, Int32 typeInstCount, IntPtr* methodInstArgs, Int32 methodInstCount, ObjectHandleOnStack type)
   at System.ModuleHandle.ResolveTypeHandleInternal(RuntimeModule module, Int32 typeToken, RuntimeTypeHandle[] typeInstantiationContext, RuntimeTypeHandle[] methodInstantiationContext)
   at System.Reflection.RuntimeModule.ResolveType(Int32 metadataToken, Type[] genericTypeArguments, Type[] genericMethodArguments)
   at System.Reflection.CustomAttribute.FilterCustomAttributeRecord(CustomAttributeRecord caRecord, MetadataImport scope, Assembly&amp; lastAptcaOkAssembly, RuntimeModule decoratedModule, MetadataToken decoratedToken, RuntimeType attributeFilterType, Boolean mustBeInheritable, Object[] attributes, IList derivedAttributes, RuntimeType&amp; attributeType, IRuntimeMethodInfo&amp; ctor, Boolean&amp; ctorHasParameters, Boolean&amp; isVarArg)
   at System.Reflection.CustomAttribute.IsCustomAttributeDefined(RuntimeModule decoratedModule, Int32 decoratedMetadataToken, RuntimeType attributeFilterType, Boolean mustBeInheritable)
   at System.Reflection.CustomAttribute.IsDefined(RuntimeType type, RuntimeType caType, Boolean inherit)
   at System.RuntimeType.IsDefined(Type attributeType, Boolean inherit)
   at Microsoft.VisualStudio.TestTools.TestTypes.Unit.UnitTestExecuter.GetAssemblyInfo(Assembly assembly)
   at Microsoft.VisualStudio.TestTools.TestTypes.Unit.UnitTestExecuter.GetTypeInfo(Type type, Boolean checkAlreadyExaminedType)
   at Microsoft.VisualStudio.TestTools.TestTypes.Unit.UnitTestExecuter.ResolveMethods()
   at Microsoft.VisualStudio.TestTools.TestTypes.Unit.UnitTestExecuter.Initialize(UnitTestResult result, UnitTestRunner runner, ConsoleOutputRedirector redirector)
   at Microsoft.VisualStudio.TestTools.TestTypes.Unit.UnitTestRunner.Run(UnitTestElement test, ITestContext testContext, Boolean isLoadTest, Boolean useMultipleCpus)

WRN: Assembly binding logging is turned OFF.
To enable assembly bind failure logging, set the registry value [HKLM\Software\Microsoft\Fusion!EnableLog] (DWORD) to 1.
Note: There is some performance penalty associated with assembly bind failure logging.
To turn this feature off, remove the registry value [HKLM\Software\Microsoft\Fusion!EnableLog].

W, 2224, 40, 2011/12/24, 12:19:12.423, MATT-PC\QTAgent32.exe, Getting custom attributes for type System.RuntimeType threw exception (will ignore and use the reflection way): System.IO.FileLoadException: Could not load file or assembly 'Facebook.Web.Mvc, Version=5.3.2.0, Culture=neutral, PublicKeyToken=58cb4f2111d1e6de' or one of its dependencies. The located assembly's manifest definition does not match the assembly reference. (Exception from HRESULT: 0x80131040)
File name: 'Facebook.Web.Mvc, Version=5.3.2.0, Culture=neutral, PublicKeyToken=58cb4f2111d1e6de'
   at System.ModuleHandle.ResolveType(RuntimeModule module, Int32 typeToken, IntPtr* typeInstArgs, Int32 typeInstCount, IntPtr* methodInstArgs, Int32 methodInstCount, ObjectHandleOnStack type)
   at System.ModuleHandle.ResolveTypeHandleInternal(RuntimeModule module, Int32 typeToken, RuntimeTypeHandle[] typeInstantiationContext, RuntimeTypeHandle[] methodInstantiationContext)
   at System.Reflection.RuntimeModule.ResolveType(Int32 metadataToken, Type[] genericTypeArguments, Type[] genericMethodArguments)
   at System.Reflection.CustomAttribute.FilterCustomAttributeRecord(CustomAttributeRecord caRecord, MetadataImport scope, Assembly&amp; lastAptcaOkAssembly, RuntimeModule decoratedModule, MetadataToken decoratedToken, RuntimeType attributeFilterType, Boolean mustBeInheritable, Object[] attributes, IList derivedAttributes, RuntimeType&amp; attributeType, IRuntimeMethodInfo&amp; ctor, Boolean&amp; ctorHasParameters, Boolean&amp; isVarArg)
   at System.Reflection.CustomAttribute.GetCustomAttributes(RuntimeModule decoratedModule, Int32 decoratedMetadataToken, Int32 pcaCount, RuntimeType attributeFilterType, Boolean mustBeInheritable, IList derivedAttributes, Boolean isDecoratedTargetSecurityTransparent)
   at System.Reflection.CustomAttribute.GetCustomAttributes(RuntimeType type, RuntimeType caType, Boolean inherit)
   at System.RuntimeType.GetCustomAttributes(Boolean inherit)
   at Microsoft.VisualStudio.TestTools.Common.ReflectHelper.GetAttributes(MemberInfo info, Boolean bInherit)

WRN: Assembly binding logging is turned OFF.
To enable assembly bind failure logging, set the registry value [HKLM\Software\Microsoft\Fusion!EnableLog] (DWORD) to 1.
Note: There is some performance penalty associated with assembly bind failure logging.
To turn this feature off, remove the registry value [HKLM\Software\Microsoft\Fusion!EnableLog].

E, 2224, 40, 2011/12/24, 12:19:12.424, MATT-PC\QTAgent32.exe, Unit Test Executor threw an exception. Most likely the test run was aborted by the user or the framework:System.IO.FileLoadException: Could not load file or assembly 'Facebook.Web.Mvc, Version=5.3.2.0, Culture=neutral, PublicKeyToken=58cb4f2111d1e6de' or one of its dependencies. The located assembly's manifest definition does not match the assembly reference. (Exception from HRESULT: 0x80131040)
File name: 'Facebook.Web.Mvc, Version=5.3.2.0, Culture=neutral, PublicKeyToken=58cb4f2111d1e6de'
   at System.ModuleHandle.ResolveType(RuntimeModule module, Int32 typeToken, IntPtr* typeInstArgs, Int32 typeInstCount, IntPtr* methodInstArgs, Int32 methodInstCount, ObjectHandleOnStack type)
   at System.ModuleHandle.ResolveTypeHandleInternal(RuntimeModule module, Int32 typeToken, RuntimeTypeHandle[] typeInstantiationContext, RuntimeTypeHandle[] methodInstantiationContext)
   at System.Reflection.RuntimeModule.ResolveType(Int32 metadataToken, Type[] genericTypeArguments, Type[] genericMethodArguments)
   at System.Reflection.CustomAttribute.FilterCustomAttributeRecord(CustomAttributeRecord caRecord, MetadataImport scope, Assembly&amp; lastAptcaOkAssembly, RuntimeModule decoratedModule, MetadataToken decoratedToken, RuntimeType attributeFilterType, Boolean mustBeInheritable, Object[] attributes, IList derivedAttributes, RuntimeType&amp; attributeType, IRuntimeMethodInfo&amp; ctor, Boolean&amp; ctorHasParameters, Boolean&amp; isVarArg)
   at System.Reflection.CustomAttribute.IsCustomAttributeDefined(RuntimeModule decoratedModule, Int32 decoratedMetadataToken, RuntimeType attributeFilterType, Boolean mustBeInheritable)
   at System.Reflection.CustomAttribute.IsDefined(RuntimeType type, RuntimeType caType, Boolean inherit)
   at System.RuntimeType.IsDefined(Type attributeType, Boolean inherit)
   at Microsoft.VisualStudio.TestTools.TestTypes.Unit.UnitTestExecuter.GetAssemblyInfo(Assembly assembly)
   at Microsoft.VisualStudio.TestTools.TestTypes.Unit.UnitTestExecuter.GetTypeInfo(Type type, Boolean checkAlreadyExaminedType)
   at Microsoft.VisualStudio.TestTools.TestTypes.Unit.UnitTestExecuter.ResolveMethods()
   at Microsoft.VisualStudio.TestTools.TestTypes.Unit.UnitTestExecuter.Initialize(UnitTestResult result, UnitTestRunner runner, ConsoleOutputRedirector redirector)

WRN: Assembly binding logging is turned OFF.
To enable assembly bind failure logging, set the registry value [HKLM\Software\Microsoft\Fusion!EnableLog] (DWORD) to 1.
Note: There is some performance penalty associated with assembly bind failure logging.
To turn this feature off, remove the registry value [HKLM\Software\Microsoft\Fusion!EnableLog].

E, 2224, 40, 2011/12/24, 12:19:12.424, MATT-PC\QTAgent32.exe, Unit Test Adapter threw exception: System.IO.FileLoadException: Could not load file or assembly 'Facebook.Web.Mvc, Version=5.3.2.0, Culture=neutral, PublicKeyToken=58cb4f2111d1e6de' or one of its dependencies. The located assembly's manifest definition does not match the assembly reference. (Exception from HRESULT: 0x80131040)
File name: 'Facebook.Web.Mvc, Version=5.3.2.0, Culture=neutral, PublicKeyToken=58cb4f2111d1e6de'
   at System.ModuleHandle.ResolveType(RuntimeModule module, Int32 typeToken, IntPtr* typeInstArgs, Int32 typeInstCount, IntPtr* methodInstArgs, Int32 methodInstCount, ObjectHandleOnStack type)
   at System.ModuleHandle.ResolveTypeHandleInternal(RuntimeModule module, Int32 typeToken, RuntimeTypeHandle[] typeInstantiationContext, RuntimeTypeHandle[] methodInstantiationContext)
   at System.Reflection.RuntimeModule.ResolveType(Int32 metadataToken, Type[] genericTypeArguments, Type[] genericMethodArguments)
   at System.Reflection.CustomAttribute.FilterCustomAttributeRecord(CustomAttributeRecord caRecord, MetadataImport scope, Assembly&amp; lastAptcaOkAssembly, RuntimeModule decoratedModule, MetadataToken decoratedToken, RuntimeType attributeFilterType, Boolean mustBeInheritable, Object[] attributes, IList derivedAttributes, RuntimeType&amp; attributeType, IRuntimeMethodInfo&amp; ctor, Boolean&amp; ctorHasParameters, Boolean&amp; isVarArg)
   at System.Reflection.CustomAttribute.IsCustomAttributeDefined(RuntimeModule decoratedModule, Int32 decoratedMetadataToken, RuntimeType attributeFilterType, Boolean mustBeInheritable)
   at System.Reflection.CustomAttribute.IsDefined(RuntimeType type, RuntimeType caType, Boolean inherit)
   at System.RuntimeType.IsDefined(Type attributeType, Boolean inherit)
   at Microsoft.VisualStudio.TestTools.TestTypes.Unit.UnitTestExecuter.GetAssemblyInfo(Assembly assembly)
   at Microsoft.VisualStudio.TestTools.TestTypes.Unit.UnitTestExecuter.GetTypeInfo(Type type, Boolean checkAlreadyExaminedType)
   at Microsoft.VisualStudio.TestTools.TestTypes.Unit.UnitTestExecuter.ResolveMethods()
   at Microsoft.VisualStudio.TestTools.TestTypes.Unit.UnitTestExecuter.Initialize(UnitTestResult result, UnitTestRunner runner, ConsoleOutputRedirector redirector)
   at Microsoft.VisualStudio.TestTools.TestTypes.Unit.UnitTestRunner.Run(UnitTestElement test, ITestContext testContext, Boolean isLoadTest, Boolean useMultipleCpus)

WRN: Assembly binding logging is turned OFF.
To enable assembly bind failure logging, set the registry value [HKLM\Software\Microsoft\Fusion!EnableLog] (DWORD) to 1.
Note: There is some performance penalty associated with assembly bind failure logging.
To turn this feature off, remove the registry value [HKLM\Software\Microsoft\Fusion!EnableLog].

W, 2224, 42, 2011/12/24, 12:19:12.439, MATT-PC\QTAgent32.exe, Getting custom attributes for type System.RuntimeType threw exception (will ignore and use the reflection way): System.IO.FileLoadException: Could not load file or assembly 'Facebook.Web.Mvc, Version=5.3.2.0, Culture=neutral, PublicKeyToken=58cb4f2111d1e6de' or one of its dependencies. The located assembly's manifest definition does not match the assembly reference. (Exception from HRESULT: 0x80131040)
File name: 'Facebook.Web.Mvc, Version=5.3.2.0, Culture=neutral, PublicKeyToken=58cb4f2111d1e6de'
   at System.ModuleHandle.ResolveType(RuntimeModule module, Int32 typeToken, IntPtr* typeInstArgs, Int32 typeInstCount, IntPtr* methodInstArgs, Int32 methodInstCount, ObjectHandleOnStack type)
   at System.ModuleHandle.ResolveTypeHandleInternal(RuntimeModule module, Int32 typeToken, RuntimeTypeHandle[] typeInstantiationContext, RuntimeTypeHandle[] methodInstantiationContext)
   at System.Reflection.RuntimeModule.ResolveType(Int32 metadataToken, Type[] genericTypeArguments, Type[] genericMethodArguments)
   at System.Reflection.CustomAttribute.FilterCustomAttributeRecord(CustomAttributeRecord caRecord, MetadataImport scope, Assembly&amp; lastAptcaOkAssembly, RuntimeModule decoratedModule, MetadataToken decoratedToken, RuntimeType attributeFilterType, Boolean mustBeInheritable, Object[] attributes, IList derivedAttributes, RuntimeType&amp; attributeType, IRuntimeMethodInfo&amp; ctor, Boolean&amp; ctorHasParameters, Boolean&amp; isVarArg)
   at System.Reflection.CustomAttribute.GetCustomAttributes(RuntimeModule decoratedModule, Int32 decoratedMetadataToken, Int32 pcaCount, RuntimeType attributeFilterType, Boolean mustBeInheritable, IList derivedAttributes, Boolean isDecoratedTargetSecurityTransparent)
   at System.Reflection.CustomAttribute.GetCustomAttributes(RuntimeType type, RuntimeType caType, Boolean inherit)
   at System.RuntimeType.GetCustomAttributes(Boolean inherit)
   at Microsoft.VisualStudio.TestTools.Common.ReflectHelper.GetAttributes(MemberInfo info, Boolean bInherit)

WRN: Assembly binding logging is turned OFF.
To enable assembly bind failure logging, set the registry value [HKLM\Software\Microsoft\Fusion!EnableLog] (DWORD) to 1.
Note: There is some performance penalty associated with assembly bind failure logging.
To turn this feature off, remove the registry value [HKLM\Software\Microsoft\Fusion!EnableLog].

E, 2224, 42, 2011/12/24, 12:19:12.440, MATT-PC\QTAgent32.exe, Unit Test Executor threw an exception. Most likely the test run was aborted by the user or the framework:System.IO.FileLoadException: Could not load file or assembly 'Facebook.Web.Mvc, Version=5.3.2.0, Culture=neutral, PublicKeyToken=58cb4f2111d1e6de' or one of its dependencies. The located assembly's manifest definition does not match the assembly reference. (Exception from HRESULT: 0x80131040)
File name: 'Facebook.Web.Mvc, Version=5.3.2.0, Culture=neutral, PublicKeyToken=58cb4f2111d1e6de'
   at System.ModuleHandle.ResolveType(RuntimeModule module, Int32 typeToken, IntPtr* typeInstArgs, Int32 typeInstCount, IntPtr* methodInstArgs, Int32 methodInstCount, ObjectHandleOnStack type)
   at System.ModuleHandle.ResolveTypeHandleInternal(RuntimeModule module, Int32 typeToken, RuntimeTypeHandle[] typeInstantiationContext, RuntimeTypeHandle[] methodInstantiationContext)
   at System.Reflection.RuntimeModule.ResolveType(Int32 metadataToken, Type[] genericTypeArguments, Type[] genericMethodArguments)
   at System.Reflection.CustomAttribute.FilterCustomAttributeRecord(CustomAttributeRecord caRecord, MetadataImport scope, Assembly&amp; lastAptcaOkAssembly, RuntimeModule decoratedModule, MetadataToken decoratedToken, RuntimeType attributeFilterType, Boolean mustBeInheritable, Object[] attributes, IList derivedAttributes, RuntimeType&amp; attributeType, IRuntimeMethodInfo&amp; ctor, Boolean&amp; ctorHasParameters, Boolean&amp; isVarArg)
   at System.Reflection.CustomAttribute.IsCustomAttributeDefined(RuntimeModule decoratedModule, Int32 decoratedMetadataToken, RuntimeType attributeFilterType, Boolean mustBeInheritable)
   at System.Reflection.CustomAttribute.IsDefined(RuntimeType type, RuntimeType caType, Boolean inherit)
   at System.RuntimeType.IsDefined(Type attributeType, Boolean inherit)
   at Microsoft.VisualStudio.TestTools.TestTypes.Unit.UnitTestExecuter.GetAssemblyInfo(Assembly assembly)
   at Microsoft.VisualStudio.TestTools.TestTypes.Unit.UnitTestExecuter.GetTypeInfo(Type type, Boolean checkAlreadyExaminedType)
   at Microsoft.VisualStudio.TestTools.TestTypes.Unit.UnitTestExecuter.ResolveMethods()
   at Microsoft.VisualStudio.TestTools.TestTypes.Unit.UnitTestExecuter.Initialize(UnitTestResult result, UnitTestRunner runner, ConsoleOutputRedirector redirector)

WRN: Assembly binding logging is turned OFF.
To enable assembly bind failure logging, set the registry value [HKLM\Software\Microsoft\Fusion!EnableLog] (DWORD) to 1.
Note: There is some performance penalty associated with assembly bind failure logging.
To turn this feature off, remove the registry value [HKLM\Software\Microsoft\Fusion!EnableLog].

E, 2224, 42, 2011/12/24, 12:19:12.442, MATT-PC\QTAgent32.exe, Unit Test Adapter threw exception: System.IO.FileLoadException: Could not load file or assembly 'Facebook.Web.Mvc, Version=5.3.2.0, Culture=neutral, PublicKeyToken=58cb4f2111d1e6de' or one of its dependencies. The located assembly's manifest definition does not match the assembly reference. (Exception from HRESULT: 0x80131040)
File name: 'Facebook.Web.Mvc, Version=5.3.2.0, Culture=neutral, PublicKeyToken=58cb4f2111d1e6de'
   at System.ModuleHandle.ResolveType(RuntimeModule module, Int32 typeToken, IntPtr* typeInstArgs, Int32 typeInstCount, IntPtr* methodInstArgs, Int32 methodInstCount, ObjectHandleOnStack type)
   at System.ModuleHandle.ResolveTypeHandleInternal(RuntimeModule module, Int32 typeToken, RuntimeTypeHandle[] typeInstantiationContext, RuntimeTypeHandle[] methodInstantiationContext)
   at System.Reflection.RuntimeModule.ResolveType(Int32 metadataToken, Type[] genericTypeArguments, Type[] genericMethodArguments)
   at System.Reflection.CustomAttribute.FilterCustomAttributeRecord(CustomAttributeRecord caRecord, MetadataImport scope, Assembly&amp; lastAptcaOkAssembly, RuntimeModule decoratedModule, MetadataToken decoratedToken, RuntimeType attributeFilterType, Boolean mustBeInheritable, Object[] attributes, IList derivedAttributes, RuntimeType&amp; attributeType, IRuntimeMethodInfo&amp; ctor, Boolean&amp; ctorHasParameters, Boolean&amp; isVarArg)
   at System.Reflection.CustomAttribute.IsCustomAttributeDefined(RuntimeModule decoratedModule, Int32 decoratedMetadataToken, RuntimeType attributeFilterType, Boolean mustBeInheritable)
   at System.Reflection.CustomAttribute.IsDefined(RuntimeType type, RuntimeType caType, Boolean inherit)
   at System.RuntimeType.IsDefined(Type attributeType, Boolean inherit)
   at Microsoft.VisualStudio.TestTools.TestTypes.Unit.UnitTestExecuter.GetAssemblyInfo(Assembly assembly)
   at Microsoft.VisualStudio.TestTools.TestTypes.Unit.UnitTestExecuter.GetTypeInfo(Type type, Boolean checkAlreadyExaminedType)
   at Microsoft.VisualStudio.TestTools.TestTypes.Unit.UnitTestExecuter.ResolveMethods()
   at Microsoft.VisualStudio.TestTools.TestTypes.Unit.UnitTestExecuter.Initialize(UnitTestResult result, UnitTestRunner runner, ConsoleOutputRedirector redirector)
   at Microsoft.VisualStudio.TestTools.TestTypes.Unit.UnitTestRunner.Run(UnitTestElement test, ITestContext testContext, Boolean isLoadTest, Boolean useMultipleCpus)

WRN: Assembly binding logging is turned OFF.
To enable assembly bind failure logging, set the registry value [HKLM\Software\Microsoft\Fusion!EnableLog] (DWORD) to 1.
Note: There is some performance penalty associated with assembly bind failure logging.
To turn this feature off, remove the registry value [HKLM\Software\Microsoft\Fusion!EnableLog].

W, 2224, 44, 2011/12/24, 12:19:12.455, MATT-PC\QTAgent32.exe, Getting custom attributes for type System.RuntimeType threw exception (will ignore and use the reflection way): System.IO.FileLoadException: Could not load file or assembly 'Facebook.Web.Mvc, Version=5.3.2.0, Culture=neutral, PublicKeyToken=58cb4f2111d1e6de' or one of its dependencies. The located assembly's manifest definition does not match the assembly reference. (Exception from HRESULT: 0x80131040)
File name: 'Facebook.Web.Mvc, Version=5.3.2.0, Culture=neutral, PublicKeyToken=58cb4f2111d1e6de'
   at System.ModuleHandle.ResolveType(RuntimeModule module, Int32 typeToken, IntPtr* typeInstArgs, Int32 typeInstCount, IntPtr* methodInstArgs, Int32 methodInstCount, ObjectHandleOnStack type)
   at System.ModuleHandle.ResolveTypeHandleInternal(RuntimeModule module, Int32 typeToken, RuntimeTypeHandle[] typeInstantiationContext, RuntimeTypeHandle[] methodInstantiationContext)
   at System.Reflection.RuntimeModule.ResolveType(Int32 metadataToken, Type[] genericTypeArguments, Type[] genericMethodArguments)
   at System.Reflection.CustomAttribute.FilterCustomAttributeRecord(CustomAttributeRecord caRecord, MetadataImport scope, Assembly&amp; lastAptcaOkAssembly, RuntimeModule decoratedModule, MetadataToken decoratedToken, RuntimeType attributeFilterType, Boolean mustBeInheritable, Object[] attributes, IList derivedAttributes, RuntimeType&amp; attributeType, IRuntimeMethodInfo&amp; ctor, Boolean&amp; ctorHasParameters, Boolean&amp; isVarArg)
   at System.Reflection.CustomAttribute.GetCustomAttributes(RuntimeModule decoratedModule, Int32 decoratedMetadataToken, Int32 pcaCount, RuntimeType attributeFilterType, Boolean mustBeInheritable, IList derivedAttributes, Boolean isDecoratedTargetSecurityTransparent)
   at System.Reflection.CustomAttribute.GetCustomAttributes(RuntimeType type, RuntimeType caType, Boolean inherit)
   at System.RuntimeType.GetCustomAttributes(Boolean inherit)
   at Microsoft.VisualStudio.TestTools.Common.ReflectHelper.GetAttributes(MemberInfo info, Boolean bInherit)

WRN: Assembly binding logging is turned OFF.
To enable assembly bind failure logging, set the registry value [HKLM\Software\Microsoft\Fusion!EnableLog] (DWORD) to 1.
Note: There is some performance penalty associated with assembly bind failure logging.
To turn this feature off, remove the registry value [HKLM\Software\Microsoft\Fusion!EnableLog].

E, 2224, 44, 2011/12/24, 12:19:12.455, MATT-PC\QTAgent32.exe, Unit Test Executor threw an exception. Most likely the test run was aborted by the user or the framework:System.IO.FileLoadException: Could not load file or assembly 'Facebook.Web.Mvc, Version=5.3.2.0, Culture=neutral, PublicKeyToken=58cb4f2111d1e6de' or one of its dependencies. The located assembly's manifest definition does not match the assembly reference. (Exception from HRESULT: 0x80131040)
File name: 'Facebook.Web.Mvc, Version=5.3.2.0, Culture=neutral, PublicKeyToken=58cb4f2111d1e6de'
   at System.ModuleHandle.ResolveType(RuntimeModule module, Int32 typeToken, IntPtr* typeInstArgs, Int32 typeInstCount, IntPtr* methodInstArgs, Int32 methodInstCount, ObjectHandleOnStack type)
   at System.ModuleHandle.ResolveTypeHandleInternal(RuntimeModule module, Int32 typeToken, RuntimeTypeHandle[] typeInstantiationContext, RuntimeTypeHandle[] methodInstantiationContext)
   at System.Reflection.RuntimeModule.ResolveType(Int32 metadataToken, Type[] genericTypeArguments, Type[] genericMethodArguments)
   at System.Reflection.CustomAttribute.FilterCustomAttributeRecord(CustomAttributeRecord caRecord, MetadataImport scope, Assembly&amp; lastAptcaOkAssembly, RuntimeModule decoratedModule, MetadataToken decoratedToken, RuntimeType attributeFilterType, Boolean mustBeInheritable, Object[] attributes, IList derivedAttributes, RuntimeType&amp; attributeType, IRuntimeMethodInfo&amp; ctor, Boolean&amp; ctorHasParameters, Boolean&amp; isVarArg)
   at System.Reflection.CustomAttribute.IsCustomAttributeDefined(RuntimeModule decoratedModule, Int32 decoratedMetadataToken, RuntimeType attributeFilterType, Boolean mustBeInheritable)
   at System.Reflection.CustomAttribute.IsDefined(RuntimeType type, RuntimeType caType, Boolean inherit)
   at System.RuntimeType.IsDefined(Type attributeType, Boolean inherit)
   at Microsoft.VisualStudio.TestTools.TestTypes.Unit.UnitTestExecuter.GetAssemblyInfo(Assembly assembly)
   at Microsoft.VisualStudio.TestTools.TestTypes.Unit.UnitTestExecuter.GetTypeInfo(Type type, Boolean checkAlreadyExaminedType)
   at Microsoft.VisualStudio.TestTools.TestTypes.Unit.UnitTestExecuter.ResolveMethods()
   at Microsoft.VisualStudio.TestTools.TestTypes.Unit.UnitTestExecuter.Initialize(UnitTestResult result, UnitTestRunner runner, ConsoleOutputRedirector redirector)

WRN: Assembly binding logging is turned OFF.
To enable assembly bind failure logging, set the registry value [HKLM\Software\Microsoft\Fusion!EnableLog] (DWORD) to 1.
Note: There is some performance penalty associated with assembly bind failure logging.
To turn this feature off, remove the registry value [HKLM\Software\Microsoft\Fusion!EnableLog].

E, 2224, 44, 2011/12/24, 12:19:12.456, MATT-PC\QTAgent32.exe, Unit Test Adapter threw exception: System.IO.FileLoadException: Could not load file or assembly 'Facebook.Web.Mvc, Version=5.3.2.0, Culture=neutral, PublicKeyToken=58cb4f2111d1e6de' or one of its dependencies. The located assembly's manifest definition does not match the assembly reference. (Exception from HRESULT: 0x80131040)
File name: 'Facebook.Web.Mvc, Version=5.3.2.0, Culture=neutral, PublicKeyToken=58cb4f2111d1e6de'
   at System.ModuleHandle.ResolveType(RuntimeModule module, Int32 typeToken, IntPtr* typeInstArgs, Int32 typeInstCount, IntPtr* methodInstArgs, Int32 methodInstCount, ObjectHandleOnStack type)
   at System.ModuleHandle.ResolveTypeHandleInternal(RuntimeModule module, Int32 typeToken, RuntimeTypeHandle[] typeInstantiationContext, RuntimeTypeHandle[] methodInstantiationContext)
   at System.Reflection.RuntimeModule.ResolveType(Int32 metadataToken, Type[] genericTypeArguments, Type[] genericMethodArguments)
   at System.Reflection.CustomAttribute.FilterCustomAttributeRecord(CustomAttributeRecord caRecord, MetadataImport scope, Assembly&amp; lastAptcaOkAssembly, RuntimeModule decoratedModule, MetadataToken decoratedToken, RuntimeType attributeFilterType, Boolean mustBeInheritable, Object[] attributes, IList derivedAttributes, RuntimeType&amp; attributeType, IRuntimeMethodInfo&amp; ctor, Boolean&amp; ctorHasParameters, Boolean&amp; isVarArg)
   at System.Reflection.CustomAttribute.IsCustomAttributeDefined(RuntimeModule decoratedModule, Int32 decoratedMetadataToken, RuntimeType attributeFilterType, Boolean mustBeInheritable)
   at System.Reflection.CustomAttribute.IsDefined(RuntimeType type, RuntimeType caType, Boolean inherit)
   at System.RuntimeType.IsDefined(Type attributeType, Boolean inherit)
   at Microsoft.VisualStudio.TestTools.TestTypes.Unit.UnitTestExecuter.GetAssemblyInfo(Assembly assembly)
   at Microsoft.VisualStudio.TestTools.TestTypes.Unit.UnitTestExecuter.GetTypeInfo(Type type, Boolean checkAlreadyExaminedType)
   at Microsoft.VisualStudio.TestTools.TestTypes.Unit.UnitTestExecuter.ResolveMethods()
   at Microsoft.VisualStudio.TestTools.TestTypes.Unit.UnitTestExecuter.Initialize(UnitTestResult result, UnitTestRunner runner, ConsoleOutputRedirector redirector)
   at Microsoft.VisualStudio.TestTools.TestTypes.Unit.UnitTestRunner.Run(UnitTestElement test, ITestContext testContext, Boolean isLoadTest, Boolean useMultipleCpus)

WRN: Assembly binding logging is turned OFF.
To enable assembly bind failure logging, set the registry value [HKLM\Software\Microsoft\Fusion!EnableLog] (DWORD) to 1.
Note: There is some performance penalty associated with assembly bind failure logging.
To turn this feature off, remove the registry value [HKLM\Software\Microsoft\Fusion!EnableLog].

W, 2224, 46, 2011/12/24, 12:19:12.468, MATT-PC\QTAgent32.exe, Getting custom attributes for type System.RuntimeType threw exception (will ignore and use the reflection way): System.IO.FileLoadException: Could not load file or assembly 'Facebook.Web.Mvc, Version=5.3.2.0, Culture=neutral, PublicKeyToken=58cb4f2111d1e6de' or one of its dependencies. The located assembly's manifest definition does not match the assembly reference. (Exception from HRESULT: 0x80131040)
File name: 'Facebook.Web.Mvc, Version=5.3.2.0, Culture=neutral, PublicKeyToken=58cb4f2111d1e6de'
   at System.ModuleHandle.ResolveType(RuntimeModule module, Int32 typeToken, IntPtr* typeInstArgs, Int32 typeInstCount, IntPtr* methodInstArgs, Int32 methodInstCount, ObjectHandleOnStack type)
   at System.ModuleHandle.ResolveTypeHandleInternal(RuntimeModule module, Int32 typeToken, RuntimeTypeHandle[] typeInstantiationContext, RuntimeTypeHandle[] methodInstantiationContext)
   at System.Reflection.RuntimeModule.ResolveType(Int32 metadataToken, Type[] genericTypeArguments, Type[] genericMethodArguments)
   at System.Reflection.CustomAttribute.FilterCustomAttributeRecord(CustomAttributeRecord caRecord, MetadataImport scope, Assembly&amp; lastAptcaOkAssembly, RuntimeModule decoratedModule, MetadataToken decoratedToken, RuntimeType attributeFilterType, Boolean mustBeInheritable, Object[] attributes, IList derivedAttributes, RuntimeType&amp; attributeType, IRuntimeMethodInfo&amp; ctor, Boolean&amp; ctorHasParameters, Boolean&amp; isVarArg)
   at System.Reflection.CustomAttribute.GetCustomAttributes(RuntimeModule decoratedModule, Int32 decoratedMetadataToken, Int32 pcaCount, RuntimeType attributeFilterType, Boolean mustBeInheritable, IList derivedAttributes, Boolean isDecoratedTargetSecurityTransparent)
   at System.Reflection.CustomAttribute.GetCustomAttributes(RuntimeType type, RuntimeType caType, Boolean inherit)
   at System.RuntimeType.GetCustomAttributes(Boolean inherit)
   at Microsoft.VisualStudio.TestTools.Common.ReflectHelper.GetAttributes(MemberInfo info, Boolean bInherit)

WRN: Assembly binding logging is turned OFF.
To enable assembly bind failure logging, set the registry value [HKLM\Software\Microsoft\Fusion!EnableLog] (DWORD) to 1.
Note: There is some performance penalty associated with assembly bind failure logging.
To turn this feature off, remove the registry value [HKLM\Software\Microsoft\Fusion!EnableLog].

E, 2224, 46, 2011/12/24, 12:19:12.469, MATT-PC\QTAgent32.exe, Unit Test Executor threw an exception. Most likely the test run was aborted by the user or the framework:System.IO.FileLoadException: Could not load file or assembly 'Facebook.Web.Mvc, Version=5.3.2.0, Culture=neutral, PublicKeyToken=58cb4f2111d1e6de' or one of its dependencies. The located assembly's manifest definition does not match the assembly reference. (Exception from HRESULT: 0x80131040)
File name: 'Facebook.Web.Mvc, Version=5.3.2.0, Culture=neutral, PublicKeyToken=58cb4f2111d1e6de'
   at System.ModuleHandle.ResolveType(RuntimeModule module, Int32 typeToken, IntPtr* typeInstArgs, Int32 typeInstCount, IntPtr* methodInstArgs, Int32 methodInstCount, ObjectHandleOnStack type)
   at System.ModuleHandle.ResolveTypeHandleInternal(RuntimeModule module, Int32 typeToken, RuntimeTypeHandle[] typeInstantiationContext, RuntimeTypeHandle[] methodInstantiationContext)
   at System.Reflection.RuntimeModule.ResolveType(Int32 metadataToken, Type[] genericTypeArguments, Type[] genericMethodArguments)
   at System.Reflection.CustomAttribute.FilterCustomAttributeRecord(CustomAttributeRecord caRecord, MetadataImport scope, Assembly&amp; lastAptcaOkAssembly, RuntimeModule decoratedModule, MetadataToken decoratedToken, RuntimeType attributeFilterType, Boolean mustBeInheritable, Object[] attributes, IList derivedAttributes, RuntimeType&amp; attributeType, IRuntimeMethodInfo&amp; ctor, Boolean&amp; ctorHasParameters, Boolean&amp; isVarArg)
   at System.Reflection.CustomAttribute.IsCustomAttributeDefined(RuntimeModule decoratedModule, Int32 decoratedMetadataToken, RuntimeType attributeFilterType, Boolean mustBeInheritable)
   at System.Reflection.CustomAttribute.IsDefined(RuntimeType type, RuntimeType caType, Boolean inherit)
   at System.RuntimeType.IsDefined(Type attributeType, Boolean inherit)
   at Microsoft.VisualStudio.TestTools.TestTypes.Unit.UnitTestExecuter.GetAssemblyInfo(Assembly assembly)
   at Microsoft.VisualStudio.TestTools.TestTypes.Unit.UnitTestExecuter.GetTypeInfo(Type type, Boolean checkAlreadyExaminedType)
   at Microsoft.VisualStudio.TestTools.TestTypes.Unit.UnitTestExecuter.ResolveMethods()
   at Microsoft.VisualStudio.TestTools.TestTypes.Unit.UnitTestExecuter.Initialize(UnitTestResult result, UnitTestRunner runner, ConsoleOutputRedirector redirector)

WRN: Assembly binding logging is turned OFF.
To enable assembly bind failure logging, set the registry value [HKLM\Software\Microsoft\Fusion!EnableLog] (DWORD) to 1.
Note: There is some performance penalty associated with assembly bind failure logging.
To turn this feature off, remove the registry value [HKLM\Software\Microsoft\Fusion!EnableLog].

E, 2224, 46, 2011/12/24, 12:19:12.469, MATT-PC\QTAgent32.exe, Unit Test Adapter threw exception: System.IO.FileLoadException: Could not load file or assembly 'Facebook.Web.Mvc, Version=5.3.2.0, Culture=neutral, PublicKeyToken=58cb4f2111d1e6de' or one of its dependencies. The located assembly's manifest definition does not match the assembly reference. (Exception from HRESULT: 0x80131040)
File name: 'Facebook.Web.Mvc, Version=5.3.2.0, Culture=neutral, PublicKeyToken=58cb4f2111d1e6de'
   at System.ModuleHandle.ResolveType(RuntimeModule module, Int32 typeToken, IntPtr* typeInstArgs, Int32 typeInstCount, IntPtr* methodInstArgs, Int32 methodInstCount, ObjectHandleOnStack type)
   at System.ModuleHandle.ResolveTypeHandleInternal(RuntimeModule module, Int32 typeToken, RuntimeTypeHandle[] typeInstantiationContext, RuntimeTypeHandle[] methodInstantiationContext)
   at System.Reflection.RuntimeModule.ResolveType(Int32 metadataToken, Type[] genericTypeArguments, Type[] genericMethodArguments)
   at System.Reflection.CustomAttribute.FilterCustomAttributeRecord(CustomAttributeRecord caRecord, MetadataImport scope, Assembly&amp; lastAptcaOkAssembly, RuntimeModule decoratedModule, MetadataToken decoratedToken, RuntimeType attributeFilterType, Boolean mustBeInheritable, Object[] attributes, IList derivedAttributes, RuntimeType&amp; attributeType, IRuntimeMethodInfo&amp; ctor, Boolean&amp; ctorHasParameters, Boolean&amp; isVarArg)
   at System.Reflection.CustomAttribute.IsCustomAttributeDefined(RuntimeModule decoratedModule, Int32 decoratedMetadataToken, RuntimeType attributeFilterType, Boolean mustBeInheritable)
   at System.Reflection.CustomAttribute.IsDefined(RuntimeType type, RuntimeType caType, Boolean inherit)
   at System.RuntimeType.IsDefined(Type attributeType, Boolean inherit)
   at Microsoft.VisualStudio.TestTools.TestTypes.Unit.UnitTestExecuter.GetAssemblyInfo(Assembly assembly)
   at Microsoft.VisualStudio.TestTools.TestTypes.Unit.UnitTestExecuter.GetTypeInfo(Type type, Boolean checkAlreadyExaminedType)
   at Microsoft.VisualStudio.TestTools.TestTypes.Unit.UnitTestExecuter.ResolveMethods()
   at Microsoft.VisualStudio.TestTools.TestTypes.Unit.UnitTestExecuter.Initialize(UnitTestResult result, UnitTestRunner runner, ConsoleOutputRedirector redirector)
   at Microsoft.VisualStudio.TestTools.TestTypes.Unit.UnitTestRunner.Run(UnitTestElement test, ITestContext testContext, Boolean isLoadTest, Boolean useMultipleCpus)

WRN: Assembly binding logging is turned OFF.
To enable assembly bind failure logging, set the registry value [HKLM\Software\Microsoft\Fusion!EnableLog] (DWORD) to 1.
Note: There is some performance penalty associated with assembly bind failure logging.
To turn this feature off, remove the registry value [HKLM\Software\Microsoft\Fusion!EnableLog].

W, 2224, 48, 2011/12/24, 12:19:12.487, MATT-PC\QTAgent32.exe, Getting custom attributes for type System.RuntimeType threw exception (will ignore and use the reflection way): System.IO.FileLoadException: Could not load file or assembly 'Facebook.Web.Mvc, Version=5.3.2.0, Culture=neutral, PublicKeyToken=58cb4f2111d1e6de' or one of its dependencies. The located assembly's manifest definition does not match the assembly reference. (Exception from HRESULT: 0x80131040)
File name: 'Facebook.Web.Mvc, Version=5.3.2.0, Culture=neutral, PublicKeyToken=58cb4f2111d1e6de'
   at System.ModuleHandle.ResolveType(RuntimeModule module, Int32 typeToken, IntPtr* typeInstArgs, Int32 typeInstCount, IntPtr* methodInstArgs, Int32 methodInstCount, ObjectHandleOnStack type)
   at System.ModuleHandle.ResolveTypeHandleInternal(RuntimeModule module, Int32 typeToken, RuntimeTypeHandle[] typeInstantiationContext, RuntimeTypeHandle[] methodInstantiationContext)
   at System.Reflection.RuntimeModule.ResolveType(Int32 metadataToken, Type[] genericTypeArguments, Type[] genericMethodArguments)
   at System.Reflection.CustomAttribute.FilterCustomAttributeRecord(CustomAttributeRecord caRecord, MetadataImport scope, Assembly&amp; lastAptcaOkAssembly, RuntimeModule decoratedModule, MetadataToken decoratedToken, RuntimeType attributeFilterType, Boolean mustBeInheritable, Object[] attributes, IList derivedAttributes, RuntimeType&amp; attributeType, IRuntimeMethodInfo&amp; ctor, Boolean&amp; ctorHasParameters, Boolean&amp; isVarArg)
   at System.Reflection.CustomAttribute.GetCustomAttributes(RuntimeModule decoratedModule, Int32 decoratedMetadataToken, Int32 pcaCount, RuntimeType attributeFilterType, Boolean mustBeInheritable, IList derivedAttributes, Boolean isDecoratedTargetSecurityTransparent)
   at System.Reflection.CustomAttribute.GetCustomAttributes(RuntimeType type, RuntimeType caType, Boolean inherit)
   at System.RuntimeType.GetCustomAttributes(Boolean inherit)
   at Microsoft.VisualStudio.TestTools.Common.ReflectHelper.GetAttributes(MemberInfo info, Boolean bInherit)

WRN: Assembly binding logging is turned OFF.
To enable assembly bind failure logging, set the registry value [HKLM\Software\Microsoft\Fusion!EnableLog] (DWORD) to 1.
Note: There is some performance penalty associated with assembly bind failure logging.
To turn this feature off, remove the registry value [HKLM\Software\Microsoft\Fusion!EnableLog].

E, 2224, 48, 2011/12/24, 12:19:12.488, MATT-PC\QTAgent32.exe, Unit Test Executor threw an exception. Most likely the test run was aborted by the user or the framework:System.IO.FileLoadException: Could not load file or assembly 'Facebook.Web.Mvc, Version=5.3.2.0, Culture=neutral, PublicKeyToken=58cb4f2111d1e6de' or one of its dependencies. The located assembly's manifest definition does not match the assembly reference. (Exception from HRESULT: 0x80131040)
File name: 'Facebook.Web.Mvc, Version=5.3.2.0, Culture=neutral, PublicKeyToken=58cb4f2111d1e6de'
   at System.ModuleHandle.ResolveType(RuntimeModule module, Int32 typeToken, IntPtr* typeInstArgs, Int32 typeInstCount, IntPtr* methodInstArgs, Int32 methodInstCount, ObjectHandleOnStack type)
   at System.ModuleHandle.ResolveTypeHandleInternal(RuntimeModule module, Int32 typeToken, RuntimeTypeHandle[] typeInstantiationContext, RuntimeTypeHandle[] methodInstantiationContext)
   at System.Reflection.RuntimeModule.ResolveType(Int32 metadataToken, Type[] genericTypeArguments, Type[] genericMethodArguments)
   at System.Reflection.CustomAttribute.FilterCustomAttributeRecord(CustomAttributeRecord caRecord, MetadataImport scope, Assembly&amp; lastAptcaOkAssembly, RuntimeModule decoratedModule, MetadataToken decoratedToken, RuntimeType attributeFilterType, Boolean mustBeInheritable, Object[] attributes, IList derivedAttributes, RuntimeType&amp; attributeType, IRuntimeMethodInfo&amp; ctor, Boolean&amp; ctorHasParameters, Boolean&amp; isVarArg)
   at System.Reflection.CustomAttribute.IsCustomAttributeDefined(RuntimeModule decoratedModule, Int32 decoratedMetadataToken, RuntimeType attributeFilterType, Boolean mustBeInheritable)
   at System.Reflection.CustomAttribute.IsDefined(RuntimeType type, RuntimeType caType, Boolean inherit)
   at System.RuntimeType.IsDefined(Type attributeType, Boolean inherit)
   at Microsoft.VisualStudio.TestTools.TestTypes.Unit.UnitTestExecuter.GetAssemblyInfo(Assembly assembly)
   at Microsoft.VisualStudio.TestTools.TestTypes.Unit.UnitTestExecuter.GetTypeInfo(Type type, Boolean checkAlreadyExaminedType)
   at Microsoft.VisualStudio.TestTools.TestTypes.Unit.UnitTestExecuter.ResolveMethods()
   at Microsoft.VisualStudio.TestTools.TestTypes.Unit.UnitTestExecuter.Initialize(UnitTestResult result, UnitTestRunner runner, ConsoleOutputRedirector redirector)

WRN: Assembly binding logging is turned OFF.
To enable assembly bind failure logging, set the registry value [HKLM\Software\Microsoft\Fusion!EnableLog] (DWORD) to 1.
Note: There is some performance penalty associated with assembly bind failure logging.
To turn this feature off, remove the registry value [HKLM\Software\Microsoft\Fusion!EnableLog].

E, 2224, 48, 2011/12/24, 12:19:12.489, MATT-PC\QTAgent32.exe, Unit Test Adapter threw exception: System.IO.FileLoadException: Could not load file or assembly 'Facebook.Web.Mvc, Version=5.3.2.0, Culture=neutral, PublicKeyToken=58cb4f2111d1e6de' or one of its dependencies. The located assembly's manifest definition does not match the assembly reference. (Exception from HRESULT: 0x80131040)
File name: 'Facebook.Web.Mvc, Version=5.3.2.0, Culture=neutral, PublicKeyToken=58cb4f2111d1e6de'
   at System.ModuleHandle.ResolveType(RuntimeModule module, Int32 typeToken, IntPtr* typeInstArgs, Int32 typeInstCount, IntPtr* methodInstArgs, Int32 methodInstCount, ObjectHandleOnStack type)
   at System.ModuleHandle.ResolveTypeHandleInternal(RuntimeModule module, Int32 typeToken, RuntimeTypeHandle[] typeInstantiationContext, RuntimeTypeHandle[] methodInstantiationContext)
   at System.Reflection.RuntimeModule.ResolveType(Int32 metadataToken, Type[] genericTypeArguments, Type[] genericMethodArguments)
   at System.Reflection.CustomAttribute.FilterCustomAttributeRecord(CustomAttributeRecord caRecord, MetadataImport scope, Assembly&amp; lastAptcaOkAssembly, RuntimeModule decoratedModule, MetadataToken decoratedToken, RuntimeType attributeFilterType, Boolean mustBeInheritable, Object[] attributes, IList derivedAttributes, RuntimeType&amp; attributeType, IRuntimeMethodInfo&amp; ctor, Boolean&amp; ctorHasParameters, Boolean&amp; isVarArg)
   at System.Reflection.CustomAttribute.IsCustomAttributeDefined(RuntimeModule decoratedModule, Int32 decoratedMetadataToken, RuntimeType attributeFilterType, Boolean mustBeInheritable)
   at System.Reflection.CustomAttribute.IsDefined(RuntimeType type, RuntimeType caType, Boolean inherit)
   at System.RuntimeType.IsDefined(Type attributeType, Boolean inherit)
   at Microsoft.VisualStudio.TestTools.TestTypes.Unit.UnitTestExecuter.GetAssemblyInfo(Assembly assembly)
   at Microsoft.VisualStudio.TestTools.TestTypes.Unit.UnitTestExecuter.GetTypeInfo(Type type, Boolean checkAlreadyExaminedType)
   at Microsoft.VisualStudio.TestTools.TestTypes.Unit.UnitTestExecuter.ResolveMethods()
   at Microsoft.VisualStudio.TestTools.TestTypes.Unit.UnitTestExecuter.Initialize(UnitTestResult result, UnitTestRunner runner, ConsoleOutputRedirector redirector)
   at Microsoft.VisualStudio.TestTools.TestTypes.Unit.UnitTestRunner.Run(UnitTestElement test, ITestContext testContext, Boolean isLoadTest, Boolean useMultipleCpus)

WRN: Assembly binding logging is turned OFF.
To enable assembly bind failure logging, set the registry value [HKLM\Software\Microsoft\Fusion!EnableLog] (DWORD) to 1.
Note: There is some performance penalty associated with assembly bind failure logging.
To turn this feature off, remove the registry value [HKLM\Software\Microsoft\Fusion!EnableLog].

W, 2224, 50, 2011/12/24, 12:19:12.502, MATT-PC\QTAgent32.exe, Getting custom attributes for type System.RuntimeType threw exception (will ignore and use the reflection way): System.IO.FileLoadException: Could not load file or assembly 'Facebook.Web.Mvc, Version=5.3.2.0, Culture=neutral, PublicKeyToken=58cb4f2111d1e6de' or one of its dependencies. The located assembly's manifest definition does not match the assembly reference. (Exception from HRESULT: 0x80131040)
File name: 'Facebook.Web.Mvc, Version=5.3.2.0, Culture=neutral, PublicKeyToken=58cb4f2111d1e6de'
   at System.ModuleHandle.ResolveType(RuntimeModule module, Int32 typeToken, IntPtr* typeInstArgs, Int32 typeInstCount, IntPtr* methodInstArgs, Int32 methodInstCount, ObjectHandleOnStack type)
   at System.ModuleHandle.ResolveTypeHandleInternal(RuntimeModule module, Int32 typeToken, RuntimeTypeHandle[] typeInstantiationContext, RuntimeTypeHandle[] methodInstantiationContext)
   at System.Reflection.RuntimeModule.ResolveType(Int32 metadataToken, Type[] genericTypeArguments, Type[] genericMethodArguments)
   at System.Reflection.CustomAttribute.FilterCustomAttributeRecord(CustomAttributeRecord caRecord, MetadataImport scope, Assembly&amp; lastAptcaOkAssembly, RuntimeModule decoratedModule, MetadataToken decoratedToken, RuntimeType attributeFilterType, Boolean mustBeInheritable, Object[] attributes, IList derivedAttributes, RuntimeType&amp; attributeType, IRuntimeMethodInfo&amp; ctor, Boolean&amp; ctorHasParameters, Boolean&amp; isVarArg)
   at System.Reflection.CustomAttribute.GetCustomAttributes(RuntimeModule decoratedModule, Int32 decoratedMetadataToken, Int32 pcaCount, RuntimeType attributeFilterType, Boolean mustBeInheritable, IList derivedAttributes, Boolean isDecoratedTargetSecurityTransparent)
   at System.Reflection.CustomAttribute.GetCustomAttributes(RuntimeType type, RuntimeType caType, Boolean inherit)
   at System.RuntimeType.GetCustomAttributes(Boolean inherit)
   at Microsoft.VisualStudio.TestTools.Common.ReflectHelper.GetAttributes(MemberInfo info, Boolean bInherit)

WRN: Assembly binding logging is turned OFF.
To enable assembly bind failure logging, set the registry value [HKLM\Software\Microsoft\Fusion!EnableLog] (DWORD) to 1.
Note: There is some performance penalty associated with assembly bind failure logging.
To turn this feature off, remove the registry value [HKLM\Software\Microsoft\Fusion!EnableLog].

E, 2224, 50, 2011/12/24, 12:19:12.503, MATT-PC\QTAgent32.exe, Unit Test Executor threw an exception. Most likely the test run was aborted by the user or the framework:System.IO.FileLoadException: Could not load file or assembly 'Facebook.Web.Mvc, Version=5.3.2.0, Culture=neutral, PublicKeyToken=58cb4f2111d1e6de' or one of its dependencies. The located assembly's manifest definition does not match the assembly reference. (Exception from HRESULT: 0x80131040)
File name: 'Facebook.Web.Mvc, Version=5.3.2.0, Culture=neutral, PublicKeyToken=58cb4f2111d1e6de'
   at System.ModuleHandle.ResolveType(RuntimeModule module, Int32 typeToken, IntPtr* typeInstArgs, Int32 typeInstCount, IntPtr* methodInstArgs, Int32 methodInstCount, ObjectHandleOnStack type)
   at System.ModuleHandle.ResolveTypeHandleInternal(RuntimeModule module, Int32 typeToken, RuntimeTypeHandle[] typeInstantiationContext, RuntimeTypeHandle[] methodInstantiationContext)
   at System.Reflection.RuntimeModule.ResolveType(Int32 metadataToken, Type[] genericTypeArguments, Type[] genericMethodArguments)
   at System.Reflection.CustomAttribute.FilterCustomAttributeRecord(CustomAttributeRecord caRecord, MetadataImport scope, Assembly&amp; lastAptcaOkAssembly, RuntimeModule decoratedModule, MetadataToken decoratedToken, RuntimeType attributeFilterType, Boolean mustBeInheritable, Object[] attributes, IList derivedAttributes, RuntimeType&amp; attributeType, IRuntimeMethodInfo&amp; ctor, Boolean&amp; ctorHasParameters, Boolean&amp; isVarArg)
   at System.Reflection.CustomAttribute.IsCustomAttributeDefined(RuntimeModule decoratedModule, Int32 decoratedMetadataToken, RuntimeType attributeFilterType, Boolean mustBeInheritable)
   at System.Reflection.CustomAttribute.IsDefined(RuntimeType type, RuntimeType caType, Boolean inherit)
   at System.RuntimeType.IsDefined(Type attributeType, Boolean inherit)
   at Microsoft.VisualStudio.TestTools.TestTypes.Unit.UnitTestExecuter.GetAssemblyInfo(Assembly assembly)
   at Microsoft.VisualStudio.TestTools.TestTypes.Unit.UnitTestExecuter.GetTypeInfo(Type type, Boolean checkAlreadyExaminedType)
   at Microsoft.VisualStudio.TestTools.TestTypes.Unit.UnitTestExecuter.ResolveMethods()
   at Microsoft.VisualStudio.TestTools.TestTypes.Unit.UnitTestExecuter.Initialize(UnitTestResult result, UnitTestRunner runner, ConsoleOutputRedirector redirector)

WRN: Assembly binding logging is turned OFF.
To enable assembly bind failure logging, set the registry value [HKLM\Software\Microsoft\Fusion!EnableLog] (DWORD) to 1.
Note: There is some performance penalty associated with assembly bind failure logging.
To turn this feature off, remove the registry value [HKLM\Software\Microsoft\Fusion!EnableLog].

E, 2224, 50, 2011/12/24, 12:19:12.504, MATT-PC\QTAgent32.exe, Unit Test Adapter threw exception: System.IO.FileLoadException: Could not load file or assembly 'Facebook.Web.Mvc, Version=5.3.2.0, Culture=neutral, PublicKeyToken=58cb4f2111d1e6de' or one of its dependencies. The located assembly's manifest definition does not match the assembly reference. (Exception from HRESULT: 0x80131040)
File name: 'Facebook.Web.Mvc, Version=5.3.2.0, Culture=neutral, PublicKeyToken=58cb4f2111d1e6de'
   at System.ModuleHandle.ResolveType(RuntimeModule module, Int32 typeToken, IntPtr* typeInstArgs, Int32 typeInstCount, IntPtr* methodInstArgs, Int32 methodInstCount, ObjectHandleOnStack type)
   at System.ModuleHandle.ResolveTypeHandleInternal(RuntimeModule module, Int32 typeToken, RuntimeTypeHandle[] typeInstantiationContext, RuntimeTypeHandle[] methodInstantiationContext)
   at System.Reflection.RuntimeModule.ResolveType(Int32 metadataToken, Type[] genericTypeArguments, Type[] genericMethodArguments)
   at System.Reflection.CustomAttribute.FilterCustomAttributeRecord(CustomAttributeRecord caRecord, MetadataImport scope, Assembly&amp; lastAptcaOkAssembly, RuntimeModule decoratedModule, MetadataToken decoratedToken, RuntimeType attributeFilterType, Boolean mustBeInheritable, Object[] attributes, IList derivedAttributes, RuntimeType&amp; attributeType, IRuntimeMethodInfo&amp; ctor, Boolean&amp; ctorHasParameters, Boolean&amp; isVarArg)
   at System.Reflection.CustomAttribute.IsCustomAttributeDefined(RuntimeModule decoratedModule, Int32 decoratedMetadataToken, RuntimeType attributeFilterType, Boolean mustBeInheritable)
   at System.Reflection.CustomAttribute.IsDefined(RuntimeType type, RuntimeType caType, Boolean inherit)
   at System.RuntimeType.IsDefined(Type attributeType, Boolean inherit)
   at Microsoft.VisualStudio.TestTools.TestTypes.Unit.UnitTestExecuter.GetAssemblyInfo(Assembly assembly)
   at Microsoft.VisualStudio.TestTools.TestTypes.Unit.UnitTestExecuter.GetTypeInfo(Type type, Boolean checkAlreadyExaminedType)
   at Microsoft.VisualStudio.TestTools.TestTypes.Unit.UnitTestExecuter.ResolveMethods()
   at Microsoft.VisualStudio.TestTools.TestTypes.Unit.UnitTestExecuter.Initialize(UnitTestResult result, UnitTestRunner runner, ConsoleOutputRedirector redirector)
   at Microsoft.VisualStudio.TestTools.TestTypes.Unit.UnitTestRunner.Run(UnitTestElement test, ITestContext testContext, Boolean isLoadTest, Boolean useMultipleCpus)

WRN: Assembly binding logging is turned OFF.
To enable assembly bind failure logging, set the registry value [HKLM\Software\Microsoft\Fusion!EnableLog] (DWORD) to 1.
Note: There is some performance penalty associated with assembly bind failure logging.
To turn this feature off, remove the registry value [HKLM\Software\Microsoft\Fusion!EnableLog].

W, 2224, 52, 2011/12/24, 12:19:12.518, MATT-PC\QTAgent32.exe, Getting custom attributes for type System.RuntimeType threw exception (will ignore and use the reflection way): System.IO.FileLoadException: Could not load file or assembly 'Facebook.Web.Mvc, Version=5.3.2.0, Culture=neutral, PublicKeyToken=58cb4f2111d1e6de' or one of its dependencies. The located assembly's manifest definition does not match the assembly reference. (Exception from HRESULT: 0x80131040)
File name: 'Facebook.Web.Mvc, Version=5.3.2.0, Culture=neutral, PublicKeyToken=58cb4f2111d1e6de'
   at System.ModuleHandle.ResolveType(RuntimeModule module, Int32 typeToken, IntPtr* typeInstArgs, Int32 typeInstCount, IntPtr* methodInstArgs, Int32 methodInstCount, ObjectHandleOnStack type)
   at System.ModuleHandle.ResolveTypeHandleInternal(RuntimeModule module, Int32 typeToken, RuntimeTypeHandle[] typeInstantiationContext, RuntimeTypeHandle[] methodInstantiationContext)
   at System.Reflection.RuntimeModule.ResolveType(Int32 metadataToken, Type[] genericTypeArguments, Type[] genericMethodArguments)
   at System.Reflection.CustomAttribute.FilterCustomAttributeRecord(CustomAttributeRecord caRecord, MetadataImport scope, Assembly&amp; lastAptcaOkAssembly, RuntimeModule decoratedModule, MetadataToken decoratedToken, RuntimeType attributeFilterType, Boolean mustBeInheritable, Object[] attributes, IList derivedAttributes, RuntimeType&amp; attributeType, IRuntimeMethodInfo&amp; ctor, Boolean&amp; ctorHasParameters, Boolean&amp; isVarArg)
   at System.Reflection.CustomAttribute.GetCustomAttributes(RuntimeModule decoratedModule, Int32 decoratedMetadataToken, Int32 pcaCount, RuntimeType attributeFilterType, Boolean mustBeInheritable, IList derivedAttributes, Boolean isDecoratedTargetSecurityTransparent)
   at System.Reflection.CustomAttribute.GetCustomAttributes(RuntimeType type, RuntimeType caType, Boolean inherit)
   at System.RuntimeType.GetCustomAttributes(Boolean inherit)
   at Microsoft.VisualStudio.TestTools.Common.ReflectHelper.GetAttributes(MemberInfo info, Boolean bInherit)

WRN: Assembly binding logging is turned OFF.
To enable assembly bind failure logging, set the registry value [HKLM\Software\Microsoft\Fusion!EnableLog] (DWORD) to 1.
Note: There is some performance penalty associated with assembly bind failure logging.
To turn this feature off, remove the registry value [HKLM\Software\Microsoft\Fusion!EnableLog].

E, 2224, 52, 2011/12/24, 12:19:12.519, MATT-PC\QTAgent32.exe, Unit Test Executor threw an exception. Most likely the test run was aborted by the user or the framework:System.IO.FileLoadException: Could not load file or assembly 'Facebook.Web.Mvc, Version=5.3.2.0, Culture=neutral, PublicKeyToken=58cb4f2111d1e6de' or one of its dependencies. The located assembly's manifest definition does not match the assembly reference. (Exception from HRESULT: 0x80131040)
File name: 'Facebook.Web.Mvc, Version=5.3.2.0, Culture=neutral, PublicKeyToken=58cb4f2111d1e6de'
   at System.ModuleHandle.ResolveType(RuntimeModule module, Int32 typeToken, IntPtr* typeInstArgs, Int32 typeInstCount, IntPtr* methodInstArgs, Int32 methodInstCount, ObjectHandleOnStack type)
   at System.ModuleHandle.ResolveTypeHandleInternal(RuntimeModule module, Int32 typeToken, RuntimeTypeHandle[] typeInstantiationContext, RuntimeTypeHandle[] methodInstantiationContext)
   at System.Reflection.RuntimeModule.ResolveType(Int32 metadataToken, Type[] genericTypeArguments, Type[] genericMethodArguments)
   at System.Reflection.CustomAttribute.FilterCustomAttributeRecord(CustomAttributeRecord caRecord, MetadataImport scope, Assembly&amp; lastAptcaOkAssembly, RuntimeModule decoratedModule, MetadataToken decoratedToken, RuntimeType attributeFilterType, Boolean mustBeInheritable, Object[] attributes, IList derivedAttributes, RuntimeType&amp; attributeType, IRuntimeMethodInfo&amp; ctor, Boolean&amp; ctorHasParameters, Boolean&amp; isVarArg)
   at System.Reflection.CustomAttribute.IsCustomAttributeDefined(RuntimeModule decoratedModule, Int32 decoratedMetadataToken, RuntimeType attributeFilterType, Boolean mustBeInheritable)
   at System.Reflection.CustomAttribute.IsDefined(RuntimeType type, RuntimeType caType, Boolean inherit)
   at System.RuntimeType.IsDefined(Type attributeType, Boolean inherit)
   at Microsoft.VisualStudio.TestTools.TestTypes.Unit.UnitTestExecuter.GetAssemblyInfo(Assembly assembly)
   at Microsoft.VisualStudio.TestTools.TestTypes.Unit.UnitTestExecuter.GetTypeInfo(Type type, Boolean checkAlreadyExaminedType)
   at Microsoft.VisualStudio.TestTools.TestTypes.Unit.UnitTestExecuter.ResolveMethods()
   at Microsoft.VisualStudio.TestTools.TestTypes.Unit.UnitTestExecuter.Initialize(UnitTestResult result, UnitTestRunner runner, ConsoleOutputRedirector redirector)

WRN: Assembly binding logging is turned OFF.
To enable assembly bind failure logging, set the registry value [HKLM\Software\Microsoft\Fusion!EnableLog] (DWORD) to 1.
Note: There is some performance penalty associated with assembly bind failure logging.
To turn this feature off, remove the registry value [HKLM\Software\Microsoft\Fusion!EnableLog].

E, 2224, 52, 2011/12/24, 12:19:12.519, MATT-PC\QTAgent32.exe, Unit Test Adapter threw exception: System.IO.FileLoadException: Could not load file or assembly 'Facebook.Web.Mvc, Version=5.3.2.0, Culture=neutral, PublicKeyToken=58cb4f2111d1e6de' or one of its dependencies. The located assembly's manifest definition does not match the assembly reference. (Exception from HRESULT: 0x80131040)
File name: 'Facebook.Web.Mvc, Version=5.3.2.0, Culture=neutral, PublicKeyToken=58cb4f2111d1e6de'
   at System.ModuleHandle.ResolveType(RuntimeModule module, Int32 typeToken, IntPtr* typeInstArgs, Int32 typeInstCount, IntPtr* methodInstArgs, Int32 methodInstCount, ObjectHandleOnStack type)
   at System.ModuleHandle.ResolveTypeHandleInternal(RuntimeModule module, Int32 typeToken, RuntimeTypeHandle[] typeInstantiationContext, RuntimeTypeHandle[] methodInstantiationContext)
   at System.Reflection.RuntimeModule.ResolveType(Int32 metadataToken, Type[] genericTypeArguments, Type[] genericMethodArguments)
   at System.Reflection.CustomAttribute.FilterCustomAttributeRecord(CustomAttributeRecord caRecord, MetadataImport scope, Assembly&amp; lastAptcaOkAssembly, RuntimeModule decoratedModule, MetadataToken decoratedToken, RuntimeType attributeFilterType, Boolean mustBeInheritable, Object[] attributes, IList derivedAttributes, RuntimeType&amp; attributeType, IRuntimeMethodInfo&amp; ctor, Boolean&amp; ctorHasParameters, Boolean&amp; isVarArg)
   at System.Reflection.CustomAttribute.IsCustomAttributeDefined(RuntimeModule decoratedModule, Int32 decoratedMetadataToken, RuntimeType attributeFilterType, Boolean mustBeInheritable)
   at System.Reflection.CustomAttribute.IsDefined(RuntimeType type, RuntimeType caType, Boolean inherit)
   at System.RuntimeType.IsDefined(Type attributeType, Boolean inherit)
   at Microsoft.VisualStudio.TestTools.TestTypes.Unit.UnitTestExecuter.GetAssemblyInfo(Assembly assembly)
   at Microsoft.VisualStudio.TestTools.TestTypes.Unit.UnitTestExecuter.GetTypeInfo(Type type, Boolean checkAlreadyExaminedType)
   at Microsoft.VisualStudio.TestTools.TestTypes.Unit.UnitTestExecuter.ResolveMethods()
   at Microsoft.VisualStudio.TestTools.TestTypes.Unit.UnitTestExecuter.Initialize(UnitTestResult result, UnitTestRunner runner, ConsoleOutputRedirector redirector)
   at Microsoft.VisualStudio.TestTools.TestTypes.Unit.UnitTestRunner.Run(UnitTestElement test, ITestContext testContext, Boolean isLoadTest, Boolean useMultipleCpus)

WRN: Assembly binding logging is turned OFF.
To enable assembly bind failure logging, set the registry value [HKLM\Software\Microsoft\Fusion!EnableLog] (DWORD) to 1.
Note: There is some performance penalty associated with assembly bind failure logging.
To turn this feature off, remove the registry value [HKLM\Software\Microsoft\Fusion!EnableLog].

W, 2224, 54, 2011/12/24, 12:19:12.530, MATT-PC\QTAgent32.exe, Getting custom attributes for type System.RuntimeType threw exception (will ignore and use the reflection way): System.IO.FileLoadException: Could not load file or assembly 'Facebook.Web.Mvc, Version=5.3.2.0, Culture=neutral, PublicKeyToken=58cb4f2111d1e6de' or one of its dependencies. The located assembly's manifest definition does not match the assembly reference. (Exception from HRESULT: 0x80131040)
File name: 'Facebook.Web.Mvc, Version=5.3.2.0, Culture=neutral, PublicKeyToken=58cb4f2111d1e6de'
   at System.ModuleHandle.ResolveType(RuntimeModule module, Int32 typeToken, IntPtr* typeInstArgs, Int32 typeInstCount, IntPtr* methodInstArgs, Int32 methodInstCount, ObjectHandleOnStack type)
   at System.ModuleHandle.ResolveTypeHandleInternal(RuntimeModule module, Int32 typeToken, RuntimeTypeHandle[] typeInstantiationContext, RuntimeTypeHandle[] methodInstantiationContext)
   at System.Reflection.RuntimeModule.ResolveType(Int32 metadataToken, Type[] genericTypeArguments, Type[] genericMethodArguments)
   at System.Reflection.CustomAttribute.FilterCustomAttributeRecord(CustomAttributeRecord caRecord, MetadataImport scope, Assembly&amp; lastAptcaOkAssembly, RuntimeModule decoratedModule, MetadataToken decoratedToken, RuntimeType attributeFilterType, Boolean mustBeInheritable, Object[] attributes, IList derivedAttributes, RuntimeType&amp; attributeType, IRuntimeMethodInfo&amp; ctor, Boolean&amp; ctorHasParameters, Boolean&amp; isVarArg)
   at System.Reflection.CustomAttribute.GetCustomAttributes(RuntimeModule decoratedModule, Int32 decoratedMetadataToken, Int32 pcaCount, RuntimeType attributeFilterType, Boolean mustBeInheritable, IList derivedAttributes, Boolean isDecoratedTargetSecurityTransparent)
   at System.Reflection.CustomAttribute.GetCustomAttributes(RuntimeType type, RuntimeType caType, Boolean inherit)
   at System.RuntimeType.GetCustomAttributes(Boolean inherit)
   at Microsoft.VisualStudio.TestTools.Common.ReflectHelper.GetAttributes(MemberInfo info, Boolean bInherit)

WRN: Assembly binding logging is turned OFF.
To enable assembly bind failure logging, set the registry value [HKLM\Software\Microsoft\Fusion!EnableLog] (DWORD) to 1.
Note: There is some performance penalty associated with assembly bind failure logging.
To turn this feature off, remove the registry value [HKLM\Software\Microsoft\Fusion!EnableLog].

E, 2224, 54, 2011/12/24, 12:19:12.531, MATT-PC\QTAgent32.exe, Unit Test Executor threw an exception. Most likely the test run was aborted by the user or the framework:System.IO.FileLoadException: Could not load file or assembly 'Facebook.Web.Mvc, Version=5.3.2.0, Culture=neutral, PublicKeyToken=58cb4f2111d1e6de' or one of its dependencies. The located assembly's manifest definition does not match the assembly reference. (Exception from HRESULT: 0x80131040)
File name: 'Facebook.Web.Mvc, Version=5.3.2.0, Culture=neutral, PublicKeyToken=58cb4f2111d1e6de'
   at System.ModuleHandle.ResolveType(RuntimeModule module, Int32 typeToken, IntPtr* typeInstArgs, Int32 typeInstCount, IntPtr* methodInstArgs, Int32 methodInstCount, ObjectHandleOnStack type)
   at System.ModuleHandle.ResolveTypeHandleInternal(RuntimeModule module, Int32 typeToken, RuntimeTypeHandle[] typeInstantiationContext, RuntimeTypeHandle[] methodInstantiationContext)
   at System.Reflection.RuntimeModule.ResolveType(Int32 metadataToken, Type[] genericTypeArguments, Type[] genericMethodArguments)
   at System.Reflection.CustomAttribute.FilterCustomAttributeRecord(CustomAttributeRecord caRecord, MetadataImport scope, Assembly&amp; lastAptcaOkAssembly, RuntimeModule decoratedModule, MetadataToken decoratedToken, RuntimeType attributeFilterType, Boolean mustBeInheritable, Object[] attributes, IList derivedAttributes, RuntimeType&amp; attributeType, IRuntimeMethodInfo&amp; ctor, Boolean&amp; ctorHasParameters, Boolean&amp; isVarArg)
   at System.Reflection.CustomAttribute.IsCustomAttributeDefined(RuntimeModule decoratedModule, Int32 decoratedMetadataToken, RuntimeType attributeFilterType, Boolean mustBeInheritable)
   at System.Reflection.CustomAttribute.IsDefined(RuntimeType type, RuntimeType caType, Boolean inherit)
   at System.RuntimeType.IsDefined(Type attributeType, Boolean inherit)
   at Microsoft.VisualStudio.TestTools.TestTypes.Unit.UnitTestExecuter.GetAssemblyInfo(Assembly assembly)
   at Microsoft.VisualStudio.TestTools.TestTypes.Unit.UnitTestExecuter.GetTypeInfo(Type type, Boolean checkAlreadyExaminedType)
   at Microsoft.VisualStudio.TestTools.TestTypes.Unit.UnitTestExecuter.ResolveMethods()
   at Microsoft.VisualStudio.TestTools.TestTypes.Unit.UnitTestExecuter.Initialize(UnitTestResult result, UnitTestRunner runner, ConsoleOutputRedirector redirector)

WRN: Assembly binding logging is turned OFF.
To enable assembly bind failure logging, set the registry value [HKLM\Software\Microsoft\Fusion!EnableLog] (DWORD) to 1.
Note: There is some performance penalty associated with assembly bind failure logging.
To turn this feature off, remove the registry value [HKLM\Software\Microsoft\Fusion!EnableLog].

E, 2224, 54, 2011/12/24, 12:19:12.532, MATT-PC\QTAgent32.exe, Unit Test Adapter threw exception: System.IO.FileLoadException: Could not load file or assembly 'Facebook.Web.Mvc, Version=5.3.2.0, Culture=neutral, PublicKeyToken=58cb4f2111d1e6de' or one of its dependencies. The located assembly's manifest definition does not match the assembly reference. (Exception from HRESULT: 0x80131040)
File name: 'Facebook.Web.Mvc, Version=5.3.2.0, Culture=neutral, PublicKeyToken=58cb4f2111d1e6de'
   at System.ModuleHandle.ResolveType(RuntimeModule module, Int32 typeToken, IntPtr* typeInstArgs, Int32 typeInstCount, IntPtr* methodInstArgs, Int32 methodInstCount, ObjectHandleOnStack type)
   at System.ModuleHandle.ResolveTypeHandleInternal(RuntimeModule module, Int32 typeToken, RuntimeTypeHandle[] typeInstantiationContext, RuntimeTypeHandle[] methodInstantiationContext)
   at System.Reflection.RuntimeModule.ResolveType(Int32 metadataToken, Type[] genericTypeArguments, Type[] genericMethodArguments)
   at System.Reflection.CustomAttribute.FilterCustomAttributeRecord(CustomAttributeRecord caRecord, MetadataImport scope, Assembly&amp; lastAptcaOkAssembly, RuntimeModule decoratedModule, MetadataToken decoratedToken, RuntimeType attributeFilterType, Boolean mustBeInheritable, Object[] attributes, IList derivedAttributes, RuntimeType&amp; attributeType, IRuntimeMethodInfo&amp; ctor, Boolean&amp; ctorHasParameters, Boolean&amp; isVarArg)
   at System.Reflection.CustomAttribute.IsCustomAttributeDefined(RuntimeModule decoratedModule, Int32 decoratedMetadataToken, RuntimeType attributeFilterType, Boolean mustBeInheritable)
   at System.Reflection.CustomAttribute.IsDefined(RuntimeType type, RuntimeType caType, Boolean inherit)
   at System.RuntimeType.IsDefined(Type attributeType, Boolean inherit)
   at Microsoft.VisualStudio.TestTools.TestTypes.Unit.UnitTestExecuter.GetAssemblyInfo(Assembly assembly)
   at Microsoft.VisualStudio.TestTools.TestTypes.Unit.UnitTestExecuter.GetTypeInfo(Type type, Boolean checkAlreadyExaminedType)
   at Microsoft.VisualStudio.TestTools.TestTypes.Unit.UnitTestExecuter.ResolveMethods()
   at Microsoft.VisualStudio.TestTools.TestTypes.Unit.UnitTestExecuter.Initialize(UnitTestResult result, UnitTestRunner runner, ConsoleOutputRedirector redirector)
   at Microsoft.VisualStudio.TestTools.TestTypes.Unit.UnitTestRunner.Run(UnitTestElement test, ITestContext testContext, Boolean isLoadTest, Boolean useMultipleCpus)

WRN: Assembly binding logging is turned OFF.
To enable assembly bind failure logging, set the registry value [HKLM\Software\Microsoft\Fusion!EnableLog] (DWORD) to 1.
Note: There is some performance penalty associated with assembly bind failure logging.
To turn this feature off, remove the registry value [HKLM\Software\Microsoft\Fusion!EnableLog].

W, 2224, 56, 2011/12/24, 12:19:12.543, MATT-PC\QTAgent32.exe, Getting custom attributes for type System.RuntimeType threw exception (will ignore and use the reflection way): System.IO.FileLoadException: Could not load file or assembly 'Facebook.Web.Mvc, Version=5.3.2.0, Culture=neutral, PublicKeyToken=58cb4f2111d1e6de' or one of its dependencies. The located assembly's manifest definition does not match the assembly reference. (Exception from HRESULT: 0x80131040)
File name: 'Facebook.Web.Mvc, Version=5.3.2.0, Culture=neutral, PublicKeyToken=58cb4f2111d1e6de'
   at System.ModuleHandle.ResolveType(RuntimeModule module, Int32 typeToken, IntPtr* typeInstArgs, Int32 typeInstCount, IntPtr* methodInstArgs, Int32 methodInstCount, ObjectHandleOnStack type)
   at System.ModuleHandle.ResolveTypeHandleInternal(RuntimeModule module, Int32 typeToken, RuntimeTypeHandle[] typeInstantiationContext, RuntimeTypeHandle[] methodInstantiationContext)
   at System.Reflection.RuntimeModule.ResolveType(Int32 metadataToken, Type[] genericTypeArguments, Type[] genericMethodArguments)
   at System.Reflection.CustomAttribute.FilterCustomAttributeRecord(CustomAttributeRecord caRecord, MetadataImport scope, Assembly&amp; lastAptcaOkAssembly, RuntimeModule decoratedModule, MetadataToken decoratedToken, RuntimeType attributeFilterType, Boolean mustBeInheritable, Object[] attributes, IList derivedAttributes, RuntimeType&amp; attributeType, IRuntimeMethodInfo&amp; ctor, Boolean&amp; ctorHasParameters, Boolean&amp; isVarArg)
   at System.Reflection.CustomAttribute.GetCustomAttributes(RuntimeModule decoratedModule, Int32 decoratedMetadataToken, Int32 pcaCount, RuntimeType attributeFilterType, Boolean mustBeInheritable, IList derivedAttributes, Boolean isDecoratedTargetSecurityTransparent)
   at System.Reflection.CustomAttribute.GetCustomAttributes(RuntimeType type, RuntimeType caType, Boolean inherit)
   at System.RuntimeType.GetCustomAttributes(Boolean inherit)
   at Microsoft.VisualStudio.TestTools.Common.ReflectHelper.GetAttributes(MemberInfo info, Boolean bInherit)

WRN: Assembly binding logging is turned OFF.
To enable assembly bind failure logging, set the registry value [HKLM\Software\Microsoft\Fusion!EnableLog] (DWORD) to 1.
Note: There is some performance penalty associated with assembly bind failure logging.
To turn this feature off, remove the registry value [HKLM\Software\Microsoft\Fusion!EnableLog].

E, 2224, 56, 2011/12/24, 12:19:12.545, MATT-PC\QTAgent32.exe, Unit Test Executor threw an exception. Most likely the test run was aborted by the user or the framework:System.IO.FileLoadException: Could not load file or assembly 'Facebook.Web.Mvc, Version=5.3.2.0, Culture=neutral, PublicKeyToken=58cb4f2111d1e6de' or one of its dependencies. The located assembly's manifest definition does not match the assembly reference. (Exception from HRESULT: 0x80131040)
File name: 'Facebook.Web.Mvc, Version=5.3.2.0, Culture=neutral, PublicKeyToken=58cb4f2111d1e6de'
   at System.ModuleHandle.ResolveType(RuntimeModule module, Int32 typeToken, IntPtr* typeInstArgs, Int32 typeInstCount, IntPtr* methodInstArgs, Int32 methodInstCount, ObjectHandleOnStack type)
   at System.ModuleHandle.ResolveTypeHandleInternal(RuntimeModule module, Int32 typeToken, RuntimeTypeHandle[] typeInstantiationContext, RuntimeTypeHandle[] methodInstantiationContext)
   at System.Reflection.RuntimeModule.ResolveType(Int32 metadataToken, Type[] genericTypeArguments, Type[] genericMethodArguments)
   at System.Reflection.CustomAttribute.FilterCustomAttributeRecord(CustomAttributeRecord caRecord, MetadataImport scope, Assembly&amp; lastAptcaOkAssembly, RuntimeModule decoratedModule, MetadataToken decoratedToken, RuntimeType attributeFilterType, Boolean mustBeInheritable, Object[] attributes, IList derivedAttributes, RuntimeType&amp; attributeType, IRuntimeMethodInfo&amp; ctor, Boolean&amp; ctorHasParameters, Boolean&amp; isVarArg)
   at System.Reflection.CustomAttribute.IsCustomAttributeDefined(RuntimeModule decoratedModule, Int32 decoratedMetadataToken, RuntimeType attributeFilterType, Boolean mustBeInheritable)
   at System.Reflection.CustomAttribute.IsDefined(RuntimeType type, RuntimeType caType, Boolean inherit)
   at System.RuntimeType.IsDefined(Type attributeType, Boolean inherit)
   at Microsoft.VisualStudio.TestTools.TestTypes.Unit.UnitTestExecuter.GetAssemblyInfo(Assembly assembly)
   at Microsoft.VisualStudio.TestTools.TestTypes.Unit.UnitTestExecuter.GetTypeInfo(Type type, Boolean checkAlreadyExaminedType)
   at Microsoft.VisualStudio.TestTools.TestTypes.Unit.UnitTestExecuter.ResolveMethods()
   at Microsoft.VisualStudio.TestTools.TestTypes.Unit.UnitTestExecuter.Initialize(UnitTestResult result, UnitTestRunner runner, ConsoleOutputRedirector redirector)

WRN: Assembly binding logging is turned OFF.
To enable assembly bind failure logging, set the registry value [HKLM\Software\Microsoft\Fusion!EnableLog] (DWORD) to 1.
Note: There is some performance penalty associated with assembly bind failure logging.
To turn this feature off, remove the registry value [HKLM\Software\Microsoft\Fusion!EnableLog].

E, 2224, 56, 2011/12/24, 12:19:12.545, MATT-PC\QTAgent32.exe, Unit Test Adapter threw exception: System.IO.FileLoadException: Could not load file or assembly 'Facebook.Web.Mvc, Version=5.3.2.0, Culture=neutral, PublicKeyToken=58cb4f2111d1e6de' or one of its dependencies. The located assembly's manifest definition does not match the assembly reference. (Exception from HRESULT: 0x80131040)
File name: 'Facebook.Web.Mvc, Version=5.3.2.0, Culture=neutral, PublicKeyToken=58cb4f2111d1e6de'
   at System.ModuleHandle.ResolveType(RuntimeModule module, Int32 typeToken, IntPtr* typeInstArgs, Int32 typeInstCount, IntPtr* methodInstArgs, Int32 methodInstCount, ObjectHandleOnStack type)
   at System.ModuleHandle.ResolveTypeHandleInternal(RuntimeModule module, Int32 typeToken, RuntimeTypeHandle[] typeInstantiationContext, RuntimeTypeHandle[] methodInstantiationContext)
   at System.Reflection.RuntimeModule.ResolveType(Int32 metadataToken, Type[] genericTypeArguments, Type[] genericMethodArguments)
   at System.Reflection.CustomAttribute.FilterCustomAttributeRecord(CustomAttributeRecord caRecord, MetadataImport scope, Assembly&amp; lastAptcaOkAssembly, RuntimeModule decoratedModule, MetadataToken decoratedToken, RuntimeType attributeFilterType, Boolean mustBeInheritable, Object[] attributes, IList derivedAttributes, RuntimeType&amp; attributeType, IRuntimeMethodInfo&amp; ctor, Boolean&amp; ctorHasParameters, Boolean&amp; isVarArg)
   at System.Reflection.CustomAttribute.IsCustomAttributeDefined(RuntimeModule decoratedModule, Int32 decoratedMetadataToken, RuntimeType attributeFilterType, Boolean mustBeInheritable)
   at System.Reflection.CustomAttribute.IsDefined(RuntimeType type, RuntimeType caType, Boolean inherit)
   at System.RuntimeType.IsDefined(Type attributeType, Boolean inherit)
   at Microsoft.VisualStudio.TestTools.TestTypes.Unit.UnitTestExecuter.GetAssemblyInfo(Assembly assembly)
   at Microsoft.VisualStudio.TestTools.TestTypes.Unit.UnitTestExecuter.GetTypeInfo(Type type, Boolean checkAlreadyExaminedType)
   at Microsoft.VisualStudio.TestTools.TestTypes.Unit.UnitTestExecuter.ResolveMethods()
   at Microsoft.VisualStudio.TestTools.TestTypes.Unit.UnitTestExecuter.Initialize(UnitTestResult result, UnitTestRunner runner, ConsoleOutputRedirector redirector)
   at Microsoft.VisualStudio.TestTools.TestTypes.Unit.UnitTestRunner.Run(UnitTestElement test, ITestContext testContext, Boolean isLoadTest, Boolean useMultipleCpus)

WRN: Assembly binding logging is turned OFF.
To enable assembly bind failure logging, set the registry value [HKLM\Software\Microsoft\Fusion!EnableLog] (DWORD) to 1.
Note: There is some performance penalty associated with assembly bind failure logging.
To turn this feature off, remove the registry value [HKLM\Software\Microsoft\Fusion!EnableLog].

W, 2224, 38, 2011/12/24, 12:19:12.557, MATT-PC\QTAgent32.exe, Getting custom attributes for type System.RuntimeType threw exception (will ignore and use the reflection way): System.IO.FileLoadException: Could not load file or assembly 'Facebook.Web.Mvc, Version=5.3.2.0, Culture=neutral, PublicKeyToken=58cb4f2111d1e6de' or one of its dependencies. The located assembly's manifest definition does not match the assembly reference. (Exception from HRESULT: 0x80131040)
File name: 'Facebook.Web.Mvc, Version=5.3.2.0, Culture=neutral, PublicKeyToken=58cb4f2111d1e6de'
   at System.ModuleHandle.ResolveType(RuntimeModule module, Int32 typeToken, IntPtr* typeInstArgs, Int32 typeInstCount, IntPtr* methodInstArgs, Int32 methodInstCount, ObjectHandleOnStack type)
   at System.ModuleHandle.ResolveTypeHandleInternal(RuntimeModule module, Int32 typeToken, RuntimeTypeHandle[] typeInstantiationContext, RuntimeTypeHandle[] methodInstantiationContext)
   at System.Reflection.RuntimeModule.ResolveType(Int32 metadataToken, Type[] genericTypeArguments, Type[] genericMethodArguments)
   at System.Reflection.CustomAttribute.FilterCustomAttributeRecord(CustomAttributeRecord caRecord, MetadataImport scope, Assembly&amp; lastAptcaOkAssembly, RuntimeModule decoratedModule, MetadataToken decoratedToken, RuntimeType attributeFilterType, Boolean mustBeInheritable, Object[] attributes, IList derivedAttributes, RuntimeType&amp; attributeType, IRuntimeMethodInfo&amp; ctor, Boolean&amp; ctorHasParameters, Boolean&amp; isVarArg)
   at System.Reflection.CustomAttribute.GetCustomAttributes(RuntimeModule decoratedModule, Int32 decoratedMetadataToken, Int32 pcaCount, RuntimeType attributeFilterType, Boolean mustBeInheritable, IList derivedAttributes, Boolean isDecoratedTargetSecurityTransparent)
   at System.Reflection.CustomAttribute.GetCustomAttributes(RuntimeType type, RuntimeType caType, Boolean inherit)
   at System.RuntimeType.GetCustomAttributes(Boolean inherit)
   at Microsoft.VisualStudio.TestTools.Common.ReflectHelper.GetAttributes(MemberInfo info, Boolean bInherit)

WRN: Assembly binding logging is turned OFF.
To enable assembly bind failure logging, set the registry value [HKLM\Software\Microsoft\Fusion!EnableLog] (DWORD) to 1.
Note: There is some performance penalty associated with assembly bind failure logging.
To turn this feature off, remove the registry value [HKLM\Software\Microsoft\Fusion!EnableLog].

E, 2224, 38, 2011/12/24, 12:19:12.558, MATT-PC\QTAgent32.exe, Unit Test Executor threw an exception. Most likely the test run was aborted by the user or the framework:System.IO.FileLoadException: Could not load file or assembly 'Facebook.Web.Mvc, Version=5.3.2.0, Culture=neutral, PublicKeyToken=58cb4f2111d1e6de' or one of its dependencies. The located assembly's manifest definition does not match the assembly reference. (Exception from HRESULT: 0x80131040)
File name: 'Facebook.Web.Mvc, Version=5.3.2.0, Culture=neutral, PublicKeyToken=58cb4f2111d1e6de'
   at System.ModuleHandle.ResolveType(RuntimeModule module, Int32 typeToken, IntPtr* typeInstArgs, Int32 typeInstCount, IntPtr* methodInstArgs, Int32 methodInstCount, ObjectHandleOnStack type)
   at System.ModuleHandle.ResolveTypeHandleInternal(RuntimeModule module, Int32 typeToken, RuntimeTypeHandle[] typeInstantiationContext, RuntimeTypeHandle[] methodInstantiationContext)
   at System.Reflection.RuntimeModule.ResolveType(Int32 metadataToken, Type[] genericTypeArguments, Type[] genericMethodArguments)
   at System.Reflection.CustomAttribute.FilterCustomAttributeRecord(CustomAttributeRecord caRecord, MetadataImport scope, Assembly&amp; lastAptcaOkAssembly, RuntimeModule decoratedModule, MetadataToken decoratedToken, RuntimeType attributeFilterType, Boolean mustBeInheritable, Object[] attributes, IList derivedAttributes, RuntimeType&amp; attributeType, IRuntimeMethodInfo&amp; ctor, Boolean&amp; ctorHasParameters, Boolean&amp; isVarArg)
   at System.Reflection.CustomAttribute.IsCustomAttributeDefined(RuntimeModule decoratedModule, Int32 decoratedMetadataToken, RuntimeType attributeFilterType, Boolean mustBeInheritable)
   at System.Reflection.CustomAttribute.IsDefined(RuntimeType type, RuntimeType caType, Boolean inherit)
   at System.RuntimeType.IsDefined(Type attributeType, Boolean inherit)
   at Microsoft.VisualStudio.TestTools.TestTypes.Unit.UnitTestExecuter.GetAssemblyInfo(Assembly assembly)
   at Microsoft.VisualStudio.TestTools.TestTypes.Unit.UnitTestExecuter.GetTypeInfo(Type type, Boolean checkAlreadyExaminedType)
   at Microsoft.VisualStudio.TestTools.TestTypes.Unit.UnitTestExecuter.ResolveMethods()
   at Microsoft.VisualStudio.TestTools.TestTypes.Unit.UnitTestExecuter.Initialize(UnitTestResult result, UnitTestRunner runner, ConsoleOutputRedirector redirector)

WRN: Assembly binding logging is turned OFF.
To enable assembly bind failure logging, set the registry value [HKLM\Software\Microsoft\Fusion!EnableLog] (DWORD) to 1.
Note: There is some performance penalty associated with assembly bind failure logging.
To turn this feature off, remove the registry value [HKLM\Software\Microsoft\Fusion!EnableLog].

E, 2224, 38, 2011/12/24, 12:19:12.559, MATT-PC\QTAgent32.exe, Unit Test Adapter threw exception: System.IO.FileLoadException: Could not load file or assembly 'Facebook.Web.Mvc, Version=5.3.2.0, Culture=neutral, PublicKeyToken=58cb4f2111d1e6de' or one of its dependencies. The located assembly's manifest definition does not match the assembly reference. (Exception from HRESULT: 0x80131040)
File name: 'Facebook.Web.Mvc, Version=5.3.2.0, Culture=neutral, PublicKeyToken=58cb4f2111d1e6de'
   at System.ModuleHandle.ResolveType(RuntimeModule module, Int32 typeToken, IntPtr* typeInstArgs, Int32 typeInstCount, IntPtr* methodInstArgs, Int32 methodInstCount, ObjectHandleOnStack type)
   at System.ModuleHandle.ResolveTypeHandleInternal(RuntimeModule module, Int32 typeToken, RuntimeTypeHandle[] typeInstantiationContext, RuntimeTypeHandle[] methodInstantiationContext)
   at System.Reflection.RuntimeModule.ResolveType(Int32 metadataToken, Type[] genericTypeArguments, Type[] genericMethodArguments)
   at System.Reflection.CustomAttribute.FilterCustomAttributeRecord(CustomAttributeRecord caRecord, MetadataImport scope, Assembly&amp; lastAptcaOkAssembly, RuntimeModule decoratedModule, MetadataToken decoratedToken, RuntimeType attributeFilterType, Boolean mustBeInheritable, Object[] attributes, IList derivedAttributes, RuntimeType&amp; attributeType, IRuntimeMethodInfo&amp; ctor, Boolean&amp; ctorHasParameters, Boolean&amp; isVarArg)
   at System.Reflection.CustomAttribute.IsCustomAttributeDefined(RuntimeModule decoratedModule, Int32 decoratedMetadataToken, RuntimeType attributeFilterType, Boolean mustBeInheritable)
   at System.Reflection.CustomAttribute.IsDefined(RuntimeType type, RuntimeType caType, Boolean inherit)
   at System.RuntimeType.IsDefined(Type attributeType, Boolean inherit)
   at Microsoft.VisualStudio.TestTools.TestTypes.Unit.UnitTestExecuter.GetAssemblyInfo(Assembly assembly)
   at Microsoft.VisualStudio.TestTools.TestTypes.Unit.UnitTestExecuter.GetTypeInfo(Type type, Boolean checkAlreadyExaminedType)
   at Microsoft.VisualStudio.TestTools.TestTypes.Unit.UnitTestExecuter.ResolveMethods()
   at Microsoft.VisualStudio.TestTools.TestTypes.Unit.UnitTestExecuter.Initialize(UnitTestResult result, UnitTestRunner runner, ConsoleOutputRedirector redirector)
   at Microsoft.VisualStudio.TestTools.TestTypes.Unit.UnitTestRunner.Run(UnitTestElement test, ITestContext testContext, Boolean isLoadTest, Boolean useMultipleCpus)

WRN: Assembly binding logging is turned OFF.
To enable assembly bind failure logging, set the registry value [HKLM\Software\Microsoft\Fusion!EnableLog] (DWORD) to 1.
Note: There is some performance penalty associated with assembly bind failure logging.
To turn this feature off, remove the registry value [HKLM\Software\Microsoft\Fusion!EnableLog].

W, 2224, 21, 2011/12/24, 12:19:12.570, MATT-PC\QTAgent32.exe, Getting custom attributes for type System.RuntimeType threw exception (will ignore and use the reflection way): System.IO.FileLoadException: Could not load file or assembly 'Facebook.Web.Mvc, Version=5.3.2.0, Culture=neutral, PublicKeyToken=58cb4f2111d1e6de' or one of its dependencies. The located assembly's manifest definition does not match the assembly reference. (Exception from HRESULT: 0x80131040)
File name: 'Facebook.Web.Mvc, Version=5.3.2.0, Culture=neutral, PublicKeyToken=58cb4f2111d1e6de'
   at System.ModuleHandle.ResolveType(RuntimeModule module, Int32 typeToken, IntPtr* typeInstArgs, Int32 typeInstCount, IntPtr* methodInstArgs, Int32 methodInstCount, ObjectHandleOnStack type)
   at System.ModuleHandle.ResolveTypeHandleInternal(RuntimeModule module, Int32 typeToken, RuntimeTypeHandle[] typeInstantiationContext, RuntimeTypeHandle[] methodInstantiationContext)
   at System.Reflection.RuntimeModule.ResolveType(Int32 metadataToken, Type[] genericTypeArguments, Type[] genericMethodArguments)
   at System.Reflection.CustomAttribute.FilterCustomAttributeRecord(CustomAttributeRecord caRecord, MetadataImport scope, Assembly&amp; lastAptcaOkAssembly, RuntimeModule decoratedModule, MetadataToken decoratedToken, RuntimeType attributeFilterType, Boolean mustBeInheritable, Object[] attributes, IList derivedAttributes, RuntimeType&amp; attributeType, IRuntimeMethodInfo&amp; ctor, Boolean&amp; ctorHasParameters, Boolean&amp; isVarArg)
   at System.Reflection.CustomAttribute.GetCustomAttributes(RuntimeModule decoratedModule, Int32 decoratedMetadataToken, Int32 pcaCount, RuntimeType attributeFilterType, Boolean mustBeInheritable, IList derivedAttributes, Boolean isDecoratedTargetSecurityTransparent)
   at System.Reflection.CustomAttribute.GetCustomAttributes(RuntimeType type, RuntimeType caType, Boolean inherit)
   at System.RuntimeType.GetCustomAttributes(Boolean inherit)
   at Microsoft.VisualStudio.TestTools.Common.ReflectHelper.GetAttributes(MemberInfo info, Boolean bInherit)

WRN: Assembly binding logging is turned OFF.
To enable assembly bind failure logging, set the registry value [HKLM\Software\Microsoft\Fusion!EnableLog] (DWORD) to 1.
Note: There is some performance penalty associated with assembly bind failure logging.
To turn this feature off, remove the registry value [HKLM\Software\Microsoft\Fusion!EnableLog].

E, 2224, 21, 2011/12/24, 12:19:12.571, MATT-PC\QTAgent32.exe, Unit Test Executor threw an exception. Most likely the test run was aborted by the user or the framework:System.IO.FileLoadException: Could not load file or assembly 'Facebook.Web.Mvc, Version=5.3.2.0, Culture=neutral, PublicKeyToken=58cb4f2111d1e6de' or one of its dependencies. The located assembly's manifest definition does not match the assembly reference. (Exception from HRESULT: 0x80131040)
File name: 'Facebook.Web.Mvc, Version=5.3.2.0, Culture=neutral, PublicKeyToken=58cb4f2111d1e6de'
   at System.ModuleHandle.ResolveType(RuntimeModule module, Int32 typeToken, IntPtr* typeInstArgs, Int32 typeInstCount, IntPtr* methodInstArgs, Int32 methodInstCount, ObjectHandleOnStack type)
   at System.ModuleHandle.ResolveTypeHandleInternal(RuntimeModule module, Int32 typeToken, RuntimeTypeHandle[] typeInstantiationContext, RuntimeTypeHandle[] methodInstantiationContext)
   at System.Reflection.RuntimeModule.ResolveType(Int32 metadataToken, Type[] genericTypeArguments, Type[] genericMethodArguments)
   at System.Reflection.CustomAttribute.FilterCustomAttributeRecord(CustomAttributeRecord caRecord, MetadataImport scope, Assembly&amp; lastAptcaOkAssembly, RuntimeModule decoratedModule, MetadataToken decoratedToken, RuntimeType attributeFilterType, Boolean mustBeInheritable, Object[] attributes, IList derivedAttributes, RuntimeType&amp; attributeType, IRuntimeMethodInfo&amp; ctor, Boolean&amp; ctorHasParameters, Boolean&amp; isVarArg)
   at System.Reflection.CustomAttribute.IsCustomAttributeDefined(RuntimeModule decoratedModule, Int32 decoratedMetadataToken, RuntimeType attributeFilterType, Boolean mustBeInheritable)
   at System.Reflection.CustomAttribute.IsDefined(RuntimeType type, RuntimeType caType, Boolean inherit)
   at System.RuntimeType.IsDefined(Type attributeType, Boolean inherit)
   at Microsoft.VisualStudio.TestTools.TestTypes.Unit.UnitTestExecuter.GetAssemblyInfo(Assembly assembly)
   at Microsoft.VisualStudio.TestTools.TestTypes.Unit.UnitTestExecuter.GetTypeInfo(Type type, Boolean checkAlreadyExaminedType)
   at Microsoft.VisualStudio.TestTools.TestTypes.Unit.UnitTestExecuter.ResolveMethods()
   at Microsoft.VisualStudio.TestTools.TestTypes.Unit.UnitTestExecuter.Initialize(UnitTestResult result, UnitTestRunner runner, ConsoleOutputRedirector redirector)

WRN: Assembly binding logging is turned OFF.
To enable assembly bind failure logging, set the registry value [HKLM\Software\Microsoft\Fusion!EnableLog] (DWORD) to 1.
Note: There is some performance penalty associated with assembly bind failure logging.
To turn this feature off, remove the registry value [HKLM\Software\Microsoft\Fusion!EnableLog].

E, 2224, 21, 2011/12/24, 12:19:12.572, MATT-PC\QTAgent32.exe, Unit Test Adapter threw exception: System.IO.FileLoadException: Could not load file or assembly 'Facebook.Web.Mvc, Version=5.3.2.0, Culture=neutral, PublicKeyToken=58cb4f2111d1e6de' or one of its dependencies. The located assembly's manifest definition does not match the assembly reference. (Exception from HRESULT: 0x80131040)
File name: 'Facebook.Web.Mvc, Version=5.3.2.0, Culture=neutral, PublicKeyToken=58cb4f2111d1e6de'
   at System.ModuleHandle.ResolveType(RuntimeModule module, Int32 typeToken, IntPtr* typeInstArgs, Int32 typeInstCount, IntPtr* methodInstArgs, Int32 methodInstCount, ObjectHandleOnStack type)
   at System.ModuleHandle.ResolveTypeHandleInternal(RuntimeModule module, Int32 typeToken, RuntimeTypeHandle[] typeInstantiationContext, RuntimeTypeHandle[] methodInstantiationContext)
   at System.Reflection.RuntimeModule.ResolveType(Int32 metadataToken, Type[] genericTypeArguments, Type[] genericMethodArguments)
   at System.Reflection.CustomAttribute.FilterCustomAttributeRecord(CustomAttributeRecord caRecord, MetadataImport scope, Assembly&amp; lastAptcaOkAssembly, RuntimeModule decoratedModule, MetadataToken decoratedToken, RuntimeType attributeFilterType, Boolean mustBeInheritable, Object[] attributes, IList derivedAttributes, RuntimeType&amp; attributeType, IRuntimeMethodInfo&amp; ctor, Boolean&amp; ctorHasParameters, Boolean&amp; isVarArg)
   at System.Reflection.CustomAttribute.IsCustomAttributeDefined(RuntimeModule decoratedModule, Int32 decoratedMetadataToken, RuntimeType attributeFilterType, Boolean mustBeInheritable)
   at System.Reflection.CustomAttribute.IsDefined(RuntimeType type, RuntimeType caType, Boolean inherit)
   at System.RuntimeType.IsDefined(Type attributeType, Boolean inherit)
   at Microsoft.VisualStudio.TestTools.TestTypes.Unit.UnitTestExecuter.GetAssemblyInfo(Assembly assembly)
   at Microsoft.VisualStudio.TestTools.TestTypes.Unit.UnitTestExecuter.GetTypeInfo(Type type, Boolean checkAlreadyExaminedType)
   at Microsoft.VisualStudio.TestTools.TestTypes.Unit.UnitTestExecuter.ResolveMethods()
   at Microsoft.VisualStudio.TestTools.TestTypes.Unit.UnitTestExecuter.Initialize(UnitTestResult result, UnitTestRunner runner, ConsoleOutputRedirector redirector)
   at Microsoft.VisualStudio.TestTools.TestTypes.Unit.UnitTestRunner.Run(UnitTestElement test, ITestContext testContext, Boolean isLoadTest, Boolean useMultipleCpus)

WRN: Assembly binding logging is turned OFF.
To enable assembly bind failure logging, set the registry value [HKLM\Software\Microsoft\Fusion!EnableLog] (DWORD) to 1.
Note: There is some performance penalty associated with assembly bind failure logging.
To turn this feature off, remove the registry value [HKLM\Software\Microsoft\Fusion!EnableLog].

W, 2224, 31, 2011/12/24, 12:19:12.595, MATT-PC\QTAgent32.exe, Getting custom attributes for type System.RuntimeType threw exception (will ignore and use the reflection way): System.IO.FileLoadException: Could not load file or assembly 'Facebook.Web.Mvc, Version=5.3.2.0, Culture=neutral, PublicKeyToken=58cb4f2111d1e6de' or one of its dependencies. The located assembly's manifest definition does not match the assembly reference. (Exception from HRESULT: 0x80131040)
File name: 'Facebook.Web.Mvc, Version=5.3.2.0, Culture=neutral, PublicKeyToken=58cb4f2111d1e6de'
   at System.ModuleHandle.ResolveType(RuntimeModule module, Int32 typeToken, IntPtr* typeInstArgs, Int32 typeInstCount, IntPtr* methodInstArgs, Int32 methodInstCount, ObjectHandleOnStack type)
   at System.ModuleHandle.ResolveTypeHandleInternal(RuntimeModule module, Int32 typeToken, RuntimeTypeHandle[] typeInstantiationContext, RuntimeTypeHandle[] methodInstantiationContext)
   at System.Reflection.RuntimeModule.ResolveType(Int32 metadataToken, Type[] genericTypeArguments, Type[] genericMethodArguments)
   at System.Reflection.CustomAttribute.FilterCustomAttributeRecord(CustomAttributeRecord caRecord, MetadataImport scope, Assembly&amp; lastAptcaOkAssembly, RuntimeModule decoratedModule, MetadataToken decoratedToken, RuntimeType attributeFilterType, Boolean mustBeInheritable, Object[] attributes, IList derivedAttributes, RuntimeType&amp; attributeType, IRuntimeMethodInfo&amp; ctor, Boolean&amp; ctorHasParameters, Boolean&amp; isVarArg)
   at System.Reflection.CustomAttribute.GetCustomAttributes(RuntimeModule decoratedModule, Int32 decoratedMetadataToken, Int32 pcaCount, RuntimeType attributeFilterType, Boolean mustBeInheritable, IList derivedAttributes, Boolean isDecoratedTargetSecurityTransparent)
   at System.Reflection.CustomAttribute.GetCustomAttributes(RuntimeType type, RuntimeType caType, Boolean inherit)
   at System.RuntimeType.GetCustomAttributes(Boolean inherit)
   at Microsoft.VisualStudio.TestTools.Common.ReflectHelper.GetAttributes(MemberInfo info, Boolean bInherit)

WRN: Assembly binding logging is turned OFF.
To enable assembly bind failure logging, set the registry value [HKLM\Software\Microsoft\Fusion!EnableLog] (DWORD) to 1.
Note: There is some performance penalty associated with assembly bind failure logging.
To turn this feature off, remove the registry value [HKLM\Software\Microsoft\Fusion!EnableLog].

E, 2224, 31, 2011/12/24, 12:19:12.596, MATT-PC\QTAgent32.exe, Unit Test Executor threw an exception. Most likely the test run was aborted by the user or the framework:System.IO.FileLoadException: Could not load file or assembly 'Facebook.Web.Mvc, Version=5.3.2.0, Culture=neutral, PublicKeyToken=58cb4f2111d1e6de' or one of its dependencies. The located assembly's manifest definition does not match the assembly reference. (Exception from HRESULT: 0x80131040)
File name: 'Facebook.Web.Mvc, Version=5.3.2.0, Culture=neutral, PublicKeyToken=58cb4f2111d1e6de'
   at System.ModuleHandle.ResolveType(RuntimeModule module, Int32 typeToken, IntPtr* typeInstArgs, Int32 typeInstCount, IntPtr* methodInstArgs, Int32 methodInstCount, ObjectHandleOnStack type)
   at System.ModuleHandle.ResolveTypeHandleInternal(RuntimeModule module, Int32 typeToken, RuntimeTypeHandle[] typeInstantiationContext, RuntimeTypeHandle[] methodInstantiationContext)
   at System.Reflection.RuntimeModule.ResolveType(Int32 metadataToken, Type[] genericTypeArguments, Type[] genericMethodArguments)
   at System.Reflection.CustomAttribute.FilterCustomAttributeRecord(CustomAttributeRecord caRecord, MetadataImport scope, Assembly&amp; lastAptcaOkAssembly, RuntimeModule decoratedModule, MetadataToken decoratedToken, RuntimeType attributeFilterType, Boolean mustBeInheritable, Object[] attributes, IList derivedAttributes, RuntimeType&amp; attributeType, IRuntimeMethodInfo&amp; ctor, Boolean&amp; ctorHasParameters, Boolean&amp; isVarArg)
   at System.Reflection.CustomAttribute.IsCustomAttributeDefined(RuntimeModule decoratedModule, Int32 decoratedMetadataToken, RuntimeType attributeFilterType, Boolean mustBeInheritable)
   at System.Reflection.CustomAttribute.IsDefined(RuntimeType type, RuntimeType caType, Boolean inherit)
   at System.RuntimeType.IsDefined(Type attributeType, Boolean inherit)
   at Microsoft.VisualStudio.TestTools.TestTypes.Unit.UnitTestExecuter.GetAssemblyInfo(Assembly assembly)
   at Microsoft.VisualStudio.TestTools.TestTypes.Unit.UnitTestExecuter.GetTypeInfo(Type type, Boolean checkAlreadyExaminedType)
   at Microsoft.VisualStudio.TestTools.TestTypes.Unit.UnitTestExecuter.ResolveMethods()
   at Microsoft.VisualStudio.TestTools.TestTypes.Unit.UnitTestExecuter.Initialize(UnitTestResult result, UnitTestRunner runner, ConsoleOutputRedirector redirector)

WRN: Assembly binding logging is turned OFF.
To enable assembly bind failure logging, set the registry value [HKLM\Software\Microsoft\Fusion!EnableLog] (DWORD) to 1.
Note: There is some performance penalty associated with assembly bind failure logging.
To turn this feature off, remove the registry value [HKLM\Software\Microsoft\Fusion!EnableLog].

E, 2224, 31, 2011/12/24, 12:19:12.596, MATT-PC\QTAgent32.exe, Unit Test Adapter threw exception: System.IO.FileLoadException: Could not load file or assembly 'Facebook.Web.Mvc, Version=5.3.2.0, Culture=neutral, PublicKeyToken=58cb4f2111d1e6de' or one of its dependencies. The located assembly's manifest definition does not match the assembly reference. (Exception from HRESULT: 0x80131040)
File name: 'Facebook.Web.Mvc, Version=5.3.2.0, Culture=neutral, PublicKeyToken=58cb4f2111d1e6de'
   at System.ModuleHandle.ResolveType(RuntimeModule module, Int32 typeToken, IntPtr* typeInstArgs, Int32 typeInstCount, IntPtr* methodInstArgs, Int32 methodInstCount, ObjectHandleOnStack type)
   at System.ModuleHandle.ResolveTypeHandleInternal(RuntimeModule module, Int32 typeToken, RuntimeTypeHandle[] typeInstantiationContext, RuntimeTypeHandle[] methodInstantiationContext)
   at System.Reflection.RuntimeModule.ResolveType(Int32 metadataToken, Type[] genericTypeArguments, Type[] genericMethodArguments)
   at System.Reflection.CustomAttribute.FilterCustomAttributeRecord(CustomAttributeRecord caRecord, MetadataImport scope, Assembly&amp; lastAptcaOkAssembly, RuntimeModule decoratedModule, MetadataToken decoratedToken, RuntimeType attributeFilterType, Boolean mustBeInheritable, Object[] attributes, IList derivedAttributes, RuntimeType&amp; attributeType, IRuntimeMethodInfo&amp; ctor, Boolean&amp; ctorHasParameters, Boolean&amp; isVarArg)
   at System.Reflection.CustomAttribute.IsCustomAttributeDefined(RuntimeModule decoratedModule, Int32 decoratedMetadataToken, RuntimeType attributeFilterType, Boolean mustBeInheritable)
   at System.Reflection.CustomAttribute.IsDefined(RuntimeType type, RuntimeType caType, Boolean inherit)
   at System.RuntimeType.IsDefined(Type attributeType, Boolean inherit)
   at Microsoft.VisualStudio.TestTools.TestTypes.Unit.UnitTestExecuter.GetAssemblyInfo(Assembly assembly)
   at Microsoft.VisualStudio.TestTools.TestTypes.Unit.UnitTestExecuter.GetTypeInfo(Type type, Boolean checkAlreadyExaminedType)
   at Microsoft.VisualStudio.TestTools.TestTypes.Unit.UnitTestExecuter.ResolveMethods()
   at Microsoft.VisualStudio.TestTools.TestTypes.Unit.UnitTestExecuter.Initialize(UnitTestResult result, UnitTestRunner runner, ConsoleOutputRedirector redirector)
   at Microsoft.VisualStudio.TestTools.TestTypes.Unit.UnitTestRunner.Run(UnitTestElement test, ITestContext testContext, Boolean isLoadTest, Boolean useMultipleCpus)

WRN: Assembly binding logging is turned OFF.
To enable assembly bind failure logging, set the registry value [HKLM\Software\Microsoft\Fusion!EnableLog] (DWORD) to 1.
Note: There is some performance penalty associated with assembly bind failure logging.
To turn this feature off, remove the registry value [HKLM\Software\Microsoft\Fusion!EnableLog].

W, 2224, 58, 2011/12/24, 12:19:12.610, MATT-PC\QTAgent32.exe, Getting custom attributes for type System.RuntimeType threw exception (will ignore and use the reflection way): System.IO.FileLoadException: Could not load file or assembly 'Facebook.Web.Mvc, Version=5.3.2.0, Culture=neutral, PublicKeyToken=58cb4f2111d1e6de' or one of its dependencies. The located assembly's manifest definition does not match the assembly reference. (Exception from HRESULT: 0x80131040)
File name: 'Facebook.Web.Mvc, Version=5.3.2.0, Culture=neutral, PublicKeyToken=58cb4f2111d1e6de'
   at System.ModuleHandle.ResolveType(RuntimeModule module, Int32 typeToken, IntPtr* typeInstArgs, Int32 typeInstCount, IntPtr* methodInstArgs, Int32 methodInstCount, ObjectHandleOnStack type)
   at System.ModuleHandle.ResolveTypeHandleInternal(RuntimeModule module, Int32 typeToken, RuntimeTypeHandle[] typeInstantiationContext, RuntimeTypeHandle[] methodInstantiationContext)
   at System.Reflection.RuntimeModule.ResolveType(Int32 metadataToken, Type[] genericTypeArguments, Type[] genericMethodArguments)
   at System.Reflection.CustomAttribute.FilterCustomAttributeRecord(CustomAttributeRecord caRecord, MetadataImport scope, Assembly&amp; lastAptcaOkAssembly, RuntimeModule decoratedModule, MetadataToken decoratedToken, RuntimeType attributeFilterType, Boolean mustBeInheritable, Object[] attributes, IList derivedAttributes, RuntimeType&amp; attributeType, IRuntimeMethodInfo&amp; ctor, Boolean&amp; ctorHasParameters, Boolean&amp; isVarArg)
   at System.Reflection.CustomAttribute.GetCustomAttributes(RuntimeModule decoratedModule, Int32 decoratedMetadataToken, Int32 pcaCount, RuntimeType attributeFilterType, Boolean mustBeInheritable, IList derivedAttributes, Boolean isDecoratedTargetSecurityTransparent)
   at System.Reflection.CustomAttribute.GetCustomAttributes(RuntimeType type, RuntimeType caType, Boolean inherit)
   at System.RuntimeType.GetCustomAttributes(Boolean inherit)
   at Microsoft.VisualStudio.TestTools.Common.ReflectHelper.GetAttributes(MemberInfo info, Boolean bInherit)

WRN: Assembly binding logging is turned OFF.
To enable assembly bind failure logging, set the registry value [HKLM\Software\Microsoft\Fusion!EnableLog] (DWORD) to 1.
Note: There is some performance penalty associated with assembly bind failure logging.
To turn this feature off, remove the registry value [HKLM\Software\Microsoft\Fusion!EnableLog].

E, 2224, 58, 2011/12/24, 12:19:12.611, MATT-PC\QTAgent32.exe, Unit Test Executor threw an exception. Most likely the test run was aborted by the user or the framework:System.IO.FileLoadException: Could not load file or assembly 'Facebook.Web.Mvc, Version=5.3.2.0, Culture=neutral, PublicKeyToken=58cb4f2111d1e6de' or one of its dependencies. The located assembly's manifest definition does not match the assembly reference. (Exception from HRESULT: 0x80131040)
File name: 'Facebook.Web.Mvc, Version=5.3.2.0, Culture=neutral, PublicKeyToken=58cb4f2111d1e6de'
   at System.ModuleHandle.ResolveType(RuntimeModule module, Int32 typeToken, IntPtr* typeInstArgs, Int32 typeInstCount, IntPtr* methodInstArgs, Int32 methodInstCount, ObjectHandleOnStack type)
   at System.ModuleHandle.ResolveTypeHandleInternal(RuntimeModule module, Int32 typeToken, RuntimeTypeHandle[] typeInstantiationContext, RuntimeTypeHandle[] methodInstantiationContext)
   at System.Reflection.RuntimeModule.ResolveType(Int32 metadataToken, Type[] genericTypeArguments, Type[] genericMethodArguments)
   at System.Reflection.CustomAttribute.FilterCustomAttributeRecord(CustomAttributeRecord caRecord, MetadataImport scope, Assembly&amp; lastAptcaOkAssembly, RuntimeModule decoratedModule, MetadataToken decoratedToken, RuntimeType attributeFilterType, Boolean mustBeInheritable, Object[] attributes, IList derivedAttributes, RuntimeType&amp; attributeType, IRuntimeMethodInfo&amp; ctor, Boolean&amp; ctorHasParameters, Boolean&amp; isVarArg)
   at System.Reflection.CustomAttribute.IsCustomAttributeDefined(RuntimeModule decoratedModule, Int32 decoratedMetadataToken, RuntimeType attributeFilterType, Boolean mustBeInheritable)
   at System.Reflection.CustomAttribute.IsDefined(RuntimeType type, RuntimeType caType, Boolean inherit)
   at System.RuntimeType.IsDefined(Type attributeType, Boolean inherit)
   at Microsoft.VisualStudio.TestTools.TestTypes.Unit.UnitTestExecuter.GetAssemblyInfo(Assembly assembly)
   at Microsoft.VisualStudio.TestTools.TestTypes.Unit.UnitTestExecuter.GetTypeInfo(Type type, Boolean checkAlreadyExaminedType)
   at Microsoft.VisualStudio.TestTools.TestTypes.Unit.UnitTestExecuter.ResolveMethods()
   at Microsoft.VisualStudio.TestTools.TestTypes.Unit.UnitTestExecuter.Initialize(UnitTestResult result, UnitTestRunner runner, ConsoleOutputRedirector redirector)

WRN: Assembly binding logging is turned OFF.
To enable assembly bind failure logging, set the registry value [HKLM\Software\Microsoft\Fusion!EnableLog] (DWORD) to 1.
Note: There is some performance penalty associated with assembly bind failure logging.
To turn this feature off, remove the registry value [HKLM\Software\Microsoft\Fusion!EnableLog].

E, 2224, 58, 2011/12/24, 12:19:12.612, MATT-PC\QTAgent32.exe, Unit Test Adapter threw exception: System.IO.FileLoadException: Could not load file or assembly 'Facebook.Web.Mvc, Version=5.3.2.0, Culture=neutral, PublicKeyToken=58cb4f2111d1e6de' or one of its dependencies. The located assembly's manifest definition does not match the assembly reference. (Exception from HRESULT: 0x80131040)
File name: 'Facebook.Web.Mvc, Version=5.3.2.0, Culture=neutral, PublicKeyToken=58cb4f2111d1e6de'
   at System.ModuleHandle.ResolveType(RuntimeModule module, Int32 typeToken, IntPtr* typeInstArgs, Int32 typeInstCount, IntPtr* methodInstArgs, Int32 methodInstCount, ObjectHandleOnStack type)
   at System.ModuleHandle.ResolveTypeHandleInternal(RuntimeModule module, Int32 typeToken, RuntimeTypeHandle[] typeInstantiationContext, RuntimeTypeHandle[] methodInstantiationContext)
   at System.Reflection.RuntimeModule.ResolveType(Int32 metadataToken, Type[] genericTypeArguments, Type[] genericMethodArguments)
   at System.Reflection.CustomAttribute.FilterCustomAttributeRecord(CustomAttributeRecord caRecord, MetadataImport scope, Assembly&amp; lastAptcaOkAssembly, RuntimeModule decoratedModule, MetadataToken decoratedToken, RuntimeType attributeFilterType, Boolean mustBeInheritable, Object[] attributes, IList derivedAttributes, RuntimeType&amp; attributeType, IRuntimeMethodInfo&amp; ctor, Boolean&amp; ctorHasParameters, Boolean&amp; isVarArg)
   at System.Reflection.CustomAttribute.IsCustomAttributeDefined(RuntimeModule decoratedModule, Int32 decoratedMetadataToken, RuntimeType attributeFilterType, Boolean mustBeInheritable)
   at System.Reflection.CustomAttribute.IsDefined(RuntimeType type, RuntimeType caType, Boolean inherit)
   at System.RuntimeType.IsDefined(Type attributeType, Boolean inherit)
   at Microsoft.VisualStudio.TestTools.TestTypes.Unit.UnitTestExecuter.GetAssemblyInfo(Assembly assembly)
   at Microsoft.VisualStudio.TestTools.TestTypes.Unit.UnitTestExecuter.GetTypeInfo(Type type, Boolean checkAlreadyExaminedType)
   at Microsoft.VisualStudio.TestTools.TestTypes.Unit.UnitTestExecuter.ResolveMethods()
   at Microsoft.VisualStudio.TestTools.TestTypes.Unit.UnitTestExecuter.Initialize(UnitTestResult result, UnitTestRunner runner, ConsoleOutputRedirector redirector)
   at Microsoft.VisualStudio.TestTools.TestTypes.Unit.UnitTestRunner.Run(UnitTestElement test, ITestContext testContext, Boolean isLoadTest, Boolean useMultipleCpus)

WRN: Assembly binding logging is turned OFF.
To enable assembly bind failure logging, set the registry value [HKLM\Software\Microsoft\Fusion!EnableLog] (DWORD) to 1.
Note: There is some performance penalty associated with assembly bind failure logging.
To turn this feature off, remove the registry value [HKLM\Software\Microsoft\Fusion!EnableLog].

W, 2224, 60, 2011/12/24, 12:19:12.626, MATT-PC\QTAgent32.exe, Getting custom attributes for type System.RuntimeType threw exception (will ignore and use the reflection way): System.IO.FileLoadException: Could not load file or assembly 'Facebook.Web.Mvc, Version=5.3.2.0, Culture=neutral, PublicKeyToken=58cb4f2111d1e6de' or one of its dependencies. The located assembly's manifest definition does not match the assembly reference. (Exception from HRESULT: 0x80131040)
File name: 'Facebook.Web.Mvc, Version=5.3.2.0, Culture=neutral, PublicKeyToken=58cb4f2111d1e6de'
   at System.ModuleHandle.ResolveType(RuntimeModule module, Int32 typeToken, IntPtr* typeInstArgs, Int32 typeInstCount, IntPtr* methodInstArgs, Int32 methodInstCount, ObjectHandleOnStack type)
   at System.ModuleHandle.ResolveTypeHandleInternal(RuntimeModule module, Int32 typeToken, RuntimeTypeHandle[] typeInstantiationContext, RuntimeTypeHandle[] methodInstantiationContext)
   at System.Reflection.RuntimeModule.ResolveType(Int32 metadataToken, Type[] genericTypeArguments, Type[] genericMethodArguments)
   at System.Reflection.CustomAttribute.FilterCustomAttributeRecord(CustomAttributeRecord caRecord, MetadataImport scope, Assembly&amp; lastAptcaOkAssembly, RuntimeModule decoratedModule, MetadataToken decoratedToken, RuntimeType attributeFilterType, Boolean mustBeInheritable, Object[] attributes, IList derivedAttributes, RuntimeType&amp; attributeType, IRuntimeMethodInfo&amp; ctor, Boolean&amp; ctorHasParameters, Boolean&amp; isVarArg)
   at System.Reflection.CustomAttribute.GetCustomAttributes(RuntimeModule decoratedModule, Int32 decoratedMetadataToken, Int32 pcaCount, RuntimeType attributeFilterType, Boolean mustBeInheritable, IList derivedAttributes, Boolean isDecoratedTargetSecurityTransparent)
   at System.Reflection.CustomAttribute.GetCustomAttributes(RuntimeType type, RuntimeType caType, Boolean inherit)
   at System.RuntimeType.GetCustomAttributes(Boolean inherit)
   at Microsoft.VisualStudio.TestTools.Common.ReflectHelper.GetAttributes(MemberInfo info, Boolean bInherit)

WRN: Assembly binding logging is turned OFF.
To enable assembly bind failure logging, set the registry value [HKLM\Software\Microsoft\Fusion!EnableLog] (DWORD) to 1.
Note: There is some performance penalty associated with assembly bind failure logging.
To turn this feature off, remove the registry value [HKLM\Software\Microsoft\Fusion!EnableLog].

E, 2224, 60, 2011/12/24, 12:19:12.627, MATT-PC\QTAgent32.exe, Unit Test Executor threw an exception. Most likely the test run was aborted by the user or the framework:System.IO.FileLoadException: Could not load file or assembly 'Facebook.Web.Mvc, Version=5.3.2.0, Culture=neutral, PublicKeyToken=58cb4f2111d1e6de' or one of its dependencies. The located assembly's manifest definition does not match the assembly reference. (Exception from HRESULT: 0x80131040)
File name: 'Facebook.Web.Mvc, Version=5.3.2.0, Culture=neutral, PublicKeyToken=58cb4f2111d1e6de'
   at System.ModuleHandle.ResolveType(RuntimeModule module, Int32 typeToken, IntPtr* typeInstArgs, Int32 typeInstCount, IntPtr* methodInstArgs, Int32 methodInstCount, ObjectHandleOnStack type)
   at System.ModuleHandle.ResolveTypeHandleInternal(RuntimeModule module, Int32 typeToken, RuntimeTypeHandle[] typeInstantiationContext, RuntimeTypeHandle[] methodInstantiationContext)
   at System.Reflection.RuntimeModule.ResolveType(Int32 metadataToken, Type[] genericTypeArguments, Type[] genericMethodArguments)
   at System.Reflection.CustomAttribute.FilterCustomAttributeRecord(CustomAttributeRecord caRecord, MetadataImport scope, Assembly&amp; lastAptcaOkAssembly, RuntimeModule decoratedModule, MetadataToken decoratedToken, RuntimeType attributeFilterType, Boolean mustBeInheritable, Object[] attributes, IList derivedAttributes, RuntimeType&amp; attributeType, IRuntimeMethodInfo&amp; ctor, Boolean&amp; ctorHasParameters, Boolean&amp; isVarArg)
   at System.Reflection.CustomAttribute.IsCustomAttributeDefined(RuntimeModule decoratedModule, Int32 decoratedMetadataToken, RuntimeType attributeFilterType, Boolean mustBeInheritable)
   at System.Reflection.CustomAttribute.IsDefined(RuntimeType type, RuntimeType caType, Boolean inherit)
   at System.RuntimeType.IsDefined(Type attributeType, Boolean inherit)
   at Microsoft.VisualStudio.TestTools.TestTypes.Unit.UnitTestExecuter.GetAssemblyInfo(Assembly assembly)
   at Microsoft.VisualStudio.TestTools.TestTypes.Unit.UnitTestExecuter.GetTypeInfo(Type type, Boolean checkAlreadyExaminedType)
   at Microsoft.VisualStudio.TestTools.TestTypes.Unit.UnitTestExecuter.ResolveMethods()
   at Microsoft.VisualStudio.TestTools.TestTypes.Unit.UnitTestExecuter.Initialize(UnitTestResult result, UnitTestRunner runner, ConsoleOutputRedirector redirector)

WRN: Assembly binding logging is turned OFF.
To enable assembly bind failure logging, set the registry value [HKLM\Software\Microsoft\Fusion!EnableLog] (DWORD) to 1.
Note: There is some performance penalty associated with assembly bind failure logging.
To turn this feature off, remove the registry value [HKLM\Software\Microsoft\Fusion!EnableLog].

E, 2224, 60, 2011/12/24, 12:19:12.628, MATT-PC\QTAgent32.exe, Unit Test Adapter threw exception: System.IO.FileLoadException: Could not load file or assembly 'Facebook.Web.Mvc, Version=5.3.2.0, Culture=neutral, PublicKeyToken=58cb4f2111d1e6de' or one of its dependencies. The located assembly's manifest definition does not match the assembly reference. (Exception from HRESULT: 0x80131040)
File name: 'Facebook.Web.Mvc, Version=5.3.2.0, Culture=neutral, PublicKeyToken=58cb4f2111d1e6de'
   at System.ModuleHandle.ResolveType(RuntimeModule module, Int32 typeToken, IntPtr* typeInstArgs, Int32 typeInstCount, IntPtr* methodInstArgs, Int32 methodInstCount, ObjectHandleOnStack type)
   at System.ModuleHandle.ResolveTypeHandleInternal(RuntimeModule module, Int32 typeToken, RuntimeTypeHandle[] typeInstantiationContext, RuntimeTypeHandle[] methodInstantiationContext)
   at System.Reflection.RuntimeModule.ResolveType(Int32 metadataToken, Type[] genericTypeArguments, Type[] genericMethodArguments)
   at System.Reflection.CustomAttribute.FilterCustomAttributeRecord(CustomAttributeRecord caRecord, MetadataImport scope, Assembly&amp; lastAptcaOkAssembly, RuntimeModule decoratedModule, MetadataToken decoratedToken, RuntimeType attributeFilterType, Boolean mustBeInheritable, Object[] attributes, IList derivedAttributes, RuntimeType&amp; attributeType, IRuntimeMethodInfo&amp; ctor, Boolean&amp; ctorHasParameters, Boolean&amp; isVarArg)
   at System.Reflection.CustomAttribute.IsCustomAttributeDefined(RuntimeModule decoratedModule, Int32 decoratedMetadataToken, RuntimeType attributeFilterType, Boolean mustBeInheritable)
   at System.Reflection.CustomAttribute.IsDefined(RuntimeType type, RuntimeType caType, Boolean inherit)
   at System.RuntimeType.IsDefined(Type attributeType, Boolean inherit)
   at Microsoft.VisualStudio.TestTools.TestTypes.Unit.UnitTestExecuter.GetAssemblyInfo(Assembly assembly)
   at Microsoft.VisualStudio.TestTools.TestTypes.Unit.UnitTestExecuter.GetTypeInfo(Type type, Boolean checkAlreadyExaminedType)
   at Microsoft.VisualStudio.TestTools.TestTypes.Unit.UnitTestExecuter.ResolveMethods()
   at Microsoft.VisualStudio.TestTools.TestTypes.Unit.UnitTestExecuter.Initialize(UnitTestResult result, UnitTestRunner runner, ConsoleOutputRedirector redirector)
   at Microsoft.VisualStudio.TestTools.TestTypes.Unit.UnitTestRunner.Run(UnitTestElement test, ITestContext testContext, Boolean isLoadTest, Boolean useMultipleCpus)

WRN: Assembly binding logging is turned OFF.
To enable assembly bind failure logging, set the registry value [HKLM\Software\Microsoft\Fusion!EnableLog] (DWORD) to 1.
Note: There is some performance penalty associated with assembly bind failure logging.
To turn this feature off, remove the registry value [HKLM\Software\Microsoft\Fusion!EnableLog].

W, 2224, 62, 2011/12/24, 12:19:12.638, MATT-PC\QTAgent32.exe, Getting custom attributes for type System.RuntimeType threw exception (will ignore and use the reflection way): System.IO.FileLoadException: Could not load file or assembly 'Facebook.Web.Mvc, Version=5.3.2.0, Culture=neutral, PublicKeyToken=58cb4f2111d1e6de' or one of its dependencies. The located assembly's manifest definition does not match the assembly reference. (Exception from HRESULT: 0x80131040)
File name: 'Facebook.Web.Mvc, Version=5.3.2.0, Culture=neutral, PublicKeyToken=58cb4f2111d1e6de'
   at System.ModuleHandle.ResolveType(RuntimeModule module, Int32 typeToken, IntPtr* typeInstArgs, Int32 typeInstCount, IntPtr* methodInstArgs, Int32 methodInstCount, ObjectHandleOnStack type)
   at System.ModuleHandle.ResolveTypeHandleInternal(RuntimeModule module, Int32 typeToken, RuntimeTypeHandle[] typeInstantiationContext, RuntimeTypeHandle[] methodInstantiationContext)
   at System.Reflection.RuntimeModule.ResolveType(Int32 metadataToken, Type[] genericTypeArguments, Type[] genericMethodArguments)
   at System.Reflection.CustomAttribute.FilterCustomAttributeRecord(CustomAttributeRecord caRecord, MetadataImport scope, Assembly&amp; lastAptcaOkAssembly, RuntimeModule decoratedModule, MetadataToken decoratedToken, RuntimeType attributeFilterType, Boolean mustBeInheritable, Object[] attributes, IList derivedAttributes, RuntimeType&amp; attributeType, IRuntimeMethodInfo&amp; ctor, Boolean&amp; ctorHasParameters, Boolean&amp; isVarArg)
   at System.Reflection.CustomAttribute.GetCustomAttributes(RuntimeModule decoratedModule, Int32 decoratedMetadataToken, Int32 pcaCount, RuntimeType attributeFilterType, Boolean mustBeInheritable, IList derivedAttributes, Boolean isDecoratedTargetSecurityTransparent)
   at System.Reflection.CustomAttribute.GetCustomAttributes(RuntimeType type, RuntimeType caType, Boolean inherit)
   at System.RuntimeType.GetCustomAttributes(Boolean inherit)
   at Microsoft.VisualStudio.TestTools.Common.ReflectHelper.GetAttributes(MemberInfo info, Boolean bInherit)

WRN: Assembly binding logging is turned OFF.
To enable assembly bind failure logging, set the registry value [HKLM\Software\Microsoft\Fusion!EnableLog] (DWORD) to 1.
Note: There is some performance penalty associated with assembly bind failure logging.
To turn this feature off, remove the registry value [HKLM\Software\Microsoft\Fusion!EnableLog].

E, 2224, 62, 2011/12/24, 12:19:12.639, MATT-PC\QTAgent32.exe, Unit Test Executor threw an exception. Most likely the test run was aborted by the user or the framework:System.IO.FileLoadException: Could not load file or assembly 'Facebook.Web.Mvc, Version=5.3.2.0, Culture=neutral, PublicKeyToken=58cb4f2111d1e6de' or one of its dependencies. The located assembly's manifest definition does not match the assembly reference. (Exception from HRESULT: 0x80131040)
File name: 'Facebook.Web.Mvc, Version=5.3.2.0, Culture=neutral, PublicKeyToken=58cb4f2111d1e6de'
   at System.ModuleHandle.ResolveType(RuntimeModule module, Int32 typeToken, IntPtr* typeInstArgs, Int32 typeInstCount, IntPtr* methodInstArgs, Int32 methodInstCount, ObjectHandleOnStack type)
   at System.ModuleHandle.ResolveTypeHandleInternal(RuntimeModule module, Int32 typeToken, RuntimeTypeHandle[] typeInstantiationContext, RuntimeTypeHandle[] methodInstantiationContext)
   at System.Reflection.RuntimeModule.ResolveType(Int32 metadataToken, Type[] genericTypeArguments, Type[] genericMethodArguments)
   at System.Reflection.CustomAttribute.FilterCustomAttributeRecord(CustomAttributeRecord caRecord, MetadataImport scope, Assembly&amp; lastAptcaOkAssembly, RuntimeModule decoratedModule, MetadataToken decoratedToken, RuntimeType attributeFilterType, Boolean mustBeInheritable, Object[] attributes, IList derivedAttributes, RuntimeType&amp; attributeType, IRuntimeMethodInfo&amp; ctor, Boolean&amp; ctorHasParameters, Boolean&amp; isVarArg)
   at System.Reflection.CustomAttribute.IsCustomAttributeDefined(RuntimeModule decoratedModule, Int32 decoratedMetadataToken, RuntimeType attributeFilterType, Boolean mustBeInheritable)
   at System.Reflection.CustomAttribute.IsDefined(RuntimeType type, RuntimeType caType, Boolean inherit)
   at System.RuntimeType.IsDefined(Type attributeType, Boolean inherit)
   at Microsoft.VisualStudio.TestTools.TestTypes.Unit.UnitTestExecuter.GetAssemblyInfo(Assembly assembly)
   at Microsoft.VisualStudio.TestTools.TestTypes.Unit.UnitTestExecuter.GetTypeInfo(Type type, Boolean checkAlreadyExaminedType)
   at Microsoft.VisualStudio.TestTools.TestTypes.Unit.UnitTestExecuter.ResolveMethods()
   at Microsoft.VisualStudio.TestTools.TestTypes.Unit.UnitTestExecuter.Initialize(UnitTestResult result, UnitTestRunner runner, ConsoleOutputRedirector redirector)

WRN: Assembly binding logging is turned OFF.
To enable assembly bind failure logging, set the registry value [HKLM\Software\Microsoft\Fusion!EnableLog] (DWORD) to 1.
Note: There is some performance penalty associated with assembly bind failure logging.
To turn this feature off, remove the registry value [HKLM\Software\Microsoft\Fusion!EnableLog].

E, 2224, 62, 2011/12/24, 12:19:12.639, MATT-PC\QTAgent32.exe, Unit Test Adapter threw exception: System.IO.FileLoadException: Could not load file or assembly 'Facebook.Web.Mvc, Version=5.3.2.0, Culture=neutral, PublicKeyToken=58cb4f2111d1e6de' or one of its dependencies. The located assembly's manifest definition does not match the assembly reference. (Exception from HRESULT: 0x80131040)
File name: 'Facebook.Web.Mvc, Version=5.3.2.0, Culture=neutral, PublicKeyToken=58cb4f2111d1e6de'
   at System.ModuleHandle.ResolveType(RuntimeModule module, Int32 typeToken, IntPtr* typeInstArgs, Int32 typeInstCount, IntPtr* methodInstArgs, Int32 methodInstCount, ObjectHandleOnStack type)
   at System.ModuleHandle.ResolveTypeHandleInternal(RuntimeModule module, Int32 typeToken, RuntimeTypeHandle[] typeInstantiationContext, RuntimeTypeHandle[] methodInstantiationContext)
   at System.Reflection.RuntimeModule.ResolveType(Int32 metadataToken, Type[] genericTypeArguments, Type[] genericMethodArguments)
   at System.Reflection.CustomAttribute.FilterCustomAttributeRecord(CustomAttributeRecord caRecord, MetadataImport scope, Assembly&amp; lastAptcaOkAssembly, RuntimeModule decoratedModule, MetadataToken decoratedToken, RuntimeType attributeFilterType, Boolean mustBeInheritable, Object[] attributes, IList derivedAttributes, RuntimeType&amp; attributeType, IRuntimeMethodInfo&amp; ctor, Boolean&amp; ctorHasParameters, Boolean&amp; isVarArg)
   at System.Reflection.CustomAttribute.IsCustomAttributeDefined(RuntimeModule decoratedModule, Int32 decoratedMetadataToken, RuntimeType attributeFilterType, Boolean mustBeInheritable)
   at System.Reflection.CustomAttribute.IsDefined(RuntimeType type, RuntimeType caType, Boolean inherit)
   at System.RuntimeType.IsDefined(Type attributeType, Boolean inherit)
   at Microsoft.VisualStudio.TestTools.TestTypes.Unit.UnitTestExecuter.GetAssemblyInfo(Assembly assembly)
   at Microsoft.VisualStudio.TestTools.TestTypes.Unit.UnitTestExecuter.GetTypeInfo(Type type, Boolean checkAlreadyExaminedType)
   at Microsoft.VisualStudio.TestTools.TestTypes.Unit.UnitTestExecuter.ResolveMethods()
   at Microsoft.VisualStudio.TestTools.TestTypes.Unit.UnitTestExecuter.Initialize(UnitTestResult result, UnitTestRunner runner, ConsoleOutputRedirector redirector)
   at Microsoft.VisualStudio.TestTools.TestTypes.Unit.UnitTestRunner.Run(UnitTestElement test, ITestContext testContext, Boolean isLoadTest, Boolean useMultipleCpus)

WRN: Assembly binding logging is turned OFF.
To enable assembly bind failure logging, set the registry value [HKLM\Software\Microsoft\Fusion!EnableLog] (DWORD) to 1.
Note: There is some performance penalty associated with assembly bind failure logging.
To turn this feature off, remove the registry value [HKLM\Software\Microsoft\Fusion!EnableLog].

W, 2224, 64, 2011/12/24, 12:19:12.652, MATT-PC\QTAgent32.exe, Getting custom attributes for type System.RuntimeType threw exception (will ignore and use the reflection way): System.IO.FileLoadException: Could not load file or assembly 'Facebook.Web.Mvc, Version=5.3.2.0, Culture=neutral, PublicKeyToken=58cb4f2111d1e6de' or one of its dependencies. The located assembly's manifest definition does not match the assembly reference. (Exception from HRESULT: 0x80131040)
File name: 'Facebook.Web.Mvc, Version=5.3.2.0, Culture=neutral, PublicKeyToken=58cb4f2111d1e6de'
   at System.ModuleHandle.ResolveType(RuntimeModule module, Int32 typeToken, IntPtr* typeInstArgs, Int32 typeInstCount, IntPtr* methodInstArgs, Int32 methodInstCount, ObjectHandleOnStack type)
   at System.ModuleHandle.ResolveTypeHandleInternal(RuntimeModule module, Int32 typeToken, RuntimeTypeHandle[] typeInstantiationContext, RuntimeTypeHandle[] methodInstantiationContext)
   at System.Reflection.RuntimeModule.ResolveType(Int32 metadataToken, Type[] genericTypeArguments, Type[] genericMethodArguments)
   at System.Reflection.CustomAttribute.FilterCustomAttributeRecord(CustomAttributeRecord caRecord, MetadataImport scope, Assembly&amp; lastAptcaOkAssembly, RuntimeModule decoratedModule, MetadataToken decoratedToken, RuntimeType attributeFilterType, Boolean mustBeInheritable, Object[] attributes, IList derivedAttributes, RuntimeType&amp; attributeType, IRuntimeMethodInfo&amp; ctor, Boolean&amp; ctorHasParameters, Boolean&amp; isVarArg)
   at System.Reflection.CustomAttribute.GetCustomAttributes(RuntimeModule decoratedModule, Int32 decoratedMetadataToken, Int32 pcaCount, RuntimeType attributeFilterType, Boolean mustBeInheritable, IList derivedAttributes, Boolean isDecoratedTargetSecurityTransparent)
   at System.Reflection.CustomAttribute.GetCustomAttributes(RuntimeType type, RuntimeType caType, Boolean inherit)
   at System.RuntimeType.GetCustomAttributes(Boolean inherit)
   at Microsoft.VisualStudio.TestTools.Common.ReflectHelper.GetAttributes(MemberInfo info, Boolean bInherit)

WRN: Assembly binding logging is turned OFF.
To enable assembly bind failure logging, set the registry value [HKLM\Software\Microsoft\Fusion!EnableLog] (DWORD) to 1.
Note: There is some performance penalty associated with assembly bind failure logging.
To turn this feature off, remove the registry value [HKLM\Software\Microsoft\Fusion!EnableLog].

E, 2224, 64, 2011/12/24, 12:19:12.653, MATT-PC\QTAgent32.exe, Unit Test Executor threw an exception. Most likely the test run was aborted by the user or the framework:System.IO.FileLoadException: Could not load file or assembly 'Facebook.Web.Mvc, Version=5.3.2.0, Culture=neutral, PublicKeyToken=58cb4f2111d1e6de' or one of its dependencies. The located assembly's manifest definition does not match the assembly reference. (Exception from HRESULT: 0x80131040)
File name: 'Facebook.Web.Mvc, Version=5.3.2.0, Culture=neutral, PublicKeyToken=58cb4f2111d1e6de'
   at System.ModuleHandle.ResolveType(RuntimeModule module, Int32 typeToken, IntPtr* typeInstArgs, Int32 typeInstCount, IntPtr* methodInstArgs, Int32 methodInstCount, ObjectHandleOnStack type)
   at System.ModuleHandle.ResolveTypeHandleInternal(RuntimeModule module, Int32 typeToken, RuntimeTypeHandle[] typeInstantiationContext, RuntimeTypeHandle[] methodInstantiationContext)
   at System.Reflection.RuntimeModule.ResolveType(Int32 metadataToken, Type[] genericTypeArguments, Type[] genericMethodArguments)
   at System.Reflection.CustomAttribute.FilterCustomAttributeRecord(CustomAttributeRecord caRecord, MetadataImport scope, Assembly&amp; lastAptcaOkAssembly, RuntimeModule decoratedModule, MetadataToken decoratedToken, RuntimeType attributeFilterType, Boolean mustBeInheritable, Object[] attributes, IList derivedAttributes, RuntimeType&amp; attributeType, IRuntimeMethodInfo&amp; ctor, Boolean&amp; ctorHasParameters, Boolean&amp; isVarArg)
   at System.Reflection.CustomAttribute.IsCustomAttributeDefined(RuntimeModule decoratedModule, Int32 decoratedMetadataToken, RuntimeType attributeFilterType, Boolean mustBeInheritable)
   at System.Reflection.CustomAttribute.IsDefined(RuntimeType type, RuntimeType caType, Boolean inherit)
   at System.RuntimeType.IsDefined(Type attributeType, Boolean inherit)
   at Microsoft.VisualStudio.TestTools.TestTypes.Unit.UnitTestExecuter.GetAssemblyInfo(Assembly assembly)
   at Microsoft.VisualStudio.TestTools.TestTypes.Unit.UnitTestExecuter.GetTypeInfo(Type type, Boolean checkAlreadyExaminedType)
   at Microsoft.VisualStudio.TestTools.TestTypes.Unit.UnitTestExecuter.ResolveMethods()
   at Microsoft.VisualStudio.TestTools.TestTypes.Unit.UnitTestExecuter.Initialize(UnitTestResult result, UnitTestRunner runner, ConsoleOutputRedirector redirector)

WRN: Assembly binding logging is turned OFF.
To enable assembly bind failure logging, set the registry value [HKLM\Software\Microsoft\Fusion!EnableLog] (DWORD) to 1.
Note: There is some performance penalty associated with assembly bind failure logging.
To turn this feature off, remove the registry value [HKLM\Software\Microsoft\Fusion!EnableLog].

E, 2224, 64, 2011/12/24, 12:19:12.654, MATT-PC\QTAgent32.exe, Unit Test Adapter threw exception: System.IO.FileLoadException: Could not load file or assembly 'Facebook.Web.Mvc, Version=5.3.2.0, Culture=neutral, PublicKeyToken=58cb4f2111d1e6de' or one of its dependencies. The located assembly's manifest definition does not match the assembly reference. (Exception from HRESULT: 0x80131040)
File name: 'Facebook.Web.Mvc, Version=5.3.2.0, Culture=neutral, PublicKeyToken=58cb4f2111d1e6de'
   at System.ModuleHandle.ResolveType(RuntimeModule module, Int32 typeToken, IntPtr* typeInstArgs, Int32 typeInstCount, IntPtr* methodInstArgs, Int32 methodInstCount, ObjectHandleOnStack type)
   at System.ModuleHandle.ResolveTypeHandleInternal(RuntimeModule module, Int32 typeToken, RuntimeTypeHandle[] typeInstantiationContext, RuntimeTypeHandle[] methodInstantiationContext)
   at System.Reflection.RuntimeModule.ResolveType(Int32 metadataToken, Type[] genericTypeArguments, Type[] genericMethodArguments)
   at System.Reflection.CustomAttribute.FilterCustomAttributeRecord(CustomAttributeRecord caRecord, MetadataImport scope, Assembly&amp; lastAptcaOkAssembly, RuntimeModule decoratedModule, MetadataToken decoratedToken, RuntimeType attributeFilterType, Boolean mustBeInheritable, Object[] attributes, IList derivedAttributes, RuntimeType&amp; attributeType, IRuntimeMethodInfo&amp; ctor, Boolean&amp; ctorHasParameters, Boolean&amp; isVarArg)
   at System.Reflection.CustomAttribute.IsCustomAttributeDefined(RuntimeModule decoratedModule, Int32 decoratedMetadataToken, RuntimeType attributeFilterType, Boolean mustBeInheritable)
   at System.Reflection.CustomAttribute.IsDefined(RuntimeType type, RuntimeType caType, Boolean inherit)
   at System.RuntimeType.IsDefined(Type attributeType, Boolean inherit)
   at Microsoft.VisualStudio.TestTools.TestTypes.Unit.UnitTestExecuter.GetAssemblyInfo(Assembly assembly)
   at Microsoft.VisualStudio.TestTools.TestTypes.Unit.UnitTestExecuter.GetTypeInfo(Type type, Boolean checkAlreadyExaminedType)
   at Microsoft.VisualStudio.TestTools.TestTypes.Unit.UnitTestExecuter.ResolveMethods()
   at Microsoft.VisualStudio.TestTools.TestTypes.Unit.UnitTestExecuter.Initialize(UnitTestResult result, UnitTestRunner runner, ConsoleOutputRedirector redirector)
   at Microsoft.VisualStudio.TestTools.TestTypes.Unit.UnitTestRunner.Run(UnitTestElement test, ITestContext testContext, Boolean isLoadTest, Boolean useMultipleCpus)

WRN: Assembly binding logging is turned OFF.
To enable assembly bind failure logging, set the registry value [HKLM\Software\Microsoft\Fusion!EnableLog] (DWORD) to 1.
Note: There is some performance penalty associated with assembly bind failure logging.
To turn this feature off, remove the registry value [HKLM\Software\Microsoft\Fusion!EnableLog].

W, 2224, 52, 2011/12/24, 12:19:12.756, MATT-PC\QTAgent32.exe, Getting custom attributes for type System.RuntimeType threw exception (will ignore and use the reflection way): System.IO.FileLoadException: Could not load file or assembly 'Facebook.Web.Mvc, Version=5.3.2.0, Culture=neutral, PublicKeyToken=58cb4f2111d1e6de' or one of its dependencies. The located assembly's manifest definition does not match the assembly reference. (Exception from HRESULT: 0x80131040)
File name: 'Facebook.Web.Mvc, Version=5.3.2.0, Culture=neutral, PublicKeyToken=58cb4f2111d1e6de'
   at System.ModuleHandle.ResolveType(RuntimeModule module, Int32 typeToken, IntPtr* typeInstArgs, Int32 typeInstCount, IntPtr* methodInstArgs, Int32 methodInstCount, ObjectHandleOnStack type)
   at System.ModuleHandle.ResolveTypeHandleInternal(RuntimeModule module, Int32 typeToken, RuntimeTypeHandle[] typeInstantiationContext, RuntimeTypeHandle[] methodInstantiationContext)
   at System.Reflection.RuntimeModule.ResolveType(Int32 metadataToken, Type[] genericTypeArguments, Type[] genericMethodArguments)
   at System.Reflection.CustomAttribute.FilterCustomAttributeRecord(CustomAttributeRecord caRecord, MetadataImport scope, Assembly&amp; lastAptcaOkAssembly, RuntimeModule decoratedModule, MetadataToken decoratedToken, RuntimeType attributeFilterType, Boolean mustBeInheritable, Object[] attributes, IList derivedAttributes, RuntimeType&amp; attributeType, IRuntimeMethodInfo&amp; ctor, Boolean&amp; ctorHasParameters, Boolean&amp; isVarArg)
   at System.Reflection.CustomAttribute.GetCustomAttributes(RuntimeModule decoratedModule, Int32 decoratedMetadataToken, Int32 pcaCount, RuntimeType attributeFilterType, Boolean mustBeInheritable, IList derivedAttributes, Boolean isDecoratedTargetSecurityTransparent)
   at System.Reflection.CustomAttribute.GetCustomAttributes(RuntimeType type, RuntimeType caType, Boolean inherit)
   at System.RuntimeType.GetCustomAttributes(Boolean inherit)
   at Microsoft.VisualStudio.TestTools.Common.ReflectHelper.GetAttributes(MemberInfo info, Boolean bInherit)

WRN: Assembly binding logging is turned OFF.
To enable assembly bind failure logging, set the registry value [HKLM\Software\Microsoft\Fusion!EnableLog] (DWORD) to 1.
Note: There is some performance penalty associated with assembly bind failure logging.
To turn this feature off, remove the registry value [HKLM\Software\Microsoft\Fusion!EnableLog].

E, 2224, 52, 2011/12/24, 12:19:12.757, MATT-PC\QTAgent32.exe, Unit Test Executor threw an exception. Most likely the test run was aborted by the user or the framework:System.IO.FileLoadException: Could not load file or assembly 'Facebook.Web.Mvc, Version=5.3.2.0, Culture=neutral, PublicKeyToken=58cb4f2111d1e6de' or one of its dependencies. The located assembly's manifest definition does not match the assembly reference. (Exception from HRESULT: 0x80131040)
File name: 'Facebook.Web.Mvc, Version=5.3.2.0, Culture=neutral, PublicKeyToken=58cb4f2111d1e6de'
   at System.ModuleHandle.ResolveType(RuntimeModule module, Int32 typeToken, IntPtr* typeInstArgs, Int32 typeInstCount, IntPtr* methodInstArgs, Int32 methodInstCount, ObjectHandleOnStack type)
   at System.ModuleHandle.ResolveTypeHandleInternal(RuntimeModule module, Int32 typeToken, RuntimeTypeHandle[] typeInstantiationContext, RuntimeTypeHandle[] methodInstantiationContext)
   at System.Reflection.RuntimeModule.ResolveType(Int32 metadataToken, Type[] genericTypeArguments, Type[] genericMethodArguments)
   at System.Reflection.CustomAttribute.FilterCustomAttributeRecord(CustomAttributeRecord caRecord, MetadataImport scope, Assembly&amp; lastAptcaOkAssembly, RuntimeModule decoratedModule, MetadataToken decoratedToken, RuntimeType attributeFilterType, Boolean mustBeInheritable, Object[] attributes, IList derivedAttributes, RuntimeType&amp; attributeType, IRuntimeMethodInfo&amp; ctor, Boolean&amp; ctorHasParameters, Boolean&amp; isVarArg)
   at System.Reflection.CustomAttribute.IsCustomAttributeDefined(RuntimeModule decoratedModule, Int32 decoratedMetadataToken, RuntimeType attributeFilterType, Boolean mustBeInheritable)
   at System.Reflection.CustomAttribute.IsDefined(RuntimeType type, RuntimeType caType, Boolean inherit)
   at System.RuntimeType.IsDefined(Type attributeType, Boolean inherit)
   at Microsoft.VisualStudio.TestTools.TestTypes.Unit.UnitTestExecuter.GetAssemblyInfo(Assembly assembly)
   at Microsoft.VisualStudio.TestTools.TestTypes.Unit.UnitTestExecuter.GetTypeInfo(Type type, Boolean checkAlreadyExaminedType)
   at Microsoft.VisualStudio.TestTools.TestTypes.Unit.UnitTestExecuter.ResolveMethods()
   at Microsoft.VisualStudio.TestTools.TestTypes.Unit.UnitTestExecuter.Initialize(UnitTestResult result, UnitTestRunner runner, ConsoleOutputRedirector redirector)

WRN: Assembly binding logging is turned OFF.
To enable assembly bind failure logging, set the registry value [HKLM\Software\Microsoft\Fusion!EnableLog] (DWORD) to 1.
Note: There is some performance penalty associated with assembly bind failure logging.
To turn this feature off, remove the registry value [HKLM\Software\Microsoft\Fusion!EnableLog].

E, 2224, 52, 2011/12/24, 12:19:12.758, MATT-PC\QTAgent32.exe, Unit Test Adapter threw exception: System.IO.FileLoadException: Could not load file or assembly 'Facebook.Web.Mvc, Version=5.3.2.0, Culture=neutral, PublicKeyToken=58cb4f2111d1e6de' or one of its dependencies. The located assembly's manifest definition does not match the assembly reference. (Exception from HRESULT: 0x80131040)
File name: 'Facebook.Web.Mvc, Version=5.3.2.0, Culture=neutral, PublicKeyToken=58cb4f2111d1e6de'
   at System.ModuleHandle.ResolveType(RuntimeModule module, Int32 typeToken, IntPtr* typeInstArgs, Int32 typeInstCount, IntPtr* methodInstArgs, Int32 methodInstCount, ObjectHandleOnStack type)
   at System.ModuleHandle.ResolveTypeHandleInternal(RuntimeModule module, Int32 typeToken, RuntimeTypeHandle[] typeInstantiationContext, RuntimeTypeHandle[] methodInstantiationContext)
   at System.Reflection.RuntimeModule.ResolveType(Int32 metadataToken, Type[] genericTypeArguments, Type[] genericMethodArguments)
   at System.Reflection.CustomAttribute.FilterCustomAttributeRecord(CustomAttributeRecord caRecord, MetadataImport scope, Assembly&amp; lastAptcaOkAssembly, RuntimeModule decoratedModule, MetadataToken decoratedToken, RuntimeType attributeFilterType, Boolean mustBeInheritable, Object[] attributes, IList derivedAttributes, RuntimeType&amp; attributeType, IRuntimeMethodInfo&amp; ctor, Boolean&amp; ctorHasParameters, Boolean&amp; isVarArg)
   at System.Reflection.CustomAttribute.IsCustomAttributeDefined(RuntimeModule decoratedModule, Int32 decoratedMetadataToken, RuntimeType attributeFilterType, Boolean mustBeInheritable)
   at System.Reflection.CustomAttribute.IsDefined(RuntimeType type, RuntimeType caType, Boolean inherit)
   at System.RuntimeType.IsDefined(Type attributeType, Boolean inherit)
   at Microsoft.VisualStudio.TestTools.TestTypes.Unit.UnitTestExecuter.GetAssemblyInfo(Assembly assembly)
   at Microsoft.VisualStudio.TestTools.TestTypes.Unit.UnitTestExecuter.GetTypeInfo(Type type, Boolean checkAlreadyExaminedType)
   at Microsoft.VisualStudio.TestTools.TestTypes.Unit.UnitTestExecuter.ResolveMethods()
   at Microsoft.VisualStudio.TestTools.TestTypes.Unit.UnitTestExecuter.Initialize(UnitTestResult result, UnitTestRunner runner, ConsoleOutputRedirector redirector)
   at Microsoft.VisualStudio.TestTools.TestTypes.Unit.UnitTestRunner.Run(UnitTestElement test, ITestContext testContext, Boolean isLoadTest, Boolean useMultipleCpus)

WRN: Assembly binding logging is turned OFF.
To enable assembly bind failure logging, set the registry value [HKLM\Software\Microsoft\Fusion!EnableLog] (DWORD) to 1.
Note: There is some performance penalty associated with assembly bind failure logging.
To turn this feature off, remove the registry value [HKLM\Software\Microsoft\Fusion!EnableLog].

W, 2224, 48, 2011/12/24, 12:19:12.777, MATT-PC\QTAgent32.exe, Getting custom attributes for type System.RuntimeType threw exception (will ignore and use the reflection way): System.IO.FileLoadException: Could not load file or assembly 'Facebook.Web.Mvc, Version=5.3.2.0, Culture=neutral, PublicKeyToken=58cb4f2111d1e6de' or one of its dependencies. The located assembly's manifest definition does not match the assembly reference. (Exception from HRESULT: 0x80131040)
File name: 'Facebook.Web.Mvc, Version=5.3.2.0, Culture=neutral, PublicKeyToken=58cb4f2111d1e6de'
   at System.ModuleHandle.ResolveType(RuntimeModule module, Int32 typeToken, IntPtr* typeInstArgs, Int32 typeInstCount, IntPtr* methodInstArgs, Int32 methodInstCount, ObjectHandleOnStack type)
   at System.ModuleHandle.ResolveTypeHandleInternal(RuntimeModule module, Int32 typeToken, RuntimeTypeHandle[] typeInstantiationContext, RuntimeTypeHandle[] methodInstantiationContext)
   at System.Reflection.RuntimeModule.ResolveType(Int32 metadataToken, Type[] genericTypeArguments, Type[] genericMethodArguments)
   at System.Reflection.CustomAttribute.FilterCustomAttributeRecord(CustomAttributeRecord caRecord, MetadataImport scope, Assembly&amp; lastAptcaOkAssembly, RuntimeModule decoratedModule, MetadataToken decoratedToken, RuntimeType attributeFilterType, Boolean mustBeInheritable, Object[] attributes, IList derivedAttributes, RuntimeType&amp; attributeType, IRuntimeMethodInfo&amp; ctor, Boolean&amp; ctorHasParameters, Boolean&amp; isVarArg)
   at System.Reflection.CustomAttribute.GetCustomAttributes(RuntimeModule decoratedModule, Int32 decoratedMetadataToken, Int32 pcaCount, RuntimeType attributeFilterType, Boolean mustBeInheritable, IList derivedAttributes, Boolean isDecoratedTargetSecurityTransparent)
   at System.Reflection.CustomAttribute.GetCustomAttributes(RuntimeType type, RuntimeType caType, Boolean inherit)
   at System.RuntimeType.GetCustomAttributes(Boolean inherit)
   at Microsoft.VisualStudio.TestTools.Common.ReflectHelper.GetAttributes(MemberInfo info, Boolean bInherit)

WRN: Assembly binding logging is turned OFF.
To enable assembly bind failure logging, set the registry value [HKLM\Software\Microsoft\Fusion!EnableLog] (DWORD) to 1.
Note: There is some performance penalty associated with assembly bind failure logging.
To turn this feature off, remove the registry value [HKLM\Software\Microsoft\Fusion!EnableLog].

E, 2224, 48, 2011/12/24, 12:19:12.779, MATT-PC\QTAgent32.exe, Unit Test Executor threw an exception. Most likely the test run was aborted by the user or the framework:System.IO.FileLoadException: Could not load file or assembly 'Facebook.Web.Mvc, Version=5.3.2.0, Culture=neutral, PublicKeyToken=58cb4f2111d1e6de' or one of its dependencies. The located assembly's manifest definition does not match the assembly reference. (Exception from HRESULT: 0x80131040)
File name: 'Facebook.Web.Mvc, Version=5.3.2.0, Culture=neutral, PublicKeyToken=58cb4f2111d1e6de'
   at System.ModuleHandle.ResolveType(RuntimeModule module, Int32 typeToken, IntPtr* typeInstArgs, Int32 typeInstCount, IntPtr* methodInstArgs, Int32 methodInstCount, ObjectHandleOnStack type)
   at System.ModuleHandle.ResolveTypeHandleInternal(RuntimeModule module, Int32 typeToken, RuntimeTypeHandle[] typeInstantiationContext, RuntimeTypeHandle[] methodInstantiationContext)
   at System.Reflection.RuntimeModule.ResolveType(Int32 metadataToken, Type[] genericTypeArguments, Type[] genericMethodArguments)
   at System.Reflection.CustomAttribute.FilterCustomAttributeRecord(CustomAttributeRecord caRecord, MetadataImport scope, Assembly&amp; lastAptcaOkAssembly, RuntimeModule decoratedModule, MetadataToken decoratedToken, RuntimeType attributeFilterType, Boolean mustBeInheritable, Object[] attributes, IList derivedAttributes, RuntimeType&amp; attributeType, IRuntimeMethodInfo&amp; ctor, Boolean&amp; ctorHasParameters, Boolean&amp; isVarArg)
   at System.Reflection.CustomAttribute.IsCustomAttributeDefined(RuntimeModule decoratedModule, Int32 decoratedMetadataToken, RuntimeType attributeFilterType, Boolean mustBeInheritable)
   at System.Reflection.CustomAttribute.IsDefined(RuntimeType type, RuntimeType caType, Boolean inherit)
   at System.RuntimeType.IsDefined(Type attributeType, Boolean inherit)
   at Microsoft.VisualStudio.TestTools.TestTypes.Unit.UnitTestExecuter.GetAssemblyInfo(Assembly assembly)
   at Microsoft.VisualStudio.TestTools.TestTypes.Unit.UnitTestExecuter.GetTypeInfo(Type type, Boolean checkAlreadyExaminedType)
   at Microsoft.VisualStudio.TestTools.TestTypes.Unit.UnitTestExecuter.ResolveMethods()
   at Microsoft.VisualStudio.TestTools.TestTypes.Unit.UnitTestExecuter.Initialize(UnitTestResult result, UnitTestRunner runner, ConsoleOutputRedirector redirector)

WRN: Assembly binding logging is turned OFF.
To enable assembly bind failure logging, set the registry value [HKLM\Software\Microsoft\Fusion!EnableLog] (DWORD) to 1.
Note: There is some performance penalty associated with assembly bind failure logging.
To turn this feature off, remove the registry value [HKLM\Software\Microsoft\Fusion!EnableLog].

E, 2224, 48, 2011/12/24, 12:19:12.780, MATT-PC\QTAgent32.exe, Unit Test Adapter threw exception: System.IO.FileLoadException: Could not load file or assembly 'Facebook.Web.Mvc, Version=5.3.2.0, Culture=neutral, PublicKeyToken=58cb4f2111d1e6de' or one of its dependencies. The located assembly's manifest definition does not match the assembly reference. (Exception from HRESULT: 0x80131040)
File name: 'Facebook.Web.Mvc, Version=5.3.2.0, Culture=neutral, PublicKeyToken=58cb4f2111d1e6de'
   at System.ModuleHandle.ResolveType(RuntimeModule module, Int32 typeToken, IntPtr* typeInstArgs, Int32 typeInstCount, IntPtr* methodInstArgs, Int32 methodInstCount, ObjectHandleOnStack type)
   at System.ModuleHandle.ResolveTypeHandleInternal(RuntimeModule module, Int32 typeToken, RuntimeTypeHandle[] typeInstantiationContext, RuntimeTypeHandle[] methodInstantiationContext)
   at System.Reflection.RuntimeModule.ResolveType(Int32 metadataToken, Type[] genericTypeArguments, Type[] genericMethodArguments)
   at System.Reflection.CustomAttribute.FilterCustomAttributeRecord(CustomAttributeRecord caRecord, MetadataImport scope, Assembly&amp; lastAptcaOkAssembly, RuntimeModule decoratedModule, MetadataToken decoratedToken, RuntimeType attributeFilterType, Boolean mustBeInheritable, Object[] attributes, IList derivedAttributes, RuntimeType&amp; attributeType, IRuntimeMethodInfo&amp; ctor, Boolean&amp; ctorHasParameters, Boolean&amp; isVarArg)
   at System.Reflection.CustomAttribute.IsCustomAttributeDefined(RuntimeModule decoratedModule, Int32 decoratedMetadataToken, RuntimeType attributeFilterType, Boolean mustBeInheritable)
   at System.Reflection.CustomAttribute.IsDefined(RuntimeType type, RuntimeType caType, Boolean inherit)
   at System.RuntimeType.IsDefined(Type attributeType, Boolean inherit)
   at Microsoft.VisualStudio.TestTools.TestTypes.Unit.UnitTestExecuter.GetAssemblyInfo(Assembly assembly)
   at Microsoft.VisualStudio.TestTools.TestTypes.Unit.UnitTestExecuter.GetTypeInfo(Type type, Boolean checkAlreadyExaminedType)
   at Microsoft.VisualStudio.TestTools.TestTypes.Unit.UnitTestExecuter.ResolveMethods()
   at Microsoft.VisualStudio.TestTools.TestTypes.Unit.UnitTestExecuter.Initialize(UnitTestResult result, UnitTestRunner runner, ConsoleOutputRedirector redirector)
   at Microsoft.VisualStudio.TestTools.TestTypes.Unit.UnitTestRunner.Run(UnitTestElement test, ITestContext testContext, Boolean isLoadTest, Boolean useMultipleCpus)

WRN: Assembly binding logging is turned OFF.
To enable assembly bind failure logging, set the registry value [HKLM\Software\Microsoft\Fusion!EnableLog] (DWORD) to 1.
Note: There is some performance penalty associated with assembly bind failure logging.
To turn this feature off, remove the registry value [HKLM\Software\Microsoft\Fusion!EnableLog].

W, 2224, 44, 2011/12/24, 12:19:12.791, MATT-PC\QTAgent32.exe, Getting custom attributes for type System.RuntimeType threw exception (will ignore and use the reflection way): System.IO.FileLoadException: Could not load file or assembly 'Facebook.Web.Mvc, Version=5.3.2.0, Culture=neutral, PublicKeyToken=58cb4f2111d1e6de' or one of its dependencies. The located assembly's manifest definition does not match the assembly reference. (Exception from HRESULT: 0x80131040)
File name: 'Facebook.Web.Mvc, Version=5.3.2.0, Culture=neutral, PublicKeyToken=58cb4f2111d1e6de'
   at System.ModuleHandle.ResolveType(RuntimeModule module, Int32 typeToken, IntPtr* typeInstArgs, Int32 typeInstCount, IntPtr* methodInstArgs, Int32 methodInstCount, ObjectHandleOnStack type)
   at System.ModuleHandle.ResolveTypeHandleInternal(RuntimeModule module, Int32 typeToken, RuntimeTypeHandle[] typeInstantiationContext, RuntimeTypeHandle[] methodInstantiationContext)
   at System.Reflection.RuntimeModule.ResolveType(Int32 metadataToken, Type[] genericTypeArguments, Type[] genericMethodArguments)
   at System.Reflection.CustomAttribute.FilterCustomAttributeRecord(CustomAttributeRecord caRecord, MetadataImport scope, Assembly&amp; lastAptcaOkAssembly, RuntimeModule decoratedModule, MetadataToken decoratedToken, RuntimeType attributeFilterType, Boolean mustBeInheritable, Object[] attributes, IList derivedAttributes, RuntimeType&amp; attributeType, IRuntimeMethodInfo&amp; ctor, Boolean&amp; ctorHasParameters, Boolean&amp; isVarArg)
   at System.Reflection.CustomAttribute.GetCustomAttributes(RuntimeModule decoratedModule, Int32 decoratedMetadataToken, Int32 pcaCount, RuntimeType attributeFilterType, Boolean mustBeInheritable, IList derivedAttributes, Boolean isDecoratedTargetSecurityTransparent)
   at System.Reflection.CustomAttribute.GetCustomAttributes(RuntimeType type, RuntimeType caType, Boolean inherit)
   at System.RuntimeType.GetCustomAttributes(Boolean inherit)
   at Microsoft.VisualStudio.TestTools.Common.ReflectHelper.GetAttributes(MemberInfo info, Boolean bInherit)

WRN: Assembly binding logging is turned OFF.
To enable assembly bind failure logging, set the registry value [HKLM\Software\Microsoft\Fusion!EnableLog] (DWORD) to 1.
Note: There is some performance penalty associated with assembly bind failure logging.
To turn this feature off, remove the registry value [HKLM\Software\Microsoft\Fusion!EnableLog].

E, 2224, 44, 2011/12/24, 12:19:12.792, MATT-PC\QTAgent32.exe, Unit Test Executor threw an exception. Most likely the test run was aborted by the user or the framework:System.IO.FileLoadException: Could not load file or assembly 'Facebook.Web.Mvc, Version=5.3.2.0, Culture=neutral, PublicKeyToken=58cb4f2111d1e6de' or one of its dependencies. The located assembly's manifest definition does not match the assembly reference. (Exception from HRESULT: 0x80131040)
File name: 'Facebook.Web.Mvc, Version=5.3.2.0, Culture=neutral, PublicKeyToken=58cb4f2111d1e6de'
   at System.ModuleHandle.ResolveType(RuntimeModule module, Int32 typeToken, IntPtr* typeInstArgs, Int32 typeInstCount, IntPtr* methodInstArgs, Int32 methodInstCount, ObjectHandleOnStack type)
   at System.ModuleHandle.ResolveTypeHandleInternal(RuntimeModule module, Int32 typeToken, RuntimeTypeHandle[] typeInstantiationContext, RuntimeTypeHandle[] methodInstantiationContext)
   at System.Reflection.RuntimeModule.ResolveType(Int32 metadataToken, Type[] genericTypeArguments, Type[] genericMethodArguments)
   at System.Reflection.CustomAttribute.FilterCustomAttributeRecord(CustomAttributeRecord caRecord, MetadataImport scope, Assembly&amp; lastAptcaOkAssembly, RuntimeModule decoratedModule, MetadataToken decoratedToken, RuntimeType attributeFilterType, Boolean mustBeInheritable, Object[] attributes, IList derivedAttributes, RuntimeType&amp; attributeType, IRuntimeMethodInfo&amp; ctor, Boolean&amp; ctorHasParameters, Boolean&amp; isVarArg)
   at System.Reflection.CustomAttribute.IsCustomAttributeDefined(RuntimeModule decoratedModule, Int32 decoratedMetadataToken, RuntimeType attributeFilterType, Boolean mustBeInheritable)
   at System.Reflection.CustomAttribute.IsDefined(RuntimeType type, RuntimeType caType, Boolean inherit)
   at System.RuntimeType.IsDefined(Type attributeType, Boolean inherit)
   at Microsoft.VisualStudio.TestTools.TestTypes.Unit.UnitTestExecuter.GetAssemblyInfo(Assembly assembly)
   at Microsoft.VisualStudio.TestTools.TestTypes.Unit.UnitTestExecuter.GetTypeInfo(Type type, Boolean checkAlreadyExaminedType)
   at Microsoft.VisualStudio.TestTools.TestTypes.Unit.UnitTestExecuter.ResolveMethods()
   at Microsoft.VisualStudio.TestTools.TestTypes.Unit.UnitTestExecuter.Initialize(UnitTestResult result, UnitTestRunner runner, ConsoleOutputRedirector redirector)

WRN: Assembly binding logging is turned OFF.
To enable assembly bind failure logging, set the registry value [HKLM\Software\Microsoft\Fusion!EnableLog] (DWORD) to 1.
Note: There is some performance penalty associated with assembly bind failure logging.
To turn this feature off, remove the registry value [HKLM\Software\Microsoft\Fusion!EnableLog].

E, 2224, 44, 2011/12/24, 12:19:12.793, MATT-PC\QTAgent32.exe, Unit Test Adapter threw exception: System.IO.FileLoadException: Could not load file or assembly 'Facebook.Web.Mvc, Version=5.3.2.0, Culture=neutral, PublicKeyToken=58cb4f2111d1e6de' or one of its dependencies. The located assembly's manifest definition does not match the assembly reference. (Exception from HRESULT: 0x80131040)
File name: 'Facebook.Web.Mvc, Version=5.3.2.0, Culture=neutral, PublicKeyToken=58cb4f2111d1e6de'
   at System.ModuleHandle.ResolveType(RuntimeModule module, Int32 typeToken, IntPtr* typeInstArgs, Int32 typeInstCount, IntPtr* methodInstArgs, Int32 methodInstCount, ObjectHandleOnStack type)
   at System.ModuleHandle.ResolveTypeHandleInternal(RuntimeModule module, Int32 typeToken, RuntimeTypeHandle[] typeInstantiationContext, RuntimeTypeHandle[] methodInstantiationContext)
   at System.Reflection.RuntimeModule.ResolveType(Int32 metadataToken, Type[] genericTypeArguments, Type[] genericMethodArguments)
   at System.Reflection.CustomAttribute.FilterCustomAttributeRecord(CustomAttributeRecord caRecord, MetadataImport scope, Assembly&amp; lastAptcaOkAssembly, RuntimeModule decoratedModule, MetadataToken decoratedToken, RuntimeType attributeFilterType, Boolean mustBeInheritable, Object[] attributes, IList derivedAttributes, RuntimeType&amp; attributeType, IRuntimeMethodInfo&amp; ctor, Boolean&amp; ctorHasParameters, Boolean&amp; isVarArg)
   at System.Reflection.CustomAttribute.IsCustomAttributeDefined(RuntimeModule decoratedModule, Int32 decoratedMetadataToken, RuntimeType attributeFilterType, Boolean mustBeInheritable)
   at System.Reflection.CustomAttribute.IsDefined(RuntimeType type, RuntimeType caType, Boolean inherit)
   at System.RuntimeType.IsDefined(Type attributeType, Boolean inherit)
   at Microsoft.VisualStudio.TestTools.TestTypes.Unit.UnitTestExecuter.GetAssemblyInfo(Assembly assembly)
   at Microsoft.VisualStudio.TestTools.TestTypes.Unit.UnitTestExecuter.GetTypeInfo(Type type, Boolean checkAlreadyExaminedType)
   at Microsoft.VisualStudio.TestTools.TestTypes.Unit.UnitTestExecuter.ResolveMethods()
   at Microsoft.VisualStudio.TestTools.TestTypes.Unit.UnitTestExecuter.Initialize(UnitTestResult result, UnitTestRunner runner, ConsoleOutputRedirector redirector)
   at Microsoft.VisualStudio.TestTools.TestTypes.Unit.UnitTestRunner.Run(UnitTestElement test, ITestContext testContext, Boolean isLoadTest, Boolean useMultipleCpus)

WRN: Assembly binding logging is turned OFF.
To enable assembly bind failure logging, set the registry value [HKLM\Software\Microsoft\Fusion!EnableLog] (DWORD) to 1.
Note: There is some performance penalty associated with assembly bind failure logging.
To turn this feature off, remove the registry value [HKLM\Software\Microsoft\Fusion!EnableLog].

W, 2224, 66, 2011/12/24, 12:19:12.811, MATT-PC\QTAgent32.exe, Getting custom attributes for type System.RuntimeType threw exception (will ignore and use the reflection way): System.IO.FileLoadException: Could not load file or assembly 'Facebook.Web.Mvc, Version=5.3.2.0, Culture=neutral, PublicKeyToken=58cb4f2111d1e6de' or one of its dependencies. The located assembly's manifest definition does not match the assembly reference. (Exception from HRESULT: 0x80131040)
File name: 'Facebook.Web.Mvc, Version=5.3.2.0, Culture=neutral, PublicKeyToken=58cb4f2111d1e6de'
   at System.ModuleHandle.ResolveType(RuntimeModule module, Int32 typeToken, IntPtr* typeInstArgs, Int32 typeInstCount, IntPtr* methodInstArgs, Int32 methodInstCount, ObjectHandleOnStack type)
   at System.ModuleHandle.ResolveTypeHandleInternal(RuntimeModule module, Int32 typeToken, RuntimeTypeHandle[] typeInstantiationContext, RuntimeTypeHandle[] methodInstantiationContext)
   at System.Reflection.RuntimeModule.ResolveType(Int32 metadataToken, Type[] genericTypeArguments, Type[] genericMethodArguments)
   at System.Reflection.CustomAttribute.FilterCustomAttributeRecord(CustomAttributeRecord caRecord, MetadataImport scope, Assembly&amp; lastAptcaOkAssembly, RuntimeModule decoratedModule, MetadataToken decoratedToken, RuntimeType attributeFilterType, Boolean mustBeInheritable, Object[] attributes, IList derivedAttributes, RuntimeType&amp; attributeType, IRuntimeMethodInfo&amp; ctor, Boolean&amp; ctorHasParameters, Boolean&amp; isVarArg)
   at System.Reflection.CustomAttribute.GetCustomAttributes(RuntimeModule decoratedModule, Int32 decoratedMetadataToken, Int32 pcaCount, RuntimeType attributeFilterType, Boolean mustBeInheritable, IList derivedAttributes, Boolean isDecoratedTargetSecurityTransparent)
   at System.Reflection.CustomAttribute.GetCustomAttributes(RuntimeType type, RuntimeType caType, Boolean inherit)
   at System.RuntimeType.GetCustomAttributes(Boolean inherit)
   at Microsoft.VisualStudio.TestTools.Common.ReflectHelper.GetAttributes(MemberInfo info, Boolean bInherit)

WRN: Assembly binding logging is turned OFF.
To enable assembly bind failure logging, set the registry value [HKLM\Software\Microsoft\Fusion!EnableLog] (DWORD) to 1.
Note: There is some performance penalty associated with assembly bind failure logging.
To turn this feature off, remove the registry value [HKLM\Software\Microsoft\Fusion!EnableLog].

E, 2224, 66, 2011/12/24, 12:19:12.812, MATT-PC\QTAgent32.exe, Unit Test Executor threw an exception. Most likely the test run was aborted by the user or the framework:System.IO.FileLoadException: Could not load file or assembly 'Facebook.Web.Mvc, Version=5.3.2.0, Culture=neutral, PublicKeyToken=58cb4f2111d1e6de' or one of its dependencies. The located assembly's manifest definition does not match the assembly reference. (Exception from HRESULT: 0x80131040)
File name: 'Facebook.Web.Mvc, Version=5.3.2.0, Culture=neutral, PublicKeyToken=58cb4f2111d1e6de'
   at System.ModuleHandle.ResolveType(RuntimeModule module, Int32 typeToken, IntPtr* typeInstArgs, Int32 typeInstCount, IntPtr* methodInstArgs, Int32 methodInstCount, ObjectHandleOnStack type)
   at System.ModuleHandle.ResolveTypeHandleInternal(RuntimeModule module, Int32 typeToken, RuntimeTypeHandle[] typeInstantiationContext, RuntimeTypeHandle[] methodInstantiationContext)
   at System.Reflection.RuntimeModule.ResolveType(Int32 metadataToken, Type[] genericTypeArguments, Type[] genericMethodArguments)
   at System.Reflection.CustomAttribute.FilterCustomAttributeRecord(CustomAttributeRecord caRecord, MetadataImport scope, Assembly&amp; lastAptcaOkAssembly, RuntimeModule decoratedModule, MetadataToken decoratedToken, RuntimeType attributeFilterType, Boolean mustBeInheritable, Object[] attributes, IList derivedAttributes, RuntimeType&amp; attributeType, IRuntimeMethodInfo&amp; ctor, Boolean&amp; ctorHasParameters, Boolean&amp; isVarArg)
   at System.Reflection.CustomAttribute.IsCustomAttributeDefined(RuntimeModule decoratedModule, Int32 decoratedMetadataToken, RuntimeType attributeFilterType, Boolean mustBeInheritable)
   at System.Reflection.CustomAttribute.IsDefined(RuntimeType type, RuntimeType caType, Boolean inherit)
   at System.RuntimeType.IsDefined(Type attributeType, Boolean inherit)
   at Microsoft.VisualStudio.TestTools.TestTypes.Unit.UnitTestExecuter.GetAssemblyInfo(Assembly assembly)
   at Microsoft.VisualStudio.TestTools.TestTypes.Unit.UnitTestExecuter.GetTypeInfo(Type type, Boolean checkAlreadyExaminedType)
   at Microsoft.VisualStudio.TestTools.TestTypes.Unit.UnitTestExecuter.ResolveMethods()
   at Microsoft.VisualStudio.TestTools.TestTypes.Unit.UnitTestExecuter.Initialize(UnitTestResult result, UnitTestRunner runner, ConsoleOutputRedirector redirector)

WRN: Assembly binding logging is turned OFF.
To enable assembly bind failure logging, set the registry value [HKLM\Software\Microsoft\Fusion!EnableLog] (DWORD) to 1.
Note: There is some performance penalty associated with assembly bind failure logging.
To turn this feature off, remove the registry value [HKLM\Software\Microsoft\Fusion!EnableLog].

E, 2224, 66, 2011/12/24, 12:19:12.812, MATT-PC\QTAgent32.exe, Unit Test Adapter threw exception: System.IO.FileLoadException: Could not load file or assembly 'Facebook.Web.Mvc, Version=5.3.2.0, Culture=neutral, PublicKeyToken=58cb4f2111d1e6de' or one of its dependencies. The located assembly's manifest definition does not match the assembly reference. (Exception from HRESULT: 0x80131040)
File name: 'Facebook.Web.Mvc, Version=5.3.2.0, Culture=neutral, PublicKeyToken=58cb4f2111d1e6de'
   at System.ModuleHandle.ResolveType(RuntimeModule module, Int32 typeToken, IntPtr* typeInstArgs, Int32 typeInstCount, IntPtr* methodInstArgs, Int32 methodInstCount, ObjectHandleOnStack type)
   at System.ModuleHandle.ResolveTypeHandleInternal(RuntimeModule module, Int32 typeToken, RuntimeTypeHandle[] typeInstantiationContext, RuntimeTypeHandle[] methodInstantiationContext)
   at System.Reflection.RuntimeModule.ResolveType(Int32 metadataToken, Type[] genericTypeArguments, Type[] genericMethodArguments)
   at System.Reflection.CustomAttribute.FilterCustomAttributeRecord(CustomAttributeRecord caRecord, MetadataImport scope, Assembly&amp; lastAptcaOkAssembly, RuntimeModule decoratedModule, MetadataToken decoratedToken, RuntimeType attributeFilterType, Boolean mustBeInheritable, Object[] attributes, IList derivedAttributes, RuntimeType&amp; attributeType, IRuntimeMethodInfo&amp; ctor, Boolean&amp; ctorHasParameters, Boolean&amp; isVarArg)
   at System.Reflection.CustomAttribute.IsCustomAttributeDefined(RuntimeModule decoratedModule, Int32 decoratedMetadataToken, RuntimeType attributeFilterType, Boolean mustBeInheritable)
   at System.Reflection.CustomAttribute.IsDefined(RuntimeType type, RuntimeType caType, Boolean inherit)
   at System.RuntimeType.IsDefined(Type attributeType, Boolean inherit)
   at Microsoft.VisualStudio.TestTools.TestTypes.Unit.UnitTestExecuter.GetAssemblyInfo(Assembly assembly)
   at Microsoft.VisualStudio.TestTools.TestTypes.Unit.UnitTestExecuter.GetTypeInfo(Type type, Boolean checkAlreadyExaminedType)
   at Microsoft.VisualStudio.TestTools.TestTypes.Unit.UnitTestExecuter.ResolveMethods()
   at Microsoft.VisualStudio.TestTools.TestTypes.Unit.UnitTestExecuter.Initialize(UnitTestResult result, UnitTestRunner runner, ConsoleOutputRedirector redirector)
   at Microsoft.VisualStudio.TestTools.TestTypes.Unit.UnitTestRunner.Run(UnitTestElement test, ITestContext testContext, Boolean isLoadTest, Boolean useMultipleCpus)

WRN: Assembly binding logging is turned OFF.
To enable assembly bind failure logging, set the registry value [HKLM\Software\Microsoft\Fusion!EnableLog] (DWORD) to 1.
Note: There is some performance penalty associated with assembly bind failure logging.
To turn this feature off, remove the registry value [HKLM\Software\Microsoft\Fusion!EnableLog].

</DebugTrace>
    </Output>
  </ResultSummary>
  <TestDefinitions>
    <UnitTest name="It_should_ask_the_facebook_service_for_me_as_part_of_friend_action" storage="c:\code\complainatron3\tests.complainatron\bin\debug\tests.complainatron.dll" id="7684eaed-9f74-f999-e2d5-3c5d9d01ff19">
      <TestCategory>
        <TestCategoryItem TestCategory="Friend Action" />
      </TestCategory>
      <Execution id="4c81ba8f-9704-4226-ba84-e54ffece373d" />
      <TestMethod codeBase="C:/Code/Complainatron3/Tests.Complainatron/bin/Debug/Tests.Complainatron.DLL" adapterTypeName="Microsoft.VisualStudio.TestTools.TestTypes.Unit.UnitTestAdapter, Microsoft.VisualStudio.QualityTools.Tips.UnitTest.Adapter, Version=10.0.0.0, Culture=neutral, PublicKeyToken=b03f5f7f11d50a3a" className="Tests.Complainatron.ComplaintControllerTests, Tests.Complainatron, Version=1.0.0.0, Culture=neutral, PublicKeyToken=null" name="It_should_ask_the_facebook_service_for_me_as_part_of_friend_action" />
    </UnitTest>
    <UnitTest name="It_should_have_a_collection_of_friends_as_the_views_model" storage="c:\code\complainatron3\tests.complainatron\bin\debug\tests.complainatron.dll" id="f182e86d-440a-114e-75b8-405a96928ec7">
      <TestCategory>
        <TestCategoryItem TestCategory="Index Action" />
      </TestCategory>
      <Execution id="5a9ecfbe-2861-420d-8529-2f3edd0a7792" />
      <TestMethod codeBase="C:/Code/Complainatron3/Tests.Complainatron/bin/Debug/Tests.Complainatron.DLL" adapterTypeName="Microsoft.VisualStudio.TestTools.TestTypes.Unit.UnitTestAdapter, Microsoft.VisualStudio.QualityTools.Tips.UnitTest.Adapter, Version=10.0.0.0, Culture=neutral, PublicKeyToken=b03f5f7f11d50a3a" className="Tests.Complainatron.FriendsControllerTests, Tests.Complainatron, Version=1.0.0.0, Culture=neutral, PublicKeyToken=null" name="It_should_have_a_collection_of_friends_as_the_views_model" />
    </UnitTest>
    <UnitTest name="It_should_throw_an_exception_if_complaint_service_is_null" storage="c:\code\complainatron3\tests.complainatron\bin\debug\tests.complainatron.dll" id="068afdfa-bec9-e854-d1ae-8a3613a6566c">
      <TestCategory>
        <TestCategoryItem TestCategory="Creation" />
      </TestCategory>
      <Execution id="e7a63491-abf6-40bd-9420-1cabc8bd9294" />
      <TestMethod codeBase="C:/Code/Complainatron3/Tests.Complainatron/bin/Debug/Tests.Complainatron.DLL" adapterTypeName="Microsoft.VisualStudio.TestTools.TestTypes.Unit.UnitTestAdapter, Microsoft.VisualStudio.QualityTools.Tips.UnitTest.Adapter, Version=10.0.0.0, Culture=neutral, PublicKeyToken=b03f5f7f11d50a3a" className="Tests.Complainatron.MapControllerTests, Tests.Complainatron, Version=1.0.0.0, Culture=neutral, PublicKeyToken=null" name="It_should_throw_an_exception_if_complaint_service_is_null" />
    </UnitTest>
    <UnitTest name="It_should_ask_the_tag_service_for_all_tags" storage="c:\code\complainatron3\tests.complainatron\bin\debug\tests.complainatron.dll" id="8778246f-bfa9-c2d1-b343-6fd2e66339d0">
      <TestCategory>
        <TestCategoryItem TestCategory="Index Action" />
      </TestCategory>
      <Execution id="84369f26-6488-41a3-bdf5-96146fe1b2a5" />
      <TestMethod codeBase="C:/Code/Complainatron3/Tests.Complainatron/bin/Debug/Tests.Complainatron.DLL" adapterTypeName="Microsoft.VisualStudio.TestTools.TestTypes.Unit.UnitTestAdapter, Microsoft.VisualStudio.QualityTools.Tips.UnitTest.Adapter, Version=10.0.0.0, Culture=neutral, PublicKeyToken=b03f5f7f11d50a3a" className="Tests.Complainatron.TagControllerTests, Tests.Complainatron, Version=1.0.0.0, Culture=neutral, PublicKeyToken=null" name="It_should_ask_the_tag_service_for_all_tags" />
    </UnitTest>
    <UnitTest name="It_should_ask_the_tag_service_to_get_the_requested_tag" storage="c:\code\complainatron3\tests.complainatron\bin\debug\tests.complainatron.dll" id="d1b01a50-f114-c36e-df25-5ce88648af81">
      <TestCategory>
        <TestCategoryItem TestCategory="Tag Action" />
      </TestCategory>
      <Execution id="75c8c759-9fd5-472d-9f35-009c428a3868" />
      <TestMethod codeBase="C:/Code/Complainatron3/Tests.Complainatron/bin/Debug/Tests.Complainatron.DLL" adapterTypeName="Microsoft.VisualStudio.TestTools.TestTypes.Unit.UnitTestAdapter, Microsoft.VisualStudio.QualityTools.Tips.UnitTest.Adapter, Version=10.0.0.0, Culture=neutral, PublicKeyToken=b03f5f7f11d50a3a" className="Tests.Complainatron.ComplaintControllerTests, Tests.Complainatron, Version=1.0.0.0, Culture=neutral, PublicKeyToken=null" name="It_should_ask_the_tag_service_to_get_the_requested_tag" />
    </UnitTest>
    <UnitTest name="It_should_throw_an_exception_if_tag_service_is_null" storage="c:\code\complainatron3\tests.complainatron\bin\debug\tests.complainatron.dll" id="7e059270-f99e-7f0c-944d-a1420e836093">
      <TestCategory>
        <TestCategoryItem TestCategory="Creation" />
      </TestCategory>
      <Execution id="742418ee-3a43-4aa7-93a9-fe5ae7f29ccd" />
      <TestMethod codeBase="C:/Code/Complainatron3/Tests.Complainatron/bin/Debug/Tests.Complainatron.DLL" adapterTypeName="Microsoft.VisualStudio.TestTools.TestTypes.Unit.UnitTestAdapter, Microsoft.VisualStudio.QualityTools.Tips.UnitTest.Adapter, Version=10.0.0.0, Culture=neutral, PublicKeyToken=b03f5f7f11d50a3a" className="Tests.Complainatron.ChartControllerTests, Tests.Complainatron, Version=1.0.0.0, Culture=neutral, PublicKeyToken=null" name="It_should_throw_an_exception_if_tag_service_is_null" />
    </UnitTest>
    <UnitTest name="It_should_return_a_partial_view" storage="c:\code\complainatron3\tests.complainatron\bin\debug\tests.complainatron.dll" id="7472235a-07a1-64be-c16f-018bc1be6c02">
      <TestCategory>
        <TestCategoryItem TestCategory="Index Action" />
      </TestCategory>
      <Execution id="509c7b1c-e33d-48ec-b79f-88c450032e18" />
      <TestMethod codeBase="C:/Code/Complainatron3/Tests.Complainatron/bin/Debug/Tests.Complainatron.DLL" adapterTypeName="Microsoft.VisualStudio.TestTools.TestTypes.Unit.UnitTestAdapter, Microsoft.VisualStudio.QualityTools.Tips.UnitTest.Adapter, Version=10.0.0.0, Culture=neutral, PublicKeyToken=b03f5f7f11d50a3a" className="Tests.Complainatron.FriendsControllerTests, Tests.Complainatron, Version=1.0.0.0, Culture=neutral, PublicKeyToken=null" name="It_should_return_a_partial_view" />
    </UnitTest>
    <UnitTest name="It_should_throw_an_exception_if_complaint_builder_is_null" storage="c:\code\complainatron3\tests.complainatron\bin\debug\tests.complainatron.dll" id="c7ea3ecb-50f5-2712-8aca-008c0a2be236">
      <TestCategory>
        <TestCategoryItem TestCategory="Creation" />
      </TestCategory>
      <Execution id="693b1260-0215-4431-b1c8-6a354a8ffc8d" />
      <TestMethod codeBase="C:/Code/Complainatron3/Tests.Complainatron/bin/Debug/Tests.Complainatron.DLL" adapterTypeName="Microsoft.VisualStudio.TestTools.TestTypes.Unit.UnitTestAdapter, Microsoft.VisualStudio.QualityTools.Tips.UnitTest.Adapter, Version=10.0.0.0, Culture=neutral, PublicKeyToken=b03f5f7f11d50a3a" className="Tests.Complainatron.ComplaintControllerTests, Tests.Complainatron, Version=1.0.0.0, Culture=neutral, PublicKeyToken=null" name="It_should_throw_an_exception_if_complaint_builder_is_null" />
    </UnitTest>
    <UnitTest name="It_should_ask_the_complaint_service_for_a_paged_list_of_complaints_as_a_part_of_the_tag_action" storage="c:\code\complainatron3\tests.complainatron\bin\debug\tests.complainatron.dll" id="5cd76d45-1adf-2851-c0e7-fa315d3c8c2b">
      <TestCategory>
        <TestCategoryItem TestCategory="Tag Action" />
      </TestCategory>
      <Execution id="2cb3826c-e49d-4761-a8ab-10fd9b9bd91c" />
      <TestMethod codeBase="C:/Code/Complainatron3/Tests.Complainatron/bin/Debug/Tests.Complainatron.DLL" adapterTypeName="Microsoft.VisualStudio.TestTools.TestTypes.Unit.UnitTestAdapter, Microsoft.VisualStudio.QualityTools.Tips.UnitTest.Adapter, Version=10.0.0.0, Culture=neutral, PublicKeyToken=b03f5f7f11d50a3a" className="Tests.Complainatron.ComplaintControllerTests, Tests.Complainatron, Version=1.0.0.0, Culture=neutral, PublicKeyToken=null" name="It_should_ask_the_complaint_service_for_a_paged_list_of_complaints_as_a_part_of_the_tag_action" />
    </UnitTest>
    <UnitTest name="It_should_throw_an_exception_if_tag_service_is_null" storage="c:\code\complainatron3\tests.complainatron\bin\debug\tests.complainatron.dll" id="cc8fd6f1-60f9-9983-5acc-e6782323e931">
      <TestCategory>
        <TestCategoryItem TestCategory="Creation" />
      </TestCategory>
      <Execution id="253afbce-986b-408c-a0de-d186125caec8" />
      <TestMethod codeBase="C:/Code/Complainatron3/Tests.Complainatron/bin/Debug/Tests.Complainatron.DLL" adapterTypeName="Microsoft.VisualStudio.TestTools.TestTypes.Unit.UnitTestAdapter, Microsoft.VisualStudio.QualityTools.Tips.UnitTest.Adapter, Version=10.0.0.0, Culture=neutral, PublicKeyToken=b03f5f7f11d50a3a" className="Tests.Complainatron.TagControllerTests, Tests.Complainatron, Version=1.0.0.0, Culture=neutral, PublicKeyToken=null" name="It_should_throw_an_exception_if_tag_service_is_null" />
    </UnitTest>
    <UnitTest name="It_should_return_a_partial_view_named__about" storage="c:\code\complainatron3\tests.complainatron\bin\debug\tests.complainatron.dll" id="74ad58ca-8037-4542-e734-2d75fa9b27a1">
      <TestCategory>
        <TestCategoryItem TestCategory="About Action" />
      </TestCategory>
      <Execution id="86d90ed1-5f46-4062-93f6-516f72552b0e" />
      <TestMethod codeBase="C:/Code/Complainatron3/Tests.Complainatron/bin/Debug/Tests.Complainatron.DLL" adapterTypeName="Microsoft.VisualStudio.TestTools.TestTypes.Unit.UnitTestAdapter, Microsoft.VisualStudio.QualityTools.Tips.UnitTest.Adapter, Version=10.0.0.0, Culture=neutral, PublicKeyToken=b03f5f7f11d50a3a" className="Tests.Complainatron.MainControllerTests, Tests.Complainatron, Version=1.0.0.0, Culture=neutral, PublicKeyToken=null" name="It_should_return_a_partial_view_named__about" />
    </UnitTest>
    <UnitTest name="It_should_throw_an_exception_if_facebook_service_is_null" storage="c:\code\complainatron3\tests.complainatron\bin\debug\tests.complainatron.dll" id="8ca0dd94-8d00-3681-7e7b-bcdc49182639">
      <TestCategory>
        <TestCategoryItem TestCategory="Creation" />
      </TestCategory>
      <Execution id="cb3aaa64-717d-4518-abbb-3adc1bd5f8dc" />
      <TestMethod codeBase="C:/Code/Complainatron3/Tests.Complainatron/bin/Debug/Tests.Complainatron.DLL" adapterTypeName="Microsoft.VisualStudio.TestTools.TestTypes.Unit.UnitTestAdapter, Microsoft.VisualStudio.QualityTools.Tips.UnitTest.Adapter, Version=10.0.0.0, Culture=neutral, PublicKeyToken=b03f5f7f11d50a3a" className="Tests.Complainatron.AbstractFacebookControllerTests, Tests.Complainatron, Version=1.0.0.0, Culture=neutral, PublicKeyToken=null" name="It_should_throw_an_exception_if_facebook_service_is_null" />
    </UnitTest>
    <UnitTest name="It_should_throw_an_exception_if_logging_service_is_null" storage="c:\code\complainatron3\tests.complainatron\bin\debug\tests.complainatron.dll" id="7a74fccc-3a78-7dd5-a25a-fb73b8f8d4d7">
      <TestCategory>
        <TestCategoryItem TestCategory="Creation" />
      </TestCategory>
      <Execution id="d6a7d9d3-9b13-4399-9165-27523f5eb820" />
      <TestMethod codeBase="C:/Code/Complainatron3/Tests.Complainatron/bin/Debug/Tests.Complainatron.DLL" adapterTypeName="Microsoft.VisualStudio.TestTools.TestTypes.Unit.UnitTestAdapter, Microsoft.VisualStudio.QualityTools.Tips.UnitTest.Adapter, Version=10.0.0.0, Culture=neutral, PublicKeyToken=b03f5f7f11d50a3a" className="Tests.Complainatron.AbstractFacebookControllerTests, Tests.Complainatron, Version=1.0.0.0, Culture=neutral, PublicKeyToken=null" name="It_should_throw_an_exception_if_logging_service_is_null" />
    </UnitTest>
    <UnitTest name="It_should_redirect_to_the_index_action_if_specified_user_is_not_found" storage="c:\code\complainatron3\tests.complainatron\bin\debug\tests.complainatron.dll" id="f931b9ae-990e-4f43-27eb-1f94d6cb047a">
      <TestCategory>
        <TestCategoryItem TestCategory="Friend Action" />
      </TestCategory>
      <Execution id="324b72c4-c9d9-4bc5-8fd9-02fe12f4c0e4" />
      <TestMethod codeBase="C:/Code/Complainatron3/Tests.Complainatron/bin/Debug/Tests.Complainatron.DLL" adapterTypeName="Microsoft.VisualStudio.TestTools.TestTypes.Unit.UnitTestAdapter, Microsoft.VisualStudio.QualityTools.Tips.UnitTest.Adapter, Version=10.0.0.0, Culture=neutral, PublicKeyToken=b03f5f7f11d50a3a" className="Tests.Complainatron.ComplaintControllerTests, Tests.Complainatron, Version=1.0.0.0, Culture=neutral, PublicKeyToken=null" name="It_should_redirect_to_the_index_action_if_specified_user_is_not_found" />
    </UnitTest>
    <UnitTest name="It_should_return_a_view_as_a_part_of_the_friends_action" storage="c:\code\complainatron3\tests.complainatron\bin\debug\tests.complainatron.dll" id="b2b8632c-b102-57b1-dc49-f5d4b1cc0f34">
      <TestCategory>
        <TestCategoryItem TestCategory="Friend Action" />
      </TestCategory>
      <Execution id="be85f04b-d1ba-4151-a1d5-7c251fef9277" />
      <TestMethod codeBase="C:/Code/Complainatron3/Tests.Complainatron/bin/Debug/Tests.Complainatron.DLL" adapterTypeName="Microsoft.VisualStudio.TestTools.TestTypes.Unit.UnitTestAdapter, Microsoft.VisualStudio.QualityTools.Tips.UnitTest.Adapter, Version=10.0.0.0, Culture=neutral, PublicKeyToken=b03f5f7f11d50a3a" className="Tests.Complainatron.ComplaintControllerTests, Tests.Complainatron, Version=1.0.0.0, Culture=neutral, PublicKeyToken=null" name="It_should_return_a_view_as_a_part_of_the_friends_action" />
    </UnitTest>
    <UnitTest name="It_should_return_a_view_as_a_part_of_the_tag_action" storage="c:\code\complainatron3\tests.complainatron\bin\debug\tests.complainatron.dll" id="de63c1b4-1c1f-9f57-f7e5-a98bc56732e3">
      <TestCategory>
        <TestCategoryItem TestCategory="Tag Action" />
      </TestCategory>
      <Execution id="8ef9710b-55c3-497b-b32f-617e762707a7" />
      <TestMethod codeBase="C:/Code/Complainatron3/Tests.Complainatron/bin/Debug/Tests.Complainatron.DLL" adapterTypeName="Microsoft.VisualStudio.TestTools.TestTypes.Unit.UnitTestAdapter, Microsoft.VisualStudio.QualityTools.Tips.UnitTest.Adapter, Version=10.0.0.0, Culture=neutral, PublicKeyToken=b03f5f7f11d50a3a" className="Tests.Complainatron.ComplaintControllerTests, Tests.Complainatron, Version=1.0.0.0, Culture=neutral, PublicKeyToken=null" name="It_should_return_a_view_as_a_part_of_the_tag_action" />
    </UnitTest>
    <UnitTest name="It_should_use_the_tag_builder_to_create_a_list_of_view_models" storage="c:\code\complainatron3\tests.complainatron\bin\debug\tests.complainatron.dll" id="43a58456-2a87-37f5-f26d-3bea5dd5f2eb">
      <TestCategory>
        <TestCategoryItem TestCategory="Index Action" />
      </TestCategory>
      <Execution id="31e29e05-ac5a-4bbf-b016-e01d4d87fd4d" />
      <TestMethod codeBase="C:/Code/Complainatron3/Tests.Complainatron/bin/Debug/Tests.Complainatron.DLL" adapterTypeName="Microsoft.VisualStudio.TestTools.TestTypes.Unit.UnitTestAdapter, Microsoft.VisualStudio.QualityTools.Tips.UnitTest.Adapter, Version=10.0.0.0, Culture=neutral, PublicKeyToken=b03f5f7f11d50a3a" className="Tests.Complainatron.TagControllerTests, Tests.Complainatron, Version=1.0.0.0, Culture=neutral, PublicKeyToken=null" name="It_should_use_the_tag_builder_to_create_a_list_of_view_models" />
    </UnitTest>
    <UnitTest name="It_should_throw_an_exception_if_tag_service_is_null" storage="c:\code\complainatron3\tests.complainatron\bin\debug\tests.complainatron.dll" id="b6a7185e-c355-1a77-1427-f2388d0cf302">
      <TestCategory>
        <TestCategoryItem TestCategory="Creation" />
      </TestCategory>
      <Execution id="3694e225-e395-4b82-b1a5-fd776f5bec87" />
      <TestMethod codeBase="C:/Code/Complainatron3/Tests.Complainatron/bin/Debug/Tests.Complainatron.DLL" adapterTypeName="Microsoft.VisualStudio.TestTools.TestTypes.Unit.UnitTestAdapter, Microsoft.VisualStudio.QualityTools.Tips.UnitTest.Adapter, Version=10.0.0.0, Culture=neutral, PublicKeyToken=b03f5f7f11d50a3a" className="Tests.Complainatron.ComplaintControllerTests, Tests.Complainatron, Version=1.0.0.0, Culture=neutral, PublicKeyToken=null" name="It_should_throw_an_exception_if_tag_service_is_null" />
    </UnitTest>
    <UnitTest name="It_should_return_a_view" storage="c:\code\complainatron3\tests.complainatron\bin\debug\tests.complainatron.dll" id="0f054cb8-6cbe-dd4c-c48e-c6047588a073">
      <TestCategory>
        <TestCategoryItem TestCategory="Index Action" />
      </TestCategory>
      <Execution id="2cdcade4-5039-4f79-ad3e-9e3f96b01399" />
      <TestMethod codeBase="C:/Code/Complainatron3/Tests.Complainatron/bin/Debug/Tests.Complainatron.DLL" adapterTypeName="Microsoft.VisualStudio.TestTools.TestTypes.Unit.UnitTestAdapter, Microsoft.VisualStudio.QualityTools.Tips.UnitTest.Adapter, Version=10.0.0.0, Culture=neutral, PublicKeyToken=b03f5f7f11d50a3a" className="Tests.Complainatron.MapControllerTests, Tests.Complainatron, Version=1.0.0.0, Culture=neutral, PublicKeyToken=null" name="It_should_return_a_view" />
    </UnitTest>
    <UnitTest name="It_should_have_a_chart_data_view_model_in_its_view" storage="c:\code\complainatron3\tests.complainatron\bin\debug\tests.complainatron.dll" id="1e9e7b51-057d-9149-3fb6-f9208fa86207">
      <TestCategory>
        <TestCategoryItem TestCategory="Index Action" />
      </TestCategory>
      <Execution id="fd99fd76-8184-4551-9ea3-3cb8b716d38e" />
      <TestMethod codeBase="C:/Code/Complainatron3/Tests.Complainatron/bin/Debug/Tests.Complainatron.DLL" adapterTypeName="Microsoft.VisualStudio.TestTools.TestTypes.Unit.UnitTestAdapter, Microsoft.VisualStudio.QualityTools.Tips.UnitTest.Adapter, Version=10.0.0.0, Culture=neutral, PublicKeyToken=b03f5f7f11d50a3a" className="Tests.Complainatron.MapControllerTests, Tests.Complainatron, Version=1.0.0.0, Culture=neutral, PublicKeyToken=null" name="It_should_have_a_chart_data_view_model_in_its_view" />
    </UnitTest>
    <UnitTest name="It_should_redirect_to_the_index_action_if_tag_specified_tag_is_not_found" storage="c:\code\complainatron3\tests.complainatron\bin\debug\tests.complainatron.dll" id="7dbf40fa-558c-b37d-3518-0d5964f875ad">
      <TestCategory>
        <TestCategoryItem TestCategory="Tag Action" />
      </TestCategory>
      <Execution id="6f206255-8a53-427b-a906-b5554163ec52" />
      <TestMethod codeBase="C:/Code/Complainatron3/Tests.Complainatron/bin/Debug/Tests.Complainatron.DLL" adapterTypeName="Microsoft.VisualStudio.TestTools.TestTypes.Unit.UnitTestAdapter, Microsoft.VisualStudio.QualityTools.Tips.UnitTest.Adapter, Version=10.0.0.0, Culture=neutral, PublicKeyToken=b03f5f7f11d50a3a" className="Tests.Complainatron.ComplaintControllerTests, Tests.Complainatron, Version=1.0.0.0, Culture=neutral, PublicKeyToken=null" name="It_should_redirect_to_the_index_action_if_tag_specified_tag_is_not_found" />
    </UnitTest>
    <UnitTest name="It_should_return_a_partial_view" storage="c:\code\complainatron3\tests.complainatron\bin\debug\tests.complainatron.dll" id="3d18a9ac-f9a8-bfcf-81d2-44c90128be9c">
      <TestCategory>
        <TestCategoryItem TestCategory="Index Action" />
      </TestCategory>
      <Execution id="e6aab332-26c4-421c-bea6-9e8d3b7b35c0" />
      <TestMethod codeBase="C:/Code/Complainatron3/Tests.Complainatron/bin/Debug/Tests.Complainatron.DLL" adapterTypeName="Microsoft.VisualStudio.TestTools.TestTypes.Unit.UnitTestAdapter, Microsoft.VisualStudio.QualityTools.Tips.UnitTest.Adapter, Version=10.0.0.0, Culture=neutral, PublicKeyToken=b03f5f7f11d50a3a" className="Tests.Complainatron.TagControllerTests, Tests.Complainatron, Version=1.0.0.0, Culture=neutral, PublicKeyToken=null" name="It_should_return_a_partial_view" />
    </UnitTest>
    <UnitTest name="It_should_ask_the_complaint_service_for_all_complaints" storage="c:\code\complainatron3\tests.complainatron\bin\debug\tests.complainatron.dll" id="7fa73dbd-de6d-0ac1-9c78-9efc7a619388">
      <TestCategory>
        <TestCategoryItem TestCategory="Index Action" />
      </TestCategory>
      <Execution id="b9454a64-7cc6-4256-87d9-f7f7c07a3236" />
      <TestMethod codeBase="C:/Code/Complainatron3/Tests.Complainatron/bin/Debug/Tests.Complainatron.DLL" adapterTypeName="Microsoft.VisualStudio.TestTools.TestTypes.Unit.UnitTestAdapter, Microsoft.VisualStudio.QualityTools.Tips.UnitTest.Adapter, Version=10.0.0.0, Culture=neutral, PublicKeyToken=b03f5f7f11d50a3a" className="Tests.Complainatron.MapControllerTests, Tests.Complainatron, Version=1.0.0.0, Culture=neutral, PublicKeyToken=null" name="It_should_ask_the_complaint_service_for_all_complaints" />
    </UnitTest>
    <UnitTest name="It_should_return_a_view" storage="c:\code\complainatron3\tests.complainatron\bin\debug\tests.complainatron.dll" id="f0690b77-6da3-dfa0-d405-007e7fb12845">
      <TestCategory>
        <TestCategoryItem TestCategory="Index Action" />
      </TestCategory>
      <Execution id="6c9489fe-d11a-4669-bc78-1d830f745c24" />
      <TestMethod codeBase="C:/Code/Complainatron3/Tests.Complainatron/bin/Debug/Tests.Complainatron.DLL" adapterTypeName="Microsoft.VisualStudio.TestTools.TestTypes.Unit.UnitTestAdapter, Microsoft.VisualStudio.QualityTools.Tips.UnitTest.Adapter, Version=10.0.0.0, Culture=neutral, PublicKeyToken=b03f5f7f11d50a3a" className="Tests.Complainatron.ChartControllerTests, Tests.Complainatron, Version=1.0.0.0, Culture=neutral, PublicKeyToken=null" name="It_should_return_a_view" />
    </UnitTest>
    <UnitTest name="It_should_return_a_partial_view" storage="c:\code\complainatron3\tests.complainatron\bin\debug\tests.complainatron.dll" id="10f84829-6344-db79-b0e9-ea013eb2f716">
      <TestCategory>
        <TestCategoryItem TestCategory="About Action" />
      </TestCategory>
      <Execution id="e088f303-fbac-4ee0-8ed9-ac24b699cc4f" />
      <TestMethod codeBase="C:/Code/Complainatron3/Tests.Complainatron/bin/Debug/Tests.Complainatron.DLL" adapterTypeName="Microsoft.VisualStudio.TestTools.TestTypes.Unit.UnitTestAdapter, Microsoft.VisualStudio.QualityTools.Tips.UnitTest.Adapter, Version=10.0.0.0, Culture=neutral, PublicKeyToken=b03f5f7f11d50a3a" className="Tests.Complainatron.MainControllerTests, Tests.Complainatron, Version=1.0.0.0, Culture=neutral, PublicKeyToken=null" name="It_should_return_a_partial_view" />
    </UnitTest>
    <UnitTest name="It_should_ask_the_service_to_get_all_tags_with_their_respective_counts" storage="c:\code\complainatron3\tests.complainatron\bin\debug\tests.complainatron.dll" id="3b6beb09-33bf-2a5c-6864-647e66c1e652">
      <TestCategory>
        <TestCategoryItem TestCategory="Index Action" />
      </TestCategory>
      <Execution id="b57a9d02-6784-4538-af9f-7f55e9e8040e" />
      <TestMethod codeBase="C:/Code/Complainatron3/Tests.Complainatron/bin/Debug/Tests.Complainatron.DLL" adapterTypeName="Microsoft.VisualStudio.TestTools.TestTypes.Unit.UnitTestAdapter, Microsoft.VisualStudio.QualityTools.Tips.UnitTest.Adapter, Version=10.0.0.0, Culture=neutral, PublicKeyToken=b03f5f7f11d50a3a" className="Tests.Complainatron.ChartControllerTests, Tests.Complainatron, Version=1.0.0.0, Culture=neutral, PublicKeyToken=null" name="It_should_ask_the_service_to_get_all_tags_with_their_respective_counts" />
    </UnitTest>
    <UnitTest name="It_should_throw_an_exception_if_user_service_is_null" storage="c:\code\complainatron3\tests.complainatron\bin\debug\tests.complainatron.dll" id="bf31f7f0-a2a0-4bd2-dd65-6ece24083ee4">
      <TestCategory>
        <TestCategoryItem TestCategory="Creation" />
      </TestCategory>
      <Execution id="d958df12-444d-4dbb-9c2e-fb9164a70d0f" />
      <TestMethod codeBase="C:/Code/Complainatron3/Tests.Complainatron/bin/Debug/Tests.Complainatron.DLL" adapterTypeName="Microsoft.VisualStudio.TestTools.TestTypes.Unit.UnitTestAdapter, Microsoft.VisualStudio.QualityTools.Tips.UnitTest.Adapter, Version=10.0.0.0, Culture=neutral, PublicKeyToken=b03f5f7f11d50a3a" className="Tests.Complainatron.ComplaintControllerTests, Tests.Complainatron, Version=1.0.0.0, Culture=neutral, PublicKeyToken=null" name="It_should_throw_an_exception_if_user_service_is_null" />
    </UnitTest>
    <UnitTest name="It_should_throw_an_exception_if_complaint_severity_service_is_null" storage="c:\code\complainatron3\tests.complainatron\bin\debug\tests.complainatron.dll" id="a2fc997c-f0ad-8f43-71b9-befe4e308a8b">
      <TestCategory>
        <TestCategoryItem TestCategory="Creation" />
      </TestCategory>
      <Execution id="91d51ffd-7cc6-4f98-9fb5-6394bcdf7cb7" />
      <TestMethod codeBase="C:/Code/Complainatron3/Tests.Complainatron/bin/Debug/Tests.Complainatron.DLL" adapterTypeName="Microsoft.VisualStudio.TestTools.TestTypes.Unit.UnitTestAdapter, Microsoft.VisualStudio.QualityTools.Tips.UnitTest.Adapter, Version=10.0.0.0, Culture=neutral, PublicKeyToken=b03f5f7f11d50a3a" className="Tests.Complainatron.ComplaintControllerTests, Tests.Complainatron, Version=1.0.0.0, Culture=neutral, PublicKeyToken=null" name="It_should_throw_an_exception_if_complaint_severity_service_is_null" />
    </UnitTest>
    <UnitTest name="It_should_throw_an_exception_if_tag_builder_is_null" storage="c:\code\complainatron3\tests.complainatron\bin\debug\tests.complainatron.dll" id="2283bcaa-a915-bbc4-9f2a-9f1e92e364a5">
      <TestCategory>
        <TestCategoryItem TestCategory="Creation" />
      </TestCategory>
      <Execution id="5e70090e-8287-492c-94a2-af1b6a92586b" />
      <TestMethod codeBase="C:/Code/Complainatron3/Tests.Complainatron/bin/Debug/Tests.Complainatron.DLL" adapterTypeName="Microsoft.VisualStudio.TestTools.TestTypes.Unit.UnitTestAdapter, Microsoft.VisualStudio.QualityTools.Tips.UnitTest.Adapter, Version=10.0.0.0, Culture=neutral, PublicKeyToken=b03f5f7f11d50a3a" className="Tests.Complainatron.TagControllerTests, Tests.Complainatron, Version=1.0.0.0, Culture=neutral, PublicKeyToken=null" name="It_should_throw_an_exception_if_tag_builder_is_null" />
    </UnitTest>
    <UnitTest name="It_should_return_a_partial_view_called__index" storage="c:\code\complainatron3\tests.complainatron\bin\debug\tests.complainatron.dll" id="e69681b7-cdaa-317d-ccd1-7c7c5073cf4c">
      <TestCategory>
        <TestCategoryItem TestCategory="Index Action" />
      </TestCategory>
      <Execution id="c3201800-7f45-408b-91d0-c33a3e67f706" />
      <TestMethod codeBase="C:/Code/Complainatron3/Tests.Complainatron/bin/Debug/Tests.Complainatron.DLL" adapterTypeName="Microsoft.VisualStudio.TestTools.TestTypes.Unit.UnitTestAdapter, Microsoft.VisualStudio.QualityTools.Tips.UnitTest.Adapter, Version=10.0.0.0, Culture=neutral, PublicKeyToken=b03f5f7f11d50a3a" className="Tests.Complainatron.FriendsControllerTests, Tests.Complainatron, Version=1.0.0.0, Culture=neutral, PublicKeyToken=null" name="It_should_return_a_partial_view_called__index" />
    </UnitTest>
    <UnitTest name="It_should_ask_the_facebook_service_for_me_as_part_of_tag_action" storage="c:\code\complainatron3\tests.complainatron\bin\debug\tests.complainatron.dll" id="ff84291d-6907-1271-e188-6b262b177ccc">
      <TestCategory>
        <TestCategoryItem TestCategory="Tag Action" />
      </TestCategory>
      <Execution id="41f517c2-74a7-4da6-9641-4eeb5fe069a3" />
      <TestMethod codeBase="C:/Code/Complainatron3/Tests.Complainatron/bin/Debug/Tests.Complainatron.DLL" adapterTypeName="Microsoft.VisualStudio.TestTools.TestTypes.Unit.UnitTestAdapter, Microsoft.VisualStudio.QualityTools.Tips.UnitTest.Adapter, Version=10.0.0.0, Culture=neutral, PublicKeyToken=b03f5f7f11d50a3a" className="Tests.Complainatron.ComplaintControllerTests, Tests.Complainatron, Version=1.0.0.0, Culture=neutral, PublicKeyToken=null" name="It_should_ask_the_facebook_service_for_me_as_part_of_tag_action" />
    </UnitTest>
    <UnitTest name="It_should_ask_the_complaint_service_for_a_paged_list_of_complaints_as_a_part_of_the_friend_action" storage="c:\code\complainatron3\tests.complainatron\bin\debug\tests.complainatron.dll" id="767b0ddd-20a0-e4a0-0889-d26aa591067a">
      <TestCategory>
        <TestCategoryItem TestCategory="Friend Action" />
      </TestCategory>
      <Execution id="52e67bfb-650c-450c-abfe-44550b13a7a6" />
      <TestMethod codeBase="C:/Code/Complainatron3/Tests.Complainatron/bin/Debug/Tests.Complainatron.DLL" adapterTypeName="Microsoft.VisualStudio.TestTools.TestTypes.Unit.UnitTestAdapter, Microsoft.VisualStudio.QualityTools.Tips.UnitTest.Adapter, Version=10.0.0.0, Culture=neutral, PublicKeyToken=b03f5f7f11d50a3a" className="Tests.Complainatron.ComplaintControllerTests, Tests.Complainatron, Version=1.0.0.0, Culture=neutral, PublicKeyToken=null" name="It_should_ask_the_complaint_service_for_a_paged_list_of_complaints_as_a_part_of_the_friend_action" />
    </UnitTest>
    <UnitTest name="It_should_throw_an_exception_if_complaint_service_is_null" storage="c:\code\complainatron3\tests.complainatron\bin\debug\tests.complainatron.dll" id="10dd6907-5141-cb42-4165-9b7b7c5df640">
      <TestCategory>
        <TestCategoryItem TestCategory="Creation" />
      </TestCategory>
      <Execution id="94e6d047-c7b9-4bf2-9d45-875ae33ef400" />
      <TestMethod codeBase="C:/Code/Complainatron3/Tests.Complainatron/bin/Debug/Tests.Complainatron.DLL" adapterTypeName="Microsoft.VisualStudio.TestTools.TestTypes.Unit.UnitTestAdapter, Microsoft.VisualStudio.QualityTools.Tips.UnitTest.Adapter, Version=10.0.0.0, Culture=neutral, PublicKeyToken=b03f5f7f11d50a3a" className="Tests.Complainatron.ComplaintControllerTests, Tests.Complainatron, Version=1.0.0.0, Culture=neutral, PublicKeyToken=null" name="It_should_throw_an_exception_if_complaint_service_is_null" />
    </UnitTest>
    <UnitTest name="It_should_ask_the_facebook_service_for_a_list_of_friends" storage="c:\code\complainatron3\tests.complainatron\bin\debug\tests.complainatron.dll" id="9b34144b-af57-82ac-232c-05f31ac3f84e">
      <TestCategory>
        <TestCategoryItem TestCategory="Index Action" />
      </TestCategory>
      <Execution id="076dd777-6d4b-418d-a66d-bd8013a1e524" />
      <TestMethod codeBase="C:/Code/Complainatron3/Tests.Complainatron/bin/Debug/Tests.Complainatron.DLL" adapterTypeName="Microsoft.VisualStudio.TestTools.TestTypes.Unit.UnitTestAdapter, Microsoft.VisualStudio.QualityTools.Tips.UnitTest.Adapter, Version=10.0.0.0, Culture=neutral, PublicKeyToken=b03f5f7f11d50a3a" className="Tests.Complainatron.FriendsControllerTests, Tests.Complainatron, Version=1.0.0.0, Culture=neutral, PublicKeyToken=null" name="It_should_ask_the_facebook_service_for_a_list_of_friends" />
    </UnitTest>
    <UnitTest name="It_should_ask_the_user_service_to_get_the_requested_friend" storage="c:\code\complainatron3\tests.complainatron\bin\debug\tests.complainatron.dll" id="c2755fd0-55b4-448f-fa6a-eef452c59cb3">
      <TestCategory>
        <TestCategoryItem TestCategory="Friend Action" />
      </TestCategory>
      <Execution id="e41bb227-f97f-404e-bb82-610913e9e50f" />
      <TestMethod codeBase="C:/Code/Complainatron3/Tests.Complainatron/bin/Debug/Tests.Complainatron.DLL" adapterTypeName="Microsoft.VisualStudio.TestTools.TestTypes.Unit.UnitTestAdapter, Microsoft.VisualStudio.QualityTools.Tips.UnitTest.Adapter, Version=10.0.0.0, Culture=neutral, PublicKeyToken=b03f5f7f11d50a3a" className="Tests.Complainatron.ComplaintControllerTests, Tests.Complainatron, Version=1.0.0.0, Culture=neutral, PublicKeyToken=null" name="It_should_ask_the_user_service_to_get_the_requested_friend" />
    </UnitTest>
    <UnitTest name="It_should_throw_an_exception_if_tag_builder_is_null" storage="c:\code\complainatron3\tests.complainatron\bin\debug\tests.complainatron.dll" id="41f458f2-f333-8429-3a9d-5aade813bade">
      <TestCategory>
        <TestCategoryItem TestCategory="Creation" />
      </TestCategory>
      <Execution id="3b24b456-2b07-4840-8335-75b47b839dc8" />
      <TestMethod codeBase="C:/Code/Complainatron3/Tests.Complainatron/bin/Debug/Tests.Complainatron.DLL" adapterTypeName="Microsoft.VisualStudio.TestTools.TestTypes.Unit.UnitTestAdapter, Microsoft.VisualStudio.QualityTools.Tips.UnitTest.Adapter, Version=10.0.0.0, Culture=neutral, PublicKeyToken=b03f5f7f11d50a3a" className="Tests.Complainatron.ComplaintControllerTests, Tests.Complainatron, Version=1.0.0.0, Culture=neutral, PublicKeyToken=null" name="It_should_throw_an_exception_if_tag_builder_is_null" />
    </UnitTest>
    <UnitTest name="It_should_have_a_chart_data_view_model_in_its_view" storage="c:\code\complainatron3\tests.complainatron\bin\debug\tests.complainatron.dll" id="a1efffce-f557-40c3-1c11-2522b30a2b71">
      <TestCategory>
        <TestCategoryItem TestCategory="Index Action" />
      </TestCategory>
      <Execution id="309dc112-e75f-4cac-ab48-d83a69355bf2" />
      <TestMethod codeBase="C:/Code/Complainatron3/Tests.Complainatron/bin/Debug/Tests.Complainatron.DLL" adapterTypeName="Microsoft.VisualStudio.TestTools.TestTypes.Unit.UnitTestAdapter, Microsoft.VisualStudio.QualityTools.Tips.UnitTest.Adapter, Version=10.0.0.0, Culture=neutral, PublicKeyToken=b03f5f7f11d50a3a" className="Tests.Complainatron.ChartControllerTests, Tests.Complainatron, Version=1.0.0.0, Culture=neutral, PublicKeyToken=null" name="It_should_have_a_chart_data_view_model_in_its_view" />
    </UnitTest>
  </TestDefinitions>
  <TestLists>
    <TestList name="Results Not in a List" id="8c84fa94-04c1-424b-9868-57a2d4851a1d" />
    <TestList name="All Loaded Results" id="19431567-8539-422a-85d7-44ee4e166bda" />
  </TestLists>
  <TestEntries>
    <TestEntry testId="068afdfa-bec9-e854-d1ae-8a3613a6566c" executionId="e7a63491-abf6-40bd-9420-1cabc8bd9294" testListId="8c84fa94-04c1-424b-9868-57a2d4851a1d" />
    <TestEntry testId="0f054cb8-6cbe-dd4c-c48e-c6047588a073" executionId="2cdcade4-5039-4f79-ad3e-9e3f96b01399" testListId="8c84fa94-04c1-424b-9868-57a2d4851a1d" />
    <TestEntry testId="10dd6907-5141-cb42-4165-9b7b7c5df640" executionId="94e6d047-c7b9-4bf2-9d45-875ae33ef400" testListId="8c84fa94-04c1-424b-9868-57a2d4851a1d" />
    <TestEntry testId="10f84829-6344-db79-b0e9-ea013eb2f716" executionId="e088f303-fbac-4ee0-8ed9-ac24b699cc4f" testListId="8c84fa94-04c1-424b-9868-57a2d4851a1d" />
    <TestEntry testId="1e9e7b51-057d-9149-3fb6-f9208fa86207" executionId="fd99fd76-8184-4551-9ea3-3cb8b716d38e" testListId="8c84fa94-04c1-424b-9868-57a2d4851a1d" />
    <TestEntry testId="2283bcaa-a915-bbc4-9f2a-9f1e92e364a5" executionId="5e70090e-8287-492c-94a2-af1b6a92586b" testListId="8c84fa94-04c1-424b-9868-57a2d4851a1d" />
    <TestEntry testId="3b6beb09-33bf-2a5c-6864-647e66c1e652" executionId="b57a9d02-6784-4538-af9f-7f55e9e8040e" testListId="8c84fa94-04c1-424b-9868-57a2d4851a1d" />
    <TestEntry testId="3d18a9ac-f9a8-bfcf-81d2-44c90128be9c" executionId="e6aab332-26c4-421c-bea6-9e8d3b7b35c0" testListId="8c84fa94-04c1-424b-9868-57a2d4851a1d" />
    <TestEntry testId="41f458f2-f333-8429-3a9d-5aade813bade" executionId="3b24b456-2b07-4840-8335-75b47b839dc8" testListId="8c84fa94-04c1-424b-9868-57a2d4851a1d" />
    <TestEntry testId="43a58456-2a87-37f5-f26d-3bea5dd5f2eb" executionId="31e29e05-ac5a-4bbf-b016-e01d4d87fd4d" testListId="8c84fa94-04c1-424b-9868-57a2d4851a1d" />
    <TestEntry testId="5cd76d45-1adf-2851-c0e7-fa315d3c8c2b" executionId="2cb3826c-e49d-4761-a8ab-10fd9b9bd91c" testListId="8c84fa94-04c1-424b-9868-57a2d4851a1d" />
    <TestEntry testId="7472235a-07a1-64be-c16f-018bc1be6c02" executionId="509c7b1c-e33d-48ec-b79f-88c450032e18" testListId="8c84fa94-04c1-424b-9868-57a2d4851a1d" />
    <TestEntry testId="74ad58ca-8037-4542-e734-2d75fa9b27a1" executionId="86d90ed1-5f46-4062-93f6-516f72552b0e" testListId="8c84fa94-04c1-424b-9868-57a2d4851a1d" />
    <TestEntry testId="767b0ddd-20a0-e4a0-0889-d26aa591067a" executionId="52e67bfb-650c-450c-abfe-44550b13a7a6" testListId="8c84fa94-04c1-424b-9868-57a2d4851a1d" />
    <TestEntry testId="7684eaed-9f74-f999-e2d5-3c5d9d01ff19" executionId="4c81ba8f-9704-4226-ba84-e54ffece373d" testListId="8c84fa94-04c1-424b-9868-57a2d4851a1d" />
    <TestEntry testId="7a74fccc-3a78-7dd5-a25a-fb73b8f8d4d7" executionId="d6a7d9d3-9b13-4399-9165-27523f5eb820" testListId="8c84fa94-04c1-424b-9868-57a2d4851a1d" />
    <TestEntry testId="7dbf40fa-558c-b37d-3518-0d5964f875ad" executionId="6f206255-8a53-427b-a906-b5554163ec52" testListId="8c84fa94-04c1-424b-9868-57a2d4851a1d" />
    <TestEntry testId="7e059270-f99e-7f0c-944d-a1420e836093" executionId="742418ee-3a43-4aa7-93a9-fe5ae7f29ccd" testListId="8c84fa94-04c1-424b-9868-57a2d4851a1d" />
    <TestEntry testId="7fa73dbd-de6d-0ac1-9c78-9efc7a619388" executionId="b9454a64-7cc6-4256-87d9-f7f7c07a3236" testListId="8c84fa94-04c1-424b-9868-57a2d4851a1d" />
    <TestEntry testId="8778246f-bfa9-c2d1-b343-6fd2e66339d0" executionId="84369f26-6488-41a3-bdf5-96146fe1b2a5" testListId="8c84fa94-04c1-424b-9868-57a2d4851a1d" />
    <TestEntry testId="8ca0dd94-8d00-3681-7e7b-bcdc49182639" executionId="cb3aaa64-717d-4518-abbb-3adc1bd5f8dc" testListId="8c84fa94-04c1-424b-9868-57a2d4851a1d" />
    <TestEntry testId="9b34144b-af57-82ac-232c-05f31ac3f84e" executionId="076dd777-6d4b-418d-a66d-bd8013a1e524" testListId="8c84fa94-04c1-424b-9868-57a2d4851a1d" />
    <TestEntry testId="a1efffce-f557-40c3-1c11-2522b30a2b71" executionId="309dc112-e75f-4cac-ab48-d83a69355bf2" testListId="8c84fa94-04c1-424b-9868-57a2d4851a1d" />
    <TestEntry testId="a2fc997c-f0ad-8f43-71b9-befe4e308a8b" executionId="91d51ffd-7cc6-4f98-9fb5-6394bcdf7cb7" testListId="8c84fa94-04c1-424b-9868-57a2d4851a1d" />
    <TestEntry testId="b2b8632c-b102-57b1-dc49-f5d4b1cc0f34" executionId="be85f04b-d1ba-4151-a1d5-7c251fef9277" testListId="8c84fa94-04c1-424b-9868-57a2d4851a1d" />
    <TestEntry testId="b6a7185e-c355-1a77-1427-f2388d0cf302" executionId="3694e225-e395-4b82-b1a5-fd776f5bec87" testListId="8c84fa94-04c1-424b-9868-57a2d4851a1d" />
    <TestEntry testId="bf31f7f0-a2a0-4bd2-dd65-6ece24083ee4" executionId="d958df12-444d-4dbb-9c2e-fb9164a70d0f" testListId="8c84fa94-04c1-424b-9868-57a2d4851a1d" />
    <TestEntry testId="c2755fd0-55b4-448f-fa6a-eef452c59cb3" executionId="e41bb227-f97f-404e-bb82-610913e9e50f" testListId="8c84fa94-04c1-424b-9868-57a2d4851a1d" />
    <TestEntry testId="c7ea3ecb-50f5-2712-8aca-008c0a2be236" executionId="693b1260-0215-4431-b1c8-6a354a8ffc8d" testListId="8c84fa94-04c1-424b-9868-57a2d4851a1d" />
    <TestEntry testId="cc8fd6f1-60f9-9983-5acc-e6782323e931" executionId="253afbce-986b-408c-a0de-d186125caec8" testListId="8c84fa94-04c1-424b-9868-57a2d4851a1d" />
    <TestEntry testId="d1b01a50-f114-c36e-df25-5ce88648af81" executionId="75c8c759-9fd5-472d-9f35-009c428a3868" testListId="8c84fa94-04c1-424b-9868-57a2d4851a1d" />
    <TestEntry testId="de63c1b4-1c1f-9f57-f7e5-a98bc56732e3" executionId="8ef9710b-55c3-497b-b32f-617e762707a7" testListId="8c84fa94-04c1-424b-9868-57a2d4851a1d" />
    <TestEntry testId="e69681b7-cdaa-317d-ccd1-7c7c5073cf4c" executionId="c3201800-7f45-408b-91d0-c33a3e67f706" testListId="8c84fa94-04c1-424b-9868-57a2d4851a1d" />
    <TestEntry testId="f0690b77-6da3-dfa0-d405-007e7fb12845" executionId="6c9489fe-d11a-4669-bc78-1d830f745c24" testListId="8c84fa94-04c1-424b-9868-57a2d4851a1d" />
    <TestEntry testId="f182e86d-440a-114e-75b8-405a96928ec7" executionId="5a9ecfbe-2861-420d-8529-2f3edd0a7792" testListId="8c84fa94-04c1-424b-9868-57a2d4851a1d" />
    <TestEntry testId="f931b9ae-990e-4f43-27eb-1f94d6cb047a" executionId="324b72c4-c9d9-4bc5-8fd9-02fe12f4c0e4" testListId="8c84fa94-04c1-424b-9868-57a2d4851a1d" />
    <TestEntry testId="ff84291d-6907-1271-e188-6b262b177ccc" executionId="41f517c2-74a7-4da6-9641-4eeb5fe069a3" testListId="8c84fa94-04c1-424b-9868-57a2d4851a1d" />
  </TestEntries>
  <Results>
    <UnitTestResult executionId="e7a63491-abf6-40bd-9420-1cabc8bd9294" testId="068afdfa-bec9-e854-d1ae-8a3613a6566c" testName="It_should_throw_an_exception_if_complaint_service_is_null" computerName="MATT-PC" startTime="2011-12-24T12:19:11.6650485-08:00" endTime="2011-12-24T12:19:12.1540765-08:00" testType="13cdc9d9-ddb5-4fa4-a97d-d965ccfc6d4b" outcome="Failed" testListId="8c84fa94-04c1-424b-9868-57a2d4851a1d" relativeResultsDirectory="e7a63491-abf6-40bd-9420-1cabc8bd9294">
      <Output>
        <ErrorInfo>
          <Message>Unit Test Adapter threw exception: 
Could not load file or assembly 'Facebook.Web.Mvc, Version=5.3.2.0, Culture=neutral, PublicKeyToken=58cb4f2111d1e6de' or one of its dependencies. The located assembly's manifest definition does not match the assembly reference. (Exception from HRESULT: 0x80131040).</Message>
        </ErrorInfo>
      </Output>
    </UnitTestResult>
    <UnitTestResult executionId="2cdcade4-5039-4f79-ad3e-9e3f96b01399" testId="0f054cb8-6cbe-dd4c-c48e-c6047588a073" testName="It_should_return_a_view" computerName="MATT-PC" startTime="2011-12-24T12:19:12.1580767-08:00" endTime="2011-12-24T12:19:12.1730775-08:00" testType="13cdc9d9-ddb5-4fa4-a97d-d965ccfc6d4b" outcome="Failed" testListId="8c84fa94-04c1-424b-9868-57a2d4851a1d" relativeResultsDirectory="2cdcade4-5039-4f79-ad3e-9e3f96b01399">
      <Output>
        <ErrorInfo>
          <Message>Unit Test Adapter threw exception: 
Could not load file or assembly 'Facebook.Web.Mvc, Version=5.3.2.0, Culture=neutral, PublicKeyToken=58cb4f2111d1e6de' or one of its dependencies. The located assembly's manifest definition does not match the assembly reference. (Exception from HRESULT: 0x80131040).</Message>
        </ErrorInfo>
      </Output>
    </UnitTestResult>
    <UnitTestResult executionId="94e6d047-c7b9-4bf2-9d45-875ae33ef400" testId="10dd6907-5141-cb42-4165-9b7b7c5df640" testName="It_should_throw_an_exception_if_complaint_service_is_null" computerName="MATT-PC" startTime="2011-12-24T12:19:12.1820781-08:00" endTime="2011-12-24T12:19:12.1950788-08:00" testType="13cdc9d9-ddb5-4fa4-a97d-d965ccfc6d4b" outcome="Failed" testListId="8c84fa94-04c1-424b-9868-57a2d4851a1d" relativeResultsDirectory="94e6d047-c7b9-4bf2-9d45-875ae33ef400">
      <Output>
        <ErrorInfo>
          <Message>Unit Test Adapter threw exception: 
Could not load file or assembly 'Facebook.Web.Mvc, Version=5.3.2.0, Culture=neutral, PublicKeyToken=58cb4f2111d1e6de' or one of its dependencies. The located assembly's manifest definition does not match the assembly reference. (Exception from HRESULT: 0x80131040).</Message>
        </ErrorInfo>
      </Output>
    </UnitTestResult>
    <UnitTestResult executionId="e088f303-fbac-4ee0-8ed9-ac24b699cc4f" testId="10f84829-6344-db79-b0e9-ea013eb2f716" testName="It_should_return_a_partial_view" computerName="MATT-PC" startTime="2011-12-24T12:19:12.1970789-08:00" endTime="2011-12-24T12:19:12.2050794-08:00" testType="13cdc9d9-ddb5-4fa4-a97d-d965ccfc6d4b" outcome="Failed" testListId="8c84fa94-04c1-424b-9868-57a2d4851a1d" relativeResultsDirectory="e088f303-fbac-4ee0-8ed9-ac24b699cc4f">
      <Output>
        <ErrorInfo>
          <Message>Unit Test Adapter threw exception: 
Could not load file or assembly 'Facebook.Web.Mvc, Version=5.3.2.0, Culture=neutral, PublicKeyToken=58cb4f2111d1e6de' or one of its dependencies. The located assembly's manifest definition does not match the assembly reference. (Exception from HRESULT: 0x80131040).</Message>
        </ErrorInfo>
      </Output>
    </UnitTestResult>
    <UnitTestResult executionId="fd99fd76-8184-4551-9ea3-3cb8b716d38e" testId="1e9e7b51-057d-9149-3fb6-f9208fa86207" testName="It_should_have_a_chart_data_view_model_in_its_view" computerName="MATT-PC" startTime="2011-12-24T12:19:12.2160800-08:00" endTime="2011-12-24T12:19:12.2270806-08:00" testType="13cdc9d9-ddb5-4fa4-a97d-d965ccfc6d4b" outcome="Failed" testListId="8c84fa94-04c1-424b-9868-57a2d4851a1d" relativeResultsDirectory="fd99fd76-8184-4551-9ea3-3cb8b716d38e">
      <Output>
        <ErrorInfo>
          <Message>Unit Test Adapter threw exception: 
Could not load file or assembly 'Facebook.Web.Mvc, Version=5.3.2.0, Culture=neutral, PublicKeyToken=58cb4f2111d1e6de' or one of its dependencies. The located assembly's manifest definition does not match the assembly reference. (Exception from HRESULT: 0x80131040).</Message>
        </ErrorInfo>
      </Output>
    </UnitTestResult>
    <UnitTestResult executionId="5e70090e-8287-492c-94a2-af1b6a92586b" testId="2283bcaa-a915-bbc4-9f2a-9f1e92e364a5" testName="It_should_throw_an_exception_if_tag_builder_is_null" computerName="MATT-PC" startTime="2011-12-24T12:19:12.2320809-08:00" endTime="2011-12-24T12:19:12.2410814-08:00" testType="13cdc9d9-ddb5-4fa4-a97d-d965ccfc6d4b" outcome="Failed" testListId="8c84fa94-04c1-424b-9868-57a2d4851a1d" relativeResultsDirectory="5e70090e-8287-492c-94a2-af1b6a92586b">
      <Output>
        <ErrorInfo>
          <Message>Unit Test Adapter threw exception: 
Could not load file or assembly 'Facebook.Web.Mvc, Version=5.3.2.0, Culture=neutral, PublicKeyToken=58cb4f2111d1e6de' or one of its dependencies. The located assembly's manifest definition does not match the assembly reference. (Exception from HRESULT: 0x80131040).</Message>
        </ErrorInfo>
      </Output>
    </UnitTestResult>
    <UnitTestResult executionId="b57a9d02-6784-4538-af9f-7f55e9e8040e" testId="3b6beb09-33bf-2a5c-6864-647e66c1e652" testName="It_should_ask_the_service_to_get_all_tags_with_their_respective_counts" computerName="MATT-PC" startTime="2011-12-24T12:19:12.2440816-08:00" endTime="2011-12-24T12:19:12.2510820-08:00" testType="13cdc9d9-ddb5-4fa4-a97d-d965ccfc6d4b" outcome="Failed" testListId="8c84fa94-04c1-424b-9868-57a2d4851a1d" relativeResultsDirectory="b57a9d02-6784-4538-af9f-7f55e9e8040e">
      <Output>
        <ErrorInfo>
          <Message>Unit Test Adapter threw exception: 
Could not load file or assembly 'Facebook.Web.Mvc, Version=5.3.2.0, Culture=neutral, PublicKeyToken=58cb4f2111d1e6de' or one of its dependencies. The located assembly's manifest definition does not match the assembly reference. (Exception from HRESULT: 0x80131040).</Message>
        </ErrorInfo>
      </Output>
    </UnitTestResult>
    <UnitTestResult executionId="e6aab332-26c4-421c-bea6-9e8d3b7b35c0" testId="3d18a9ac-f9a8-bfcf-81d2-44c90128be9c" testName="It_should_return_a_partial_view" computerName="MATT-PC" startTime="2011-12-24T12:19:12.2620826-08:00" endTime="2011-12-24T12:19:12.2730833-08:00" testType="13cdc9d9-ddb5-4fa4-a97d-d965ccfc6d4b" outcome="Failed" testListId="8c84fa94-04c1-424b-9868-57a2d4851a1d" relativeResultsDirectory="e6aab332-26c4-421c-bea6-9e8d3b7b35c0">
      <Output>
        <ErrorInfo>
          <Message>Unit Test Adapter threw exception: 
Could not load file or assembly 'Facebook.Web.Mvc, Version=5.3.2.0, Culture=neutral, PublicKeyToken=58cb4f2111d1e6de' or one of its dependencies. The located assembly's manifest definition does not match the assembly reference. (Exception from HRESULT: 0x80131040).</Message>
        </ErrorInfo>
      </Output>
    </UnitTestResult>
    <UnitTestResult executionId="3b24b456-2b07-4840-8335-75b47b839dc8" testId="41f458f2-f333-8429-3a9d-5aade813bade" testName="It_should_throw_an_exception_if_tag_builder_is_null" computerName="MATT-PC" startTime="2011-12-24T12:19:12.2760834-08:00" endTime="2011-12-24T12:19:12.2840839-08:00" testType="13cdc9d9-ddb5-4fa4-a97d-d965ccfc6d4b" outcome="Failed" testListId="8c84fa94-04c1-424b-9868-57a2d4851a1d" relativeResultsDirectory="3b24b456-2b07-4840-8335-75b47b839dc8">
      <Output>
        <ErrorInfo>
          <Message>Unit Test Adapter threw exception: 
Could not load file or assembly 'Facebook.Web.Mvc, Version=5.3.2.0, Culture=neutral, PublicKeyToken=58cb4f2111d1e6de' or one of its dependencies. The located assembly's manifest definition does not match the assembly reference. (Exception from HRESULT: 0x80131040).</Message>
        </ErrorInfo>
      </Output>
    </UnitTestResult>
    <UnitTestResult executionId="31e29e05-ac5a-4bbf-b016-e01d4d87fd4d" testId="43a58456-2a87-37f5-f26d-3bea5dd5f2eb" testName="It_should_use_the_tag_builder_to_create_a_list_of_view_models" computerName="MATT-PC" startTime="2011-12-24T12:19:12.2910843-08:00" endTime="2011-12-24T12:19:12.2990847-08:00" testType="13cdc9d9-ddb5-4fa4-a97d-d965ccfc6d4b" outcome="Failed" testListId="8c84fa94-04c1-424b-9868-57a2d4851a1d" relativeResultsDirectory="31e29e05-ac5a-4bbf-b016-e01d4d87fd4d">
      <Output>
        <ErrorInfo>
          <Message>Unit Test Adapter threw exception: 
Could not load file or assembly 'Facebook.Web.Mvc, Version=5.3.2.0, Culture=neutral, PublicKeyToken=58cb4f2111d1e6de' or one of its dependencies. The located assembly's manifest definition does not match the assembly reference. (Exception from HRESULT: 0x80131040).</Message>
        </ErrorInfo>
      </Output>
    </UnitTestResult>
    <UnitTestResult executionId="2cb3826c-e49d-4761-a8ab-10fd9b9bd91c" testId="5cd76d45-1adf-2851-c0e7-fa315d3c8c2b" testName="It_should_ask_the_complaint_service_for_a_paged_list_of_complaints_as_a_part_of_the_tag_action" computerName="MATT-PC" startTime="2011-12-24T12:19:12.3030850-08:00" endTime="2011-12-24T12:19:12.3140856-08:00" testType="13cdc9d9-ddb5-4fa4-a97d-d965ccfc6d4b" outcome="Failed" testListId="8c84fa94-04c1-424b-9868-57a2d4851a1d" relativeResultsDirectory="2cb3826c-e49d-4761-a8ab-10fd9b9bd91c">
      <Output>
        <ErrorInfo>
          <Message>Unit Test Adapter threw exception: 
Could not load file or assembly 'Facebook.Web.Mvc, Version=5.3.2.0, Culture=neutral, PublicKeyToken=58cb4f2111d1e6de' or one of its dependencies. The located assembly's manifest definition does not match the assembly reference. (Exception from HRESULT: 0x80131040).</Message>
        </ErrorInfo>
      </Output>
    </UnitTestResult>
    <UnitTestResult executionId="509c7b1c-e33d-48ec-b79f-88c450032e18" testId="7472235a-07a1-64be-c16f-018bc1be6c02" testName="It_should_return_a_partial_view" computerName="MATT-PC" startTime="2011-12-24T12:19:12.3180858-08:00" endTime="2011-12-24T12:19:12.3320866-08:00" testType="13cdc9d9-ddb5-4fa4-a97d-d965ccfc6d4b" outcome="Failed" testListId="8c84fa94-04c1-424b-9868-57a2d4851a1d" relativeResultsDirectory="509c7b1c-e33d-48ec-b79f-88c450032e18">
      <Output>
        <ErrorInfo>
          <Message>Unit Test Adapter threw exception: 
Could not load file or assembly 'Facebook.Web.Mvc, Version=5.3.2.0, Culture=neutral, PublicKeyToken=58cb4f2111d1e6de' or one of its dependencies. The located assembly's manifest definition does not match the assembly reference. (Exception from HRESULT: 0x80131040).</Message>
        </ErrorInfo>
      </Output>
    </UnitTestResult>
    <UnitTestResult executionId="86d90ed1-5f46-4062-93f6-516f72552b0e" testId="74ad58ca-8037-4542-e734-2d75fa9b27a1" testName="It_should_return_a_partial_view_named__about" computerName="MATT-PC" startTime="2011-12-24T12:19:12.3350868-08:00" endTime="2011-12-24T12:19:12.3420872-08:00" testType="13cdc9d9-ddb5-4fa4-a97d-d965ccfc6d4b" outcome="Failed" testListId="8c84fa94-04c1-424b-9868-57a2d4851a1d" relativeResultsDirectory="86d90ed1-5f46-4062-93f6-516f72552b0e">
      <Output>
        <ErrorInfo>
          <Message>Unit Test Adapter threw exception: 
Could not load file or assembly 'Facebook.Web.Mvc, Version=5.3.2.0, Culture=neutral, PublicKeyToken=58cb4f2111d1e6de' or one of its dependencies. The located assembly's manifest definition does not match the assembly reference. (Exception from HRESULT: 0x80131040).</Message>
        </ErrorInfo>
      </Output>
    </UnitTestResult>
    <UnitTestResult executionId="52e67bfb-650c-450c-abfe-44550b13a7a6" testId="767b0ddd-20a0-e4a0-0889-d26aa591067a" testName="It_should_ask_the_complaint_service_for_a_paged_list_of_complaints_as_a_part_of_the_friend_action" computerName="MATT-PC" startTime="2011-12-24T12:19:12.3480876-08:00" endTime="2011-12-24T12:19:12.3560880-08:00" testType="13cdc9d9-ddb5-4fa4-a97d-d965ccfc6d4b" outcome="Failed" testListId="8c84fa94-04c1-424b-9868-57a2d4851a1d" relativeResultsDirectory="52e67bfb-650c-450c-abfe-44550b13a7a6">
      <Output>
        <ErrorInfo>
          <Message>Unit Test Adapter threw exception: 
Could not load file or assembly 'Facebook.Web.Mvc, Version=5.3.2.0, Culture=neutral, PublicKeyToken=58cb4f2111d1e6de' or one of its dependencies. The located assembly's manifest definition does not match the assembly reference. (Exception from HRESULT: 0x80131040).</Message>
        </ErrorInfo>
      </Output>
    </UnitTestResult>
    <UnitTestResult executionId="4c81ba8f-9704-4226-ba84-e54ffece373d" testId="7684eaed-9f74-f999-e2d5-3c5d9d01ff19" testName="It_should_ask_the_facebook_service_for_me_as_part_of_friend_action" computerName="MATT-PC" startTime="2011-12-24T12:19:12.3670886-08:00" endTime="2011-12-24T12:19:12.3730890-08:00" testType="13cdc9d9-ddb5-4fa4-a97d-d965ccfc6d4b" outcome="Failed" testListId="8c84fa94-04c1-424b-9868-57a2d4851a1d" relativeResultsDirectory="4c81ba8f-9704-4226-ba84-e54ffece373d">
      <Output>
        <ErrorInfo>
          <Message>Unit Test Adapter threw exception: 
Could not load file or assembly 'Facebook.Web.Mvc, Version=5.3.2.0, Culture=neutral, PublicKeyToken=58cb4f2111d1e6de' or one of its dependencies. The located assembly's manifest definition does not match the assembly reference. (Exception from HRESULT: 0x80131040).</Message>
        </ErrorInfo>
      </Output>
    </UnitTestResult>
    <UnitTestResult executionId="d6a7d9d3-9b13-4399-9165-27523f5eb820" testId="7a74fccc-3a78-7dd5-a25a-fb73b8f8d4d7" testName="It_should_throw_an_exception_if_logging_service_is_null" computerName="MATT-PC" startTime="2011-12-24T12:19:12.3780893-08:00" endTime="2011-12-24T12:19:12.3910900-08:00" testType="13cdc9d9-ddb5-4fa4-a97d-d965ccfc6d4b" outcome="Failed" testListId="8c84fa94-04c1-424b-9868-57a2d4851a1d" relativeResultsDirectory="d6a7d9d3-9b13-4399-9165-27523f5eb820">
      <Output>
        <ErrorInfo>
          <Message>Unit Test Adapter threw exception: 
Could not load file or assembly 'Facebook.Web.Mvc, Version=5.3.2.0, Culture=neutral, PublicKeyToken=58cb4f2111d1e6de' or one of its dependencies. The located assembly's manifest definition does not match the assembly reference. (Exception from HRESULT: 0x80131040).</Message>
        </ErrorInfo>
      </Output>
    </UnitTestResult>
    <UnitTestResult executionId="6f206255-8a53-427b-a906-b5554163ec52" testId="7dbf40fa-558c-b37d-3518-0d5964f875ad" testName="It_should_redirect_to_the_index_action_if_tag_specified_tag_is_not_found" computerName="MATT-PC" startTime="2011-12-24T12:19:12.4020906-08:00" endTime="2011-12-24T12:19:12.4070909-08:00" testType="13cdc9d9-ddb5-4fa4-a97d-d965ccfc6d4b" outcome="Failed" testListId="8c84fa94-04c1-424b-9868-57a2d4851a1d" relativeResultsDirectory="6f206255-8a53-427b-a906-b5554163ec52">
      <Output>
        <ErrorInfo>
          <Message>Unit Test Adapter threw exception: 
Could not load file or assembly 'Facebook.Web.Mvc, Version=5.3.2.0, Culture=neutral, PublicKeyToken=58cb4f2111d1e6de' or one of its dependencies. The located assembly's manifest definition does not match the assembly reference. (Exception from HRESULT: 0x80131040).</Message>
        </ErrorInfo>
      </Output>
    </UnitTestResult>
    <UnitTestResult executionId="742418ee-3a43-4aa7-93a9-fe5ae7f29ccd" testId="7e059270-f99e-7f0c-944d-a1420e836093" testName="It_should_throw_an_exception_if_tag_service_is_null" computerName="MATT-PC" startTime="2011-12-24T12:19:12.4130913-08:00" endTime="2011-12-24T12:19:12.4260920-08:00" testType="13cdc9d9-ddb5-4fa4-a97d-d965ccfc6d4b" outcome="Failed" testListId="8c84fa94-04c1-424b-9868-57a2d4851a1d" relativeResultsDirectory="742418ee-3a43-4aa7-93a9-fe5ae7f29ccd">
      <Output>
        <ErrorInfo>
          <Message>Unit Test Adapter threw exception: 
Could not load file or assembly 'Facebook.Web.Mvc, Version=5.3.2.0, Culture=neutral, PublicKeyToken=58cb4f2111d1e6de' or one of its dependencies. The located assembly's manifest definition does not match the assembly reference. (Exception from HRESULT: 0x80131040).</Message>
        </ErrorInfo>
      </Output>
    </UnitTestResult>
    <UnitTestResult executionId="b9454a64-7cc6-4256-87d9-f7f7c07a3236" testId="7fa73dbd-de6d-0ac1-9c78-9efc7a619388" testName="It_should_ask_the_complaint_service_for_all_complaints" computerName="MATT-PC" startTime="2011-12-24T12:19:12.4360926-08:00" endTime="2011-12-24T12:19:12.4440930-08:00" testType="13cdc9d9-ddb5-4fa4-a97d-d965ccfc6d4b" outcome="Failed" testListId="8c84fa94-04c1-424b-9868-57a2d4851a1d" relativeResultsDirectory="b9454a64-7cc6-4256-87d9-f7f7c07a3236">
      <Output>
        <ErrorInfo>
          <Message>Unit Test Adapter threw exception: 
Could not load file or assembly 'Facebook.Web.Mvc, Version=5.3.2.0, Culture=neutral, PublicKeyToken=58cb4f2111d1e6de' or one of its dependencies. The located assembly's manifest definition does not match the assembly reference. (Exception from HRESULT: 0x80131040).</Message>
        </ErrorInfo>
      </Output>
    </UnitTestResult>
    <UnitTestResult executionId="84369f26-6488-41a3-bdf5-96146fe1b2a5" testId="8778246f-bfa9-c2d1-b343-6fd2e66339d0" testName="It_should_ask_the_tag_service_for_all_tags" computerName="MATT-PC" startTime="2011-12-24T12:19:12.4480933-08:00" endTime="2011-12-24T12:19:12.4580938-08:00" testType="13cdc9d9-ddb5-4fa4-a97d-d965ccfc6d4b" outcome="Failed" testListId="8c84fa94-04c1-424b-9868-57a2d4851a1d" relativeResultsDirectory="84369f26-6488-41a3-bdf5-96146fe1b2a5">
      <Output>
        <ErrorInfo>
          <Message>Unit Test Adapter threw exception: 
Could not load file or assembly 'Facebook.Web.Mvc, Version=5.3.2.0, Culture=neutral, PublicKeyToken=58cb4f2111d1e6de' or one of its dependencies. The located assembly's manifest definition does not match the assembly reference. (Exception from HRESULT: 0x80131040).</Message>
        </ErrorInfo>
      </Output>
    </UnitTestResult>
    <UnitTestResult executionId="cb3aaa64-717d-4518-abbb-3adc1bd5f8dc" testId="8ca0dd94-8d00-3681-7e7b-bcdc49182639" testName="It_should_throw_an_exception_if_facebook_service_is_null" computerName="MATT-PC" startTime="2011-12-24T12:19:12.4620941-08:00" endTime="2011-12-24T12:19:12.4710946-08:00" testType="13cdc9d9-ddb5-4fa4-a97d-d965ccfc6d4b" outcome="Failed" testListId="8c84fa94-04c1-424b-9868-57a2d4851a1d" relativeResultsDirectory="cb3aaa64-717d-4518-abbb-3adc1bd5f8dc">
      <Output>
        <ErrorInfo>
          <Message>Unit Test Adapter threw exception: 
Could not load file or assembly 'Facebook.Web.Mvc, Version=5.3.2.0, Culture=neutral, PublicKeyToken=58cb4f2111d1e6de' or one of its dependencies. The located assembly's manifest definition does not match the assembly reference. (Exception from HRESULT: 0x80131040).</Message>
        </ErrorInfo>
      </Output>
    </UnitTestResult>
    <UnitTestResult executionId="076dd777-6d4b-418d-a66d-bd8013a1e524" testId="9b34144b-af57-82ac-232c-05f31ac3f84e" testName="It_should_ask_the_facebook_service_for_a_list_of_friends" computerName="MATT-PC" startTime="2011-12-24T12:19:12.4830953-08:00" endTime="2011-12-24T12:19:12.4910957-08:00" testType="13cdc9d9-ddb5-4fa4-a97d-d965ccfc6d4b" outcome="Failed" testListId="8c84fa94-04c1-424b-9868-57a2d4851a1d" relativeResultsDirectory="076dd777-6d4b-418d-a66d-bd8013a1e524">
      <Output>
        <ErrorInfo>
          <Message>Unit Test Adapter threw exception: 
Could not load file or assembly 'Facebook.Web.Mvc, Version=5.3.2.0, Culture=neutral, PublicKeyToken=58cb4f2111d1e6de' or one of its dependencies. The located assembly's manifest definition does not match the assembly reference. (Exception from HRESULT: 0x80131040).</Message>
        </ErrorInfo>
      </Output>
    </UnitTestResult>
    <UnitTestResult executionId="309dc112-e75f-4cac-ab48-d83a69355bf2" testId="a1efffce-f557-40c3-1c11-2522b30a2b71" testName="It_should_have_a_chart_data_view_model_in_its_view" computerName="MATT-PC" startTime="2011-12-24T12:19:12.4930958-08:00" endTime="2011-12-24T12:19:12.5060966-08:00" testType="13cdc9d9-ddb5-4fa4-a97d-d965ccfc6d4b" outcome="Failed" testListId="8c84fa94-04c1-424b-9868-57a2d4851a1d" relativeResultsDirectory="309dc112-e75f-4cac-ab48-d83a69355bf2">
      <Output>
        <ErrorInfo>
          <Message>Unit Test Adapter threw exception: 
Could not load file or assembly 'Facebook.Web.Mvc, Version=5.3.2.0, Culture=neutral, PublicKeyToken=58cb4f2111d1e6de' or one of its dependencies. The located assembly's manifest definition does not match the assembly reference. (Exception from HRESULT: 0x80131040).</Message>
        </ErrorInfo>
      </Output>
    </UnitTestResult>
    <UnitTestResult executionId="91d51ffd-7cc6-4f98-9fb5-6394bcdf7cb7" testId="a2fc997c-f0ad-8f43-71b9-befe4e308a8b" testName="It_should_throw_an_exception_if_complaint_severity_service_is_null" computerName="MATT-PC" startTime="2011-12-24T12:19:12.5130970-08:00" endTime="2011-12-24T12:19:12.5210974-08:00" testType="13cdc9d9-ddb5-4fa4-a97d-d965ccfc6d4b" outcome="Failed" testListId="8c84fa94-04c1-424b-9868-57a2d4851a1d" relativeResultsDirectory="91d51ffd-7cc6-4f98-9fb5-6394bcdf7cb7">
      <Output>
        <ErrorInfo>
          <Message>Unit Test Adapter threw exception: 
Could not load file or assembly 'Facebook.Web.Mvc, Version=5.3.2.0, Culture=neutral, PublicKeyToken=58cb4f2111d1e6de' or one of its dependencies. The located assembly's manifest definition does not match the assembly reference. (Exception from HRESULT: 0x80131040).</Message>
        </ErrorInfo>
      </Output>
    </UnitTestResult>
    <UnitTestResult executionId="be85f04b-d1ba-4151-a1d5-7c251fef9277" testId="b2b8632c-b102-57b1-dc49-f5d4b1cc0f34" testName="It_should_return_a_view_as_a_part_of_the_friends_action" computerName="MATT-PC" startTime="2011-12-24T12:19:12.5260977-08:00" endTime="2011-12-24T12:19:12.5340982-08:00" testType="13cdc9d9-ddb5-4fa4-a97d-d965ccfc6d4b" outcome="Failed" testListId="8c84fa94-04c1-424b-9868-57a2d4851a1d" relativeResultsDirectory="be85f04b-d1ba-4151-a1d5-7c251fef9277">
      <Output>
        <ErrorInfo>
          <Message>Unit Test Adapter threw exception: 
Could not load file or assembly 'Facebook.Web.Mvc, Version=5.3.2.0, Culture=neutral, PublicKeyToken=58cb4f2111d1e6de' or one of its dependencies. The located assembly's manifest definition does not match the assembly reference. (Exception from HRESULT: 0x80131040).</Message>
        </ErrorInfo>
      </Output>
    </UnitTestResult>
    <UnitTestResult executionId="3694e225-e395-4b82-b1a5-fd776f5bec87" testId="b6a7185e-c355-1a77-1427-f2388d0cf302" testName="It_should_throw_an_exception_if_tag_service_is_null" computerName="MATT-PC" startTime="2011-12-24T12:19:12.5380984-08:00" endTime="2011-12-24T12:19:12.5480990-08:00" testType="13cdc9d9-ddb5-4fa4-a97d-d965ccfc6d4b" outcome="Failed" testListId="8c84fa94-04c1-424b-9868-57a2d4851a1d" relativeResultsDirectory="3694e225-e395-4b82-b1a5-fd776f5bec87">
      <Output>
        <ErrorInfo>
          <Message>Unit Test Adapter threw exception: 
Could not load file or assembly 'Facebook.Web.Mvc, Version=5.3.2.0, Culture=neutral, PublicKeyToken=58cb4f2111d1e6de' or one of its dependencies. The located assembly's manifest definition does not match the assembly reference. (Exception from HRESULT: 0x80131040).</Message>
        </ErrorInfo>
      </Output>
    </UnitTestResult>
    <UnitTestResult executionId="d958df12-444d-4dbb-9c2e-fb9164a70d0f" testId="bf31f7f0-a2a0-4bd2-dd65-6ece24083ee4" testName="It_should_throw_an_exception_if_user_service_is_null" computerName="MATT-PC" startTime="2011-12-24T12:19:12.5510992-08:00" endTime="2011-12-24T12:19:12.5610997-08:00" testType="13cdc9d9-ddb5-4fa4-a97d-d965ccfc6d4b" outcome="Failed" testListId="8c84fa94-04c1-424b-9868-57a2d4851a1d" relativeResultsDirectory="d958df12-444d-4dbb-9c2e-fb9164a70d0f">
      <Output>
        <ErrorInfo>
          <Message>Unit Test Adapter threw exception: 
Could not load file or assembly 'Facebook.Web.Mvc, Version=5.3.2.0, Culture=neutral, PublicKeyToken=58cb4f2111d1e6de' or one of its dependencies. The located assembly's manifest definition does not match the assembly reference. (Exception from HRESULT: 0x80131040).</Message>
        </ErrorInfo>
      </Output>
    </UnitTestResult>
    <UnitTestResult executionId="e41bb227-f97f-404e-bb82-610913e9e50f" testId="c2755fd0-55b4-448f-fa6a-eef452c59cb3" testName="It_should_ask_the_user_service_to_get_the_requested_friend" computerName="MATT-PC" startTime="2011-12-24T12:19:12.5671001-08:00" endTime="2011-12-24T12:19:12.5731004-08:00" testType="13cdc9d9-ddb5-4fa4-a97d-d965ccfc6d4b" outcome="Failed" testListId="8c84fa94-04c1-424b-9868-57a2d4851a1d" relativeResultsDirectory="e41bb227-f97f-404e-bb82-610913e9e50f">
      <Output>
        <ErrorInfo>
          <Message>Unit Test Adapter threw exception: 
Could not load file or assembly 'Facebook.Web.Mvc, Version=5.3.2.0, Culture=neutral, PublicKeyToken=58cb4f2111d1e6de' or one of its dependencies. The located assembly's manifest definition does not match the assembly reference. (Exception from HRESULT: 0x80131040).</Message>
        </ErrorInfo>
      </Output>
    </UnitTestResult>
    <UnitTestResult executionId="693b1260-0215-4431-b1c8-6a354a8ffc8d" testId="c7ea3ecb-50f5-2712-8aca-008c0a2be236" testName="It_should_throw_an_exception_if_complaint_builder_is_null" computerName="MATT-PC" startTime="2011-12-24T12:19:12.5901014-08:00" endTime="2011-12-24T12:19:12.5971018-08:00" testType="13cdc9d9-ddb5-4fa4-a97d-d965ccfc6d4b" outcome="Failed" testListId="8c84fa94-04c1-424b-9868-57a2d4851a1d" relativeResultsDirectory="693b1260-0215-4431-b1c8-6a354a8ffc8d">
      <Output>
        <ErrorInfo>
          <Message>Unit Test Adapter threw exception: 
Could not load file or assembly 'Facebook.Web.Mvc, Version=5.3.2.0, Culture=neutral, PublicKeyToken=58cb4f2111d1e6de' or one of its dependencies. The located assembly's manifest definition does not match the assembly reference. (Exception from HRESULT: 0x80131040).</Message>
        </ErrorInfo>
      </Output>
    </UnitTestResult>
    <UnitTestResult executionId="253afbce-986b-408c-a0de-d186125caec8" testId="cc8fd6f1-60f9-9983-5acc-e6782323e931" testName="It_should_throw_an_exception_if_tag_service_is_null" computerName="MATT-PC" startTime="2011-12-24T12:19:12.6051023-08:00" endTime="2011-12-24T12:19:12.6121027-08:00" testType="13cdc9d9-ddb5-4fa4-a97d-d965ccfc6d4b" outcome="Failed" testListId="8c84fa94-04c1-424b-9868-57a2d4851a1d" relativeResultsDirectory="253afbce-986b-408c-a0de-d186125caec8">
      <Output>
        <ErrorInfo>
          <Message>Unit Test Adapter threw exception: 
Could not load file or assembly 'Facebook.Web.Mvc, Version=5.3.2.0, Culture=neutral, PublicKeyToken=58cb4f2111d1e6de' or one of its dependencies. The located assembly's manifest definition does not match the assembly reference. (Exception from HRESULT: 0x80131040).</Message>
        </ErrorInfo>
      </Output>
    </UnitTestResult>
    <UnitTestResult executionId="75c8c759-9fd5-472d-9f35-009c428a3868" testId="d1b01a50-f114-c36e-df25-5ce88648af81" testName="It_should_ask_the_tag_service_to_get_the_requested_tag" computerName="MATT-PC" startTime="2011-12-24T12:19:12.6231033-08:00" endTime="2011-12-24T12:19:12.6291036-08:00" testType="13cdc9d9-ddb5-4fa4-a97d-d965ccfc6d4b" outcome="Failed" testListId="8c84fa94-04c1-424b-9868-57a2d4851a1d" relativeResultsDirectory="75c8c759-9fd5-472d-9f35-009c428a3868">
      <Output>
        <ErrorInfo>
          <Message>Unit Test Adapter threw exception: 
Could not load file or assembly 'Facebook.Web.Mvc, Version=5.3.2.0, Culture=neutral, PublicKeyToken=58cb4f2111d1e6de' or one of its dependencies. The located assembly's manifest definition does not match the assembly reference. (Exception from HRESULT: 0x80131040).</Message>
        </ErrorInfo>
      </Output>
    </UnitTestResult>
    <UnitTestResult executionId="8ef9710b-55c3-497b-b32f-617e762707a7" testId="de63c1b4-1c1f-9f57-f7e5-a98bc56732e3" testName="It_should_return_a_view_as_a_part_of_the_tag_action" computerName="MATT-PC" startTime="2011-12-24T12:19:12.6331039-08:00" endTime="2011-12-24T12:19:12.6411043-08:00" testType="13cdc9d9-ddb5-4fa4-a97d-d965ccfc6d4b" outcome="Failed" testListId="8c84fa94-04c1-424b-9868-57a2d4851a1d" relativeResultsDirectory="8ef9710b-55c3-497b-b32f-617e762707a7">
      <Output>
        <ErrorInfo>
          <Message>Unit Test Adapter threw exception: 
Could not load file or assembly 'Facebook.Web.Mvc, Version=5.3.2.0, Culture=neutral, PublicKeyToken=58cb4f2111d1e6de' or one of its dependencies. The located assembly's manifest definition does not match the assembly reference. (Exception from HRESULT: 0x80131040).</Message>
        </ErrorInfo>
      </Output>
    </UnitTestResult>
    <UnitTestResult executionId="c3201800-7f45-408b-91d0-c33a3e67f706" testId="e69681b7-cdaa-317d-ccd1-7c7c5073cf4c" testName="It_should_return_a_partial_view_called__index" computerName="MATT-PC" startTime="2011-12-24T12:19:12.6431044-08:00" endTime="2011-12-24T12:19:12.7391099-08:00" testType="13cdc9d9-ddb5-4fa4-a97d-d965ccfc6d4b" outcome="Failed" testListId="8c84fa94-04c1-424b-9868-57a2d4851a1d" relativeResultsDirectory="c3201800-7f45-408b-91d0-c33a3e67f706">
      <Output>
        <ErrorInfo>
          <Message>Unit Test Adapter threw exception: 
Could not load file or assembly 'Facebook.Web.Mvc, Version=5.3.2.0, Culture=neutral, PublicKeyToken=58cb4f2111d1e6de' or one of its dependencies. The located assembly's manifest definition does not match the assembly reference. (Exception from HRESULT: 0x80131040).</Message>
        </ErrorInfo>
      </Output>
    </UnitTestResult>
    <UnitTestResult executionId="6c9489fe-d11a-4669-bc78-1d830f745c24" testId="f0690b77-6da3-dfa0-d405-007e7fb12845" testName="It_should_return_a_view" computerName="MATT-PC" startTime="2011-12-24T12:19:12.7421101-08:00" endTime="2011-12-24T12:19:12.7591111-08:00" testType="13cdc9d9-ddb5-4fa4-a97d-d965ccfc6d4b" outcome="Failed" testListId="8c84fa94-04c1-424b-9868-57a2d4851a1d" relativeResultsDirectory="6c9489fe-d11a-4669-bc78-1d830f745c24">
      <Output>
        <ErrorInfo>
          <Message>Unit Test Adapter threw exception: 
Could not load file or assembly 'Facebook.Web.Mvc, Version=5.3.2.0, Culture=neutral, PublicKeyToken=58cb4f2111d1e6de' or one of its dependencies. The located assembly's manifest definition does not match the assembly reference. (Exception from HRESULT: 0x80131040).</Message>
        </ErrorInfo>
      </Output>
    </UnitTestResult>
    <UnitTestResult executionId="5a9ecfbe-2861-420d-8529-2f3edd0a7792" testId="f182e86d-440a-114e-75b8-405a96928ec7" testName="It_should_have_a_collection_of_friends_as_the_views_model" computerName="MATT-PC" startTime="2011-12-24T12:19:12.7621112-08:00" endTime="2011-12-24T12:19:12.7811123-08:00" testType="13cdc9d9-ddb5-4fa4-a97d-d965ccfc6d4b" outcome="Failed" testListId="8c84fa94-04c1-424b-9868-57a2d4851a1d" relativeResultsDirectory="5a9ecfbe-2861-420d-8529-2f3edd0a7792">
      <Output>
        <ErrorInfo>
          <Message>Unit Test Adapter threw exception: 
Could not load file or assembly 'Facebook.Web.Mvc, Version=5.3.2.0, Culture=neutral, PublicKeyToken=58cb4f2111d1e6de' or one of its dependencies. The located assembly's manifest definition does not match the assembly reference. (Exception from HRESULT: 0x80131040).</Message>
        </ErrorInfo>
      </Output>
    </UnitTestResult>
    <UnitTestResult executionId="324b72c4-c9d9-4bc5-8fd9-02fe12f4c0e4" testId="f931b9ae-990e-4f43-27eb-1f94d6cb047a" testName="It_should_redirect_to_the_index_action_if_specified_user_is_not_found" computerName="MATT-PC" startTime="2011-12-24T12:19:12.7861126-08:00" endTime="2011-12-24T12:19:12.7981133-08:00" testType="13cdc9d9-ddb5-4fa4-a97d-d965ccfc6d4b" outcome="Failed" testListId="8c84fa94-04c1-424b-9868-57a2d4851a1d" relativeResultsDirectory="324b72c4-c9d9-4bc5-8fd9-02fe12f4c0e4">
      <Output>
        <ErrorInfo>
          <Message>Unit Test Adapter threw exception: 
Could not load file or assembly 'Facebook.Web.Mvc, Version=5.3.2.0, Culture=neutral, PublicKeyToken=58cb4f2111d1e6de' or one of its dependencies. The located assembly's manifest definition does not match the assembly reference. (Exception from HRESULT: 0x80131040).</Message>
        </ErrorInfo>
      </Output>
    </UnitTestResult>
    <UnitTestResult executionId="41f517c2-74a7-4da6-9641-4eeb5fe069a3" testId="ff84291d-6907-1271-e188-6b262b177ccc" testName="It_should_ask_the_facebook_service_for_me_as_part_of_tag_action" computerName="MATT-PC" startTime="2011-12-24T12:19:12.8021135-08:00" endTime="2011-12-24T12:19:12.8131141-08:00" testType="13cdc9d9-ddb5-4fa4-a97d-d965ccfc6d4b" outcome="Failed" testListId="8c84fa94-04c1-424b-9868-57a2d4851a1d" relativeResultsDirectory="41f517c2-74a7-4da6-9641-4eeb5fe069a3">
      <Output>
        <ErrorInfo>
          <Message>Unit Test Adapter threw exception: 
Could not load file or assembly 'Facebook.Web.Mvc, Version=5.3.2.0, Culture=neutral, PublicKeyToken=58cb4f2111d1e6de' or one of its dependencies. The located assembly's manifest definition does not match the assembly reference. (Exception from HRESULT: 0x80131040).</Message>
        </ErrorInfo>
      </Output>
    </UnitTestResult>
  </Results>
</TestRun>