<?xml version="1.0" encoding="UTF-8"?>
<TestRun id="9c760404-c7c7-492d-b6c8-dd20d369b220" name="Matt@MATT-PC 2011-12-24 12:38:08" runUser="Matt-PC\Matt" xmlns="http://microsoft.com/schemas/VisualStudio/TeamTest/2010">
  <TestSettings name="Local" id="1b452438-30ba-4160-930a-f044ea6d5cef">
    <Description>These are default test settings for a local test run.</Description>
    <Deployment enabled="false" runDeploymentRoot="Matt_MATT-PC 2011-12-24 12_38_08">
      <DeploymentItem filename="C:\Code\Complainatron3\packages\MvcPaging.1.0.2\lib\net40\MvcPaging.dll" />
      <DeploymentItem filename="C:\Code\Complainatron3\Complainatron.Core\bin\Debug\Complainatron.Core.dll" />
      <DeploymentItem filename="C:\Code\Complainatron3\packages\FacebookWeb.5.4.1.0\lib\net40\Facebook.Web.dll" />
      <DeploymentItem filename="C:\Code\Complainatron3\packages\Castle.Core.2.5.2\lib\NET35\Castle.Core.dll" />
      <DeploymentItem filename="C:\Code\Complainatron3\Complainatron.Domain\bin\Debug\Complainatron.Domain.dll" />
      <DeploymentItem filename="C:\Code\Complainatron3\packages\FacebookWebMvc.5.4.1.0\lib\net40\Facebook.Web.Mvc.dll" />
      <DeploymentItem filename="C:\Code\Complainatron3\packages\FluentAssertions.1.6.0\Lib\net40\FluentAssertions.dll" />
      <DeploymentItem filename="C:\Code\Complainatron3\packages\Facebook.5.4.1.0\lib\net40-client\Facebook.dll" />
      <DeploymentItem filename="C:\Code\Complainatron3\packages\FakeItEasy.1.7.4257.42\lib\NET40\FakeItEasy.dll" />
      <DeploymentItem filename="C:\Code\Complainatron3\Complainatron\bin\Complainatron.dll" />
    </Deployment>
    <Execution>
      <TestTypeSpecific />
      <AgentRule name="Execution Agents">
      </AgentRule>
    </Execution>
  </TestSettings>
  <Times creation="2011-12-24T12:38:08.2070550-08:00" queuing="2011-12-24T12:38:09.3611210-08:00" start="2011-12-24T12:38:09.5631325-08:00" finish="2011-12-24T12:38:20.6637675-08:00" />
  <ResultSummary outcome="Completed">
    <Counters total="1" executed="1" passed="1" error="0" failed="0" timeout="0" aborted="0" inconclusive="0" passedButRunAborted="0" notRunnable="0" notExecuted="0" disconnected="0" warning="0" completed="0" inProgress="0" pending="0" />
  </ResultSummary>
  <TestDefinitions>
    <UnitTest name="It_should_set_complaint_severities_on_the_view_model" storage="c:\code\complainatron3\tests.complainatron\bin\debug\tests.complainatron.dll" id="4361f215-df3e-db69-d708-4276362e5d41">
      <TestCategory>
        <TestCategoryItem TestCategory="Complain Action" />
      </TestCategory>
      <Execution id="5439b05e-a838-46c4-b3a9-dcf7c55b5cad" />
      <TestMethod codeBase="C:/Code/Complainatron3/Tests.Complainatron/bin/Debug/Tests.Complainatron.DLL" adapterTypeName="Microsoft.VisualStudio.TestTools.TestTypes.Unit.UnitTestAdapter, Microsoft.VisualStudio.QualityTools.Tips.UnitTest.Adapter, Version=10.0.0.0, Culture=neutral, PublicKeyToken=b03f5f7f11d50a3a" className="Tests.Complainatron.ComplaintControllerTests, Tests.Complainatron, Version=1.0.0.0, Culture=neutral, PublicKeyToken=null" name="It_should_set_complaint_severities_on_the_view_model" />
    </UnitTest>
  </TestDefinitions>
  <TestLists>
    <TestList name="Results Not in a List" id="8c84fa94-04c1-424b-9868-57a2d4851a1d" />
    <TestList name="All Loaded Results" id="19431567-8539-422a-85d7-44ee4e166bda" />
  </TestLists>
  <TestEntries>
    <TestEntry testId="4361f215-df3e-db69-d708-4276362e5d41" executionId="5439b05e-a838-46c4-b3a9-dcf7c55b5cad" testListId="8c84fa94-04c1-424b-9868-57a2d4851a1d" />
  </TestEntries>
  <Results>
    <UnitTestResult executionId="5439b05e-a838-46c4-b3a9-dcf7c55b5cad" testId="4361f215-df3e-db69-d708-4276362e5d41" testName="It_should_set_complaint_severities_on_the_view_model" computerName="MATT-PC" duration="00:00:09.7093492" startTime="2011-12-24T12:38:09.7531434-08:00" endTime="2011-12-24T12:38:20.5427605-08:00" testType="13cdc9d9-ddb5-4fa4-a97d-d965ccfc6d4b" outcome="Passed" testListId="8c84fa94-04c1-424b-9868-57a2d4851a1d" relativeResultsDirectory="5439b05e-a838-46c4-b3a9-dcf7c55b5cad">
    </UnitTestResult>
  </Results>
</TestRun>