<?xml version="1.0" encoding="UTF-8"?>
<TestRun id="206ad575-b208-485d-be4d-e00cc4621b11" name="Matt@MATT-PC 2011-12-24 11:51:28" runUser="Matt-PC\Matt" xmlns="http://microsoft.com/schemas/VisualStudio/TeamTest/2010">
  <TestSettings name="Local" id="1b452438-30ba-4160-930a-f044ea6d5cef">
    <Description>These are default test settings for a local test run.</Description>
    <Deployment enabled="false" runDeploymentRoot="Matt_MATT-PC 2011-12-24 11_51_28">
      <DeploymentItem filename="C:\Code\Complainatron3\Complainatron\bin\Complainatron.dll" />
      <DeploymentItem filename="C:\Code\Complainatron3\packages\FluentAssertions.1.6.0\Lib\net40\FluentAssertions.dll" />
      <DeploymentItem filename="C:\Code\Complainatron3\Complainatron.Domain\bin\Debug\Complainatron.Domain.dll" />
      <DeploymentItem filename="C:\Code\Complainatron3\Complainatron.Core\bin\Debug\Complainatron.Core.dll" />
      <DeploymentItem filename="C:\Code\Complainatron3\packages\Castle.Core.2.5.2\lib\NET35\Castle.Core.dll" />
      <DeploymentItem filename="C:\Code\Complainatron3\packages\MvcPaging.1.0.2\lib\net40\MvcPaging.dll" />
      <DeploymentItem filename="C:\Code\Complainatron3\packages\FakeItEasy.1.7.4257.42\lib\NET40\FakeItEasy.dll" />
    </Deployment>
    <Execution>
      <TestTypeSpecific />
      <AgentRule name="Execution Agents">
      </AgentRule>
    </Execution>
  </TestSettings>
  <Times creation="2011-12-24T11:51:28.1409003-08:00" queuing="2011-12-24T11:51:28.3769138-08:00" start="2011-12-24T11:51:28.4299169-08:00" finish="2011-12-24T11:51:29.9850058-08:00" />
  <ResultSummary outcome="Completed">
    <Counters total="28" executed="28" passed="28" error="0" failed="0" timeout="0" aborted="0" inconclusive="0" passedButRunAborted="0" notRunnable="0" notExecuted="0" disconnected="0" warning="0" completed="0" inProgress="0" pending="0" />
  </ResultSummary>
  <TestDefinitions>
    <UnitTest name="It_should_have_a_collection_of_friends_as_the_views_model" storage="c:\code\complainatron3\tests.complainatron\bin\debug\tests.complainatron.dll" id="f182e86d-440a-114e-75b8-405a96928ec7">
      <TestCategory>
        <TestCategoryItem TestCategory="Index Action" />
      </TestCategory>
      <Execution id="b1a17795-ad20-4a39-8e0e-82470f0bca9e" />
      <TestMethod codeBase="C:/Code/Complainatron3/Tests.Complainatron/bin/Debug/Tests.Complainatron.DLL" adapterTypeName="Microsoft.VisualStudio.TestTools.TestTypes.Unit.UnitTestAdapter, Microsoft.VisualStudio.QualityTools.Tips.UnitTest.Adapter, Version=10.0.0.0, Culture=neutral, PublicKeyToken=b03f5f7f11d50a3a" className="Tests.Complainatron.FriendsControllerTests, Tests.Complainatron, Version=1.0.0.0, Culture=neutral, PublicKeyToken=null" name="It_should_have_a_collection_of_friends_as_the_views_model" />
    </UnitTest>
    <UnitTest name="It_should_throw_an_exception_if_complaint_service_is_null" storage="c:\code\complainatron3\tests.complainatron\bin\debug\tests.complainatron.dll" id="068afdfa-bec9-e854-d1ae-8a3613a6566c">
      <TestCategory>
        <TestCategoryItem TestCategory="Creation" />
      </TestCategory>
      <Execution id="d4dbab2d-251a-4526-988a-74e3d0ea512c" />
      <TestMethod codeBase="C:/Code/Complainatron3/Tests.Complainatron/bin/Debug/Tests.Complainatron.DLL" adapterTypeName="Microsoft.VisualStudio.TestTools.TestTypes.Unit.UnitTestAdapter, Microsoft.VisualStudio.QualityTools.Tips.UnitTest.Adapter, Version=10.0.0.0, Culture=neutral, PublicKeyToken=b03f5f7f11d50a3a" className="Tests.Complainatron.MapControllerTests, Tests.Complainatron, Version=1.0.0.0, Culture=neutral, PublicKeyToken=null" name="It_should_throw_an_exception_if_complaint_service_is_null" />
    </UnitTest>
    <UnitTest name="It_should_ask_the_tag_service_to_get_the_requested_tag" storage="c:\code\complainatron3\tests.complainatron\bin\debug\tests.complainatron.dll" id="d1b01a50-f114-c36e-df25-5ce88648af81">
      <TestCategory>
        <TestCategoryItem TestCategory="Tag Action" />
      </TestCategory>
      <Execution id="c064ee9c-c30c-4fde-8aa2-404f73d669bf" />
      <TestMethod codeBase="C:/Code/Complainatron3/Tests.Complainatron/bin/Debug/Tests.Complainatron.DLL" adapterTypeName="Microsoft.VisualStudio.TestTools.TestTypes.Unit.UnitTestAdapter, Microsoft.VisualStudio.QualityTools.Tips.UnitTest.Adapter, Version=10.0.0.0, Culture=neutral, PublicKeyToken=b03f5f7f11d50a3a" className="Tests.Complainatron.ComplaintControllerTests, Tests.Complainatron, Version=1.0.0.0, Culture=neutral, PublicKeyToken=null" name="It_should_ask_the_tag_service_to_get_the_requested_tag" />
    </UnitTest>
    <UnitTest name="It_should_throw_an_exception_if_tag_service_is_null" storage="c:\code\complainatron3\tests.complainatron\bin\debug\tests.complainatron.dll" id="7e059270-f99e-7f0c-944d-a1420e836093">
      <TestCategory>
        <TestCategoryItem TestCategory="Creation" />
      </TestCategory>
      <Execution id="d479f1fb-e700-410b-a7e6-715e090fd3f1" />
      <TestMethod codeBase="C:/Code/Complainatron3/Tests.Complainatron/bin/Debug/Tests.Complainatron.DLL" adapterTypeName="Microsoft.VisualStudio.TestTools.TestTypes.Unit.UnitTestAdapter, Microsoft.VisualStudio.QualityTools.Tips.UnitTest.Adapter, Version=10.0.0.0, Culture=neutral, PublicKeyToken=b03f5f7f11d50a3a" className="Tests.Complainatron.ChartControllerTests, Tests.Complainatron, Version=1.0.0.0, Culture=neutral, PublicKeyToken=null" name="It_should_throw_an_exception_if_tag_service_is_null" />
    </UnitTest>
    <UnitTest name="It_should_return_a_partial_view" storage="c:\code\complainatron3\tests.complainatron\bin\debug\tests.complainatron.dll" id="7472235a-07a1-64be-c16f-018bc1be6c02">
      <TestCategory>
        <TestCategoryItem TestCategory="Index Action" />
      </TestCategory>
      <Execution id="e49df25e-2d95-4e3c-8ad2-74abca84ce71" />
      <TestMethod codeBase="C:/Code/Complainatron3/Tests.Complainatron/bin/Debug/Tests.Complainatron.DLL" adapterTypeName="Microsoft.VisualStudio.TestTools.TestTypes.Unit.UnitTestAdapter, Microsoft.VisualStudio.QualityTools.Tips.UnitTest.Adapter, Version=10.0.0.0, Culture=neutral, PublicKeyToken=b03f5f7f11d50a3a" className="Tests.Complainatron.FriendsControllerTests, Tests.Complainatron, Version=1.0.0.0, Culture=neutral, PublicKeyToken=null" name="It_should_return_a_partial_view" />
    </UnitTest>
    <UnitTest name="It_should_throw_an_exception_if_complaint_builder_is_null" storage="c:\code\complainatron3\tests.complainatron\bin\debug\tests.complainatron.dll" id="c7ea3ecb-50f5-2712-8aca-008c0a2be236">
      <TestCategory>
        <TestCategoryItem TestCategory="Creation" />
      </TestCategory>
      <Execution id="dab47889-3f9b-4be4-b962-e93221a18ea7" />
      <TestMethod codeBase="C:/Code/Complainatron3/Tests.Complainatron/bin/Debug/Tests.Complainatron.DLL" adapterTypeName="Microsoft.VisualStudio.TestTools.TestTypes.Unit.UnitTestAdapter, Microsoft.VisualStudio.QualityTools.Tips.UnitTest.Adapter, Version=10.0.0.0, Culture=neutral, PublicKeyToken=b03f5f7f11d50a3a" className="Tests.Complainatron.ComplaintControllerTests, Tests.Complainatron, Version=1.0.0.0, Culture=neutral, PublicKeyToken=null" name="It_should_throw_an_exception_if_complaint_builder_is_null" />
    </UnitTest>
    <UnitTest name="It_should_throw_an_exception_if_tag_service_is_null" storage="c:\code\complainatron3\tests.complainatron\bin\debug\tests.complainatron.dll" id="cc8fd6f1-60f9-9983-5acc-e6782323e931">
      <TestCategory>
        <TestCategoryItem TestCategory="Creation" />
      </TestCategory>
      <Execution id="54ec50d9-4b8c-4ce3-8dd7-a6337f408929" />
      <TestMethod codeBase="C:/Code/Complainatron3/Tests.Complainatron/bin/Debug/Tests.Complainatron.DLL" adapterTypeName="Microsoft.VisualStudio.TestTools.TestTypes.Unit.UnitTestAdapter, Microsoft.VisualStudio.QualityTools.Tips.UnitTest.Adapter, Version=10.0.0.0, Culture=neutral, PublicKeyToken=b03f5f7f11d50a3a" className="Tests.Complainatron.TagControllerTests, Tests.Complainatron, Version=1.0.0.0, Culture=neutral, PublicKeyToken=null" name="It_should_throw_an_exception_if_tag_service_is_null" />
    </UnitTest>
    <UnitTest name="It_should_return_a_partial_view_named__about" storage="c:\code\complainatron3\tests.complainatron\bin\debug\tests.complainatron.dll" id="74ad58ca-8037-4542-e734-2d75fa9b27a1">
      <TestCategory>
        <TestCategoryItem TestCategory="About Action" />
      </TestCategory>
      <Execution id="727c5793-608b-4051-9ae1-c07fa9d50f4f" />
      <TestMethod codeBase="C:/Code/Complainatron3/Tests.Complainatron/bin/Debug/Tests.Complainatron.DLL" adapterTypeName="Microsoft.VisualStudio.TestTools.TestTypes.Unit.UnitTestAdapter, Microsoft.VisualStudio.QualityTools.Tips.UnitTest.Adapter, Version=10.0.0.0, Culture=neutral, PublicKeyToken=b03f5f7f11d50a3a" className="Tests.Complainatron.MainControllerTests, Tests.Complainatron, Version=1.0.0.0, Culture=neutral, PublicKeyToken=null" name="It_should_return_a_partial_view_named__about" />
    </UnitTest>
    <UnitTest name="It_should_throw_an_exception_if_facebook_service_is_null" storage="c:\code\complainatron3\tests.complainatron\bin\debug\tests.complainatron.dll" id="8ca0dd94-8d00-3681-7e7b-bcdc49182639">
      <TestCategory>
        <TestCategoryItem TestCategory="Creation" />
      </TestCategory>
      <Execution id="1562c997-e1c7-4f68-b477-7f45ccc19582" />
      <TestMethod codeBase="C:/Code/Complainatron3/Tests.Complainatron/bin/Debug/Tests.Complainatron.DLL" adapterTypeName="Microsoft.VisualStudio.TestTools.TestTypes.Unit.UnitTestAdapter, Microsoft.VisualStudio.QualityTools.Tips.UnitTest.Adapter, Version=10.0.0.0, Culture=neutral, PublicKeyToken=b03f5f7f11d50a3a" className="Tests.Complainatron.AbstractFacebookControllerTests, Tests.Complainatron, Version=1.0.0.0, Culture=neutral, PublicKeyToken=null" name="It_should_throw_an_exception_if_facebook_service_is_null" />
    </UnitTest>
    <UnitTest name="It_should_throw_an_exception_if_logging_service_is_null" storage="c:\code\complainatron3\tests.complainatron\bin\debug\tests.complainatron.dll" id="7a74fccc-3a78-7dd5-a25a-fb73b8f8d4d7">
      <TestCategory>
        <TestCategoryItem TestCategory="Creation" />
      </TestCategory>
      <Execution id="2324f88e-4e58-4543-9dd3-85d7755d43af" />
      <TestMethod codeBase="C:/Code/Complainatron3/Tests.Complainatron/bin/Debug/Tests.Complainatron.DLL" adapterTypeName="Microsoft.VisualStudio.TestTools.TestTypes.Unit.UnitTestAdapter, Microsoft.VisualStudio.QualityTools.Tips.UnitTest.Adapter, Version=10.0.0.0, Culture=neutral, PublicKeyToken=b03f5f7f11d50a3a" className="Tests.Complainatron.AbstractFacebookControllerTests, Tests.Complainatron, Version=1.0.0.0, Culture=neutral, PublicKeyToken=null" name="It_should_throw_an_exception_if_logging_service_is_null" />
    </UnitTest>
    <UnitTest name="It_should_use_the_tag_builder_to_create_a_list_of_view_models" storage="c:\code\complainatron3\tests.complainatron\bin\debug\tests.complainatron.dll" id="43a58456-2a87-37f5-f26d-3bea5dd5f2eb">
      <TestCategory>
        <TestCategoryItem TestCategory="Index Action" />
      </TestCategory>
      <Execution id="8a5e0331-ff11-4505-9505-bfc013e3b49d" />
      <TestMethod codeBase="C:/Code/Complainatron3/Tests.Complainatron/bin/Debug/Tests.Complainatron.DLL" adapterTypeName="Microsoft.VisualStudio.TestTools.TestTypes.Unit.UnitTestAdapter, Microsoft.VisualStudio.QualityTools.Tips.UnitTest.Adapter, Version=10.0.0.0, Culture=neutral, PublicKeyToken=b03f5f7f11d50a3a" className="Tests.Complainatron.TagControllerTests, Tests.Complainatron, Version=1.0.0.0, Culture=neutral, PublicKeyToken=null" name="It_should_use_the_tag_builder_to_create_a_list_of_view_models" />
    </UnitTest>
    <UnitTest name="It_should_throw_an_exception_if_tag_service_is_null" storage="c:\code\complainatron3\tests.complainatron\bin\debug\tests.complainatron.dll" id="b6a7185e-c355-1a77-1427-f2388d0cf302">
      <TestCategory>
        <TestCategoryItem TestCategory="Creation" />
      </TestCategory>
      <Execution id="a7a6cc7a-2a29-4483-9fd2-28d0a183b09d" />
      <TestMethod codeBase="C:/Code/Complainatron3/Tests.Complainatron/bin/Debug/Tests.Complainatron.DLL" adapterTypeName="Microsoft.VisualStudio.TestTools.TestTypes.Unit.UnitTestAdapter, Microsoft.VisualStudio.QualityTools.Tips.UnitTest.Adapter, Version=10.0.0.0, Culture=neutral, PublicKeyToken=b03f5f7f11d50a3a" className="Tests.Complainatron.ComplaintControllerTests, Tests.Complainatron, Version=1.0.0.0, Culture=neutral, PublicKeyToken=null" name="It_should_throw_an_exception_if_tag_service_is_null" />
    </UnitTest>
    <UnitTest name="It_should_return_a_view" storage="c:\code\complainatron3\tests.complainatron\bin\debug\tests.complainatron.dll" id="0f054cb8-6cbe-dd4c-c48e-c6047588a073">
      <TestCategory>
        <TestCategoryItem TestCategory="Index Action" />
      </TestCategory>
      <Execution id="aab94a5e-ed64-4f4a-ba46-64bc841e10bb" />
      <TestMethod codeBase="C:/Code/Complainatron3/Tests.Complainatron/bin/Debug/Tests.Complainatron.DLL" adapterTypeName="Microsoft.VisualStudio.TestTools.TestTypes.Unit.UnitTestAdapter, Microsoft.VisualStudio.QualityTools.Tips.UnitTest.Adapter, Version=10.0.0.0, Culture=neutral, PublicKeyToken=b03f5f7f11d50a3a" className="Tests.Complainatron.MapControllerTests, Tests.Complainatron, Version=1.0.0.0, Culture=neutral, PublicKeyToken=null" name="It_should_return_a_view" />
    </UnitTest>
    <UnitTest name="It_should_have_a_chart_data_view_model_in_its_view" storage="c:\code\complainatron3\tests.complainatron\bin\debug\tests.complainatron.dll" id="1e9e7b51-057d-9149-3fb6-f9208fa86207">
      <TestCategory>
        <TestCategoryItem TestCategory="Index Action" />
      </TestCategory>
      <Execution id="e0f42e81-acc1-4afe-b265-bbdadd74cb57" />
      <TestMethod codeBase="C:/Code/Complainatron3/Tests.Complainatron/bin/Debug/Tests.Complainatron.DLL" adapterTypeName="Microsoft.VisualStudio.TestTools.TestTypes.Unit.UnitTestAdapter, Microsoft.VisualStudio.QualityTools.Tips.UnitTest.Adapter, Version=10.0.0.0, Culture=neutral, PublicKeyToken=b03f5f7f11d50a3a" className="Tests.Complainatron.MapControllerTests, Tests.Complainatron, Version=1.0.0.0, Culture=neutral, PublicKeyToken=null" name="It_should_have_a_chart_data_view_model_in_its_view" />
    </UnitTest>
    <UnitTest name="It_should_return_a_partial_view" storage="c:\code\complainatron3\tests.complainatron\bin\debug\tests.complainatron.dll" id="3d18a9ac-f9a8-bfcf-81d2-44c90128be9c">
      <TestCategory>
        <TestCategoryItem TestCategory="Index Action" />
      </TestCategory>
      <Execution id="eddb7935-ee78-41b3-a8ce-9811b97b5272" />
      <TestMethod codeBase="C:/Code/Complainatron3/Tests.Complainatron/bin/Debug/Tests.Complainatron.DLL" adapterTypeName="Microsoft.VisualStudio.TestTools.TestTypes.Unit.UnitTestAdapter, Microsoft.VisualStudio.QualityTools.Tips.UnitTest.Adapter, Version=10.0.0.0, Culture=neutral, PublicKeyToken=b03f5f7f11d50a3a" className="Tests.Complainatron.TagControllerTests, Tests.Complainatron, Version=1.0.0.0, Culture=neutral, PublicKeyToken=null" name="It_should_return_a_partial_view" />
    </UnitTest>
    <UnitTest name="It_should_ask_the_complaint_service_for_all_complaints" storage="c:\code\complainatron3\tests.complainatron\bin\debug\tests.complainatron.dll" id="7fa73dbd-de6d-0ac1-9c78-9efc7a619388">
      <TestCategory>
        <TestCategoryItem TestCategory="Index Action" />
      </TestCategory>
      <Execution id="116f512e-731c-4bdd-bb5e-257d8d68c231" />
      <TestMethod codeBase="C:/Code/Complainatron3/Tests.Complainatron/bin/Debug/Tests.Complainatron.DLL" adapterTypeName="Microsoft.VisualStudio.TestTools.TestTypes.Unit.UnitTestAdapter, Microsoft.VisualStudio.QualityTools.Tips.UnitTest.Adapter, Version=10.0.0.0, Culture=neutral, PublicKeyToken=b03f5f7f11d50a3a" className="Tests.Complainatron.MapControllerTests, Tests.Complainatron, Version=1.0.0.0, Culture=neutral, PublicKeyToken=null" name="It_should_ask_the_complaint_service_for_all_complaints" />
    </UnitTest>
    <UnitTest name="It_should_return_a_view" storage="c:\code\complainatron3\tests.complainatron\bin\debug\tests.complainatron.dll" id="f0690b77-6da3-dfa0-d405-007e7fb12845">
      <TestCategory>
        <TestCategoryItem TestCategory="Index Action" />
      </TestCategory>
      <Execution id="7ae8b0f8-3f4b-4eb2-a294-da18aaa5b91a" />
      <TestMethod codeBase="C:/Code/Complainatron3/Tests.Complainatron/bin/Debug/Tests.Complainatron.DLL" adapterTypeName="Microsoft.VisualStudio.TestTools.TestTypes.Unit.UnitTestAdapter, Microsoft.VisualStudio.QualityTools.Tips.UnitTest.Adapter, Version=10.0.0.0, Culture=neutral, PublicKeyToken=b03f5f7f11d50a3a" className="Tests.Complainatron.ChartControllerTests, Tests.Complainatron, Version=1.0.0.0, Culture=neutral, PublicKeyToken=null" name="It_should_return_a_view" />
    </UnitTest>
    <UnitTest name="It_should_return_a_partial_view" storage="c:\code\complainatron3\tests.complainatron\bin\debug\tests.complainatron.dll" id="10f84829-6344-db79-b0e9-ea013eb2f716">
      <TestCategory>
        <TestCategoryItem TestCategory="About Action" />
      </TestCategory>
      <Execution id="c7ad6d9f-c31d-4ed2-be0f-91c054239e92" />
      <TestMethod codeBase="C:/Code/Complainatron3/Tests.Complainatron/bin/Debug/Tests.Complainatron.DLL" adapterTypeName="Microsoft.VisualStudio.TestTools.TestTypes.Unit.UnitTestAdapter, Microsoft.VisualStudio.QualityTools.Tips.UnitTest.Adapter, Version=10.0.0.0, Culture=neutral, PublicKeyToken=b03f5f7f11d50a3a" className="Tests.Complainatron.MainControllerTests, Tests.Complainatron, Version=1.0.0.0, Culture=neutral, PublicKeyToken=null" name="It_should_return_a_partial_view" />
    </UnitTest>
    <UnitTest name="It_should_ask_the_service_to_get_all_tags_with_their_respective_counts" storage="c:\code\complainatron3\tests.complainatron\bin\debug\tests.complainatron.dll" id="3b6beb09-33bf-2a5c-6864-647e66c1e652">
      <TestCategory>
        <TestCategoryItem TestCategory="Index Action" />
      </TestCategory>
      <Execution id="647305c3-be2f-4f7b-a5a8-a7c148405594" />
      <TestMethod codeBase="C:/Code/Complainatron3/Tests.Complainatron/bin/Debug/Tests.Complainatron.DLL" adapterTypeName="Microsoft.VisualStudio.TestTools.TestTypes.Unit.UnitTestAdapter, Microsoft.VisualStudio.QualityTools.Tips.UnitTest.Adapter, Version=10.0.0.0, Culture=neutral, PublicKeyToken=b03f5f7f11d50a3a" className="Tests.Complainatron.ChartControllerTests, Tests.Complainatron, Version=1.0.0.0, Culture=neutral, PublicKeyToken=null" name="It_should_ask_the_service_to_get_all_tags_with_their_respective_counts" />
    </UnitTest>
    <UnitTest name="It_should_throw_an_exception_if_user_service_is_null" storage="c:\code\complainatron3\tests.complainatron\bin\debug\tests.complainatron.dll" id="bf31f7f0-a2a0-4bd2-dd65-6ece24083ee4">
      <TestCategory>
        <TestCategoryItem TestCategory="Creation" />
      </TestCategory>
      <Execution id="3f92c33d-554d-4035-8983-19c12f44cbd5" />
      <TestMethod codeBase="C:/Code/Complainatron3/Tests.Complainatron/bin/Debug/Tests.Complainatron.DLL" adapterTypeName="Microsoft.VisualStudio.TestTools.TestTypes.Unit.UnitTestAdapter, Microsoft.VisualStudio.QualityTools.Tips.UnitTest.Adapter, Version=10.0.0.0, Culture=neutral, PublicKeyToken=b03f5f7f11d50a3a" className="Tests.Complainatron.ComplaintControllerTests, Tests.Complainatron, Version=1.0.0.0, Culture=neutral, PublicKeyToken=null" name="It_should_throw_an_exception_if_user_service_is_null" />
    </UnitTest>
    <UnitTest name="It_should_throw_an_exception_if_complaint_severity_service_is_null" storage="c:\code\complainatron3\tests.complainatron\bin\debug\tests.complainatron.dll" id="a2fc997c-f0ad-8f43-71b9-befe4e308a8b">
      <TestCategory>
        <TestCategoryItem TestCategory="Creation" />
      </TestCategory>
      <Execution id="d65d1d95-e15b-4227-98c4-f85352f49ea8" />
      <TestMethod codeBase="C:/Code/Complainatron3/Tests.Complainatron/bin/Debug/Tests.Complainatron.DLL" adapterTypeName="Microsoft.VisualStudio.TestTools.TestTypes.Unit.UnitTestAdapter, Microsoft.VisualStudio.QualityTools.Tips.UnitTest.Adapter, Version=10.0.0.0, Culture=neutral, PublicKeyToken=b03f5f7f11d50a3a" className="Tests.Complainatron.ComplaintControllerTests, Tests.Complainatron, Version=1.0.0.0, Culture=neutral, PublicKeyToken=null" name="It_should_throw_an_exception_if_complaint_severity_service_is_null" />
    </UnitTest>
    <UnitTest name="It_should_throw_an_exception_if_tag_builder_is_null" storage="c:\code\complainatron3\tests.complainatron\bin\debug\tests.complainatron.dll" id="2283bcaa-a915-bbc4-9f2a-9f1e92e364a5">
      <TestCategory>
        <TestCategoryItem TestCategory="Creation" />
      </TestCategory>
      <Execution id="178e9afa-44da-41be-918d-76f75d5e8023" />
      <TestMethod codeBase="C:/Code/Complainatron3/Tests.Complainatron/bin/Debug/Tests.Complainatron.DLL" adapterTypeName="Microsoft.VisualStudio.TestTools.TestTypes.Unit.UnitTestAdapter, Microsoft.VisualStudio.QualityTools.Tips.UnitTest.Adapter, Version=10.0.0.0, Culture=neutral, PublicKeyToken=b03f5f7f11d50a3a" className="Tests.Complainatron.TagControllerTests, Tests.Complainatron, Version=1.0.0.0, Culture=neutral, PublicKeyToken=null" name="It_should_throw_an_exception_if_tag_builder_is_null" />
    </UnitTest>
    <UnitTest name="It_should_return_a_partial_view_called__index" storage="c:\code\complainatron3\tests.complainatron\bin\debug\tests.complainatron.dll" id="e69681b7-cdaa-317d-ccd1-7c7c5073cf4c">
      <TestCategory>
        <TestCategoryItem TestCategory="Index Action" />
      </TestCategory>
      <Execution id="f169fb31-174e-4954-a1db-c13735852af1" />
      <TestMethod codeBase="C:/Code/Complainatron3/Tests.Complainatron/bin/Debug/Tests.Complainatron.DLL" adapterTypeName="Microsoft.VisualStudio.TestTools.TestTypes.Unit.UnitTestAdapter, Microsoft.VisualStudio.QualityTools.Tips.UnitTest.Adapter, Version=10.0.0.0, Culture=neutral, PublicKeyToken=b03f5f7f11d50a3a" className="Tests.Complainatron.FriendsControllerTests, Tests.Complainatron, Version=1.0.0.0, Culture=neutral, PublicKeyToken=null" name="It_should_return_a_partial_view_called__index" />
    </UnitTest>
    <UnitTest name="It_should_throw_an_exception_if_complaint_service_is_null" storage="c:\code\complainatron3\tests.complainatron\bin\debug\tests.complainatron.dll" id="10dd6907-5141-cb42-4165-9b7b7c5df640">
      <TestCategory>
        <TestCategoryItem TestCategory="Creation" />
      </TestCategory>
      <Execution id="7cc2fa61-63bc-4894-8a42-6798161e883e" />
      <TestMethod codeBase="C:/Code/Complainatron3/Tests.Complainatron/bin/Debug/Tests.Complainatron.DLL" adapterTypeName="Microsoft.VisualStudio.TestTools.TestTypes.Unit.UnitTestAdapter, Microsoft.VisualStudio.QualityTools.Tips.UnitTest.Adapter, Version=10.0.0.0, Culture=neutral, PublicKeyToken=b03f5f7f11d50a3a" className="Tests.Complainatron.ComplaintControllerTests, Tests.Complainatron, Version=1.0.0.0, Culture=neutral, PublicKeyToken=null" name="It_should_throw_an_exception_if_complaint_service_is_null" />
    </UnitTest>
    <UnitTest name="It_should_ask_the_facebook_service_for_a_list_of_friends" storage="c:\code\complainatron3\tests.complainatron\bin\debug\tests.complainatron.dll" id="9b34144b-af57-82ac-232c-05f31ac3f84e">
      <TestCategory>
        <TestCategoryItem TestCategory="Index Action" />
      </TestCategory>
      <Execution id="dc28e4f4-e388-43a2-bdee-46fd23005128" />
      <TestMethod codeBase="C:/Code/Complainatron3/Tests.Complainatron/bin/Debug/Tests.Complainatron.DLL" adapterTypeName="Microsoft.VisualStudio.TestTools.TestTypes.Unit.UnitTestAdapter, Microsoft.VisualStudio.QualityTools.Tips.UnitTest.Adapter, Version=10.0.0.0, Culture=neutral, PublicKeyToken=b03f5f7f11d50a3a" className="Tests.Complainatron.FriendsControllerTests, Tests.Complainatron, Version=1.0.0.0, Culture=neutral, PublicKeyToken=null" name="It_should_ask_the_facebook_service_for_a_list_of_friends" />
    </UnitTest>
    <UnitTest name="It_should_throw_an_exception_if_tag_builder_is_null" storage="c:\code\complainatron3\tests.complainatron\bin\debug\tests.complainatron.dll" id="41f458f2-f333-8429-3a9d-5aade813bade">
      <TestCategory>
        <TestCategoryItem TestCategory="Creation" />
      </TestCategory>
      <Execution id="c8298a0f-f7a0-4afa-a016-a21ef8843a25" />
      <TestMethod codeBase="C:/Code/Complainatron3/Tests.Complainatron/bin/Debug/Tests.Complainatron.DLL" adapterTypeName="Microsoft.VisualStudio.TestTools.TestTypes.Unit.UnitTestAdapter, Microsoft.VisualStudio.QualityTools.Tips.UnitTest.Adapter, Version=10.0.0.0, Culture=neutral, PublicKeyToken=b03f5f7f11d50a3a" className="Tests.Complainatron.ComplaintControllerTests, Tests.Complainatron, Version=1.0.0.0, Culture=neutral, PublicKeyToken=null" name="It_should_throw_an_exception_if_tag_builder_is_null" />
    </UnitTest>
    <UnitTest name="It_should_have_a_chart_data_view_model_in_its_view" storage="c:\code\complainatron3\tests.complainatron\bin\debug\tests.complainatron.dll" id="a1efffce-f557-40c3-1c11-2522b30a2b71">
      <TestCategory>
        <TestCategoryItem TestCategory="Index Action" />
      </TestCategory>
      <Execution id="4764668c-e6c0-46b6-8707-0b929ad4d03c" />
      <TestMethod codeBase="C:/Code/Complainatron3/Tests.Complainatron/bin/Debug/Tests.Complainatron.DLL" adapterTypeName="Microsoft.VisualStudio.TestTools.TestTypes.Unit.UnitTestAdapter, Microsoft.VisualStudio.QualityTools.Tips.UnitTest.Adapter, Version=10.0.0.0, Culture=neutral, PublicKeyToken=b03f5f7f11d50a3a" className="Tests.Complainatron.ChartControllerTests, Tests.Complainatron, Version=1.0.0.0, Culture=neutral, PublicKeyToken=null" name="It_should_have_a_chart_data_view_model_in_its_view" />
    </UnitTest>
    <UnitTest name="It_should_ask_the_tag_service_for_all_tags" storage="c:\code\complainatron3\tests.complainatron\bin\debug\tests.complainatron.dll" id="8778246f-bfa9-c2d1-b343-6fd2e66339d0">
      <TestCategory>
        <TestCategoryItem TestCategory="Index Action" />
      </TestCategory>
      <Execution id="117226d8-2bae-4648-9c4b-4b77538ea1bb" />
      <TestMethod codeBase="C:/Code/Complainatron3/Tests.Complainatron/bin/Debug/Tests.Complainatron.DLL" adapterTypeName="Microsoft.VisualStudio.TestTools.TestTypes.Unit.UnitTestAdapter, Microsoft.VisualStudio.QualityTools.Tips.UnitTest.Adapter, Version=10.0.0.0, Culture=neutral, PublicKeyToken=b03f5f7f11d50a3a" className="Tests.Complainatron.TagControllerTests, Tests.Complainatron, Version=1.0.0.0, Culture=neutral, PublicKeyToken=null" name="It_should_ask_the_tag_service_for_all_tags" />
    </UnitTest>
  </TestDefinitions>
  <TestLists>
    <TestList name="Results Not in a List" id="8c84fa94-04c1-424b-9868-57a2d4851a1d" />
    <TestList name="All Loaded Results" id="19431567-8539-422a-85d7-44ee4e166bda" />
  </TestLists>
  <TestEntries>
    <TestEntry testId="068afdfa-bec9-e854-d1ae-8a3613a6566c" executionId="d4dbab2d-251a-4526-988a-74e3d0ea512c" testListId="8c84fa94-04c1-424b-9868-57a2d4851a1d" />
    <TestEntry testId="0f054cb8-6cbe-dd4c-c48e-c6047588a073" executionId="aab94a5e-ed64-4f4a-ba46-64bc841e10bb" testListId="8c84fa94-04c1-424b-9868-57a2d4851a1d" />
    <TestEntry testId="10dd6907-5141-cb42-4165-9b7b7c5df640" executionId="7cc2fa61-63bc-4894-8a42-6798161e883e" testListId="8c84fa94-04c1-424b-9868-57a2d4851a1d" />
    <TestEntry testId="10f84829-6344-db79-b0e9-ea013eb2f716" executionId="c7ad6d9f-c31d-4ed2-be0f-91c054239e92" testListId="8c84fa94-04c1-424b-9868-57a2d4851a1d" />
    <TestEntry testId="1e9e7b51-057d-9149-3fb6-f9208fa86207" executionId="e0f42e81-acc1-4afe-b265-bbdadd74cb57" testListId="8c84fa94-04c1-424b-9868-57a2d4851a1d" />
    <TestEntry testId="2283bcaa-a915-bbc4-9f2a-9f1e92e364a5" executionId="178e9afa-44da-41be-918d-76f75d5e8023" testListId="8c84fa94-04c1-424b-9868-57a2d4851a1d" />
    <TestEntry testId="3b6beb09-33bf-2a5c-6864-647e66c1e652" executionId="647305c3-be2f-4f7b-a5a8-a7c148405594" testListId="8c84fa94-04c1-424b-9868-57a2d4851a1d" />
    <TestEntry testId="3d18a9ac-f9a8-bfcf-81d2-44c90128be9c" executionId="eddb7935-ee78-41b3-a8ce-9811b97b5272" testListId="8c84fa94-04c1-424b-9868-57a2d4851a1d" />
    <TestEntry testId="41f458f2-f333-8429-3a9d-5aade813bade" executionId="c8298a0f-f7a0-4afa-a016-a21ef8843a25" testListId="8c84fa94-04c1-424b-9868-57a2d4851a1d" />
    <TestEntry testId="43a58456-2a87-37f5-f26d-3bea5dd5f2eb" executionId="8a5e0331-ff11-4505-9505-bfc013e3b49d" testListId="8c84fa94-04c1-424b-9868-57a2d4851a1d" />
    <TestEntry testId="7472235a-07a1-64be-c16f-018bc1be6c02" executionId="e49df25e-2d95-4e3c-8ad2-74abca84ce71" testListId="8c84fa94-04c1-424b-9868-57a2d4851a1d" />
    <TestEntry testId="74ad58ca-8037-4542-e734-2d75fa9b27a1" executionId="727c5793-608b-4051-9ae1-c07fa9d50f4f" testListId="8c84fa94-04c1-424b-9868-57a2d4851a1d" />
    <TestEntry testId="7a74fccc-3a78-7dd5-a25a-fb73b8f8d4d7" executionId="2324f88e-4e58-4543-9dd3-85d7755d43af" testListId="8c84fa94-04c1-424b-9868-57a2d4851a1d" />
    <TestEntry testId="7e059270-f99e-7f0c-944d-a1420e836093" executionId="d479f1fb-e700-410b-a7e6-715e090fd3f1" testListId="8c84fa94-04c1-424b-9868-57a2d4851a1d" />
    <TestEntry testId="7fa73dbd-de6d-0ac1-9c78-9efc7a619388" executionId="116f512e-731c-4bdd-bb5e-257d8d68c231" testListId="8c84fa94-04c1-424b-9868-57a2d4851a1d" />
    <TestEntry testId="8778246f-bfa9-c2d1-b343-6fd2e66339d0" executionId="117226d8-2bae-4648-9c4b-4b77538ea1bb" testListId="8c84fa94-04c1-424b-9868-57a2d4851a1d" />
    <TestEntry testId="8ca0dd94-8d00-3681-7e7b-bcdc49182639" executionId="1562c997-e1c7-4f68-b477-7f45ccc19582" testListId="8c84fa94-04c1-424b-9868-57a2d4851a1d" />
    <TestEntry testId="9b34144b-af57-82ac-232c-05f31ac3f84e" executionId="dc28e4f4-e388-43a2-bdee-46fd23005128" testListId="8c84fa94-04c1-424b-9868-57a2d4851a1d" />
    <TestEntry testId="a1efffce-f557-40c3-1c11-2522b30a2b71" executionId="4764668c-e6c0-46b6-8707-0b929ad4d03c" testListId="8c84fa94-04c1-424b-9868-57a2d4851a1d" />
    <TestEntry testId="a2fc997c-f0ad-8f43-71b9-befe4e308a8b" executionId="d65d1d95-e15b-4227-98c4-f85352f49ea8" testListId="8c84fa94-04c1-424b-9868-57a2d4851a1d" />
    <TestEntry testId="b6a7185e-c355-1a77-1427-f2388d0cf302" executionId="a7a6cc7a-2a29-4483-9fd2-28d0a183b09d" testListId="8c84fa94-04c1-424b-9868-57a2d4851a1d" />
    <TestEntry testId="bf31f7f0-a2a0-4bd2-dd65-6ece24083ee4" executionId="3f92c33d-554d-4035-8983-19c12f44cbd5" testListId="8c84fa94-04c1-424b-9868-57a2d4851a1d" />
    <TestEntry testId="c7ea3ecb-50f5-2712-8aca-008c0a2be236" executionId="dab47889-3f9b-4be4-b962-e93221a18ea7" testListId="8c84fa94-04c1-424b-9868-57a2d4851a1d" />
    <TestEntry testId="cc8fd6f1-60f9-9983-5acc-e6782323e931" executionId="54ec50d9-4b8c-4ce3-8dd7-a6337f408929" testListId="8c84fa94-04c1-424b-9868-57a2d4851a1d" />
    <TestEntry testId="d1b01a50-f114-c36e-df25-5ce88648af81" executionId="c064ee9c-c30c-4fde-8aa2-404f73d669bf" testListId="8c84fa94-04c1-424b-9868-57a2d4851a1d" />
    <TestEntry testId="e69681b7-cdaa-317d-ccd1-7c7c5073cf4c" executionId="f169fb31-174e-4954-a1db-c13735852af1" testListId="8c84fa94-04c1-424b-9868-57a2d4851a1d" />
    <TestEntry testId="f0690b77-6da3-dfa0-d405-007e7fb12845" executionId="7ae8b0f8-3f4b-4eb2-a294-da18aaa5b91a" testListId="8c84fa94-04c1-424b-9868-57a2d4851a1d" />
    <TestEntry testId="f182e86d-440a-114e-75b8-405a96928ec7" executionId="b1a17795-ad20-4a39-8e0e-82470f0bca9e" testListId="8c84fa94-04c1-424b-9868-57a2d4851a1d" />
  </TestEntries>
  <Results>
    <UnitTestResult executionId="d4dbab2d-251a-4526-988a-74e3d0ea512c" testId="068afdfa-bec9-e854-d1ae-8a3613a6566c" testName="It_should_throw_an_exception_if_complaint_service_is_null" computerName="MATT-PC" duration="00:00:00.5148682" startTime="2011-12-24T11:51:28.4649189-08:00" endTime="2011-12-24T11:51:29.3589700-08:00" testType="13cdc9d9-ddb5-4fa4-a97d-d965ccfc6d4b" outcome="Passed" testListId="8c84fa94-04c1-424b-9868-57a2d4851a1d" relativeResultsDirectory="d4dbab2d-251a-4526-988a-74e3d0ea512c">
    </UnitTestResult>
    <UnitTestResult executionId="aab94a5e-ed64-4f4a-ba46-64bc841e10bb" testId="0f054cb8-6cbe-dd4c-c48e-c6047588a073" testName="It_should_return_a_view" computerName="MATT-PC" duration="00:00:00.0480567" startTime="2011-12-24T11:51:29.3699706-08:00" endTime="2011-12-24T11:51:29.4269739-08:00" testType="13cdc9d9-ddb5-4fa4-a97d-d965ccfc6d4b" outcome="Passed" testListId="8c84fa94-04c1-424b-9868-57a2d4851a1d" relativeResultsDirectory="aab94a5e-ed64-4f4a-ba46-64bc841e10bb">
    </UnitTestResult>
    <UnitTestResult executionId="7cc2fa61-63bc-4894-8a42-6798161e883e" testId="10dd6907-5141-cb42-4165-9b7b7c5df640" testName="It_should_throw_an_exception_if_complaint_service_is_null" computerName="MATT-PC" duration="00:00:00.1042132" startTime="2011-12-24T11:51:29.4289740-08:00" endTime="2011-12-24T11:51:29.5389803-08:00" testType="13cdc9d9-ddb5-4fa4-a97d-d965ccfc6d4b" outcome="Passed" testListId="8c84fa94-04c1-424b-9868-57a2d4851a1d" relativeResultsDirectory="7cc2fa61-63bc-4894-8a42-6798161e883e">
    </UnitTestResult>
    <UnitTestResult executionId="c7ad6d9f-c31d-4ed2-be0f-91c054239e92" testId="10f84829-6344-db79-b0e9-ea013eb2f716" testName="It_should_return_a_partial_view" computerName="MATT-PC" duration="00:00:00.0005949" startTime="2011-12-24T11:51:29.5439806-08:00" endTime="2011-12-24T11:51:29.5479808-08:00" testType="13cdc9d9-ddb5-4fa4-a97d-d965ccfc6d4b" outcome="Passed" testListId="8c84fa94-04c1-424b-9868-57a2d4851a1d" relativeResultsDirectory="c7ad6d9f-c31d-4ed2-be0f-91c054239e92">
    </UnitTestResult>
    <UnitTestResult executionId="e0f42e81-acc1-4afe-b265-bbdadd74cb57" testId="1e9e7b51-057d-9149-3fb6-f9208fa86207" testName="It_should_have_a_chart_data_view_model_in_its_view" computerName="MATT-PC" duration="00:00:00.0333581" startTime="2011-12-24T11:51:29.5499809-08:00" endTime="2011-12-24T11:51:29.5889832-08:00" testType="13cdc9d9-ddb5-4fa4-a97d-d965ccfc6d4b" outcome="Passed" testListId="8c84fa94-04c1-424b-9868-57a2d4851a1d" relativeResultsDirectory="e0f42e81-acc1-4afe-b265-bbdadd74cb57">
    </UnitTestResult>
    <UnitTestResult executionId="178e9afa-44da-41be-918d-76f75d5e8023" testId="2283bcaa-a915-bbc4-9f2a-9f1e92e364a5" testName="It_should_throw_an_exception_if_tag_builder_is_null" computerName="MATT-PC" duration="00:00:00.0010971" startTime="2011-12-24T11:51:29.5909833-08:00" endTime="2011-12-24T11:51:29.5989837-08:00" testType="13cdc9d9-ddb5-4fa4-a97d-d965ccfc6d4b" outcome="Passed" testListId="8c84fa94-04c1-424b-9868-57a2d4851a1d" relativeResultsDirectory="178e9afa-44da-41be-918d-76f75d5e8023">
    </UnitTestResult>
    <UnitTestResult executionId="647305c3-be2f-4f7b-a5a8-a7c148405594" testId="3b6beb09-33bf-2a5c-6864-647e66c1e652" testName="It_should_ask_the_service_to_get_all_tags_with_their_respective_counts" computerName="MATT-PC" duration="00:00:00.0464804" startTime="2011-12-24T11:51:29.6009839-08:00" endTime="2011-12-24T11:51:29.6519868-08:00" testType="13cdc9d9-ddb5-4fa4-a97d-d965ccfc6d4b" outcome="Passed" testListId="8c84fa94-04c1-424b-9868-57a2d4851a1d" relativeResultsDirectory="647305c3-be2f-4f7b-a5a8-a7c148405594">
    </UnitTestResult>
    <UnitTestResult executionId="eddb7935-ee78-41b3-a8ce-9811b97b5272" testId="3d18a9ac-f9a8-bfcf-81d2-44c90128be9c" testName="It_should_return_a_partial_view" computerName="MATT-PC" duration="00:00:00.0182594" startTime="2011-12-24T11:51:29.6579871-08:00" endTime="2011-12-24T11:51:29.6809884-08:00" testType="13cdc9d9-ddb5-4fa4-a97d-d965ccfc6d4b" outcome="Passed" testListId="8c84fa94-04c1-424b-9868-57a2d4851a1d" relativeResultsDirectory="eddb7935-ee78-41b3-a8ce-9811b97b5272">
    </UnitTestResult>
    <UnitTestResult executionId="c8298a0f-f7a0-4afa-a016-a21ef8843a25" testId="41f458f2-f333-8429-3a9d-5aade813bade" testName="It_should_throw_an_exception_if_tag_builder_is_null" computerName="MATT-PC" duration="00:00:00.0008832" startTime="2011-12-24T11:51:29.6849887-08:00" endTime="2011-12-24T11:51:29.6889889-08:00" testType="13cdc9d9-ddb5-4fa4-a97d-d965ccfc6d4b" outcome="Passed" testListId="8c84fa94-04c1-424b-9868-57a2d4851a1d" relativeResultsDirectory="c8298a0f-f7a0-4afa-a016-a21ef8843a25">
    </UnitTestResult>
    <UnitTestResult executionId="8a5e0331-ff11-4505-9505-bfc013e3b49d" testId="43a58456-2a87-37f5-f26d-3bea5dd5f2eb" testName="It_should_use_the_tag_builder_to_create_a_list_of_view_models" computerName="MATT-PC" duration="00:00:00.0218507" startTime="2011-12-24T11:51:29.6959893-08:00" endTime="2011-12-24T11:51:29.7209907-08:00" testType="13cdc9d9-ddb5-4fa4-a97d-d965ccfc6d4b" outcome="Passed" testListId="8c84fa94-04c1-424b-9868-57a2d4851a1d" relativeResultsDirectory="8a5e0331-ff11-4505-9505-bfc013e3b49d">
    </UnitTestResult>
    <UnitTestResult executionId="e49df25e-2d95-4e3c-8ad2-74abca84ce71" testId="7472235a-07a1-64be-c16f-018bc1be6c02" testName="It_should_return_a_partial_view" computerName="MATT-PC" duration="00:00:00.0096009" startTime="2011-12-24T11:51:29.7239909-08:00" endTime="2011-12-24T11:51:29.7429920-08:00" testType="13cdc9d9-ddb5-4fa4-a97d-d965ccfc6d4b" outcome="Passed" testListId="8c84fa94-04c1-424b-9868-57a2d4851a1d" relativeResultsDirectory="e49df25e-2d95-4e3c-8ad2-74abca84ce71">
    </UnitTestResult>
    <UnitTestResult executionId="727c5793-608b-4051-9ae1-c07fa9d50f4f" testId="74ad58ca-8037-4542-e734-2d75fa9b27a1" testName="It_should_return_a_partial_view_named__about" computerName="MATT-PC" duration="00:00:00.0024690" startTime="2011-12-24T11:51:29.7509924-08:00" endTime="2011-12-24T11:51:29.7559927-08:00" testType="13cdc9d9-ddb5-4fa4-a97d-d965ccfc6d4b" outcome="Passed" testListId="8c84fa94-04c1-424b-9868-57a2d4851a1d" relativeResultsDirectory="727c5793-608b-4051-9ae1-c07fa9d50f4f">
    </UnitTestResult>
    <UnitTestResult executionId="2324f88e-4e58-4543-9dd3-85d7755d43af" testId="7a74fccc-3a78-7dd5-a25a-fb73b8f8d4d7" testName="It_should_throw_an_exception_if_logging_service_is_null" computerName="MATT-PC" duration="00:00:00.0007941" startTime="2011-12-24T11:51:29.7599930-08:00" endTime="2011-12-24T11:51:29.7639932-08:00" testType="13cdc9d9-ddb5-4fa4-a97d-d965ccfc6d4b" outcome="Passed" testListId="8c84fa94-04c1-424b-9868-57a2d4851a1d" relativeResultsDirectory="2324f88e-4e58-4543-9dd3-85d7755d43af">
    </UnitTestResult>
    <UnitTestResult executionId="d479f1fb-e700-410b-a7e6-715e090fd3f1" testId="7e059270-f99e-7f0c-944d-a1420e836093" testName="It_should_throw_an_exception_if_tag_service_is_null" computerName="MATT-PC" duration="00:00:00.0015783" startTime="2011-12-24T11:51:29.7689935-08:00" endTime="2011-12-24T11:51:29.7729937-08:00" testType="13cdc9d9-ddb5-4fa4-a97d-d965ccfc6d4b" outcome="Passed" testListId="8c84fa94-04c1-424b-9868-57a2d4851a1d" relativeResultsDirectory="d479f1fb-e700-410b-a7e6-715e090fd3f1">
    </UnitTestResult>
    <UnitTestResult executionId="116f512e-731c-4bdd-bb5e-257d8d68c231" testId="7fa73dbd-de6d-0ac1-9c78-9efc7a619388" testName="It_should_ask_the_complaint_service_for_all_complaints" computerName="MATT-PC" duration="00:00:00.0041537" startTime="2011-12-24T11:51:29.7779940-08:00" endTime="2011-12-24T11:51:29.7849944-08:00" testType="13cdc9d9-ddb5-4fa4-a97d-d965ccfc6d4b" outcome="Passed" testListId="8c84fa94-04c1-424b-9868-57a2d4851a1d" relativeResultsDirectory="116f512e-731c-4bdd-bb5e-257d8d68c231">
    </UnitTestResult>
    <UnitTestResult executionId="117226d8-2bae-4648-9c4b-4b77538ea1bb" testId="8778246f-bfa9-c2d1-b343-6fd2e66339d0" testName="It_should_ask_the_tag_service_for_all_tags" computerName="MATT-PC" duration="00:00:00.0033727" startTime="2011-12-24T11:51:29.7889946-08:00" endTime="2011-12-24T11:51:29.7949950-08:00" testType="13cdc9d9-ddb5-4fa4-a97d-d965ccfc6d4b" outcome="Passed" testListId="8c84fa94-04c1-424b-9868-57a2d4851a1d" relativeResultsDirectory="117226d8-2bae-4648-9c4b-4b77538ea1bb">
    </UnitTestResult>
    <UnitTestResult executionId="1562c997-e1c7-4f68-b477-7f45ccc19582" testId="8ca0dd94-8d00-3681-7e7b-bcdc49182639" testName="It_should_throw_an_exception_if_facebook_service_is_null" computerName="MATT-PC" duration="00:00:00.0015792" startTime="2011-12-24T11:51:29.7989952-08:00" endTime="2011-12-24T11:51:29.8029954-08:00" testType="13cdc9d9-ddb5-4fa4-a97d-d965ccfc6d4b" outcome="Passed" testListId="8c84fa94-04c1-424b-9868-57a2d4851a1d" relativeResultsDirectory="1562c997-e1c7-4f68-b477-7f45ccc19582">
    </UnitTestResult>
    <UnitTestResult executionId="dc28e4f4-e388-43a2-bdee-46fd23005128" testId="9b34144b-af57-82ac-232c-05f31ac3f84e" testName="It_should_ask_the_facebook_service_for_a_list_of_friends" computerName="MATT-PC" duration="00:00:00.0028340" startTime="2011-12-24T11:51:29.8119959-08:00" endTime="2011-12-24T11:51:29.8199964-08:00" testType="13cdc9d9-ddb5-4fa4-a97d-d965ccfc6d4b" outcome="Passed" testListId="8c84fa94-04c1-424b-9868-57a2d4851a1d" relativeResultsDirectory="dc28e4f4-e388-43a2-bdee-46fd23005128">
    </UnitTestResult>
    <UnitTestResult executionId="4764668c-e6c0-46b6-8707-0b929ad4d03c" testId="a1efffce-f557-40c3-1c11-2522b30a2b71" testName="It_should_have_a_chart_data_view_model_in_its_view" computerName="MATT-PC" duration="00:00:00.0046973" startTime="2011-12-24T11:51:29.8269968-08:00" endTime="2011-12-24T11:51:29.8349972-08:00" testType="13cdc9d9-ddb5-4fa4-a97d-d965ccfc6d4b" outcome="Passed" testListId="8c84fa94-04c1-424b-9868-57a2d4851a1d" relativeResultsDirectory="4764668c-e6c0-46b6-8707-0b929ad4d03c">
    </UnitTestResult>
    <UnitTestResult executionId="d65d1d95-e15b-4227-98c4-f85352f49ea8" testId="a2fc997c-f0ad-8f43-71b9-befe4e308a8b" testName="It_should_throw_an_exception_if_complaint_severity_service_is_null" computerName="MATT-PC" duration="00:00:00.0009698" startTime="2011-12-24T11:51:29.8369974-08:00" endTime="2011-12-24T11:51:29.8439978-08:00" testType="13cdc9d9-ddb5-4fa4-a97d-d965ccfc6d4b" outcome="Passed" testListId="8c84fa94-04c1-424b-9868-57a2d4851a1d" relativeResultsDirectory="d65d1d95-e15b-4227-98c4-f85352f49ea8">
    </UnitTestResult>
    <UnitTestResult executionId="a7a6cc7a-2a29-4483-9fd2-28d0a183b09d" testId="b6a7185e-c355-1a77-1427-f2388d0cf302" testName="It_should_throw_an_exception_if_tag_service_is_null" computerName="MATT-PC" duration="00:00:00.0007768" startTime="2011-12-24T11:51:29.8449978-08:00" endTime="2011-12-24T11:51:29.8519982-08:00" testType="13cdc9d9-ddb5-4fa4-a97d-d965ccfc6d4b" outcome="Passed" testListId="8c84fa94-04c1-424b-9868-57a2d4851a1d" relativeResultsDirectory="a7a6cc7a-2a29-4483-9fd2-28d0a183b09d">
    </UnitTestResult>
    <UnitTestResult executionId="3f92c33d-554d-4035-8983-19c12f44cbd5" testId="bf31f7f0-a2a0-4bd2-dd65-6ece24083ee4" testName="It_should_throw_an_exception_if_user_service_is_null" computerName="MATT-PC" duration="00:00:00.0026073" startTime="2011-12-24T11:51:29.8549984-08:00" endTime="2011-12-24T11:51:29.8619988-08:00" testType="13cdc9d9-ddb5-4fa4-a97d-d965ccfc6d4b" outcome="Passed" testListId="8c84fa94-04c1-424b-9868-57a2d4851a1d" relativeResultsDirectory="3f92c33d-554d-4035-8983-19c12f44cbd5">
    </UnitTestResult>
    <UnitTestResult executionId="dab47889-3f9b-4be4-b962-e93221a18ea7" testId="c7ea3ecb-50f5-2712-8aca-008c0a2be236" testName="It_should_throw_an_exception_if_complaint_builder_is_null" computerName="MATT-PC" duration="00:00:00.0019717" startTime="2011-12-24T11:51:29.8649990-08:00" endTime="2011-12-24T11:51:29.8699992-08:00" testType="13cdc9d9-ddb5-4fa4-a97d-d965ccfc6d4b" outcome="Passed" testListId="8c84fa94-04c1-424b-9868-57a2d4851a1d" relativeResultsDirectory="dab47889-3f9b-4be4-b962-e93221a18ea7">
    </UnitTestResult>
    <UnitTestResult executionId="54ec50d9-4b8c-4ce3-8dd7-a6337f408929" testId="cc8fd6f1-60f9-9983-5acc-e6782323e931" testName="It_should_throw_an_exception_if_tag_service_is_null" computerName="MATT-PC" duration="00:00:00.0006052" startTime="2011-12-24T11:51:29.8759996-08:00" endTime="2011-12-24T11:51:29.8789998-08:00" testType="13cdc9d9-ddb5-4fa4-a97d-d965ccfc6d4b" outcome="Passed" testListId="8c84fa94-04c1-424b-9868-57a2d4851a1d" relativeResultsDirectory="54ec50d9-4b8c-4ce3-8dd7-a6337f408929">
    </UnitTestResult>
    <UnitTestResult executionId="c064ee9c-c30c-4fde-8aa2-404f73d669bf" testId="d1b01a50-f114-c36e-df25-5ce88648af81" testName="It_should_ask_the_tag_service_to_get_the_requested_tag" computerName="MATT-PC" duration="00:00:00.0369411" startTime="2011-12-24T11:51:29.8830000-08:00" endTime="2011-12-24T11:51:29.9230023-08:00" testType="13cdc9d9-ddb5-4fa4-a97d-d965ccfc6d4b" outcome="Passed" testListId="8c84fa94-04c1-424b-9868-57a2d4851a1d" relativeResultsDirectory="c064ee9c-c30c-4fde-8aa2-404f73d669bf">
    </UnitTestResult>
    <UnitTestResult executionId="f169fb31-174e-4954-a1db-c13735852af1" testId="e69681b7-cdaa-317d-ccd1-7c7c5073cf4c" testName="It_should_return_a_partial_view_called__index" computerName="MATT-PC" duration="00:00:00.0005793" startTime="2011-12-24T11:51:29.9280026-08:00" endTime="2011-12-24T11:51:29.9340029-08:00" testType="13cdc9d9-ddb5-4fa4-a97d-d965ccfc6d4b" outcome="Passed" testListId="8c84fa94-04c1-424b-9868-57a2d4851a1d" relativeResultsDirectory="f169fb31-174e-4954-a1db-c13735852af1">
    </UnitTestResult>
    <UnitTestResult executionId="7ae8b0f8-3f4b-4eb2-a294-da18aaa5b91a" testId="f0690b77-6da3-dfa0-d405-007e7fb12845" testName="It_should_return_a_view" computerName="MATT-PC" duration="00:00:00.0009074" startTime="2011-12-24T11:51:29.9390032-08:00" endTime="2011-12-24T11:51:29.9430034-08:00" testType="13cdc9d9-ddb5-4fa4-a97d-d965ccfc6d4b" outcome="Passed" testListId="8c84fa94-04c1-424b-9868-57a2d4851a1d" relativeResultsDirectory="7ae8b0f8-3f4b-4eb2-a294-da18aaa5b91a">
    </UnitTestResult>
    <UnitTestResult executionId="b1a17795-ad20-4a39-8e0e-82470f0bca9e" testId="f182e86d-440a-114e-75b8-405a96928ec7" testName="It_should_have_a_collection_of_friends_as_the_views_model" computerName="MATT-PC" duration="00:00:00.0030294" startTime="2011-12-24T11:51:29.9470036-08:00" endTime="2011-12-24T11:51:29.9570042-08:00" testType="13cdc9d9-ddb5-4fa4-a97d-d965ccfc6d4b" outcome="Passed" testListId="8c84fa94-04c1-424b-9868-57a2d4851a1d" relativeResultsDirectory="b1a17795-ad20-4a39-8e0e-82470f0bca9e">
    </UnitTestResult>
  </Results>
</TestRun>