<?xml version="1.0" encoding="UTF-8"?>
<TestRun id="ccf65c54-8252-47d3-89a4-41d621604350" name="Matt@MATT-PC 2011-12-24 12:17:39" runUser="Matt-PC\Matt" xmlns="http://microsoft.com/schemas/VisualStudio/TeamTest/2010">
  <TestSettings name="Local" id="1b452438-30ba-4160-930a-f044ea6d5cef">
    <Description>These are default test settings for a local test run.</Description>
    <Deployment enabled="false" runDeploymentRoot="Matt_MATT-PC 2011-12-24 12_17_39">
      <DeploymentItem filename="C:\Code\Complainatron3\Complainatron\bin\Complainatron.dll" />
      <DeploymentItem filename="C:\Code\Complainatron3\packages\FluentAssertions.1.6.0\Lib\net40\FluentAssertions.dll" />
      <DeploymentItem filename="C:\Code\Complainatron3\Complainatron.Domain\bin\Debug\Complainatron.Domain.dll" />
      <DeploymentItem filename="C:\Code\Complainatron3\Complainatron.Core\bin\Debug\Complainatron.Core.dll" />
      <DeploymentItem filename="C:\Code\Complainatron3\packages\Castle.Core.2.5.2\lib\NET35\Castle.Core.dll" />
      <DeploymentItem filename="C:\Code\Complainatron3\packages\MvcPaging.1.0.2\lib\net40\MvcPaging.dll" />
      <DeploymentItem filename="C:\Code\Complainatron3\packages\FakeItEasy.1.7.4257.42\lib\NET40\FakeItEasy.dll" />
    </Deployment>
    <Execution>
      <TestTypeSpecific />
      <AgentRule name="Execution Agents">
      </AgentRule>
    </Execution>
  </TestSettings>
  <Times creation="2011-12-24T12:17:39.9538029-08:00" queuing="2011-12-24T12:17:41.0228640-08:00" start="2011-12-24T12:17:41.2518771-08:00" finish="2011-12-24T12:17:56.5137501-08:00" />
  <ResultSummary outcome="Error">
    <Counters total="1" executed="1" error="0" failed="0" timeout="0" aborted="1" inconclusive="0" passedButRunAborted="0" notRunnable="0" notExecuted="0" disconnected="0" warning="0" passed="0" completed="0" inProgress="0" pending="0" />
    <RunInfos>
      <RunInfo computerName="MATT-PC" outcome="Error" timestamp="2011-12-24T12:17:56.5107499-08:00">
        <Text>Test host process exited unexpectedly.</Text>
      </RunInfo>
    </RunInfos>
  </ResultSummary>
  <TestDefinitions>
    <UnitTest name="It_should_redirect_to_the_index_action_if_specified_user_is_not_found" storage="c:\code\complainatron3\tests.complainatron\bin\debug\tests.complainatron.dll" id="f931b9ae-990e-4f43-27eb-1f94d6cb047a">
      <TestCategory>
        <TestCategoryItem TestCategory="Friend Action" />
      </TestCategory>
      <Execution id="832ba776-828d-4d3f-810e-c701b7062259" />
      <TestMethod codeBase="C:/Code/Complainatron3/Tests.Complainatron/bin/Debug/Tests.Complainatron.DLL" adapterTypeName="Microsoft.VisualStudio.TestTools.TestTypes.Unit.UnitTestAdapter, Microsoft.VisualStudio.QualityTools.Tips.UnitTest.Adapter, Version=10.0.0.0, Culture=neutral, PublicKeyToken=b03f5f7f11d50a3a" className="Tests.Complainatron.ComplaintControllerTests, Tests.Complainatron, Version=1.0.0.0, Culture=neutral, PublicKeyToken=null" name="It_should_redirect_to_the_index_action_if_specified_user_is_not_found" />
    </UnitTest>
  </TestDefinitions>
  <TestLists>
    <TestList name="Results Not in a List" id="8c84fa94-04c1-424b-9868-57a2d4851a1d" />
    <TestList name="All Loaded Results" id="19431567-8539-422a-85d7-44ee4e166bda" />
  </TestLists>
  <TestEntries>
    <TestEntry testId="f931b9ae-990e-4f43-27eb-1f94d6cb047a" executionId="832ba776-828d-4d3f-810e-c701b7062259" testListId="8c84fa94-04c1-424b-9868-57a2d4851a1d" />
  </TestEntries>
  <Results>
    <UnitTestResult executionId="832ba776-828d-4d3f-810e-c701b7062259" testId="f931b9ae-990e-4f43-27eb-1f94d6cb047a" testName="It_should_redirect_to_the_index_action_if_specified_user_is_not_found" computerName="MATT-PC" duration="00:00:15.0868629" startTime="2011-12-24T12:17:41.4268872-08:00" endTime="2011-12-24T12:17:56.5137501-08:00" testType="13cdc9d9-ddb5-4fa4-a97d-d965ccfc6d4b" outcome="Aborted" testListId="8c84fa94-04c1-424b-9868-57a2d4851a1d" relativeResultsDirectory="832ba776-828d-4d3f-810e-c701b7062259">
    </UnitTestResult>
  </Results>
</TestRun>