<?xml version="1.0" encoding="UTF-8"?>
<TestRun id="a374c567-9a85-4571-a7f7-9aed3dd9497b" name="Matt@MATT-PC 2011-12-24 11:47:04" runUser="Matt-PC\Matt" xmlns="http://microsoft.com/schemas/VisualStudio/TeamTest/2010">
  <TestSettings name="Local" id="1b452438-30ba-4160-930a-f044ea6d5cef">
    <Description>These are default test settings for a local test run.</Description>
    <Deployment enabled="false" runDeploymentRoot="Matt_MATT-PC 2011-12-24 11_47_04">
      <DeploymentItem filename="C:\Code\Complainatron3\Complainatron\bin\Complainatron.dll" />
      <DeploymentItem filename="C:\Code\Complainatron3\packages\FluentAssertions.1.6.0\Lib\net40\FluentAssertions.dll" />
      <DeploymentItem filename="C:\Code\Complainatron3\Complainatron.Domain\bin\Debug\Complainatron.Domain.dll" />
      <DeploymentItem filename="C:\Code\Complainatron3\Complainatron.Core\bin\Debug\Complainatron.Core.dll" />
      <DeploymentItem filename="C:\Code\Complainatron3\packages\Castle.Core.2.5.2\lib\NET35\Castle.Core.dll" />
      <DeploymentItem filename="C:\Code\Complainatron3\packages\MvcPaging.1.0.2\lib\net40\MvcPaging.dll" />
      <DeploymentItem filename="C:\Code\Complainatron3\packages\FakeItEasy.1.7.4257.42\lib\NET40\FakeItEasy.dll" />
    </Deployment>
    <Execution>
      <TestTypeSpecific />
      <AgentRule name="Execution Agents">
      </AgentRule>
    </Execution>
  </TestSettings>
  <Times creation="2011-12-24T11:47:04.7378346-08:00" queuing="2011-12-24T11:47:04.9848487-08:00" start="2011-12-24T11:47:05.0388518-08:00" finish="2011-12-24T11:47:06.5729395-08:00" />
  <ResultSummary outcome="Failed">
    <Counters total="28" executed="28" passed="27" error="0" failed="1" timeout="0" aborted="0" inconclusive="0" passedButRunAborted="0" notRunnable="0" notExecuted="0" disconnected="0" warning="0" completed="0" inProgress="0" pending="0" />
  </ResultSummary>
  <TestDefinitions>
    <UnitTest name="It_should_have_a_collection_of_friends_as_the_views_model" storage="c:\code\complainatron3\tests.complainatron\bin\debug\tests.complainatron.dll" id="f182e86d-440a-114e-75b8-405a96928ec7">
      <TestCategory>
        <TestCategoryItem TestCategory="Index Action" />
      </TestCategory>
      <Execution id="1feac0ad-b38a-41f1-a203-346bbcef6fac" />
      <TestMethod codeBase="C:/Code/Complainatron3/Tests.Complainatron/bin/Debug/Tests.Complainatron.DLL" adapterTypeName="Microsoft.VisualStudio.TestTools.TestTypes.Unit.UnitTestAdapter, Microsoft.VisualStudio.QualityTools.Tips.UnitTest.Adapter, Version=10.0.0.0, Culture=neutral, PublicKeyToken=b03f5f7f11d50a3a" className="Tests.Complainatron.FriendsControllerTests, Tests.Complainatron, Version=1.0.0.0, Culture=neutral, PublicKeyToken=null" name="It_should_have_a_collection_of_friends_as_the_views_model" />
    </UnitTest>
    <UnitTest name="It_should_throw_an_exception_if_complaint_service_is_null" storage="c:\code\complainatron3\tests.complainatron\bin\debug\tests.complainatron.dll" id="068afdfa-bec9-e854-d1ae-8a3613a6566c">
      <TestCategory>
        <TestCategoryItem TestCategory="Creation" />
      </TestCategory>
      <Execution id="2ab53476-5704-4146-848d-92eedbb347fe" />
      <TestMethod codeBase="C:/Code/Complainatron3/Tests.Complainatron/bin/Debug/Tests.Complainatron.DLL" adapterTypeName="Microsoft.VisualStudio.TestTools.TestTypes.Unit.UnitTestAdapter, Microsoft.VisualStudio.QualityTools.Tips.UnitTest.Adapter, Version=10.0.0.0, Culture=neutral, PublicKeyToken=b03f5f7f11d50a3a" className="Tests.Complainatron.MapControllerTests, Tests.Complainatron, Version=1.0.0.0, Culture=neutral, PublicKeyToken=null" name="It_should_throw_an_exception_if_complaint_service_is_null" />
    </UnitTest>
    <UnitTest name="It_should_ask_the_tag_service_to_get_the_requested_tag" storage="c:\code\complainatron3\tests.complainatron\bin\debug\tests.complainatron.dll" id="d1b01a50-f114-c36e-df25-5ce88648af81">
      <TestCategory>
        <TestCategoryItem TestCategory="Tag Action" />
      </TestCategory>
      <Execution id="9998eb28-5eff-4a7b-824a-8ff6331fb511" />
      <TestMethod codeBase="C:/Code/Complainatron3/Tests.Complainatron/bin/Debug/Tests.Complainatron.DLL" adapterTypeName="Microsoft.VisualStudio.TestTools.TestTypes.Unit.UnitTestAdapter, Microsoft.VisualStudio.QualityTools.Tips.UnitTest.Adapter, Version=10.0.0.0, Culture=neutral, PublicKeyToken=b03f5f7f11d50a3a" className="Tests.Complainatron.ComplaintControllerTests, Tests.Complainatron, Version=1.0.0.0, Culture=neutral, PublicKeyToken=null" name="It_should_ask_the_tag_service_to_get_the_requested_tag" />
    </UnitTest>
    <UnitTest name="It_should_throw_an_exception_if_tag_service_is_null" storage="c:\code\complainatron3\tests.complainatron\bin\debug\tests.complainatron.dll" id="7e059270-f99e-7f0c-944d-a1420e836093">
      <TestCategory>
        <TestCategoryItem TestCategory="Creation" />
      </TestCategory>
      <Execution id="d50c0a91-56c1-41c7-abd7-b63e49be28ca" />
      <TestMethod codeBase="C:/Code/Complainatron3/Tests.Complainatron/bin/Debug/Tests.Complainatron.DLL" adapterTypeName="Microsoft.VisualStudio.TestTools.TestTypes.Unit.UnitTestAdapter, Microsoft.VisualStudio.QualityTools.Tips.UnitTest.Adapter, Version=10.0.0.0, Culture=neutral, PublicKeyToken=b03f5f7f11d50a3a" className="Tests.Complainatron.ChartControllerTests, Tests.Complainatron, Version=1.0.0.0, Culture=neutral, PublicKeyToken=null" name="It_should_throw_an_exception_if_tag_service_is_null" />
    </UnitTest>
    <UnitTest name="It_should_return_a_partial_view" storage="c:\code\complainatron3\tests.complainatron\bin\debug\tests.complainatron.dll" id="7472235a-07a1-64be-c16f-018bc1be6c02">
      <TestCategory>
        <TestCategoryItem TestCategory="Index Action" />
      </TestCategory>
      <Execution id="d6aa3a51-975e-4512-b043-120d03fa239d" />
      <TestMethod codeBase="C:/Code/Complainatron3/Tests.Complainatron/bin/Debug/Tests.Complainatron.DLL" adapterTypeName="Microsoft.VisualStudio.TestTools.TestTypes.Unit.UnitTestAdapter, Microsoft.VisualStudio.QualityTools.Tips.UnitTest.Adapter, Version=10.0.0.0, Culture=neutral, PublicKeyToken=b03f5f7f11d50a3a" className="Tests.Complainatron.FriendsControllerTests, Tests.Complainatron, Version=1.0.0.0, Culture=neutral, PublicKeyToken=null" name="It_should_return_a_partial_view" />
    </UnitTest>
    <UnitTest name="It_should_throw_an_exception_if_complaint_builder_is_null" storage="c:\code\complainatron3\tests.complainatron\bin\debug\tests.complainatron.dll" id="c7ea3ecb-50f5-2712-8aca-008c0a2be236">
      <TestCategory>
        <TestCategoryItem TestCategory="Creation" />
      </TestCategory>
      <Execution id="207bdde3-cc61-4a48-a5a5-4bb1c10f9200" />
      <TestMethod codeBase="C:/Code/Complainatron3/Tests.Complainatron/bin/Debug/Tests.Complainatron.DLL" adapterTypeName="Microsoft.VisualStudio.TestTools.TestTypes.Unit.UnitTestAdapter, Microsoft.VisualStudio.QualityTools.Tips.UnitTest.Adapter, Version=10.0.0.0, Culture=neutral, PublicKeyToken=b03f5f7f11d50a3a" className="Tests.Complainatron.ComplaintControllerTests, Tests.Complainatron, Version=1.0.0.0, Culture=neutral, PublicKeyToken=null" name="It_should_throw_an_exception_if_complaint_builder_is_null" />
    </UnitTest>
    <UnitTest name="It_should_throw_an_exception_if_tag_service_is_null" storage="c:\code\complainatron3\tests.complainatron\bin\debug\tests.complainatron.dll" id="cc8fd6f1-60f9-9983-5acc-e6782323e931">
      <TestCategory>
        <TestCategoryItem TestCategory="Creation" />
      </TestCategory>
      <Execution id="31426c93-e2d1-4afa-a855-e572a1d5b626" />
      <TestMethod codeBase="C:/Code/Complainatron3/Tests.Complainatron/bin/Debug/Tests.Complainatron.DLL" adapterTypeName="Microsoft.VisualStudio.TestTools.TestTypes.Unit.UnitTestAdapter, Microsoft.VisualStudio.QualityTools.Tips.UnitTest.Adapter, Version=10.0.0.0, Culture=neutral, PublicKeyToken=b03f5f7f11d50a3a" className="Tests.Complainatron.TagControllerTests, Tests.Complainatron, Version=1.0.0.0, Culture=neutral, PublicKeyToken=null" name="It_should_throw_an_exception_if_tag_service_is_null" />
    </UnitTest>
    <UnitTest name="It_should_return_a_partial_view_named__about" storage="c:\code\complainatron3\tests.complainatron\bin\debug\tests.complainatron.dll" id="74ad58ca-8037-4542-e734-2d75fa9b27a1">
      <TestCategory>
        <TestCategoryItem TestCategory="About Action" />
      </TestCategory>
      <Execution id="328d8d59-41a1-4591-bcae-420c7a8de5ba" />
      <TestMethod codeBase="C:/Code/Complainatron3/Tests.Complainatron/bin/Debug/Tests.Complainatron.DLL" adapterTypeName="Microsoft.VisualStudio.TestTools.TestTypes.Unit.UnitTestAdapter, Microsoft.VisualStudio.QualityTools.Tips.UnitTest.Adapter, Version=10.0.0.0, Culture=neutral, PublicKeyToken=b03f5f7f11d50a3a" className="Tests.Complainatron.MainControllerTests, Tests.Complainatron, Version=1.0.0.0, Culture=neutral, PublicKeyToken=null" name="It_should_return_a_partial_view_named__about" />
    </UnitTest>
    <UnitTest name="It_should_throw_an_exception_if_facebook_service_is_null" storage="c:\code\complainatron3\tests.complainatron\bin\debug\tests.complainatron.dll" id="8ca0dd94-8d00-3681-7e7b-bcdc49182639">
      <TestCategory>
        <TestCategoryItem TestCategory="Creation" />
      </TestCategory>
      <Execution id="7863a7ed-c1c4-4487-a895-4540603bce4d" />
      <TestMethod codeBase="C:/Code/Complainatron3/Tests.Complainatron/bin/Debug/Tests.Complainatron.DLL" adapterTypeName="Microsoft.VisualStudio.TestTools.TestTypes.Unit.UnitTestAdapter, Microsoft.VisualStudio.QualityTools.Tips.UnitTest.Adapter, Version=10.0.0.0, Culture=neutral, PublicKeyToken=b03f5f7f11d50a3a" className="Tests.Complainatron.AbstractFacebookControllerTests, Tests.Complainatron, Version=1.0.0.0, Culture=neutral, PublicKeyToken=null" name="It_should_throw_an_exception_if_facebook_service_is_null" />
    </UnitTest>
    <UnitTest name="It_should_throw_an_exception_if_logging_service_is_null" storage="c:\code\complainatron3\tests.complainatron\bin\debug\tests.complainatron.dll" id="7a74fccc-3a78-7dd5-a25a-fb73b8f8d4d7">
      <TestCategory>
        <TestCategoryItem TestCategory="Creation" />
      </TestCategory>
      <Execution id="b06662f6-d466-4eaa-a68a-2f1c95cb4cd4" />
      <TestMethod codeBase="C:/Code/Complainatron3/Tests.Complainatron/bin/Debug/Tests.Complainatron.DLL" adapterTypeName="Microsoft.VisualStudio.TestTools.TestTypes.Unit.UnitTestAdapter, Microsoft.VisualStudio.QualityTools.Tips.UnitTest.Adapter, Version=10.0.0.0, Culture=neutral, PublicKeyToken=b03f5f7f11d50a3a" className="Tests.Complainatron.AbstractFacebookControllerTests, Tests.Complainatron, Version=1.0.0.0, Culture=neutral, PublicKeyToken=null" name="It_should_throw_an_exception_if_logging_service_is_null" />
    </UnitTest>
    <UnitTest name="It_should_use_the_tag_builder_to_create_a_list_of_view_models" storage="c:\code\complainatron3\tests.complainatron\bin\debug\tests.complainatron.dll" id="43a58456-2a87-37f5-f26d-3bea5dd5f2eb">
      <TestCategory>
        <TestCategoryItem TestCategory="Index Action" />
      </TestCategory>
      <Execution id="ed083438-52d6-45cb-a890-fb66c64f6738" />
      <TestMethod codeBase="C:/Code/Complainatron3/Tests.Complainatron/bin/Debug/Tests.Complainatron.DLL" adapterTypeName="Microsoft.VisualStudio.TestTools.TestTypes.Unit.UnitTestAdapter, Microsoft.VisualStudio.QualityTools.Tips.UnitTest.Adapter, Version=10.0.0.0, Culture=neutral, PublicKeyToken=b03f5f7f11d50a3a" className="Tests.Complainatron.TagControllerTests, Tests.Complainatron, Version=1.0.0.0, Culture=neutral, PublicKeyToken=null" name="It_should_use_the_tag_builder_to_create_a_list_of_view_models" />
    </UnitTest>
    <UnitTest name="It_should_throw_an_exception_if_tag_service_is_null" storage="c:\code\complainatron3\tests.complainatron\bin\debug\tests.complainatron.dll" id="b6a7185e-c355-1a77-1427-f2388d0cf302">
      <TestCategory>
        <TestCategoryItem TestCategory="Creation" />
      </TestCategory>
      <Execution id="3f120d43-85b3-4839-9834-d8c758ef07d6" />
      <TestMethod codeBase="C:/Code/Complainatron3/Tests.Complainatron/bin/Debug/Tests.Complainatron.DLL" adapterTypeName="Microsoft.VisualStudio.TestTools.TestTypes.Unit.UnitTestAdapter, Microsoft.VisualStudio.QualityTools.Tips.UnitTest.Adapter, Version=10.0.0.0, Culture=neutral, PublicKeyToken=b03f5f7f11d50a3a" className="Tests.Complainatron.ComplaintControllerTests, Tests.Complainatron, Version=1.0.0.0, Culture=neutral, PublicKeyToken=null" name="It_should_throw_an_exception_if_tag_service_is_null" />
    </UnitTest>
    <UnitTest name="It_should_return_a_view" storage="c:\code\complainatron3\tests.complainatron\bin\debug\tests.complainatron.dll" id="0f054cb8-6cbe-dd4c-c48e-c6047588a073">
      <TestCategory>
        <TestCategoryItem TestCategory="Index Action" />
      </TestCategory>
      <Execution id="72f8d9a4-d23f-4e47-bd6c-31ed606c2586" />
      <TestMethod codeBase="C:/Code/Complainatron3/Tests.Complainatron/bin/Debug/Tests.Complainatron.DLL" adapterTypeName="Microsoft.VisualStudio.TestTools.TestTypes.Unit.UnitTestAdapter, Microsoft.VisualStudio.QualityTools.Tips.UnitTest.Adapter, Version=10.0.0.0, Culture=neutral, PublicKeyToken=b03f5f7f11d50a3a" className="Tests.Complainatron.MapControllerTests, Tests.Complainatron, Version=1.0.0.0, Culture=neutral, PublicKeyToken=null" name="It_should_return_a_view" />
    </UnitTest>
    <UnitTest name="It_should_have_a_chart_data_view_model_in_its_view" storage="c:\code\complainatron3\tests.complainatron\bin\debug\tests.complainatron.dll" id="1e9e7b51-057d-9149-3fb6-f9208fa86207">
      <TestCategory>
        <TestCategoryItem TestCategory="Index Action" />
      </TestCategory>
      <Execution id="4b0921f5-c46b-4a9c-b807-a4fd0f69bafb" />
      <TestMethod codeBase="C:/Code/Complainatron3/Tests.Complainatron/bin/Debug/Tests.Complainatron.DLL" adapterTypeName="Microsoft.VisualStudio.TestTools.TestTypes.Unit.UnitTestAdapter, Microsoft.VisualStudio.QualityTools.Tips.UnitTest.Adapter, Version=10.0.0.0, Culture=neutral, PublicKeyToken=b03f5f7f11d50a3a" className="Tests.Complainatron.MapControllerTests, Tests.Complainatron, Version=1.0.0.0, Culture=neutral, PublicKeyToken=null" name="It_should_have_a_chart_data_view_model_in_its_view" />
    </UnitTest>
    <UnitTest name="It_should_return_a_partial_view" storage="c:\code\complainatron3\tests.complainatron\bin\debug\tests.complainatron.dll" id="3d18a9ac-f9a8-bfcf-81d2-44c90128be9c">
      <TestCategory>
        <TestCategoryItem TestCategory="Index Action" />
      </TestCategory>
      <Execution id="62a454d8-32d2-4026-b1d5-2cef328160a2" />
      <TestMethod codeBase="C:/Code/Complainatron3/Tests.Complainatron/bin/Debug/Tests.Complainatron.DLL" adapterTypeName="Microsoft.VisualStudio.TestTools.TestTypes.Unit.UnitTestAdapter, Microsoft.VisualStudio.QualityTools.Tips.UnitTest.Adapter, Version=10.0.0.0, Culture=neutral, PublicKeyToken=b03f5f7f11d50a3a" className="Tests.Complainatron.TagControllerTests, Tests.Complainatron, Version=1.0.0.0, Culture=neutral, PublicKeyToken=null" name="It_should_return_a_partial_view" />
    </UnitTest>
    <UnitTest name="It_should_ask_the_complaint_service_for_all_complaints" storage="c:\code\complainatron3\tests.complainatron\bin\debug\tests.complainatron.dll" id="7fa73dbd-de6d-0ac1-9c78-9efc7a619388">
      <TestCategory>
        <TestCategoryItem TestCategory="Index Action" />
      </TestCategory>
      <Execution id="831f7103-dead-4ced-9f81-166935678964" />
      <TestMethod codeBase="C:/Code/Complainatron3/Tests.Complainatron/bin/Debug/Tests.Complainatron.DLL" adapterTypeName="Microsoft.VisualStudio.TestTools.TestTypes.Unit.UnitTestAdapter, Microsoft.VisualStudio.QualityTools.Tips.UnitTest.Adapter, Version=10.0.0.0, Culture=neutral, PublicKeyToken=b03f5f7f11d50a3a" className="Tests.Complainatron.MapControllerTests, Tests.Complainatron, Version=1.0.0.0, Culture=neutral, PublicKeyToken=null" name="It_should_ask_the_complaint_service_for_all_complaints" />
    </UnitTest>
    <UnitTest name="It_should_return_a_view" storage="c:\code\complainatron3\tests.complainatron\bin\debug\tests.complainatron.dll" id="f0690b77-6da3-dfa0-d405-007e7fb12845">
      <TestCategory>
        <TestCategoryItem TestCategory="Index Action" />
      </TestCategory>
      <Execution id="08d579d6-ae9a-418b-9b3f-fdad35689e6b" />
      <TestMethod codeBase="C:/Code/Complainatron3/Tests.Complainatron/bin/Debug/Tests.Complainatron.DLL" adapterTypeName="Microsoft.VisualStudio.TestTools.TestTypes.Unit.UnitTestAdapter, Microsoft.VisualStudio.QualityTools.Tips.UnitTest.Adapter, Version=10.0.0.0, Culture=neutral, PublicKeyToken=b03f5f7f11d50a3a" className="Tests.Complainatron.ChartControllerTests, Tests.Complainatron, Version=1.0.0.0, Culture=neutral, PublicKeyToken=null" name="It_should_return_a_view" />
    </UnitTest>
    <UnitTest name="It_should_return_a_partial_view" storage="c:\code\complainatron3\tests.complainatron\bin\debug\tests.complainatron.dll" id="10f84829-6344-db79-b0e9-ea013eb2f716">
      <TestCategory>
        <TestCategoryItem TestCategory="About Action" />
      </TestCategory>
      <Execution id="d9a278ed-b08e-4350-83fd-52c1f1c1d685" />
      <TestMethod codeBase="C:/Code/Complainatron3/Tests.Complainatron/bin/Debug/Tests.Complainatron.DLL" adapterTypeName="Microsoft.VisualStudio.TestTools.TestTypes.Unit.UnitTestAdapter, Microsoft.VisualStudio.QualityTools.Tips.UnitTest.Adapter, Version=10.0.0.0, Culture=neutral, PublicKeyToken=b03f5f7f11d50a3a" className="Tests.Complainatron.MainControllerTests, Tests.Complainatron, Version=1.0.0.0, Culture=neutral, PublicKeyToken=null" name="It_should_return_a_partial_view" />
    </UnitTest>
    <UnitTest name="It_should_ask_the_service_to_get_all_tags_with_their_respective_counts" storage="c:\code\complainatron3\tests.complainatron\bin\debug\tests.complainatron.dll" id="3b6beb09-33bf-2a5c-6864-647e66c1e652">
      <TestCategory>
        <TestCategoryItem TestCategory="Index Action" />
      </TestCategory>
      <Execution id="5252b076-377e-47e3-ae12-5b3c826045b5" />
      <TestMethod codeBase="C:/Code/Complainatron3/Tests.Complainatron/bin/Debug/Tests.Complainatron.DLL" adapterTypeName="Microsoft.VisualStudio.TestTools.TestTypes.Unit.UnitTestAdapter, Microsoft.VisualStudio.QualityTools.Tips.UnitTest.Adapter, Version=10.0.0.0, Culture=neutral, PublicKeyToken=b03f5f7f11d50a3a" className="Tests.Complainatron.ChartControllerTests, Tests.Complainatron, Version=1.0.0.0, Culture=neutral, PublicKeyToken=null" name="It_should_ask_the_service_to_get_all_tags_with_their_respective_counts" />
    </UnitTest>
    <UnitTest name="It_should_throw_an_exception_if_user_service_is_null" storage="c:\code\complainatron3\tests.complainatron\bin\debug\tests.complainatron.dll" id="bf31f7f0-a2a0-4bd2-dd65-6ece24083ee4">
      <TestCategory>
        <TestCategoryItem TestCategory="Creation" />
      </TestCategory>
      <Execution id="9e97628c-9613-4466-bda1-6d3bfaf3dc0a" />
      <TestMethod codeBase="C:/Code/Complainatron3/Tests.Complainatron/bin/Debug/Tests.Complainatron.DLL" adapterTypeName="Microsoft.VisualStudio.TestTools.TestTypes.Unit.UnitTestAdapter, Microsoft.VisualStudio.QualityTools.Tips.UnitTest.Adapter, Version=10.0.0.0, Culture=neutral, PublicKeyToken=b03f5f7f11d50a3a" className="Tests.Complainatron.ComplaintControllerTests, Tests.Complainatron, Version=1.0.0.0, Culture=neutral, PublicKeyToken=null" name="It_should_throw_an_exception_if_user_service_is_null" />
    </UnitTest>
    <UnitTest name="It_should_throw_an_exception_if_complaint_severity_service_is_null" storage="c:\code\complainatron3\tests.complainatron\bin\debug\tests.complainatron.dll" id="a2fc997c-f0ad-8f43-71b9-befe4e308a8b">
      <TestCategory>
        <TestCategoryItem TestCategory="Creation" />
      </TestCategory>
      <Execution id="0374e732-f12a-4a2c-9ab1-1ad563ac89db" />
      <TestMethod codeBase="C:/Code/Complainatron3/Tests.Complainatron/bin/Debug/Tests.Complainatron.DLL" adapterTypeName="Microsoft.VisualStudio.TestTools.TestTypes.Unit.UnitTestAdapter, Microsoft.VisualStudio.QualityTools.Tips.UnitTest.Adapter, Version=10.0.0.0, Culture=neutral, PublicKeyToken=b03f5f7f11d50a3a" className="Tests.Complainatron.ComplaintControllerTests, Tests.Complainatron, Version=1.0.0.0, Culture=neutral, PublicKeyToken=null" name="It_should_throw_an_exception_if_complaint_severity_service_is_null" />
    </UnitTest>
    <UnitTest name="It_should_throw_an_exception_if_tag_builder_is_null" storage="c:\code\complainatron3\tests.complainatron\bin\debug\tests.complainatron.dll" id="2283bcaa-a915-bbc4-9f2a-9f1e92e364a5">
      <TestCategory>
        <TestCategoryItem TestCategory="Creation" />
      </TestCategory>
      <Execution id="8f112a56-dae6-4752-9aab-a757cb04f09c" />
      <TestMethod codeBase="C:/Code/Complainatron3/Tests.Complainatron/bin/Debug/Tests.Complainatron.DLL" adapterTypeName="Microsoft.VisualStudio.TestTools.TestTypes.Unit.UnitTestAdapter, Microsoft.VisualStudio.QualityTools.Tips.UnitTest.Adapter, Version=10.0.0.0, Culture=neutral, PublicKeyToken=b03f5f7f11d50a3a" className="Tests.Complainatron.TagControllerTests, Tests.Complainatron, Version=1.0.0.0, Culture=neutral, PublicKeyToken=null" name="It_should_throw_an_exception_if_tag_builder_is_null" />
    </UnitTest>
    <UnitTest name="It_should_return_a_partial_view_called__index" storage="c:\code\complainatron3\tests.complainatron\bin\debug\tests.complainatron.dll" id="e69681b7-cdaa-317d-ccd1-7c7c5073cf4c">
      <TestCategory>
        <TestCategoryItem TestCategory="Index Action" />
      </TestCategory>
      <Execution id="c005cfcb-59b6-4a3b-983f-61c0b102959a" />
      <TestMethod codeBase="C:/Code/Complainatron3/Tests.Complainatron/bin/Debug/Tests.Complainatron.DLL" adapterTypeName="Microsoft.VisualStudio.TestTools.TestTypes.Unit.UnitTestAdapter, Microsoft.VisualStudio.QualityTools.Tips.UnitTest.Adapter, Version=10.0.0.0, Culture=neutral, PublicKeyToken=b03f5f7f11d50a3a" className="Tests.Complainatron.FriendsControllerTests, Tests.Complainatron, Version=1.0.0.0, Culture=neutral, PublicKeyToken=null" name="It_should_return_a_partial_view_called__index" />
    </UnitTest>
    <UnitTest name="It_should_throw_an_exception_if_complaint_service_is_null" storage="c:\code\complainatron3\tests.complainatron\bin\debug\tests.complainatron.dll" id="10dd6907-5141-cb42-4165-9b7b7c5df640">
      <TestCategory>
        <TestCategoryItem TestCategory="Creation" />
      </TestCategory>
      <Execution id="d8ed055a-f06d-4db7-93c4-4be8d70211dc" />
      <TestMethod codeBase="C:/Code/Complainatron3/Tests.Complainatron/bin/Debug/Tests.Complainatron.DLL" adapterTypeName="Microsoft.VisualStudio.TestTools.TestTypes.Unit.UnitTestAdapter, Microsoft.VisualStudio.QualityTools.Tips.UnitTest.Adapter, Version=10.0.0.0, Culture=neutral, PublicKeyToken=b03f5f7f11d50a3a" className="Tests.Complainatron.ComplaintControllerTests, Tests.Complainatron, Version=1.0.0.0, Culture=neutral, PublicKeyToken=null" name="It_should_throw_an_exception_if_complaint_service_is_null" />
    </UnitTest>
    <UnitTest name="It_should_ask_the_facebook_service_for_a_list_of_friends" storage="c:\code\complainatron3\tests.complainatron\bin\debug\tests.complainatron.dll" id="9b34144b-af57-82ac-232c-05f31ac3f84e">
      <TestCategory>
        <TestCategoryItem TestCategory="Index Action" />
      </TestCategory>
      <Execution id="be3544a3-c0ba-479f-a401-575492c1fb28" />
      <TestMethod codeBase="C:/Code/Complainatron3/Tests.Complainatron/bin/Debug/Tests.Complainatron.DLL" adapterTypeName="Microsoft.VisualStudio.TestTools.TestTypes.Unit.UnitTestAdapter, Microsoft.VisualStudio.QualityTools.Tips.UnitTest.Adapter, Version=10.0.0.0, Culture=neutral, PublicKeyToken=b03f5f7f11d50a3a" className="Tests.Complainatron.FriendsControllerTests, Tests.Complainatron, Version=1.0.0.0, Culture=neutral, PublicKeyToken=null" name="It_should_ask_the_facebook_service_for_a_list_of_friends" />
    </UnitTest>
    <UnitTest name="It_should_throw_an_exception_if_tag_builder_is_null" storage="c:\code\complainatron3\tests.complainatron\bin\debug\tests.complainatron.dll" id="41f458f2-f333-8429-3a9d-5aade813bade">
      <TestCategory>
        <TestCategoryItem TestCategory="Creation" />
      </TestCategory>
      <Execution id="73fbc387-4275-47fb-8c65-a4d4e83fa00b" />
      <TestMethod codeBase="C:/Code/Complainatron3/Tests.Complainatron/bin/Debug/Tests.Complainatron.DLL" adapterTypeName="Microsoft.VisualStudio.TestTools.TestTypes.Unit.UnitTestAdapter, Microsoft.VisualStudio.QualityTools.Tips.UnitTest.Adapter, Version=10.0.0.0, Culture=neutral, PublicKeyToken=b03f5f7f11d50a3a" className="Tests.Complainatron.ComplaintControllerTests, Tests.Complainatron, Version=1.0.0.0, Culture=neutral, PublicKeyToken=null" name="It_should_throw_an_exception_if_tag_builder_is_null" />
    </UnitTest>
    <UnitTest name="It_should_have_a_chart_data_view_model_in_its_view" storage="c:\code\complainatron3\tests.complainatron\bin\debug\tests.complainatron.dll" id="a1efffce-f557-40c3-1c11-2522b30a2b71">
      <TestCategory>
        <TestCategoryItem TestCategory="Index Action" />
      </TestCategory>
      <Execution id="8cebe462-39f6-451a-8a6f-870fa747a0df" />
      <TestMethod codeBase="C:/Code/Complainatron3/Tests.Complainatron/bin/Debug/Tests.Complainatron.DLL" adapterTypeName="Microsoft.VisualStudio.TestTools.TestTypes.Unit.UnitTestAdapter, Microsoft.VisualStudio.QualityTools.Tips.UnitTest.Adapter, Version=10.0.0.0, Culture=neutral, PublicKeyToken=b03f5f7f11d50a3a" className="Tests.Complainatron.ChartControllerTests, Tests.Complainatron, Version=1.0.0.0, Culture=neutral, PublicKeyToken=null" name="It_should_have_a_chart_data_view_model_in_its_view" />
    </UnitTest>
    <UnitTest name="It_should_ask_the_tag_service_for_all_tags" storage="c:\code\complainatron3\tests.complainatron\bin\debug\tests.complainatron.dll" id="8778246f-bfa9-c2d1-b343-6fd2e66339d0">
      <TestCategory>
        <TestCategoryItem TestCategory="Index Action" />
      </TestCategory>
      <Execution id="142f13c8-23bc-4198-8e09-41bcc9aedc6e" />
      <TestMethod codeBase="C:/Code/Complainatron3/Tests.Complainatron/bin/Debug/Tests.Complainatron.DLL" adapterTypeName="Microsoft.VisualStudio.TestTools.TestTypes.Unit.UnitTestAdapter, Microsoft.VisualStudio.QualityTools.Tips.UnitTest.Adapter, Version=10.0.0.0, Culture=neutral, PublicKeyToken=b03f5f7f11d50a3a" className="Tests.Complainatron.TagControllerTests, Tests.Complainatron, Version=1.0.0.0, Culture=neutral, PublicKeyToken=null" name="It_should_ask_the_tag_service_for_all_tags" />
    </UnitTest>
  </TestDefinitions>
  <TestLists>
    <TestList name="Results Not in a List" id="8c84fa94-04c1-424b-9868-57a2d4851a1d" />
    <TestList name="All Loaded Results" id="19431567-8539-422a-85d7-44ee4e166bda" />
  </TestLists>
  <TestEntries>
    <TestEntry testId="068afdfa-bec9-e854-d1ae-8a3613a6566c" executionId="2ab53476-5704-4146-848d-92eedbb347fe" testListId="8c84fa94-04c1-424b-9868-57a2d4851a1d" />
    <TestEntry testId="0f054cb8-6cbe-dd4c-c48e-c6047588a073" executionId="72f8d9a4-d23f-4e47-bd6c-31ed606c2586" testListId="8c84fa94-04c1-424b-9868-57a2d4851a1d" />
    <TestEntry testId="10dd6907-5141-cb42-4165-9b7b7c5df640" executionId="d8ed055a-f06d-4db7-93c4-4be8d70211dc" testListId="8c84fa94-04c1-424b-9868-57a2d4851a1d" />
    <TestEntry testId="10f84829-6344-db79-b0e9-ea013eb2f716" executionId="d9a278ed-b08e-4350-83fd-52c1f1c1d685" testListId="8c84fa94-04c1-424b-9868-57a2d4851a1d" />
    <TestEntry testId="1e9e7b51-057d-9149-3fb6-f9208fa86207" executionId="4b0921f5-c46b-4a9c-b807-a4fd0f69bafb" testListId="8c84fa94-04c1-424b-9868-57a2d4851a1d" />
    <TestEntry testId="2283bcaa-a915-bbc4-9f2a-9f1e92e364a5" executionId="8f112a56-dae6-4752-9aab-a757cb04f09c" testListId="8c84fa94-04c1-424b-9868-57a2d4851a1d" />
    <TestEntry testId="3b6beb09-33bf-2a5c-6864-647e66c1e652" executionId="5252b076-377e-47e3-ae12-5b3c826045b5" testListId="8c84fa94-04c1-424b-9868-57a2d4851a1d" />
    <TestEntry testId="3d18a9ac-f9a8-bfcf-81d2-44c90128be9c" executionId="62a454d8-32d2-4026-b1d5-2cef328160a2" testListId="8c84fa94-04c1-424b-9868-57a2d4851a1d" />
    <TestEntry testId="41f458f2-f333-8429-3a9d-5aade813bade" executionId="73fbc387-4275-47fb-8c65-a4d4e83fa00b" testListId="8c84fa94-04c1-424b-9868-57a2d4851a1d" />
    <TestEntry testId="43a58456-2a87-37f5-f26d-3bea5dd5f2eb" executionId="ed083438-52d6-45cb-a890-fb66c64f6738" testListId="8c84fa94-04c1-424b-9868-57a2d4851a1d" />
    <TestEntry testId="7472235a-07a1-64be-c16f-018bc1be6c02" executionId="d6aa3a51-975e-4512-b043-120d03fa239d" testListId="8c84fa94-04c1-424b-9868-57a2d4851a1d" />
    <TestEntry testId="74ad58ca-8037-4542-e734-2d75fa9b27a1" executionId="328d8d59-41a1-4591-bcae-420c7a8de5ba" testListId="8c84fa94-04c1-424b-9868-57a2d4851a1d" />
    <TestEntry testId="7a74fccc-3a78-7dd5-a25a-fb73b8f8d4d7" executionId="b06662f6-d466-4eaa-a68a-2f1c95cb4cd4" testListId="8c84fa94-04c1-424b-9868-57a2d4851a1d" />
    <TestEntry testId="7e059270-f99e-7f0c-944d-a1420e836093" executionId="d50c0a91-56c1-41c7-abd7-b63e49be28ca" testListId="8c84fa94-04c1-424b-9868-57a2d4851a1d" />
    <TestEntry testId="7fa73dbd-de6d-0ac1-9c78-9efc7a619388" executionId="831f7103-dead-4ced-9f81-166935678964" testListId="8c84fa94-04c1-424b-9868-57a2d4851a1d" />
    <TestEntry testId="8778246f-bfa9-c2d1-b343-6fd2e66339d0" executionId="142f13c8-23bc-4198-8e09-41bcc9aedc6e" testListId="8c84fa94-04c1-424b-9868-57a2d4851a1d" />
    <TestEntry testId="8ca0dd94-8d00-3681-7e7b-bcdc49182639" executionId="7863a7ed-c1c4-4487-a895-4540603bce4d" testListId="8c84fa94-04c1-424b-9868-57a2d4851a1d" />
    <TestEntry testId="9b34144b-af57-82ac-232c-05f31ac3f84e" executionId="be3544a3-c0ba-479f-a401-575492c1fb28" testListId="8c84fa94-04c1-424b-9868-57a2d4851a1d" />
    <TestEntry testId="a1efffce-f557-40c3-1c11-2522b30a2b71" executionId="8cebe462-39f6-451a-8a6f-870fa747a0df" testListId="8c84fa94-04c1-424b-9868-57a2d4851a1d" />
    <TestEntry testId="a2fc997c-f0ad-8f43-71b9-befe4e308a8b" executionId="0374e732-f12a-4a2c-9ab1-1ad563ac89db" testListId="8c84fa94-04c1-424b-9868-57a2d4851a1d" />
    <TestEntry testId="b6a7185e-c355-1a77-1427-f2388d0cf302" executionId="3f120d43-85b3-4839-9834-d8c758ef07d6" testListId="8c84fa94-04c1-424b-9868-57a2d4851a1d" />
    <TestEntry testId="bf31f7f0-a2a0-4bd2-dd65-6ece24083ee4" executionId="9e97628c-9613-4466-bda1-6d3bfaf3dc0a" testListId="8c84fa94-04c1-424b-9868-57a2d4851a1d" />
    <TestEntry testId="c7ea3ecb-50f5-2712-8aca-008c0a2be236" executionId="207bdde3-cc61-4a48-a5a5-4bb1c10f9200" testListId="8c84fa94-04c1-424b-9868-57a2d4851a1d" />
    <TestEntry testId="cc8fd6f1-60f9-9983-5acc-e6782323e931" executionId="31426c93-e2d1-4afa-a855-e572a1d5b626" testListId="8c84fa94-04c1-424b-9868-57a2d4851a1d" />
    <TestEntry testId="d1b01a50-f114-c36e-df25-5ce88648af81" executionId="9998eb28-5eff-4a7b-824a-8ff6331fb511" testListId="8c84fa94-04c1-424b-9868-57a2d4851a1d" />
    <TestEntry testId="e69681b7-cdaa-317d-ccd1-7c7c5073cf4c" executionId="c005cfcb-59b6-4a3b-983f-61c0b102959a" testListId="8c84fa94-04c1-424b-9868-57a2d4851a1d" />
    <TestEntry testId="f0690b77-6da3-dfa0-d405-007e7fb12845" executionId="08d579d6-ae9a-418b-9b3f-fdad35689e6b" testListId="8c84fa94-04c1-424b-9868-57a2d4851a1d" />
    <TestEntry testId="f182e86d-440a-114e-75b8-405a96928ec7" executionId="1feac0ad-b38a-41f1-a203-346bbcef6fac" testListId="8c84fa94-04c1-424b-9868-57a2d4851a1d" />
  </TestEntries>
  <Results>
    <UnitTestResult executionId="2ab53476-5704-4146-848d-92eedbb347fe" testId="068afdfa-bec9-e854-d1ae-8a3613a6566c" testName="It_should_throw_an_exception_if_complaint_service_is_null" computerName="MATT-PC" duration="00:00:00.5179556" startTime="2011-12-24T11:47:05.0778540-08:00" endTime="2011-12-24T11:47:05.9979066-08:00" testType="13cdc9d9-ddb5-4fa4-a97d-d965ccfc6d4b" outcome="Passed" testListId="8c84fa94-04c1-424b-9868-57a2d4851a1d" relativeResultsDirectory="2ab53476-5704-4146-848d-92eedbb347fe">
    </UnitTestResult>
    <UnitTestResult executionId="72f8d9a4-d23f-4e47-bd6c-31ed606c2586" testId="0f054cb8-6cbe-dd4c-c48e-c6047588a073" testName="It_should_return_a_view" computerName="MATT-PC" duration="00:00:00.0465346" startTime="2011-12-24T11:47:06.0009068-08:00" endTime="2011-12-24T11:47:06.0549099-08:00" testType="13cdc9d9-ddb5-4fa4-a97d-d965ccfc6d4b" outcome="Passed" testListId="8c84fa94-04c1-424b-9868-57a2d4851a1d" relativeResultsDirectory="72f8d9a4-d23f-4e47-bd6c-31ed606c2586">
    </UnitTestResult>
    <UnitTestResult executionId="d8ed055a-f06d-4db7-93c4-4be8d70211dc" testId="10dd6907-5141-cb42-4165-9b7b7c5df640" testName="It_should_throw_an_exception_if_complaint_service_is_null" computerName="MATT-PC" duration="00:00:00.0665917" startTime="2011-12-24T11:47:06.0579101-08:00" endTime="2011-12-24T11:47:06.1319143-08:00" testType="13cdc9d9-ddb5-4fa4-a97d-d965ccfc6d4b" outcome="Passed" testListId="8c84fa94-04c1-424b-9868-57a2d4851a1d" relativeResultsDirectory="d8ed055a-f06d-4db7-93c4-4be8d70211dc">
    </UnitTestResult>
    <UnitTestResult executionId="d9a278ed-b08e-4350-83fd-52c1f1c1d685" testId="10f84829-6344-db79-b0e9-ea013eb2f716" testName="It_should_return_a_partial_view" computerName="MATT-PC" duration="00:00:00.0006393" startTime="2011-12-24T11:47:06.1359145-08:00" endTime="2011-12-24T11:47:06.1399147-08:00" testType="13cdc9d9-ddb5-4fa4-a97d-d965ccfc6d4b" outcome="Passed" testListId="8c84fa94-04c1-424b-9868-57a2d4851a1d" relativeResultsDirectory="d9a278ed-b08e-4350-83fd-52c1f1c1d685">
    </UnitTestResult>
    <UnitTestResult executionId="4b0921f5-c46b-4a9c-b807-a4fd0f69bafb" testId="1e9e7b51-057d-9149-3fb6-f9208fa86207" testName="It_should_have_a_chart_data_view_model_in_its_view" computerName="MATT-PC" duration="00:00:00.0333971" startTime="2011-12-24T11:47:06.1439150-08:00" endTime="2011-12-24T11:47:06.1809171-08:00" testType="13cdc9d9-ddb5-4fa4-a97d-d965ccfc6d4b" outcome="Passed" testListId="8c84fa94-04c1-424b-9868-57a2d4851a1d" relativeResultsDirectory="4b0921f5-c46b-4a9c-b807-a4fd0f69bafb">
    </UnitTestResult>
    <UnitTestResult executionId="8f112a56-dae6-4752-9aab-a757cb04f09c" testId="2283bcaa-a915-bbc4-9f2a-9f1e92e364a5" testName="It_should_throw_an_exception_if_tag_builder_is_null" computerName="MATT-PC" duration="00:00:00.0010905" startTime="2011-12-24T11:47:06.1849173-08:00" endTime="2011-12-24T11:47:06.1889175-08:00" testType="13cdc9d9-ddb5-4fa4-a97d-d965ccfc6d4b" outcome="Passed" testListId="8c84fa94-04c1-424b-9868-57a2d4851a1d" relativeResultsDirectory="8f112a56-dae6-4752-9aab-a757cb04f09c">
    </UnitTestResult>
    <UnitTestResult executionId="5252b076-377e-47e3-ae12-5b3c826045b5" testId="3b6beb09-33bf-2a5c-6864-647e66c1e652" testName="It_should_ask_the_service_to_get_all_tags_with_their_respective_counts" computerName="MATT-PC" duration="00:00:00.0358882" startTime="2011-12-24T11:47:06.1919177-08:00" endTime="2011-12-24T11:47:06.2329201-08:00" testType="13cdc9d9-ddb5-4fa4-a97d-d965ccfc6d4b" outcome="Passed" testListId="8c84fa94-04c1-424b-9868-57a2d4851a1d" relativeResultsDirectory="5252b076-377e-47e3-ae12-5b3c826045b5">
    </UnitTestResult>
    <UnitTestResult executionId="62a454d8-32d2-4026-b1d5-2cef328160a2" testId="3d18a9ac-f9a8-bfcf-81d2-44c90128be9c" testName="It_should_return_a_partial_view" computerName="MATT-PC" duration="00:00:00.0198859" startTime="2011-12-24T11:47:06.2369203-08:00" endTime="2011-12-24T11:47:06.2599216-08:00" testType="13cdc9d9-ddb5-4fa4-a97d-d965ccfc6d4b" outcome="Passed" testListId="8c84fa94-04c1-424b-9868-57a2d4851a1d" relativeResultsDirectory="62a454d8-32d2-4026-b1d5-2cef328160a2">
    </UnitTestResult>
    <UnitTestResult executionId="73fbc387-4275-47fb-8c65-a4d4e83fa00b" testId="41f458f2-f333-8429-3a9d-5aade813bade" testName="It_should_throw_an_exception_if_tag_builder_is_null" computerName="MATT-PC" duration="00:00:00.0011472" startTime="2011-12-24T11:47:06.2629218-08:00" endTime="2011-12-24T11:47:06.2729224-08:00" testType="13cdc9d9-ddb5-4fa4-a97d-d965ccfc6d4b" outcome="Passed" testListId="8c84fa94-04c1-424b-9868-57a2d4851a1d" relativeResultsDirectory="73fbc387-4275-47fb-8c65-a4d4e83fa00b">
    </UnitTestResult>
    <UnitTestResult executionId="ed083438-52d6-45cb-a890-fb66c64f6738" testId="43a58456-2a87-37f5-f26d-3bea5dd5f2eb" testName="It_should_use_the_tag_builder_to_create_a_list_of_view_models" computerName="MATT-PC" duration="00:00:00.0230086" startTime="2011-12-24T11:47:06.2789227-08:00" endTime="2011-12-24T11:47:06.3069243-08:00" testType="13cdc9d9-ddb5-4fa4-a97d-d965ccfc6d4b" outcome="Passed" testListId="8c84fa94-04c1-424b-9868-57a2d4851a1d" relativeResultsDirectory="ed083438-52d6-45cb-a890-fb66c64f6738">
    </UnitTestResult>
    <UnitTestResult executionId="d6aa3a51-975e-4512-b043-120d03fa239d" testId="7472235a-07a1-64be-c16f-018bc1be6c02" testName="It_should_return_a_partial_view" computerName="MATT-PC" duration="00:00:00.0087924" startTime="2011-12-24T11:47:06.3179249-08:00" endTime="2011-12-24T11:47:06.3299256-08:00" testType="13cdc9d9-ddb5-4fa4-a97d-d965ccfc6d4b" outcome="Passed" testListId="8c84fa94-04c1-424b-9868-57a2d4851a1d" relativeResultsDirectory="d6aa3a51-975e-4512-b043-120d03fa239d">
    </UnitTestResult>
    <UnitTestResult executionId="328d8d59-41a1-4591-bcae-420c7a8de5ba" testId="74ad58ca-8037-4542-e734-2d75fa9b27a1" testName="It_should_return_a_partial_view_named__about" computerName="MATT-PC" duration="00:00:00.0023955" startTime="2011-12-24T11:47:06.3329258-08:00" endTime="2011-12-24T11:47:06.3419263-08:00" testType="13cdc9d9-ddb5-4fa4-a97d-d965ccfc6d4b" outcome="Passed" testListId="8c84fa94-04c1-424b-9868-57a2d4851a1d" relativeResultsDirectory="328d8d59-41a1-4591-bcae-420c7a8de5ba">
    </UnitTestResult>
    <UnitTestResult executionId="b06662f6-d466-4eaa-a68a-2f1c95cb4cd4" testId="7a74fccc-3a78-7dd5-a25a-fb73b8f8d4d7" testName="It_should_throw_an_exception_if_logging_service_is_null" computerName="MATT-PC" duration="00:00:00.0007226" startTime="2011-12-24T11:47:06.3439264-08:00" endTime="2011-12-24T11:47:06.3499268-08:00" testType="13cdc9d9-ddb5-4fa4-a97d-d965ccfc6d4b" outcome="Passed" testListId="8c84fa94-04c1-424b-9868-57a2d4851a1d" relativeResultsDirectory="b06662f6-d466-4eaa-a68a-2f1c95cb4cd4">
    </UnitTestResult>
    <UnitTestResult executionId="d50c0a91-56c1-41c7-abd7-b63e49be28ca" testId="7e059270-f99e-7f0c-944d-a1420e836093" testName="It_should_throw_an_exception_if_tag_service_is_null" computerName="MATT-PC" duration="00:00:00.0005440" startTime="2011-12-24T11:47:06.3519269-08:00" endTime="2011-12-24T11:47:06.3569272-08:00" testType="13cdc9d9-ddb5-4fa4-a97d-d965ccfc6d4b" outcome="Passed" testListId="8c84fa94-04c1-424b-9868-57a2d4851a1d" relativeResultsDirectory="d50c0a91-56c1-41c7-abd7-b63e49be28ca">
    </UnitTestResult>
    <UnitTestResult executionId="831f7103-dead-4ced-9f81-166935678964" testId="7fa73dbd-de6d-0ac1-9c78-9efc7a619388" testName="It_should_ask_the_complaint_service_for_all_complaints" computerName="MATT-PC" duration="00:00:00.0029432" startTime="2011-12-24T11:47:06.3609274-08:00" endTime="2011-12-24T11:47:06.3669277-08:00" testType="13cdc9d9-ddb5-4fa4-a97d-d965ccfc6d4b" outcome="Passed" testListId="8c84fa94-04c1-424b-9868-57a2d4851a1d" relativeResultsDirectory="831f7103-dead-4ced-9f81-166935678964">
    </UnitTestResult>
    <UnitTestResult executionId="142f13c8-23bc-4198-8e09-41bcc9aedc6e" testId="8778246f-bfa9-c2d1-b343-6fd2e66339d0" testName="It_should_ask_the_tag_service_for_all_tags" computerName="MATT-PC" duration="00:00:00.0025182" startTime="2011-12-24T11:47:06.3709280-08:00" endTime="2011-12-24T11:47:06.3759282-08:00" testType="13cdc9d9-ddb5-4fa4-a97d-d965ccfc6d4b" outcome="Passed" testListId="8c84fa94-04c1-424b-9868-57a2d4851a1d" relativeResultsDirectory="142f13c8-23bc-4198-8e09-41bcc9aedc6e">
    </UnitTestResult>
    <UnitTestResult executionId="7863a7ed-c1c4-4487-a895-4540603bce4d" testId="8ca0dd94-8d00-3681-7e7b-bcdc49182639" testName="It_should_throw_an_exception_if_facebook_service_is_null" computerName="MATT-PC" duration="00:00:00.0005986" startTime="2011-12-24T11:47:06.3799285-08:00" endTime="2011-12-24T11:47:06.3839287-08:00" testType="13cdc9d9-ddb5-4fa4-a97d-d965ccfc6d4b" outcome="Passed" testListId="8c84fa94-04c1-424b-9868-57a2d4851a1d" relativeResultsDirectory="7863a7ed-c1c4-4487-a895-4540603bce4d">
    </UnitTestResult>
    <UnitTestResult executionId="be3544a3-c0ba-479f-a401-575492c1fb28" testId="9b34144b-af57-82ac-232c-05f31ac3f84e" testName="It_should_ask_the_facebook_service_for_a_list_of_friends" computerName="MATT-PC" duration="00:00:00.0027708" startTime="2011-12-24T11:47:06.3879289-08:00" endTime="2011-12-24T11:47:06.3939293-08:00" testType="13cdc9d9-ddb5-4fa4-a97d-d965ccfc6d4b" outcome="Passed" testListId="8c84fa94-04c1-424b-9868-57a2d4851a1d" relativeResultsDirectory="be3544a3-c0ba-479f-a401-575492c1fb28">
    </UnitTestResult>
    <UnitTestResult executionId="8cebe462-39f6-451a-8a6f-870fa747a0df" testId="a1efffce-f557-40c3-1c11-2522b30a2b71" testName="It_should_have_a_chart_data_view_model_in_its_view" computerName="MATT-PC" duration="00:00:00.0028533" startTime="2011-12-24T11:47:06.3959294-08:00" endTime="2011-12-24T11:47:06.4049299-08:00" testType="13cdc9d9-ddb5-4fa4-a97d-d965ccfc6d4b" outcome="Passed" testListId="8c84fa94-04c1-424b-9868-57a2d4851a1d" relativeResultsDirectory="8cebe462-39f6-451a-8a6f-870fa747a0df">
    </UnitTestResult>
    <UnitTestResult executionId="0374e732-f12a-4a2c-9ab1-1ad563ac89db" testId="a2fc997c-f0ad-8f43-71b9-befe4e308a8b" testName="It_should_throw_an_exception_if_complaint_severity_service_is_null" computerName="MATT-PC" duration="00:00:00.0008245" startTime="2011-12-24T11:47:06.4079301-08:00" endTime="2011-12-24T11:47:06.4129304-08:00" testType="13cdc9d9-ddb5-4fa4-a97d-d965ccfc6d4b" outcome="Passed" testListId="8c84fa94-04c1-424b-9868-57a2d4851a1d" relativeResultsDirectory="0374e732-f12a-4a2c-9ab1-1ad563ac89db">
    </UnitTestResult>
    <UnitTestResult executionId="3f120d43-85b3-4839-9834-d8c758ef07d6" testId="b6a7185e-c355-1a77-1427-f2388d0cf302" testName="It_should_throw_an_exception_if_tag_service_is_null" computerName="MATT-PC" duration="00:00:00.0007674" startTime="2011-12-24T11:47:06.4159305-08:00" endTime="2011-12-24T11:47:06.4209308-08:00" testType="13cdc9d9-ddb5-4fa4-a97d-d965ccfc6d4b" outcome="Passed" testListId="8c84fa94-04c1-424b-9868-57a2d4851a1d" relativeResultsDirectory="3f120d43-85b3-4839-9834-d8c758ef07d6">
    </UnitTestResult>
    <UnitTestResult executionId="9e97628c-9613-4466-bda1-6d3bfaf3dc0a" testId="bf31f7f0-a2a0-4bd2-dd65-6ece24083ee4" testName="It_should_throw_an_exception_if_user_service_is_null" computerName="MATT-PC" duration="00:00:00.0007497" startTime="2011-12-24T11:47:06.4249310-08:00" endTime="2011-12-24T11:47:06.4299313-08:00" testType="13cdc9d9-ddb5-4fa4-a97d-d965ccfc6d4b" outcome="Passed" testListId="8c84fa94-04c1-424b-9868-57a2d4851a1d" relativeResultsDirectory="9e97628c-9613-4466-bda1-6d3bfaf3dc0a">
    </UnitTestResult>
    <UnitTestResult executionId="207bdde3-cc61-4a48-a5a5-4bb1c10f9200" testId="c7ea3ecb-50f5-2712-8aca-008c0a2be236" testName="It_should_throw_an_exception_if_complaint_builder_is_null" computerName="MATT-PC" duration="00:00:00.0007415" startTime="2011-12-24T11:47:06.4319314-08:00" endTime="2011-12-24T11:47:06.4379318-08:00" testType="13cdc9d9-ddb5-4fa4-a97d-d965ccfc6d4b" outcome="Passed" testListId="8c84fa94-04c1-424b-9868-57a2d4851a1d" relativeResultsDirectory="207bdde3-cc61-4a48-a5a5-4bb1c10f9200">
    </UnitTestResult>
    <UnitTestResult executionId="31426c93-e2d1-4afa-a855-e572a1d5b626" testId="cc8fd6f1-60f9-9983-5acc-e6782323e931" testName="It_should_throw_an_exception_if_tag_service_is_null" computerName="MATT-PC" duration="00:00:00.0005682" startTime="2011-12-24T11:47:06.4419320-08:00" endTime="2011-12-24T11:47:06.4459322-08:00" testType="13cdc9d9-ddb5-4fa4-a97d-d965ccfc6d4b" outcome="Passed" testListId="8c84fa94-04c1-424b-9868-57a2d4851a1d" relativeResultsDirectory="31426c93-e2d1-4afa-a855-e572a1d5b626">
    </UnitTestResult>
    <UnitTestResult executionId="9998eb28-5eff-4a7b-824a-8ff6331fb511" testId="d1b01a50-f114-c36e-df25-5ce88648af81" testName="It_should_ask_the_tag_service_to_get_the_requested_tag" computerName="MATT-PC" duration="00:00:00.0544849" startTime="2011-12-24T11:47:06.4489324-08:00" endTime="2011-12-24T11:47:06.5079358-08:00" testType="13cdc9d9-ddb5-4fa4-a97d-d965ccfc6d4b" outcome="Failed" testListId="8c84fa94-04c1-424b-9868-57a2d4851a1d" relativeResultsDirectory="9998eb28-5eff-4a7b-824a-8ff6331fb511">
      <Output>
        <ErrorInfo>
          <Message>Test method Tests.Complainatron.ComplaintControllerTests.It_should_ask_the_tag_service_to_get_the_requested_tag threw exception: 
System.NullReferenceException: Object reference not set to an instance of an object.</Message>
          <StackTrace>    at System.Web.Mvc.UrlHelper.GenerateUrl(String routeName, String actionName, String controllerName, RouteValueDictionary routeValues, RouteCollection routeCollection, RequestContext requestContext, Boolean includeImplicitMvcValues)
   at System.Web.Mvc.UrlHelper.Action(String actionName, String controllerName)
   at Complainatron.Controllers.ComplaintController.Tag(Guid id, PagingInformation pagingInformation) in C:\Code\Complainatron3\Complainatron\Controllers\ComplaintController.cs:line 86
   at Tests.Complainatron.ComplaintControllerTests.It_should_ask_the_tag_service_to_get_the_requested_tag() in C:\Code\Complainatron3\Tests.Complainatron\ComplaintControllerTests.cs:line 123
</StackTrace>
        </ErrorInfo>
      </Output>
    </UnitTestResult>
    <UnitTestResult executionId="c005cfcb-59b6-4a3b-983f-61c0b102959a" testId="e69681b7-cdaa-317d-ccd1-7c7c5073cf4c" testName="It_should_return_a_partial_view_called__index" computerName="MATT-PC" duration="00:00:00.0004262" startTime="2011-12-24T11:47:06.5189364-08:00" endTime="2011-12-24T11:47:06.5259368-08:00" testType="13cdc9d9-ddb5-4fa4-a97d-d965ccfc6d4b" outcome="Passed" testListId="8c84fa94-04c1-424b-9868-57a2d4851a1d" relativeResultsDirectory="c005cfcb-59b6-4a3b-983f-61c0b102959a">
    </UnitTestResult>
    <UnitTestResult executionId="08d579d6-ae9a-418b-9b3f-fdad35689e6b" testId="f0690b77-6da3-dfa0-d405-007e7fb12845" testName="It_should_return_a_view" computerName="MATT-PC" duration="00:00:00.0007050" startTime="2011-12-24T11:47:06.5279369-08:00" endTime="2011-12-24T11:47:06.5339373-08:00" testType="13cdc9d9-ddb5-4fa4-a97d-d965ccfc6d4b" outcome="Passed" testListId="8c84fa94-04c1-424b-9868-57a2d4851a1d" relativeResultsDirectory="08d579d6-ae9a-418b-9b3f-fdad35689e6b">
    </UnitTestResult>
    <UnitTestResult executionId="1feac0ad-b38a-41f1-a203-346bbcef6fac" testId="f182e86d-440a-114e-75b8-405a96928ec7" testName="It_should_have_a_collection_of_friends_as_the_views_model" computerName="MATT-PC" duration="00:00:00.0020949" startTime="2011-12-24T11:47:06.5379375-08:00" endTime="2011-12-24T11:47:06.5439379-08:00" testType="13cdc9d9-ddb5-4fa4-a97d-d965ccfc6d4b" outcome="Passed" testListId="8c84fa94-04c1-424b-9868-57a2d4851a1d" relativeResultsDirectory="1feac0ad-b38a-41f1-a203-346bbcef6fac">
    </UnitTestResult>
  </Results>
</TestRun>