<?xml version="1.0" encoding="UTF-8"?>
<TestRun id="8a1e2531-765e-4dae-9e26-bd668060bdd1" name="Matt@MATT-PC 2011-12-24 11:51:02" runUser="Matt-PC\Matt" xmlns="http://microsoft.com/schemas/VisualStudio/TeamTest/2010">
  <TestSettings name="Local" id="1b452438-30ba-4160-930a-f044ea6d5cef">
    <Description>These are default test settings for a local test run.</Description>
    <Deployment enabled="false" runDeploymentRoot="Matt_MATT-PC 2011-12-24 11_51_02">
      <DeploymentItem filename="C:\Code\Complainatron3\Complainatron\bin\Complainatron.dll" />
      <DeploymentItem filename="C:\Code\Complainatron3\packages\FluentAssertions.1.6.0\Lib\net40\FluentAssertions.dll" />
      <DeploymentItem filename="C:\Code\Complainatron3\Complainatron.Domain\bin\Debug\Complainatron.Domain.dll" />
      <DeploymentItem filename="C:\Code\Complainatron3\Complainatron.Core\bin\Debug\Complainatron.Core.dll" />
      <DeploymentItem filename="C:\Code\Complainatron3\packages\Castle.Core.2.5.2\lib\NET35\Castle.Core.dll" />
      <DeploymentItem filename="C:\Code\Complainatron3\packages\MvcPaging.1.0.2\lib\net40\MvcPaging.dll" />
      <DeploymentItem filename="C:\Code\Complainatron3\packages\FakeItEasy.1.7.4257.42\lib\NET40\FakeItEasy.dll" />
    </Deployment>
    <Execution>
      <TestTypeSpecific />
      <AgentRule name="Execution Agents">
      </AgentRule>
    </Execution>
  </TestSettings>
  <Times creation="2011-12-24T11:51:02.6774439-08:00" queuing="2011-12-24T11:51:03.9225151-08:00" start="2011-12-24T11:51:04.1485281-08:00" finish="2011-12-24T11:51:19.3763990-08:00" />
  <ResultSummary outcome="Completed">
    <Counters total="1" executed="1" passed="1" error="0" failed="0" timeout="0" aborted="0" inconclusive="0" passedButRunAborted="0" notRunnable="0" notExecuted="0" disconnected="0" warning="0" completed="0" inProgress="0" pending="0" />
  </ResultSummary>
  <TestDefinitions>
    <UnitTest name="It_should_ask_the_tag_service_to_get_the_requested_tag" storage="c:\code\complainatron3\tests.complainatron\bin\debug\tests.complainatron.dll" id="d1b01a50-f114-c36e-df25-5ce88648af81">
      <TestCategory>
        <TestCategoryItem TestCategory="Tag Action" />
      </TestCategory>
      <Execution id="6637f3f9-10ed-4b78-bfee-de428ea37978" />
      <TestMethod codeBase="C:/Code/Complainatron3/Tests.Complainatron/bin/Debug/Tests.Complainatron.DLL" adapterTypeName="Microsoft.VisualStudio.TestTools.TestTypes.Unit.UnitTestAdapter, Microsoft.VisualStudio.QualityTools.Tips.UnitTest.Adapter, Version=10.0.0.0, Culture=neutral, PublicKeyToken=b03f5f7f11d50a3a" className="Tests.Complainatron.ComplaintControllerTests, Tests.Complainatron, Version=1.0.0.0, Culture=neutral, PublicKeyToken=null" name="It_should_ask_the_tag_service_to_get_the_requested_tag" />
    </UnitTest>
  </TestDefinitions>
  <TestLists>
    <TestList name="Results Not in a List" id="8c84fa94-04c1-424b-9868-57a2d4851a1d" />
    <TestList name="All Loaded Results" id="19431567-8539-422a-85d7-44ee4e166bda" />
  </TestLists>
  <TestEntries>
    <TestEntry testId="d1b01a50-f114-c36e-df25-5ce88648af81" executionId="6637f3f9-10ed-4b78-bfee-de428ea37978" testListId="8c84fa94-04c1-424b-9868-57a2d4851a1d" />
  </TestEntries>
  <Results>
    <UnitTestResult executionId="6637f3f9-10ed-4b78-bfee-de428ea37978" testId="d1b01a50-f114-c36e-df25-5ce88648af81" testName="It_should_ask_the_tag_service_to_get_the_requested_tag" computerName="MATT-PC" duration="00:00:13.7105523" startTime="2011-12-24T11:51:04.3205379-08:00" endTime="2011-12-24T11:51:19.2023891-08:00" testType="13cdc9d9-ddb5-4fa4-a97d-d965ccfc6d4b" outcome="Passed" testListId="8c84fa94-04c1-424b-9868-57a2d4851a1d" relativeResultsDirectory="6637f3f9-10ed-4b78-bfee-de428ea37978">
    </UnitTestResult>
  </Results>
</TestRun>