<?xml version="1.0" encoding="UTF-8"?>
<TestRun id="6057f5e0-c167-401d-b6d0-b3fe1c188168" name="Matt@MATT-PC 2011-12-24 12:28:12" runUser="Matt-PC\Matt" xmlns="http://microsoft.com/schemas/VisualStudio/TeamTest/2010">
  <TestSettings name="Local" id="1b452438-30ba-4160-930a-f044ea6d5cef">
    <Description>These are default test settings for a local test run.</Description>
    <Deployment enabled="false" runDeploymentRoot="Matt_MATT-PC 2011-12-24 12_28_12">
      <DeploymentItem filename="C:\Code\Complainatron3\packages\MvcPaging.1.0.2\lib\net40\MvcPaging.dll" />
      <DeploymentItem filename="C:\Code\Complainatron3\Complainatron.Core\bin\Debug\Complainatron.Core.dll" />
      <DeploymentItem filename="C:\Code\Complainatron3\packages\FacebookWeb.5.4.1.0\lib\net40\Facebook.Web.dll" />
      <DeploymentItem filename="C:\Code\Complainatron3\packages\Castle.Core.2.5.2\lib\NET35\Castle.Core.dll" />
      <DeploymentItem filename="C:\Code\Complainatron3\Complainatron.Domain\bin\Debug\Complainatron.Domain.dll" />
      <DeploymentItem filename="C:\Code\Complainatron3\packages\FacebookWebMvc.5.4.1.0\lib\net40\Facebook.Web.Mvc.dll" />
      <DeploymentItem filename="C:\Code\Complainatron3\packages\FluentAssertions.1.6.0\Lib\net40\FluentAssertions.dll" />
      <DeploymentItem filename="C:\Code\Complainatron3\packages\Facebook.5.4.1.0\lib\net40-client\Facebook.dll" />
      <DeploymentItem filename="C:\Code\Complainatron3\packages\FakeItEasy.1.7.4257.42\lib\NET40\FakeItEasy.dll" />
      <DeploymentItem filename="C:\Code\Complainatron3\Complainatron\bin\Complainatron.dll" />
    </Deployment>
    <Execution>
      <TestTypeSpecific />
      <AgentRule name="Execution Agents">
      </AgentRule>
    </Execution>
  </TestSettings>
  <Times creation="2011-12-24T12:28:12.7619975-08:00" queuing="2011-12-24T12:28:12.8320015-08:00" start="2011-12-24T12:28:12.8810043-08:00" finish="2011-12-24T12:28:14.5891020-08:00" />
  <ResultSummary outcome="Completed">
    <Counters total="40" executed="40" passed="40" error="0" failed="0" timeout="0" aborted="0" inconclusive="0" passedButRunAborted="0" notRunnable="0" notExecuted="0" disconnected="0" warning="0" completed="0" inProgress="0" pending="0" />
  </ResultSummary>
  <TestDefinitions>
    <UnitTest name="It_should_ask_the_facebook_service_for_me_as_part_of_friend_action" storage="c:\code\complainatron3\tests.complainatron\bin\debug\tests.complainatron.dll" id="7684eaed-9f74-f999-e2d5-3c5d9d01ff19">
      <TestCategory>
        <TestCategoryItem TestCategory="Friend Action" />
      </TestCategory>
      <Execution id="f6c28d0d-499b-436e-973d-9adabc269b5c" />
      <TestMethod codeBase="C:/Code/Complainatron3/Tests.Complainatron/bin/Debug/Tests.Complainatron.DLL" adapterTypeName="Microsoft.VisualStudio.TestTools.TestTypes.Unit.UnitTestAdapter, Microsoft.VisualStudio.QualityTools.Tips.UnitTest.Adapter, Version=10.0.0.0, Culture=neutral, PublicKeyToken=b03f5f7f11d50a3a" className="Tests.Complainatron.ComplaintControllerTests, Tests.Complainatron, Version=1.0.0.0, Culture=neutral, PublicKeyToken=null" name="It_should_ask_the_facebook_service_for_me_as_part_of_friend_action" />
    </UnitTest>
    <UnitTest name="It_should_have_a_collection_of_friends_as_the_views_model" storage="c:\code\complainatron3\tests.complainatron\bin\debug\tests.complainatron.dll" id="f182e86d-440a-114e-75b8-405a96928ec7">
      <TestCategory>
        <TestCategoryItem TestCategory="Index Action" />
      </TestCategory>
      <Execution id="6756955e-1322-4b08-aada-48437a11b23e" />
      <TestMethod codeBase="C:/Code/Complainatron3/Tests.Complainatron/bin/Debug/Tests.Complainatron.DLL" adapterTypeName="Microsoft.VisualStudio.TestTools.TestTypes.Unit.UnitTestAdapter, Microsoft.VisualStudio.QualityTools.Tips.UnitTest.Adapter, Version=10.0.0.0, Culture=neutral, PublicKeyToken=b03f5f7f11d50a3a" className="Tests.Complainatron.FriendsControllerTests, Tests.Complainatron, Version=1.0.0.0, Culture=neutral, PublicKeyToken=null" name="It_should_have_a_collection_of_friends_as_the_views_model" />
    </UnitTest>
    <UnitTest name="It_should_throw_an_exception_if_complaint_service_is_null" storage="c:\code\complainatron3\tests.complainatron\bin\debug\tests.complainatron.dll" id="068afdfa-bec9-e854-d1ae-8a3613a6566c">
      <TestCategory>
        <TestCategoryItem TestCategory="Creation" />
      </TestCategory>
      <Execution id="aab845a1-3e42-4b89-a1be-5874b0851ae5" />
      <TestMethod codeBase="C:/Code/Complainatron3/Tests.Complainatron/bin/Debug/Tests.Complainatron.DLL" adapterTypeName="Microsoft.VisualStudio.TestTools.TestTypes.Unit.UnitTestAdapter, Microsoft.VisualStudio.QualityTools.Tips.UnitTest.Adapter, Version=10.0.0.0, Culture=neutral, PublicKeyToken=b03f5f7f11d50a3a" className="Tests.Complainatron.MapControllerTests, Tests.Complainatron, Version=1.0.0.0, Culture=neutral, PublicKeyToken=null" name="It_should_throw_an_exception_if_complaint_service_is_null" />
    </UnitTest>
    <UnitTest name="It_should_ask_the_tag_service_for_all_tags" storage="c:\code\complainatron3\tests.complainatron\bin\debug\tests.complainatron.dll" id="8778246f-bfa9-c2d1-b343-6fd2e66339d0">
      <TestCategory>
        <TestCategoryItem TestCategory="Index Action" />
      </TestCategory>
      <Execution id="72571460-7fda-4ff6-8b4c-be3a40186199" />
      <TestMethod codeBase="C:/Code/Complainatron3/Tests.Complainatron/bin/Debug/Tests.Complainatron.DLL" adapterTypeName="Microsoft.VisualStudio.TestTools.TestTypes.Unit.UnitTestAdapter, Microsoft.VisualStudio.QualityTools.Tips.UnitTest.Adapter, Version=10.0.0.0, Culture=neutral, PublicKeyToken=b03f5f7f11d50a3a" className="Tests.Complainatron.TagControllerTests, Tests.Complainatron, Version=1.0.0.0, Culture=neutral, PublicKeyToken=null" name="It_should_ask_the_tag_service_for_all_tags" />
    </UnitTest>
    <UnitTest name="It_should_ask_the_tag_service_to_get_the_requested_tag" storage="c:\code\complainatron3\tests.complainatron\bin\debug\tests.complainatron.dll" id="d1b01a50-f114-c36e-df25-5ce88648af81">
      <TestCategory>
        <TestCategoryItem TestCategory="Tag Action" />
      </TestCategory>
      <Execution id="c81b201f-f183-41f9-a551-e5c1420a7ae9" />
      <TestMethod codeBase="C:/Code/Complainatron3/Tests.Complainatron/bin/Debug/Tests.Complainatron.DLL" adapterTypeName="Microsoft.VisualStudio.TestTools.TestTypes.Unit.UnitTestAdapter, Microsoft.VisualStudio.QualityTools.Tips.UnitTest.Adapter, Version=10.0.0.0, Culture=neutral, PublicKeyToken=b03f5f7f11d50a3a" className="Tests.Complainatron.ComplaintControllerTests, Tests.Complainatron, Version=1.0.0.0, Culture=neutral, PublicKeyToken=null" name="It_should_ask_the_tag_service_to_get_the_requested_tag" />
    </UnitTest>
    <UnitTest name="It_should_throw_an_exception_if_tag_service_is_null" storage="c:\code\complainatron3\tests.complainatron\bin\debug\tests.complainatron.dll" id="7e059270-f99e-7f0c-944d-a1420e836093">
      <TestCategory>
        <TestCategoryItem TestCategory="Creation" />
      </TestCategory>
      <Execution id="1d9bc332-efd1-449e-8640-ab2d756c100d" />
      <TestMethod codeBase="C:/Code/Complainatron3/Tests.Complainatron/bin/Debug/Tests.Complainatron.DLL" adapterTypeName="Microsoft.VisualStudio.TestTools.TestTypes.Unit.UnitTestAdapter, Microsoft.VisualStudio.QualityTools.Tips.UnitTest.Adapter, Version=10.0.0.0, Culture=neutral, PublicKeyToken=b03f5f7f11d50a3a" className="Tests.Complainatron.ChartControllerTests, Tests.Complainatron, Version=1.0.0.0, Culture=neutral, PublicKeyToken=null" name="It_should_throw_an_exception_if_tag_service_is_null" />
    </UnitTest>
    <UnitTest name="It_should_return_a_partial_view" storage="c:\code\complainatron3\tests.complainatron\bin\debug\tests.complainatron.dll" id="7472235a-07a1-64be-c16f-018bc1be6c02">
      <TestCategory>
        <TestCategoryItem TestCategory="Index Action" />
      </TestCategory>
      <Execution id="b080bebf-5c12-4238-814a-5698576bacbc" />
      <TestMethod codeBase="C:/Code/Complainatron3/Tests.Complainatron/bin/Debug/Tests.Complainatron.DLL" adapterTypeName="Microsoft.VisualStudio.TestTools.TestTypes.Unit.UnitTestAdapter, Microsoft.VisualStudio.QualityTools.Tips.UnitTest.Adapter, Version=10.0.0.0, Culture=neutral, PublicKeyToken=b03f5f7f11d50a3a" className="Tests.Complainatron.FriendsControllerTests, Tests.Complainatron, Version=1.0.0.0, Culture=neutral, PublicKeyToken=null" name="It_should_return_a_partial_view" />
    </UnitTest>
    <UnitTest name="It_should_throw_an_exception_if_complaint_builder_is_null" storage="c:\code\complainatron3\tests.complainatron\bin\debug\tests.complainatron.dll" id="c7ea3ecb-50f5-2712-8aca-008c0a2be236">
      <TestCategory>
        <TestCategoryItem TestCategory="Creation" />
      </TestCategory>
      <Execution id="2f68475a-761e-464a-9618-feb2e9232cca" />
      <TestMethod codeBase="C:/Code/Complainatron3/Tests.Complainatron/bin/Debug/Tests.Complainatron.DLL" adapterTypeName="Microsoft.VisualStudio.TestTools.TestTypes.Unit.UnitTestAdapter, Microsoft.VisualStudio.QualityTools.Tips.UnitTest.Adapter, Version=10.0.0.0, Culture=neutral, PublicKeyToken=b03f5f7f11d50a3a" className="Tests.Complainatron.ComplaintControllerTests, Tests.Complainatron, Version=1.0.0.0, Culture=neutral, PublicKeyToken=null" name="It_should_throw_an_exception_if_complaint_builder_is_null" />
    </UnitTest>
    <UnitTest name="It_should_return_a_view_as_a_part_of_the_index_action" storage="c:\code\complainatron3\tests.complainatron\bin\debug\tests.complainatron.dll" id="29c812e5-4945-5870-68a4-cf3da5d0e82f">
      <TestCategory>
        <TestCategoryItem TestCategory="Index Action" />
      </TestCategory>
      <Execution id="79911b22-cfd6-48fc-a9e0-e16beea5d2ee" />
      <TestMethod codeBase="C:/Code/Complainatron3/Tests.Complainatron/bin/Debug/Tests.Complainatron.DLL" adapterTypeName="Microsoft.VisualStudio.TestTools.TestTypes.Unit.UnitTestAdapter, Microsoft.VisualStudio.QualityTools.Tips.UnitTest.Adapter, Version=10.0.0.0, Culture=neutral, PublicKeyToken=b03f5f7f11d50a3a" className="Tests.Complainatron.ComplaintControllerTests, Tests.Complainatron, Version=1.0.0.0, Culture=neutral, PublicKeyToken=null" name="It_should_return_a_view_as_a_part_of_the_index_action" />
    </UnitTest>
    <UnitTest name="It_should_throw_an_exception_if_tag_service_is_null" storage="c:\code\complainatron3\tests.complainatron\bin\debug\tests.complainatron.dll" id="cc8fd6f1-60f9-9983-5acc-e6782323e931">
      <TestCategory>
        <TestCategoryItem TestCategory="Creation" />
      </TestCategory>
      <Execution id="7742e652-4ce2-4c4e-95f6-ca4c9b23c85d" />
      <TestMethod codeBase="C:/Code/Complainatron3/Tests.Complainatron/bin/Debug/Tests.Complainatron.DLL" adapterTypeName="Microsoft.VisualStudio.TestTools.TestTypes.Unit.UnitTestAdapter, Microsoft.VisualStudio.QualityTools.Tips.UnitTest.Adapter, Version=10.0.0.0, Culture=neutral, PublicKeyToken=b03f5f7f11d50a3a" className="Tests.Complainatron.TagControllerTests, Tests.Complainatron, Version=1.0.0.0, Culture=neutral, PublicKeyToken=null" name="It_should_throw_an_exception_if_tag_service_is_null" />
    </UnitTest>
    <UnitTest name="It_should_return_a_partial_view_named__about" storage="c:\code\complainatron3\tests.complainatron\bin\debug\tests.complainatron.dll" id="74ad58ca-8037-4542-e734-2d75fa9b27a1">
      <TestCategory>
        <TestCategoryItem TestCategory="About Action" />
      </TestCategory>
      <Execution id="a63e9c08-5876-4e88-b44f-a980e1434154" />
      <TestMethod codeBase="C:/Code/Complainatron3/Tests.Complainatron/bin/Debug/Tests.Complainatron.DLL" adapterTypeName="Microsoft.VisualStudio.TestTools.TestTypes.Unit.UnitTestAdapter, Microsoft.VisualStudio.QualityTools.Tips.UnitTest.Adapter, Version=10.0.0.0, Culture=neutral, PublicKeyToken=b03f5f7f11d50a3a" className="Tests.Complainatron.MainControllerTests, Tests.Complainatron, Version=1.0.0.0, Culture=neutral, PublicKeyToken=null" name="It_should_return_a_partial_view_named__about" />
    </UnitTest>
    <UnitTest name="It_should_throw_an_exception_if_facebook_service_is_null" storage="c:\code\complainatron3\tests.complainatron\bin\debug\tests.complainatron.dll" id="8ca0dd94-8d00-3681-7e7b-bcdc49182639">
      <TestCategory>
        <TestCategoryItem TestCategory="Creation" />
      </TestCategory>
      <Execution id="dc49c396-45b7-4985-a8a9-9dda0ccaaeee" />
      <TestMethod codeBase="C:/Code/Complainatron3/Tests.Complainatron/bin/Debug/Tests.Complainatron.DLL" adapterTypeName="Microsoft.VisualStudio.TestTools.TestTypes.Unit.UnitTestAdapter, Microsoft.VisualStudio.QualityTools.Tips.UnitTest.Adapter, Version=10.0.0.0, Culture=neutral, PublicKeyToken=b03f5f7f11d50a3a" className="Tests.Complainatron.AbstractFacebookControllerTests, Tests.Complainatron, Version=1.0.0.0, Culture=neutral, PublicKeyToken=null" name="It_should_throw_an_exception_if_facebook_service_is_null" />
    </UnitTest>
    <UnitTest name="It_should_throw_an_exception_if_logging_service_is_null" storage="c:\code\complainatron3\tests.complainatron\bin\debug\tests.complainatron.dll" id="7a74fccc-3a78-7dd5-a25a-fb73b8f8d4d7">
      <TestCategory>
        <TestCategoryItem TestCategory="Creation" />
      </TestCategory>
      <Execution id="0d81baab-d9da-4d63-8607-916b74172d43" />
      <TestMethod codeBase="C:/Code/Complainatron3/Tests.Complainatron/bin/Debug/Tests.Complainatron.DLL" adapterTypeName="Microsoft.VisualStudio.TestTools.TestTypes.Unit.UnitTestAdapter, Microsoft.VisualStudio.QualityTools.Tips.UnitTest.Adapter, Version=10.0.0.0, Culture=neutral, PublicKeyToken=b03f5f7f11d50a3a" className="Tests.Complainatron.AbstractFacebookControllerTests, Tests.Complainatron, Version=1.0.0.0, Culture=neutral, PublicKeyToken=null" name="It_should_throw_an_exception_if_logging_service_is_null" />
    </UnitTest>
    <UnitTest name="It_should_redirect_to_the_index_action_if_specified_user_is_not_found" storage="c:\code\complainatron3\tests.complainatron\bin\debug\tests.complainatron.dll" id="f931b9ae-990e-4f43-27eb-1f94d6cb047a">
      <TestCategory>
        <TestCategoryItem TestCategory="Friend Action" />
      </TestCategory>
      <Execution id="496daf0e-5b75-4089-a45d-579b390c4a3a" />
      <TestMethod codeBase="C:/Code/Complainatron3/Tests.Complainatron/bin/Debug/Tests.Complainatron.DLL" adapterTypeName="Microsoft.VisualStudio.TestTools.TestTypes.Unit.UnitTestAdapter, Microsoft.VisualStudio.QualityTools.Tips.UnitTest.Adapter, Version=10.0.0.0, Culture=neutral, PublicKeyToken=b03f5f7f11d50a3a" className="Tests.Complainatron.ComplaintControllerTests, Tests.Complainatron, Version=1.0.0.0, Culture=neutral, PublicKeyToken=null" name="It_should_redirect_to_the_index_action_if_specified_user_is_not_found" />
    </UnitTest>
    <UnitTest name="It_should_return_a_view_as_a_part_of_the_friends_action" storage="c:\code\complainatron3\tests.complainatron\bin\debug\tests.complainatron.dll" id="b2b8632c-b102-57b1-dc49-f5d4b1cc0f34">
      <TestCategory>
        <TestCategoryItem TestCategory="Friend Action" />
      </TestCategory>
      <Execution id="9969e2cb-eb7f-481b-b538-c4855bf6bd1e" />
      <TestMethod codeBase="C:/Code/Complainatron3/Tests.Complainatron/bin/Debug/Tests.Complainatron.DLL" adapterTypeName="Microsoft.VisualStudio.TestTools.TestTypes.Unit.UnitTestAdapter, Microsoft.VisualStudio.QualityTools.Tips.UnitTest.Adapter, Version=10.0.0.0, Culture=neutral, PublicKeyToken=b03f5f7f11d50a3a" className="Tests.Complainatron.ComplaintControllerTests, Tests.Complainatron, Version=1.0.0.0, Culture=neutral, PublicKeyToken=null" name="It_should_return_a_view_as_a_part_of_the_friends_action" />
    </UnitTest>
    <UnitTest name="It_should_return_a_view_as_a_part_of_the_tag_action" storage="c:\code\complainatron3\tests.complainatron\bin\debug\tests.complainatron.dll" id="de63c1b4-1c1f-9f57-f7e5-a98bc56732e3">
      <TestCategory>
        <TestCategoryItem TestCategory="Tag Action" />
      </TestCategory>
      <Execution id="1f5e30ab-4e6b-44e1-b989-c0d27373460b" />
      <TestMethod codeBase="C:/Code/Complainatron3/Tests.Complainatron/bin/Debug/Tests.Complainatron.DLL" adapterTypeName="Microsoft.VisualStudio.TestTools.TestTypes.Unit.UnitTestAdapter, Microsoft.VisualStudio.QualityTools.Tips.UnitTest.Adapter, Version=10.0.0.0, Culture=neutral, PublicKeyToken=b03f5f7f11d50a3a" className="Tests.Complainatron.ComplaintControllerTests, Tests.Complainatron, Version=1.0.0.0, Culture=neutral, PublicKeyToken=null" name="It_should_return_a_view_as_a_part_of_the_tag_action" />
    </UnitTest>
    <UnitTest name="It_should_use_the_tag_builder_to_create_a_list_of_view_models" storage="c:\code\complainatron3\tests.complainatron\bin\debug\tests.complainatron.dll" id="43a58456-2a87-37f5-f26d-3bea5dd5f2eb">
      <TestCategory>
        <TestCategoryItem TestCategory="Index Action" />
      </TestCategory>
      <Execution id="2749e1f7-88ef-4284-88ac-5ca254b9f650" />
      <TestMethod codeBase="C:/Code/Complainatron3/Tests.Complainatron/bin/Debug/Tests.Complainatron.DLL" adapterTypeName="Microsoft.VisualStudio.TestTools.TestTypes.Unit.UnitTestAdapter, Microsoft.VisualStudio.QualityTools.Tips.UnitTest.Adapter, Version=10.0.0.0, Culture=neutral, PublicKeyToken=b03f5f7f11d50a3a" className="Tests.Complainatron.TagControllerTests, Tests.Complainatron, Version=1.0.0.0, Culture=neutral, PublicKeyToken=null" name="It_should_use_the_tag_builder_to_create_a_list_of_view_models" />
    </UnitTest>
    <UnitTest name="It_should_throw_an_exception_if_tag_service_is_null" storage="c:\code\complainatron3\tests.complainatron\bin\debug\tests.complainatron.dll" id="b6a7185e-c355-1a77-1427-f2388d0cf302">
      <TestCategory>
        <TestCategoryItem TestCategory="Creation" />
      </TestCategory>
      <Execution id="b3fb7085-8486-41df-9a8a-05b21beb6c04" />
      <TestMethod codeBase="C:/Code/Complainatron3/Tests.Complainatron/bin/Debug/Tests.Complainatron.DLL" adapterTypeName="Microsoft.VisualStudio.TestTools.TestTypes.Unit.UnitTestAdapter, Microsoft.VisualStudio.QualityTools.Tips.UnitTest.Adapter, Version=10.0.0.0, Culture=neutral, PublicKeyToken=b03f5f7f11d50a3a" className="Tests.Complainatron.ComplaintControllerTests, Tests.Complainatron, Version=1.0.0.0, Culture=neutral, PublicKeyToken=null" name="It_should_throw_an_exception_if_tag_service_is_null" />
    </UnitTest>
    <UnitTest name="It_should_return_a_view" storage="c:\code\complainatron3\tests.complainatron\bin\debug\tests.complainatron.dll" id="0f054cb8-6cbe-dd4c-c48e-c6047588a073">
      <TestCategory>
        <TestCategoryItem TestCategory="Index Action" />
      </TestCategory>
      <Execution id="cac9d1c0-f524-4ffc-a1ff-5eaaca644a8f" />
      <TestMethod codeBase="C:/Code/Complainatron3/Tests.Complainatron/bin/Debug/Tests.Complainatron.DLL" adapterTypeName="Microsoft.VisualStudio.TestTools.TestTypes.Unit.UnitTestAdapter, Microsoft.VisualStudio.QualityTools.Tips.UnitTest.Adapter, Version=10.0.0.0, Culture=neutral, PublicKeyToken=b03f5f7f11d50a3a" className="Tests.Complainatron.MapControllerTests, Tests.Complainatron, Version=1.0.0.0, Culture=neutral, PublicKeyToken=null" name="It_should_return_a_view" />
    </UnitTest>
    <UnitTest name="It_should_have_a_chart_data_view_model_in_its_view" storage="c:\code\complainatron3\tests.complainatron\bin\debug\tests.complainatron.dll" id="1e9e7b51-057d-9149-3fb6-f9208fa86207">
      <TestCategory>
        <TestCategoryItem TestCategory="Index Action" />
      </TestCategory>
      <Execution id="5d9956b7-2680-4aac-8a40-fd3eab1481f6" />
      <TestMethod codeBase="C:/Code/Complainatron3/Tests.Complainatron/bin/Debug/Tests.Complainatron.DLL" adapterTypeName="Microsoft.VisualStudio.TestTools.TestTypes.Unit.UnitTestAdapter, Microsoft.VisualStudio.QualityTools.Tips.UnitTest.Adapter, Version=10.0.0.0, Culture=neutral, PublicKeyToken=b03f5f7f11d50a3a" className="Tests.Complainatron.MapControllerTests, Tests.Complainatron, Version=1.0.0.0, Culture=neutral, PublicKeyToken=null" name="It_should_have_a_chart_data_view_model_in_its_view" />
    </UnitTest>
    <UnitTest name="It_should_redirect_to_the_index_action_if_tag_specified_tag_is_not_found" storage="c:\code\complainatron3\tests.complainatron\bin\debug\tests.complainatron.dll" id="7dbf40fa-558c-b37d-3518-0d5964f875ad">
      <TestCategory>
        <TestCategoryItem TestCategory="Tag Action" />
      </TestCategory>
      <Execution id="1aede274-7d9b-4767-9e94-3e08f68686e2" />
      <TestMethod codeBase="C:/Code/Complainatron3/Tests.Complainatron/bin/Debug/Tests.Complainatron.DLL" adapterTypeName="Microsoft.VisualStudio.TestTools.TestTypes.Unit.UnitTestAdapter, Microsoft.VisualStudio.QualityTools.Tips.UnitTest.Adapter, Version=10.0.0.0, Culture=neutral, PublicKeyToken=b03f5f7f11d50a3a" className="Tests.Complainatron.ComplaintControllerTests, Tests.Complainatron, Version=1.0.0.0, Culture=neutral, PublicKeyToken=null" name="It_should_redirect_to_the_index_action_if_tag_specified_tag_is_not_found" />
    </UnitTest>
    <UnitTest name="It_should_return_a_partial_view" storage="c:\code\complainatron3\tests.complainatron\bin\debug\tests.complainatron.dll" id="3d18a9ac-f9a8-bfcf-81d2-44c90128be9c">
      <TestCategory>
        <TestCategoryItem TestCategory="Index Action" />
      </TestCategory>
      <Execution id="c6981b70-aca1-4711-b4be-24d362eee50d" />
      <TestMethod codeBase="C:/Code/Complainatron3/Tests.Complainatron/bin/Debug/Tests.Complainatron.DLL" adapterTypeName="Microsoft.VisualStudio.TestTools.TestTypes.Unit.UnitTestAdapter, Microsoft.VisualStudio.QualityTools.Tips.UnitTest.Adapter, Version=10.0.0.0, Culture=neutral, PublicKeyToken=b03f5f7f11d50a3a" className="Tests.Complainatron.TagControllerTests, Tests.Complainatron, Version=1.0.0.0, Culture=neutral, PublicKeyToken=null" name="It_should_return_a_partial_view" />
    </UnitTest>
    <UnitTest name="It_should_ask_the_complaint_service_for_all_complaints" storage="c:\code\complainatron3\tests.complainatron\bin\debug\tests.complainatron.dll" id="7fa73dbd-de6d-0ac1-9c78-9efc7a619388">
      <TestCategory>
        <TestCategoryItem TestCategory="Index Action" />
      </TestCategory>
      <Execution id="85a56be6-b454-47db-a2b1-2060050aa7e0" />
      <TestMethod codeBase="C:/Code/Complainatron3/Tests.Complainatron/bin/Debug/Tests.Complainatron.DLL" adapterTypeName="Microsoft.VisualStudio.TestTools.TestTypes.Unit.UnitTestAdapter, Microsoft.VisualStudio.QualityTools.Tips.UnitTest.Adapter, Version=10.0.0.0, Culture=neutral, PublicKeyToken=b03f5f7f11d50a3a" className="Tests.Complainatron.MapControllerTests, Tests.Complainatron, Version=1.0.0.0, Culture=neutral, PublicKeyToken=null" name="It_should_ask_the_complaint_service_for_all_complaints" />
    </UnitTest>
    <UnitTest name="It_should_return_a_view" storage="c:\code\complainatron3\tests.complainatron\bin\debug\tests.complainatron.dll" id="f0690b77-6da3-dfa0-d405-007e7fb12845">
      <TestCategory>
        <TestCategoryItem TestCategory="Index Action" />
      </TestCategory>
      <Execution id="7a0123a7-b58d-4d0e-95db-fdc2afadf120" />
      <TestMethod codeBase="C:/Code/Complainatron3/Tests.Complainatron/bin/Debug/Tests.Complainatron.DLL" adapterTypeName="Microsoft.VisualStudio.TestTools.TestTypes.Unit.UnitTestAdapter, Microsoft.VisualStudio.QualityTools.Tips.UnitTest.Adapter, Version=10.0.0.0, Culture=neutral, PublicKeyToken=b03f5f7f11d50a3a" className="Tests.Complainatron.ChartControllerTests, Tests.Complainatron, Version=1.0.0.0, Culture=neutral, PublicKeyToken=null" name="It_should_return_a_view" />
    </UnitTest>
    <UnitTest name="It_should_return_a_partial_view" storage="c:\code\complainatron3\tests.complainatron\bin\debug\tests.complainatron.dll" id="10f84829-6344-db79-b0e9-ea013eb2f716">
      <TestCategory>
        <TestCategoryItem TestCategory="About Action" />
      </TestCategory>
      <Execution id="f9a80e62-b175-4cda-9b24-e32a0aa95895" />
      <TestMethod codeBase="C:/Code/Complainatron3/Tests.Complainatron/bin/Debug/Tests.Complainatron.DLL" adapterTypeName="Microsoft.VisualStudio.TestTools.TestTypes.Unit.UnitTestAdapter, Microsoft.VisualStudio.QualityTools.Tips.UnitTest.Adapter, Version=10.0.0.0, Culture=neutral, PublicKeyToken=b03f5f7f11d50a3a" className="Tests.Complainatron.MainControllerTests, Tests.Complainatron, Version=1.0.0.0, Culture=neutral, PublicKeyToken=null" name="It_should_return_a_partial_view" />
    </UnitTest>
    <UnitTest name="It_should_ask_the_complaint_service_for_a_paged_list_of_complaints_as_a_part_of_the_tag_action" storage="c:\code\complainatron3\tests.complainatron\bin\debug\tests.complainatron.dll" id="5cd76d45-1adf-2851-c0e7-fa315d3c8c2b">
      <TestCategory>
        <TestCategoryItem TestCategory="Tag Action" />
      </TestCategory>
      <Execution id="6215e78e-69dc-4b0d-a2d3-8614386b957b" />
      <TestMethod codeBase="C:/Code/Complainatron3/Tests.Complainatron/bin/Debug/Tests.Complainatron.DLL" adapterTypeName="Microsoft.VisualStudio.TestTools.TestTypes.Unit.UnitTestAdapter, Microsoft.VisualStudio.QualityTools.Tips.UnitTest.Adapter, Version=10.0.0.0, Culture=neutral, PublicKeyToken=b03f5f7f11d50a3a" className="Tests.Complainatron.ComplaintControllerTests, Tests.Complainatron, Version=1.0.0.0, Culture=neutral, PublicKeyToken=null" name="It_should_ask_the_complaint_service_for_a_paged_list_of_complaints_as_a_part_of_the_tag_action" />
    </UnitTest>
    <UnitTest name="It_should_ask_the_service_to_get_all_tags_with_their_respective_counts" storage="c:\code\complainatron3\tests.complainatron\bin\debug\tests.complainatron.dll" id="3b6beb09-33bf-2a5c-6864-647e66c1e652">
      <TestCategory>
        <TestCategoryItem TestCategory="Index Action" />
      </TestCategory>
      <Execution id="fe3171d7-bd76-4616-bebc-efc688a8fb13" />
      <TestMethod codeBase="C:/Code/Complainatron3/Tests.Complainatron/bin/Debug/Tests.Complainatron.DLL" adapterTypeName="Microsoft.VisualStudio.TestTools.TestTypes.Unit.UnitTestAdapter, Microsoft.VisualStudio.QualityTools.Tips.UnitTest.Adapter, Version=10.0.0.0, Culture=neutral, PublicKeyToken=b03f5f7f11d50a3a" className="Tests.Complainatron.ChartControllerTests, Tests.Complainatron, Version=1.0.0.0, Culture=neutral, PublicKeyToken=null" name="It_should_ask_the_service_to_get_all_tags_with_their_respective_counts" />
    </UnitTest>
    <UnitTest name="It_should_throw_an_exception_if_user_service_is_null" storage="c:\code\complainatron3\tests.complainatron\bin\debug\tests.complainatron.dll" id="bf31f7f0-a2a0-4bd2-dd65-6ece24083ee4">
      <TestCategory>
        <TestCategoryItem TestCategory="Creation" />
      </TestCategory>
      <Execution id="75717dc4-0aef-4ec0-a808-f66d51ecf265" />
      <TestMethod codeBase="C:/Code/Complainatron3/Tests.Complainatron/bin/Debug/Tests.Complainatron.DLL" adapterTypeName="Microsoft.VisualStudio.TestTools.TestTypes.Unit.UnitTestAdapter, Microsoft.VisualStudio.QualityTools.Tips.UnitTest.Adapter, Version=10.0.0.0, Culture=neutral, PublicKeyToken=b03f5f7f11d50a3a" className="Tests.Complainatron.ComplaintControllerTests, Tests.Complainatron, Version=1.0.0.0, Culture=neutral, PublicKeyToken=null" name="It_should_throw_an_exception_if_user_service_is_null" />
    </UnitTest>
    <UnitTest name="It_should_throw_an_exception_if_complaint_severity_service_is_null" storage="c:\code\complainatron3\tests.complainatron\bin\debug\tests.complainatron.dll" id="a2fc997c-f0ad-8f43-71b9-befe4e308a8b">
      <TestCategory>
        <TestCategoryItem TestCategory="Creation" />
      </TestCategory>
      <Execution id="a5b0a4b5-b49c-4255-b3c9-b59376a47337" />
      <TestMethod codeBase="C:/Code/Complainatron3/Tests.Complainatron/bin/Debug/Tests.Complainatron.DLL" adapterTypeName="Microsoft.VisualStudio.TestTools.TestTypes.Unit.UnitTestAdapter, Microsoft.VisualStudio.QualityTools.Tips.UnitTest.Adapter, Version=10.0.0.0, Culture=neutral, PublicKeyToken=b03f5f7f11d50a3a" className="Tests.Complainatron.ComplaintControllerTests, Tests.Complainatron, Version=1.0.0.0, Culture=neutral, PublicKeyToken=null" name="It_should_throw_an_exception_if_complaint_severity_service_is_null" />
    </UnitTest>
    <UnitTest name="It_should_throw_an_exception_if_tag_builder_is_null" storage="c:\code\complainatron3\tests.complainatron\bin\debug\tests.complainatron.dll" id="2283bcaa-a915-bbc4-9f2a-9f1e92e364a5">
      <TestCategory>
        <TestCategoryItem TestCategory="Creation" />
      </TestCategory>
      <Execution id="ba06b6b1-5817-489e-ac7d-07e28ac4ebd6" />
      <TestMethod codeBase="C:/Code/Complainatron3/Tests.Complainatron/bin/Debug/Tests.Complainatron.DLL" adapterTypeName="Microsoft.VisualStudio.TestTools.TestTypes.Unit.UnitTestAdapter, Microsoft.VisualStudio.QualityTools.Tips.UnitTest.Adapter, Version=10.0.0.0, Culture=neutral, PublicKeyToken=b03f5f7f11d50a3a" className="Tests.Complainatron.TagControllerTests, Tests.Complainatron, Version=1.0.0.0, Culture=neutral, PublicKeyToken=null" name="It_should_throw_an_exception_if_tag_builder_is_null" />
    </UnitTest>
    <UnitTest name="It_should_return_a_partial_view_called__index" storage="c:\code\complainatron3\tests.complainatron\bin\debug\tests.complainatron.dll" id="e69681b7-cdaa-317d-ccd1-7c7c5073cf4c">
      <TestCategory>
        <TestCategoryItem TestCategory="Index Action" />
      </TestCategory>
      <Execution id="02fdd634-7a44-4658-861b-0193b9fb7e06" />
      <TestMethod codeBase="C:/Code/Complainatron3/Tests.Complainatron/bin/Debug/Tests.Complainatron.DLL" adapterTypeName="Microsoft.VisualStudio.TestTools.TestTypes.Unit.UnitTestAdapter, Microsoft.VisualStudio.QualityTools.Tips.UnitTest.Adapter, Version=10.0.0.0, Culture=neutral, PublicKeyToken=b03f5f7f11d50a3a" className="Tests.Complainatron.FriendsControllerTests, Tests.Complainatron, Version=1.0.0.0, Culture=neutral, PublicKeyToken=null" name="It_should_return_a_partial_view_called__index" />
    </UnitTest>
    <UnitTest name="It_should_ask_the_facebook_service_for_me_as_part_of_tag_action" storage="c:\code\complainatron3\tests.complainatron\bin\debug\tests.complainatron.dll" id="ff84291d-6907-1271-e188-6b262b177ccc">
      <TestCategory>
        <TestCategoryItem TestCategory="Tag Action" />
      </TestCategory>
      <Execution id="18b1a436-2501-436e-b844-9a359f8135ec" />
      <TestMethod codeBase="C:/Code/Complainatron3/Tests.Complainatron/bin/Debug/Tests.Complainatron.DLL" adapterTypeName="Microsoft.VisualStudio.TestTools.TestTypes.Unit.UnitTestAdapter, Microsoft.VisualStudio.QualityTools.Tips.UnitTest.Adapter, Version=10.0.0.0, Culture=neutral, PublicKeyToken=b03f5f7f11d50a3a" className="Tests.Complainatron.ComplaintControllerTests, Tests.Complainatron, Version=1.0.0.0, Culture=neutral, PublicKeyToken=null" name="It_should_ask_the_facebook_service_for_me_as_part_of_tag_action" />
    </UnitTest>
    <UnitTest name="It_should_ask_the_complaint_service_for_a_paged_list_of_complaints_as_a_part_of_the_index_action" storage="c:\code\complainatron3\tests.complainatron\bin\debug\tests.complainatron.dll" id="90346060-98c7-0a49-8aa2-b10a6776b5fd">
      <TestCategory>
        <TestCategoryItem TestCategory="Index Action" />
      </TestCategory>
      <Execution id="6136b1eb-a2c6-49d4-8bc0-011b6b099b3f" />
      <TestMethod codeBase="C:/Code/Complainatron3/Tests.Complainatron/bin/Debug/Tests.Complainatron.DLL" adapterTypeName="Microsoft.VisualStudio.TestTools.TestTypes.Unit.UnitTestAdapter, Microsoft.VisualStudio.QualityTools.Tips.UnitTest.Adapter, Version=10.0.0.0, Culture=neutral, PublicKeyToken=b03f5f7f11d50a3a" className="Tests.Complainatron.ComplaintControllerTests, Tests.Complainatron, Version=1.0.0.0, Culture=neutral, PublicKeyToken=null" name="It_should_ask_the_complaint_service_for_a_paged_list_of_complaints_as_a_part_of_the_index_action" />
    </UnitTest>
    <UnitTest name="It_should_ask_the_complaint_service_for_a_paged_list_of_complaints_as_a_part_of_the_friend_action" storage="c:\code\complainatron3\tests.complainatron\bin\debug\tests.complainatron.dll" id="767b0ddd-20a0-e4a0-0889-d26aa591067a">
      <TestCategory>
        <TestCategoryItem TestCategory="Friend Action" />
      </TestCategory>
      <Execution id="4c637696-8cac-4e77-b636-0e3639436ab3" />
      <TestMethod codeBase="C:/Code/Complainatron3/Tests.Complainatron/bin/Debug/Tests.Complainatron.DLL" adapterTypeName="Microsoft.VisualStudio.TestTools.TestTypes.Unit.UnitTestAdapter, Microsoft.VisualStudio.QualityTools.Tips.UnitTest.Adapter, Version=10.0.0.0, Culture=neutral, PublicKeyToken=b03f5f7f11d50a3a" className="Tests.Complainatron.ComplaintControllerTests, Tests.Complainatron, Version=1.0.0.0, Culture=neutral, PublicKeyToken=null" name="It_should_ask_the_complaint_service_for_a_paged_list_of_complaints_as_a_part_of_the_friend_action" />
    </UnitTest>
    <UnitTest name="It_should_throw_an_exception_if_complaint_service_is_null" storage="c:\code\complainatron3\tests.complainatron\bin\debug\tests.complainatron.dll" id="10dd6907-5141-cb42-4165-9b7b7c5df640">
      <TestCategory>
        <TestCategoryItem TestCategory="Creation" />
      </TestCategory>
      <Execution id="5ca254c9-ec6e-4458-bdaa-9cb533dcc81a" />
      <TestMethod codeBase="C:/Code/Complainatron3/Tests.Complainatron/bin/Debug/Tests.Complainatron.DLL" adapterTypeName="Microsoft.VisualStudio.TestTools.TestTypes.Unit.UnitTestAdapter, Microsoft.VisualStudio.QualityTools.Tips.UnitTest.Adapter, Version=10.0.0.0, Culture=neutral, PublicKeyToken=b03f5f7f11d50a3a" className="Tests.Complainatron.ComplaintControllerTests, Tests.Complainatron, Version=1.0.0.0, Culture=neutral, PublicKeyToken=null" name="It_should_throw_an_exception_if_complaint_service_is_null" />
    </UnitTest>
    <UnitTest name="It_should_ask_the_facebook_service_for_a_list_of_friends" storage="c:\code\complainatron3\tests.complainatron\bin\debug\tests.complainatron.dll" id="9b34144b-af57-82ac-232c-05f31ac3f84e">
      <TestCategory>
        <TestCategoryItem TestCategory="Index Action" />
      </TestCategory>
      <Execution id="73b5878d-b67e-482e-89e1-18e5b9412d94" />
      <TestMethod codeBase="C:/Code/Complainatron3/Tests.Complainatron/bin/Debug/Tests.Complainatron.DLL" adapterTypeName="Microsoft.VisualStudio.TestTools.TestTypes.Unit.UnitTestAdapter, Microsoft.VisualStudio.QualityTools.Tips.UnitTest.Adapter, Version=10.0.0.0, Culture=neutral, PublicKeyToken=b03f5f7f11d50a3a" className="Tests.Complainatron.FriendsControllerTests, Tests.Complainatron, Version=1.0.0.0, Culture=neutral, PublicKeyToken=null" name="It_should_ask_the_facebook_service_for_a_list_of_friends" />
    </UnitTest>
    <UnitTest name="It_should_ask_the_user_service_to_get_the_requested_friend" storage="c:\code\complainatron3\tests.complainatron\bin\debug\tests.complainatron.dll" id="c2755fd0-55b4-448f-fa6a-eef452c59cb3">
      <TestCategory>
        <TestCategoryItem TestCategory="Friend Action" />
      </TestCategory>
      <Execution id="d59bc2ed-765f-4723-9635-855c2fd9247f" />
      <TestMethod codeBase="C:/Code/Complainatron3/Tests.Complainatron/bin/Debug/Tests.Complainatron.DLL" adapterTypeName="Microsoft.VisualStudio.TestTools.TestTypes.Unit.UnitTestAdapter, Microsoft.VisualStudio.QualityTools.Tips.UnitTest.Adapter, Version=10.0.0.0, Culture=neutral, PublicKeyToken=b03f5f7f11d50a3a" className="Tests.Complainatron.ComplaintControllerTests, Tests.Complainatron, Version=1.0.0.0, Culture=neutral, PublicKeyToken=null" name="It_should_ask_the_user_service_to_get_the_requested_friend" />
    </UnitTest>
    <UnitTest name="It_should_ask_the_facebook_service_for_me_as_part_of_index_action" storage="c:\code\complainatron3\tests.complainatron\bin\debug\tests.complainatron.dll" id="7f61e121-c7a8-7263-1837-c1328f01eda7">
      <TestCategory>
        <TestCategoryItem TestCategory="Index Action" />
      </TestCategory>
      <Execution id="dd594478-d183-4a15-bb69-fa2b1149e6d3" />
      <TestMethod codeBase="C:/Code/Complainatron3/Tests.Complainatron/bin/Debug/Tests.Complainatron.DLL" adapterTypeName="Microsoft.VisualStudio.TestTools.TestTypes.Unit.UnitTestAdapter, Microsoft.VisualStudio.QualityTools.Tips.UnitTest.Adapter, Version=10.0.0.0, Culture=neutral, PublicKeyToken=b03f5f7f11d50a3a" className="Tests.Complainatron.ComplaintControllerTests, Tests.Complainatron, Version=1.0.0.0, Culture=neutral, PublicKeyToken=null" name="It_should_ask_the_facebook_service_for_me_as_part_of_index_action" />
    </UnitTest>
    <UnitTest name="It_should_throw_an_exception_if_tag_builder_is_null" storage="c:\code\complainatron3\tests.complainatron\bin\debug\tests.complainatron.dll" id="41f458f2-f333-8429-3a9d-5aade813bade">
      <TestCategory>
        <TestCategoryItem TestCategory="Creation" />
      </TestCategory>
      <Execution id="eed36093-a30b-4843-b2d8-338072a152b7" />
      <TestMethod codeBase="C:/Code/Complainatron3/Tests.Complainatron/bin/Debug/Tests.Complainatron.DLL" adapterTypeName="Microsoft.VisualStudio.TestTools.TestTypes.Unit.UnitTestAdapter, Microsoft.VisualStudio.QualityTools.Tips.UnitTest.Adapter, Version=10.0.0.0, Culture=neutral, PublicKeyToken=b03f5f7f11d50a3a" className="Tests.Complainatron.ComplaintControllerTests, Tests.Complainatron, Version=1.0.0.0, Culture=neutral, PublicKeyToken=null" name="It_should_throw_an_exception_if_tag_builder_is_null" />
    </UnitTest>
    <UnitTest name="It_should_have_a_chart_data_view_model_in_its_view" storage="c:\code\complainatron3\tests.complainatron\bin\debug\tests.complainatron.dll" id="a1efffce-f557-40c3-1c11-2522b30a2b71">
      <TestCategory>
        <TestCategoryItem TestCategory="Index Action" />
      </TestCategory>
      <Execution id="c0e66497-2ddc-476e-8950-9cbc4195a95c" />
      <TestMethod codeBase="C:/Code/Complainatron3/Tests.Complainatron/bin/Debug/Tests.Complainatron.DLL" adapterTypeName="Microsoft.VisualStudio.TestTools.TestTypes.Unit.UnitTestAdapter, Microsoft.VisualStudio.QualityTools.Tips.UnitTest.Adapter, Version=10.0.0.0, Culture=neutral, PublicKeyToken=b03f5f7f11d50a3a" className="Tests.Complainatron.ChartControllerTests, Tests.Complainatron, Version=1.0.0.0, Culture=neutral, PublicKeyToken=null" name="It_should_have_a_chart_data_view_model_in_its_view" />
    </UnitTest>
  </TestDefinitions>
  <TestLists>
    <TestList name="Results Not in a List" id="8c84fa94-04c1-424b-9868-57a2d4851a1d" />
    <TestList name="All Loaded Results" id="19431567-8539-422a-85d7-44ee4e166bda" />
  </TestLists>
  <TestEntries>
    <TestEntry testId="068afdfa-bec9-e854-d1ae-8a3613a6566c" executionId="aab845a1-3e42-4b89-a1be-5874b0851ae5" testListId="8c84fa94-04c1-424b-9868-57a2d4851a1d" />
    <TestEntry testId="0f054cb8-6cbe-dd4c-c48e-c6047588a073" executionId="cac9d1c0-f524-4ffc-a1ff-5eaaca644a8f" testListId="8c84fa94-04c1-424b-9868-57a2d4851a1d" />
    <TestEntry testId="10dd6907-5141-cb42-4165-9b7b7c5df640" executionId="5ca254c9-ec6e-4458-bdaa-9cb533dcc81a" testListId="8c84fa94-04c1-424b-9868-57a2d4851a1d" />
    <TestEntry testId="10f84829-6344-db79-b0e9-ea013eb2f716" executionId="f9a80e62-b175-4cda-9b24-e32a0aa95895" testListId="8c84fa94-04c1-424b-9868-57a2d4851a1d" />
    <TestEntry testId="1e9e7b51-057d-9149-3fb6-f9208fa86207" executionId="5d9956b7-2680-4aac-8a40-fd3eab1481f6" testListId="8c84fa94-04c1-424b-9868-57a2d4851a1d" />
    <TestEntry testId="2283bcaa-a915-bbc4-9f2a-9f1e92e364a5" executionId="ba06b6b1-5817-489e-ac7d-07e28ac4ebd6" testListId="8c84fa94-04c1-424b-9868-57a2d4851a1d" />
    <TestEntry testId="29c812e5-4945-5870-68a4-cf3da5d0e82f" executionId="79911b22-cfd6-48fc-a9e0-e16beea5d2ee" testListId="8c84fa94-04c1-424b-9868-57a2d4851a1d" />
    <TestEntry testId="3b6beb09-33bf-2a5c-6864-647e66c1e652" executionId="fe3171d7-bd76-4616-bebc-efc688a8fb13" testListId="8c84fa94-04c1-424b-9868-57a2d4851a1d" />
    <TestEntry testId="3d18a9ac-f9a8-bfcf-81d2-44c90128be9c" executionId="c6981b70-aca1-4711-b4be-24d362eee50d" testListId="8c84fa94-04c1-424b-9868-57a2d4851a1d" />
    <TestEntry testId="41f458f2-f333-8429-3a9d-5aade813bade" executionId="eed36093-a30b-4843-b2d8-338072a152b7" testListId="8c84fa94-04c1-424b-9868-57a2d4851a1d" />
    <TestEntry testId="43a58456-2a87-37f5-f26d-3bea5dd5f2eb" executionId="2749e1f7-88ef-4284-88ac-5ca254b9f650" testListId="8c84fa94-04c1-424b-9868-57a2d4851a1d" />
    <TestEntry testId="5cd76d45-1adf-2851-c0e7-fa315d3c8c2b" executionId="6215e78e-69dc-4b0d-a2d3-8614386b957b" testListId="8c84fa94-04c1-424b-9868-57a2d4851a1d" />
    <TestEntry testId="7472235a-07a1-64be-c16f-018bc1be6c02" executionId="b080bebf-5c12-4238-814a-5698576bacbc" testListId="8c84fa94-04c1-424b-9868-57a2d4851a1d" />
    <TestEntry testId="74ad58ca-8037-4542-e734-2d75fa9b27a1" executionId="a63e9c08-5876-4e88-b44f-a980e1434154" testListId="8c84fa94-04c1-424b-9868-57a2d4851a1d" />
    <TestEntry testId="767b0ddd-20a0-e4a0-0889-d26aa591067a" executionId="4c637696-8cac-4e77-b636-0e3639436ab3" testListId="8c84fa94-04c1-424b-9868-57a2d4851a1d" />
    <TestEntry testId="7684eaed-9f74-f999-e2d5-3c5d9d01ff19" executionId="f6c28d0d-499b-436e-973d-9adabc269b5c" testListId="8c84fa94-04c1-424b-9868-57a2d4851a1d" />
    <TestEntry testId="7a74fccc-3a78-7dd5-a25a-fb73b8f8d4d7" executionId="0d81baab-d9da-4d63-8607-916b74172d43" testListId="8c84fa94-04c1-424b-9868-57a2d4851a1d" />
    <TestEntry testId="7dbf40fa-558c-b37d-3518-0d5964f875ad" executionId="1aede274-7d9b-4767-9e94-3e08f68686e2" testListId="8c84fa94-04c1-424b-9868-57a2d4851a1d" />
    <TestEntry testId="7e059270-f99e-7f0c-944d-a1420e836093" executionId="1d9bc332-efd1-449e-8640-ab2d756c100d" testListId="8c84fa94-04c1-424b-9868-57a2d4851a1d" />
    <TestEntry testId="7f61e121-c7a8-7263-1837-c1328f01eda7" executionId="dd594478-d183-4a15-bb69-fa2b1149e6d3" testListId="8c84fa94-04c1-424b-9868-57a2d4851a1d" />
    <TestEntry testId="7fa73dbd-de6d-0ac1-9c78-9efc7a619388" executionId="85a56be6-b454-47db-a2b1-2060050aa7e0" testListId="8c84fa94-04c1-424b-9868-57a2d4851a1d" />
    <TestEntry testId="8778246f-bfa9-c2d1-b343-6fd2e66339d0" executionId="72571460-7fda-4ff6-8b4c-be3a40186199" testListId="8c84fa94-04c1-424b-9868-57a2d4851a1d" />
    <TestEntry testId="8ca0dd94-8d00-3681-7e7b-bcdc49182639" executionId="dc49c396-45b7-4985-a8a9-9dda0ccaaeee" testListId="8c84fa94-04c1-424b-9868-57a2d4851a1d" />
    <TestEntry testId="90346060-98c7-0a49-8aa2-b10a6776b5fd" executionId="6136b1eb-a2c6-49d4-8bc0-011b6b099b3f" testListId="8c84fa94-04c1-424b-9868-57a2d4851a1d" />
    <TestEntry testId="9b34144b-af57-82ac-232c-05f31ac3f84e" executionId="73b5878d-b67e-482e-89e1-18e5b9412d94" testListId="8c84fa94-04c1-424b-9868-57a2d4851a1d" />
    <TestEntry testId="a1efffce-f557-40c3-1c11-2522b30a2b71" executionId="c0e66497-2ddc-476e-8950-9cbc4195a95c" testListId="8c84fa94-04c1-424b-9868-57a2d4851a1d" />
    <TestEntry testId="a2fc997c-f0ad-8f43-71b9-befe4e308a8b" executionId="a5b0a4b5-b49c-4255-b3c9-b59376a47337" testListId="8c84fa94-04c1-424b-9868-57a2d4851a1d" />
    <TestEntry testId="b2b8632c-b102-57b1-dc49-f5d4b1cc0f34" executionId="9969e2cb-eb7f-481b-b538-c4855bf6bd1e" testListId="8c84fa94-04c1-424b-9868-57a2d4851a1d" />
    <TestEntry testId="b6a7185e-c355-1a77-1427-f2388d0cf302" executionId="b3fb7085-8486-41df-9a8a-05b21beb6c04" testListId="8c84fa94-04c1-424b-9868-57a2d4851a1d" />
    <TestEntry testId="bf31f7f0-a2a0-4bd2-dd65-6ece24083ee4" executionId="75717dc4-0aef-4ec0-a808-f66d51ecf265" testListId="8c84fa94-04c1-424b-9868-57a2d4851a1d" />
    <TestEntry testId="c2755fd0-55b4-448f-fa6a-eef452c59cb3" executionId="d59bc2ed-765f-4723-9635-855c2fd9247f" testListId="8c84fa94-04c1-424b-9868-57a2d4851a1d" />
    <TestEntry testId="c7ea3ecb-50f5-2712-8aca-008c0a2be236" executionId="2f68475a-761e-464a-9618-feb2e9232cca" testListId="8c84fa94-04c1-424b-9868-57a2d4851a1d" />
    <TestEntry testId="cc8fd6f1-60f9-9983-5acc-e6782323e931" executionId="7742e652-4ce2-4c4e-95f6-ca4c9b23c85d" testListId="8c84fa94-04c1-424b-9868-57a2d4851a1d" />
    <TestEntry testId="d1b01a50-f114-c36e-df25-5ce88648af81" executionId="c81b201f-f183-41f9-a551-e5c1420a7ae9" testListId="8c84fa94-04c1-424b-9868-57a2d4851a1d" />
    <TestEntry testId="de63c1b4-1c1f-9f57-f7e5-a98bc56732e3" executionId="1f5e30ab-4e6b-44e1-b989-c0d27373460b" testListId="8c84fa94-04c1-424b-9868-57a2d4851a1d" />
    <TestEntry testId="e69681b7-cdaa-317d-ccd1-7c7c5073cf4c" executionId="02fdd634-7a44-4658-861b-0193b9fb7e06" testListId="8c84fa94-04c1-424b-9868-57a2d4851a1d" />
    <TestEntry testId="f0690b77-6da3-dfa0-d405-007e7fb12845" executionId="7a0123a7-b58d-4d0e-95db-fdc2afadf120" testListId="8c84fa94-04c1-424b-9868-57a2d4851a1d" />
    <TestEntry testId="f182e86d-440a-114e-75b8-405a96928ec7" executionId="6756955e-1322-4b08-aada-48437a11b23e" testListId="8c84fa94-04c1-424b-9868-57a2d4851a1d" />
    <TestEntry testId="f931b9ae-990e-4f43-27eb-1f94d6cb047a" executionId="496daf0e-5b75-4089-a45d-579b390c4a3a" testListId="8c84fa94-04c1-424b-9868-57a2d4851a1d" />
    <TestEntry testId="ff84291d-6907-1271-e188-6b262b177ccc" executionId="18b1a436-2501-436e-b844-9a359f8135ec" testListId="8c84fa94-04c1-424b-9868-57a2d4851a1d" />
  </TestEntries>
  <Results>
    <UnitTestResult executionId="aab845a1-3e42-4b89-a1be-5874b0851ae5" testId="068afdfa-bec9-e854-d1ae-8a3613a6566c" testName="It_should_throw_an_exception_if_complaint_service_is_null" computerName="MATT-PC" duration="00:00:00.5573403" startTime="2011-12-24T12:28:12.9000054-08:00" endTime="2011-12-24T12:28:13.7250525-08:00" testType="13cdc9d9-ddb5-4fa4-a97d-d965ccfc6d4b" outcome="Passed" testListId="8c84fa94-04c1-424b-9868-57a2d4851a1d" relativeResultsDirectory="aab845a1-3e42-4b89-a1be-5874b0851ae5">
    </UnitTestResult>
    <UnitTestResult executionId="cac9d1c0-f524-4ffc-a1ff-5eaaca644a8f" testId="0f054cb8-6cbe-dd4c-c48e-c6047588a073" testName="It_should_return_a_view" computerName="MATT-PC" duration="00:00:00.0382012" startTime="2011-12-24T12:28:13.7290528-08:00" endTime="2011-12-24T12:28:13.7790556-08:00" testType="13cdc9d9-ddb5-4fa4-a97d-d965ccfc6d4b" outcome="Passed" testListId="8c84fa94-04c1-424b-9868-57a2d4851a1d" relativeResultsDirectory="cac9d1c0-f524-4ffc-a1ff-5eaaca644a8f">
    </UnitTestResult>
    <UnitTestResult executionId="5ca254c9-ec6e-4458-bdaa-9cb533dcc81a" testId="10dd6907-5141-cb42-4165-9b7b7c5df640" testName="It_should_throw_an_exception_if_complaint_service_is_null" computerName="MATT-PC" duration="00:00:00.0604802" startTime="2011-12-24T12:28:13.7830559-08:00" endTime="2011-12-24T12:28:13.8540599-08:00" testType="13cdc9d9-ddb5-4fa4-a97d-d965ccfc6d4b" outcome="Passed" testListId="8c84fa94-04c1-424b-9868-57a2d4851a1d" relativeResultsDirectory="5ca254c9-ec6e-4458-bdaa-9cb533dcc81a">
    </UnitTestResult>
    <UnitTestResult executionId="f9a80e62-b175-4cda-9b24-e32a0aa95895" testId="10f84829-6344-db79-b0e9-ea013eb2f716" testName="It_should_return_a_partial_view" computerName="MATT-PC" duration="00:00:00.0005900" startTime="2011-12-24T12:28:13.8560600-08:00" endTime="2011-12-24T12:28:13.8680607-08:00" testType="13cdc9d9-ddb5-4fa4-a97d-d965ccfc6d4b" outcome="Passed" testListId="8c84fa94-04c1-424b-9868-57a2d4851a1d" relativeResultsDirectory="f9a80e62-b175-4cda-9b24-e32a0aa95895">
    </UnitTestResult>
    <UnitTestResult executionId="5d9956b7-2680-4aac-8a40-fd3eab1481f6" testId="1e9e7b51-057d-9149-3fb6-f9208fa86207" testName="It_should_have_a_chart_data_view_model_in_its_view" computerName="MATT-PC" duration="00:00:00.0289891" startTime="2011-12-24T12:28:13.8730610-08:00" endTime="2011-12-24T12:28:13.9040628-08:00" testType="13cdc9d9-ddb5-4fa4-a97d-d965ccfc6d4b" outcome="Passed" testListId="8c84fa94-04c1-424b-9868-57a2d4851a1d" relativeResultsDirectory="5d9956b7-2680-4aac-8a40-fd3eab1481f6">
    </UnitTestResult>
    <UnitTestResult executionId="ba06b6b1-5817-489e-ac7d-07e28ac4ebd6" testId="2283bcaa-a915-bbc4-9f2a-9f1e92e364a5" testName="It_should_throw_an_exception_if_tag_builder_is_null" computerName="MATT-PC" duration="00:00:00.0010790" startTime="2011-12-24T12:28:13.9060629-08:00" endTime="2011-12-24T12:28:13.9180636-08:00" testType="13cdc9d9-ddb5-4fa4-a97d-d965ccfc6d4b" outcome="Passed" testListId="8c84fa94-04c1-424b-9868-57a2d4851a1d" relativeResultsDirectory="ba06b6b1-5817-489e-ac7d-07e28ac4ebd6">
    </UnitTestResult>
    <UnitTestResult executionId="79911b22-cfd6-48fc-a9e0-e16beea5d2ee" testId="29c812e5-4945-5870-68a4-cf3da5d0e82f" testName="It_should_return_a_view_as_a_part_of_the_index_action" computerName="MATT-PC" duration="00:00:00.0730535" startTime="2011-12-24T12:28:13.9230639-08:00" endTime="2011-12-24T12:28:13.9990682-08:00" testType="13cdc9d9-ddb5-4fa4-a97d-d965ccfc6d4b" outcome="Passed" testListId="8c84fa94-04c1-424b-9868-57a2d4851a1d" relativeResultsDirectory="79911b22-cfd6-48fc-a9e0-e16beea5d2ee">
    </UnitTestResult>
    <UnitTestResult executionId="fe3171d7-bd76-4616-bebc-efc688a8fb13" testId="3b6beb09-33bf-2a5c-6864-647e66c1e652" testName="It_should_ask_the_service_to_get_all_tags_with_their_respective_counts" computerName="MATT-PC" duration="00:00:00.0311736" startTime="2011-12-24T12:28:14.0020684-08:00" endTime="2011-12-24T12:28:14.0470710-08:00" testType="13cdc9d9-ddb5-4fa4-a97d-d965ccfc6d4b" outcome="Passed" testListId="8c84fa94-04c1-424b-9868-57a2d4851a1d" relativeResultsDirectory="fe3171d7-bd76-4616-bebc-efc688a8fb13">
    </UnitTestResult>
    <UnitTestResult executionId="c6981b70-aca1-4711-b4be-24d362eee50d" testId="3d18a9ac-f9a8-bfcf-81d2-44c90128be9c" testName="It_should_return_a_partial_view" computerName="MATT-PC" duration="00:00:00.0181892" startTime="2011-12-24T12:28:14.0510712-08:00" endTime="2011-12-24T12:28:14.0780727-08:00" testType="13cdc9d9-ddb5-4fa4-a97d-d965ccfc6d4b" outcome="Passed" testListId="8c84fa94-04c1-424b-9868-57a2d4851a1d" relativeResultsDirectory="c6981b70-aca1-4711-b4be-24d362eee50d">
    </UnitTestResult>
    <UnitTestResult executionId="eed36093-a30b-4843-b2d8-338072a152b7" testId="41f458f2-f333-8429-3a9d-5aade813bade" testName="It_should_throw_an_exception_if_tag_builder_is_null" computerName="MATT-PC" duration="00:00:00.0008565" startTime="2011-12-24T12:28:14.0800728-08:00" endTime="2011-12-24T12:28:14.0890734-08:00" testType="13cdc9d9-ddb5-4fa4-a97d-d965ccfc6d4b" outcome="Passed" testListId="8c84fa94-04c1-424b-9868-57a2d4851a1d" relativeResultsDirectory="eed36093-a30b-4843-b2d8-338072a152b7">
    </UnitTestResult>
    <UnitTestResult executionId="2749e1f7-88ef-4284-88ac-5ca254b9f650" testId="43a58456-2a87-37f5-f26d-3bea5dd5f2eb" testName="It_should_use_the_tag_builder_to_create_a_list_of_view_models" computerName="MATT-PC" duration="00:00:00.0155876" startTime="2011-12-24T12:28:14.0910735-08:00" endTime="2011-12-24T12:28:14.1170750-08:00" testType="13cdc9d9-ddb5-4fa4-a97d-d965ccfc6d4b" outcome="Passed" testListId="8c84fa94-04c1-424b-9868-57a2d4851a1d" relativeResultsDirectory="2749e1f7-88ef-4284-88ac-5ca254b9f650">
    </UnitTestResult>
    <UnitTestResult executionId="6215e78e-69dc-4b0d-a2d3-8614386b957b" testId="5cd76d45-1adf-2851-c0e7-fa315d3c8c2b" testName="It_should_ask_the_complaint_service_for_a_paged_list_of_complaints_as_a_part_of_the_tag_action" computerName="MATT-PC" duration="00:00:00.0096444" startTime="2011-12-24T12:28:14.1190751-08:00" endTime="2011-12-24T12:28:14.1370761-08:00" testType="13cdc9d9-ddb5-4fa4-a97d-d965ccfc6d4b" outcome="Passed" testListId="8c84fa94-04c1-424b-9868-57a2d4851a1d" relativeResultsDirectory="6215e78e-69dc-4b0d-a2d3-8614386b957b">
    </UnitTestResult>
    <UnitTestResult executionId="b080bebf-5c12-4238-814a-5698576bacbc" testId="7472235a-07a1-64be-c16f-018bc1be6c02" testName="It_should_return_a_partial_view" computerName="MATT-PC" duration="00:00:00.0088663" startTime="2011-12-24T12:28:14.1390762-08:00" endTime="2011-12-24T12:28:14.1600774-08:00" testType="13cdc9d9-ddb5-4fa4-a97d-d965ccfc6d4b" outcome="Passed" testListId="8c84fa94-04c1-424b-9868-57a2d4851a1d" relativeResultsDirectory="b080bebf-5c12-4238-814a-5698576bacbc">
    </UnitTestResult>
    <UnitTestResult executionId="a63e9c08-5876-4e88-b44f-a980e1434154" testId="74ad58ca-8037-4542-e734-2d75fa9b27a1" testName="It_should_return_a_partial_view_named__about" computerName="MATT-PC" duration="00:00:00.0023901" startTime="2011-12-24T12:28:14.1620775-08:00" endTime="2011-12-24T12:28:14.1780785-08:00" testType="13cdc9d9-ddb5-4fa4-a97d-d965ccfc6d4b" outcome="Passed" testListId="8c84fa94-04c1-424b-9868-57a2d4851a1d" relativeResultsDirectory="a63e9c08-5876-4e88-b44f-a980e1434154">
    </UnitTestResult>
    <UnitTestResult executionId="4c637696-8cac-4e77-b636-0e3639436ab3" testId="767b0ddd-20a0-e4a0-0889-d26aa591067a" testName="It_should_ask_the_complaint_service_for_a_paged_list_of_complaints_as_a_part_of_the_friend_action" computerName="MATT-PC" duration="00:00:00.0099175" startTime="2011-12-24T12:28:14.1810786-08:00" endTime="2011-12-24T12:28:14.2050800-08:00" testType="13cdc9d9-ddb5-4fa4-a97d-d965ccfc6d4b" outcome="Passed" testListId="8c84fa94-04c1-424b-9868-57a2d4851a1d" relativeResultsDirectory="4c637696-8cac-4e77-b636-0e3639436ab3">
    </UnitTestResult>
    <UnitTestResult executionId="f6c28d0d-499b-436e-973d-9adabc269b5c" testId="7684eaed-9f74-f999-e2d5-3c5d9d01ff19" testName="It_should_ask_the_facebook_service_for_me_as_part_of_friend_action" computerName="MATT-PC" duration="00:00:00.0074103" startTime="2011-12-24T12:28:14.2110803-08:00" endTime="2011-12-24T12:28:14.2210809-08:00" testType="13cdc9d9-ddb5-4fa4-a97d-d965ccfc6d4b" outcome="Passed" testListId="8c84fa94-04c1-424b-9868-57a2d4851a1d" relativeResultsDirectory="f6c28d0d-499b-436e-973d-9adabc269b5c">
    </UnitTestResult>
    <UnitTestResult executionId="0d81baab-d9da-4d63-8607-916b74172d43" testId="7a74fccc-3a78-7dd5-a25a-fb73b8f8d4d7" testName="It_should_throw_an_exception_if_logging_service_is_null" computerName="MATT-PC" duration="00:00:00.0007403" startTime="2011-12-24T12:28:14.2260812-08:00" endTime="2011-12-24T12:28:14.2290814-08:00" testType="13cdc9d9-ddb5-4fa4-a97d-d965ccfc6d4b" outcome="Passed" testListId="8c84fa94-04c1-424b-9868-57a2d4851a1d" relativeResultsDirectory="0d81baab-d9da-4d63-8607-916b74172d43">
    </UnitTestResult>
    <UnitTestResult executionId="1aede274-7d9b-4767-9e94-3e08f68686e2" testId="7dbf40fa-558c-b37d-3518-0d5964f875ad" testName="It_should_redirect_to_the_index_action_if_tag_specified_tag_is_not_found" computerName="MATT-PC" duration="00:00:00.0039989" startTime="2011-12-24T12:28:14.2320815-08:00" endTime="2011-12-24T12:28:14.2660835-08:00" testType="13cdc9d9-ddb5-4fa4-a97d-d965ccfc6d4b" outcome="Passed" testListId="8c84fa94-04c1-424b-9868-57a2d4851a1d" relativeResultsDirectory="1aede274-7d9b-4767-9e94-3e08f68686e2">
    </UnitTestResult>
    <UnitTestResult executionId="1d9bc332-efd1-449e-8640-ab2d756c100d" testId="7e059270-f99e-7f0c-944d-a1420e836093" testName="It_should_throw_an_exception_if_tag_service_is_null" computerName="MATT-PC" duration="00:00:00.0005592" startTime="2011-12-24T12:28:14.2710838-08:00" endTime="2011-12-24T12:28:14.2750840-08:00" testType="13cdc9d9-ddb5-4fa4-a97d-d965ccfc6d4b" outcome="Passed" testListId="8c84fa94-04c1-424b-9868-57a2d4851a1d" relativeResultsDirectory="1d9bc332-efd1-449e-8640-ab2d756c100d">
    </UnitTestResult>
    <UnitTestResult executionId="dd594478-d183-4a15-bb69-fa2b1149e6d3" testId="7f61e121-c7a8-7263-1837-c1328f01eda7" testName="It_should_ask_the_facebook_service_for_me_as_part_of_index_action" computerName="MATT-PC" duration="00:00:00.0074140" startTime="2011-12-24T12:28:14.2820844-08:00" endTime="2011-12-24T12:28:14.2950851-08:00" testType="13cdc9d9-ddb5-4fa4-a97d-d965ccfc6d4b" outcome="Passed" testListId="8c84fa94-04c1-424b-9868-57a2d4851a1d" relativeResultsDirectory="dd594478-d183-4a15-bb69-fa2b1149e6d3">
    </UnitTestResult>
    <UnitTestResult executionId="85a56be6-b454-47db-a2b1-2060050aa7e0" testId="7fa73dbd-de6d-0ac1-9c78-9efc7a619388" testName="It_should_ask_the_complaint_service_for_all_complaints" computerName="MATT-PC" duration="00:00:00.0028693" startTime="2011-12-24T12:28:14.3030856-08:00" endTime="2011-12-24T12:28:14.3120861-08:00" testType="13cdc9d9-ddb5-4fa4-a97d-d965ccfc6d4b" outcome="Passed" testListId="8c84fa94-04c1-424b-9868-57a2d4851a1d" relativeResultsDirectory="85a56be6-b454-47db-a2b1-2060050aa7e0">
    </UnitTestResult>
    <UnitTestResult executionId="72571460-7fda-4ff6-8b4c-be3a40186199" testId="8778246f-bfa9-c2d1-b343-6fd2e66339d0" testName="It_should_ask_the_tag_service_for_all_tags" computerName="MATT-PC" duration="00:00:00.0034392" startTime="2011-12-24T12:28:14.3200866-08:00" endTime="2011-12-24T12:28:14.3290871-08:00" testType="13cdc9d9-ddb5-4fa4-a97d-d965ccfc6d4b" outcome="Passed" testListId="8c84fa94-04c1-424b-9868-57a2d4851a1d" relativeResultsDirectory="72571460-7fda-4ff6-8b4c-be3a40186199">
    </UnitTestResult>
    <UnitTestResult executionId="dc49c396-45b7-4985-a8a9-9dda0ccaaeee" testId="8ca0dd94-8d00-3681-7e7b-bcdc49182639" testName="It_should_throw_an_exception_if_facebook_service_is_null" computerName="MATT-PC" duration="00:00:00.0006146" startTime="2011-12-24T12:28:14.3450880-08:00" endTime="2011-12-24T12:28:14.3560886-08:00" testType="13cdc9d9-ddb5-4fa4-a97d-d965ccfc6d4b" outcome="Passed" testListId="8c84fa94-04c1-424b-9868-57a2d4851a1d" relativeResultsDirectory="dc49c396-45b7-4985-a8a9-9dda0ccaaeee">
    </UnitTestResult>
    <UnitTestResult executionId="6136b1eb-a2c6-49d4-8bc0-011b6b099b3f" testId="90346060-98c7-0a49-8aa2-b10a6776b5fd" testName="It_should_ask_the_complaint_service_for_a_paged_list_of_complaints_as_a_part_of_the_index_action" computerName="MATT-PC" duration="00:00:00.0093455" startTime="2011-12-24T12:28:14.3580887-08:00" endTime="2011-12-24T12:28:14.3750897-08:00" testType="13cdc9d9-ddb5-4fa4-a97d-d965ccfc6d4b" outcome="Passed" testListId="8c84fa94-04c1-424b-9868-57a2d4851a1d" relativeResultsDirectory="6136b1eb-a2c6-49d4-8bc0-011b6b099b3f">
    </UnitTestResult>
    <UnitTestResult executionId="73b5878d-b67e-482e-89e1-18e5b9412d94" testId="9b34144b-af57-82ac-232c-05f31ac3f84e" testName="It_should_ask_the_facebook_service_for_a_list_of_friends" computerName="MATT-PC" duration="00:00:00.0021975" startTime="2011-12-24T12:28:14.3800900-08:00" endTime="2011-12-24T12:28:14.3860904-08:00" testType="13cdc9d9-ddb5-4fa4-a97d-d965ccfc6d4b" outcome="Passed" testListId="8c84fa94-04c1-424b-9868-57a2d4851a1d" relativeResultsDirectory="73b5878d-b67e-482e-89e1-18e5b9412d94">
    </UnitTestResult>
    <UnitTestResult executionId="c0e66497-2ddc-476e-8950-9cbc4195a95c" testId="a1efffce-f557-40c3-1c11-2522b30a2b71" testName="It_should_have_a_chart_data_view_model_in_its_view" computerName="MATT-PC" duration="00:00:00.0031670" startTime="2011-12-24T12:28:14.3910906-08:00" endTime="2011-12-24T12:28:14.3980910-08:00" testType="13cdc9d9-ddb5-4fa4-a97d-d965ccfc6d4b" outcome="Passed" testListId="8c84fa94-04c1-424b-9868-57a2d4851a1d" relativeResultsDirectory="c0e66497-2ddc-476e-8950-9cbc4195a95c">
    </UnitTestResult>
    <UnitTestResult executionId="a5b0a4b5-b49c-4255-b3c9-b59376a47337" testId="a2fc997c-f0ad-8f43-71b9-befe4e308a8b" testName="It_should_throw_an_exception_if_complaint_severity_service_is_null" computerName="MATT-PC" duration="00:00:00.0007793" startTime="2011-12-24T12:28:14.4030913-08:00" endTime="2011-12-24T12:28:14.4080916-08:00" testType="13cdc9d9-ddb5-4fa4-a97d-d965ccfc6d4b" outcome="Passed" testListId="8c84fa94-04c1-424b-9868-57a2d4851a1d" relativeResultsDirectory="a5b0a4b5-b49c-4255-b3c9-b59376a47337">
    </UnitTestResult>
    <UnitTestResult executionId="9969e2cb-eb7f-481b-b538-c4855bf6bd1e" testId="b2b8632c-b102-57b1-dc49-f5d4b1cc0f34" testName="It_should_return_a_view_as_a_part_of_the_friends_action" computerName="MATT-PC" duration="00:00:00.0051613" startTime="2011-12-24T12:28:14.4130919-08:00" endTime="2011-12-24T12:28:14.4220924-08:00" testType="13cdc9d9-ddb5-4fa4-a97d-d965ccfc6d4b" outcome="Passed" testListId="8c84fa94-04c1-424b-9868-57a2d4851a1d" relativeResultsDirectory="9969e2cb-eb7f-481b-b538-c4855bf6bd1e">
    </UnitTestResult>
    <UnitTestResult executionId="b3fb7085-8486-41df-9a8a-05b21beb6c04" testId="b6a7185e-c355-1a77-1427-f2388d0cf302" testName="It_should_throw_an_exception_if_tag_service_is_null" computerName="MATT-PC" duration="00:00:00.0007748" startTime="2011-12-24T12:28:14.4270927-08:00" endTime="2011-12-24T12:28:14.4310929-08:00" testType="13cdc9d9-ddb5-4fa4-a97d-d965ccfc6d4b" outcome="Passed" testListId="8c84fa94-04c1-424b-9868-57a2d4851a1d" relativeResultsDirectory="b3fb7085-8486-41df-9a8a-05b21beb6c04">
    </UnitTestResult>
    <UnitTestResult executionId="75717dc4-0aef-4ec0-a808-f66d51ecf265" testId="bf31f7f0-a2a0-4bd2-dd65-6ece24083ee4" testName="It_should_throw_an_exception_if_user_service_is_null" computerName="MATT-PC" duration="00:00:00.0007534" startTime="2011-12-24T12:28:14.4360932-08:00" endTime="2011-12-24T12:28:14.4410935-08:00" testType="13cdc9d9-ddb5-4fa4-a97d-d965ccfc6d4b" outcome="Passed" testListId="8c84fa94-04c1-424b-9868-57a2d4851a1d" relativeResultsDirectory="75717dc4-0aef-4ec0-a808-f66d51ecf265">
    </UnitTestResult>
    <UnitTestResult executionId="d59bc2ed-765f-4723-9635-855c2fd9247f" testId="c2755fd0-55b4-448f-fa6a-eef452c59cb3" testName="It_should_ask_the_user_service_to_get_the_requested_friend" computerName="MATT-PC" duration="00:00:00.0059727" startTime="2011-12-24T12:28:14.4470938-08:00" endTime="2011-12-24T12:28:14.4570944-08:00" testType="13cdc9d9-ddb5-4fa4-a97d-d965ccfc6d4b" outcome="Passed" testListId="8c84fa94-04c1-424b-9868-57a2d4851a1d" relativeResultsDirectory="d59bc2ed-765f-4723-9635-855c2fd9247f">
    </UnitTestResult>
    <UnitTestResult executionId="2f68475a-761e-464a-9618-feb2e9232cca" testId="c7ea3ecb-50f5-2712-8aca-008c0a2be236" testName="It_should_throw_an_exception_if_complaint_builder_is_null" computerName="MATT-PC" duration="00:00:00.0008097" startTime="2011-12-24T12:28:14.4620947-08:00" endTime="2011-12-24T12:28:14.4660949-08:00" testType="13cdc9d9-ddb5-4fa4-a97d-d965ccfc6d4b" outcome="Passed" testListId="8c84fa94-04c1-424b-9868-57a2d4851a1d" relativeResultsDirectory="2f68475a-761e-464a-9618-feb2e9232cca">
    </UnitTestResult>
    <UnitTestResult executionId="7742e652-4ce2-4c4e-95f6-ca4c9b23c85d" testId="cc8fd6f1-60f9-9983-5acc-e6782323e931" testName="It_should_throw_an_exception_if_tag_service_is_null" computerName="MATT-PC" duration="00:00:00.0005912" startTime="2011-12-24T12:28:14.4720953-08:00" endTime="2011-12-24T12:28:14.4760955-08:00" testType="13cdc9d9-ddb5-4fa4-a97d-d965ccfc6d4b" outcome="Passed" testListId="8c84fa94-04c1-424b-9868-57a2d4851a1d" relativeResultsDirectory="7742e652-4ce2-4c4e-95f6-ca4c9b23c85d">
    </UnitTestResult>
    <UnitTestResult executionId="c81b201f-f183-41f9-a551-e5c1420a7ae9" testId="d1b01a50-f114-c36e-df25-5ce88648af81" testName="It_should_ask_the_tag_service_to_get_the_requested_tag" computerName="MATT-PC" duration="00:00:00.0061357" startTime="2011-12-24T12:28:14.4810958-08:00" endTime="2011-12-24T12:28:14.4910964-08:00" testType="13cdc9d9-ddb5-4fa4-a97d-d965ccfc6d4b" outcome="Passed" testListId="8c84fa94-04c1-424b-9868-57a2d4851a1d" relativeResultsDirectory="c81b201f-f183-41f9-a551-e5c1420a7ae9">
    </UnitTestResult>
    <UnitTestResult executionId="1f5e30ab-4e6b-44e1-b989-c0d27373460b" testId="de63c1b4-1c1f-9f57-f7e5-a98bc56732e3" testName="It_should_return_a_view_as_a_part_of_the_tag_action" computerName="MATT-PC" duration="00:00:00.0050874" startTime="2011-12-24T12:28:14.4960966-08:00" endTime="2011-12-24T12:28:14.5040971-08:00" testType="13cdc9d9-ddb5-4fa4-a97d-d965ccfc6d4b" outcome="Passed" testListId="8c84fa94-04c1-424b-9868-57a2d4851a1d" relativeResultsDirectory="1f5e30ab-4e6b-44e1-b989-c0d27373460b">
    </UnitTestResult>
    <UnitTestResult executionId="02fdd634-7a44-4658-861b-0193b9fb7e06" testId="e69681b7-cdaa-317d-ccd1-7c7c5073cf4c" testName="It_should_return_a_partial_view_called__index" computerName="MATT-PC" duration="00:00:00.0003839" startTime="2011-12-24T12:28:14.5100974-08:00" endTime="2011-12-24T12:28:14.5130976-08:00" testType="13cdc9d9-ddb5-4fa4-a97d-d965ccfc6d4b" outcome="Passed" testListId="8c84fa94-04c1-424b-9868-57a2d4851a1d" relativeResultsDirectory="02fdd634-7a44-4658-861b-0193b9fb7e06">
    </UnitTestResult>
    <UnitTestResult executionId="7a0123a7-b58d-4d0e-95db-fdc2afadf120" testId="f0690b77-6da3-dfa0-d405-007e7fb12845" testName="It_should_return_a_view" computerName="MATT-PC" duration="00:00:00.0006955" startTime="2011-12-24T12:28:14.5190980-08:00" endTime="2011-12-24T12:28:14.5230982-08:00" testType="13cdc9d9-ddb5-4fa4-a97d-d965ccfc6d4b" outcome="Passed" testListId="8c84fa94-04c1-424b-9868-57a2d4851a1d" relativeResultsDirectory="7a0123a7-b58d-4d0e-95db-fdc2afadf120">
    </UnitTestResult>
    <UnitTestResult executionId="6756955e-1322-4b08-aada-48437a11b23e" testId="f182e86d-440a-114e-75b8-405a96928ec7" testName="It_should_have_a_collection_of_friends_as_the_views_model" computerName="MATT-PC" duration="00:00:00.0020608" startTime="2011-12-24T12:28:14.5280985-08:00" endTime="2011-12-24T12:28:14.5340988-08:00" testType="13cdc9d9-ddb5-4fa4-a97d-d965ccfc6d4b" outcome="Passed" testListId="8c84fa94-04c1-424b-9868-57a2d4851a1d" relativeResultsDirectory="6756955e-1322-4b08-aada-48437a11b23e">
    </UnitTestResult>
    <UnitTestResult executionId="496daf0e-5b75-4089-a45d-579b390c4a3a" testId="f931b9ae-990e-4f43-27eb-1f94d6cb047a" testName="It_should_redirect_to_the_index_action_if_specified_user_is_not_found" computerName="MATT-PC" duration="00:00:00.0018978" startTime="2011-12-24T12:28:14.5390991-08:00" endTime="2011-12-24T12:28:14.5450994-08:00" testType="13cdc9d9-ddb5-4fa4-a97d-d965ccfc6d4b" outcome="Passed" testListId="8c84fa94-04c1-424b-9868-57a2d4851a1d" relativeResultsDirectory="496daf0e-5b75-4089-a45d-579b390c4a3a">
    </UnitTestResult>
    <UnitTestResult executionId="18b1a436-2501-436e-b844-9a359f8135ec" testId="ff84291d-6907-1271-e188-6b262b177ccc" testName="It_should_ask_the_facebook_service_for_me_as_part_of_tag_action" computerName="MATT-PC" duration="00:00:00.0057374" startTime="2011-12-24T12:28:14.5500997-08:00" endTime="2011-12-24T12:28:14.5621004-08:00" testType="13cdc9d9-ddb5-4fa4-a97d-d965ccfc6d4b" outcome="Passed" testListId="8c84fa94-04c1-424b-9868-57a2d4851a1d" relativeResultsDirectory="18b1a436-2501-436e-b844-9a359f8135ec">
    </UnitTestResult>
  </Results>
</TestRun>